state	power	likelihood
260	1	1615.97
270	1	1623.38
280	1	1630.91
290	1	1622.97
300	1	1617.29
310	1	1617.97
320	1	1627.24
330	1	1624.49
340	1	1622.45
350	1	1620.41
360	1	1627.68
370	1	1624.63
380	1	1611.95
390	1	1617.58
400	1	1627.91
410	1	1626.14
420	1	1627.2
430	1	1639.18
440	1	1640.18
450	1	1635.93
460	1	1637.83
470	1	1630.63
480	1	1631.55
490	1	1639
500	1	1641.1
510	1	1636.5
520	1	1636.41
530	1	1627.66
540	1	1629.33
550	1	1619.56
560	1	1620.16
570	1	1620.37
580	1	1634.25
590	1	1627.82
600	1	1622.34
610	1	1624.01
620	1	1627.76
630	1	1630.17
640	1	1641.13
650	1	1638.71
660	1	1637.15
670	1	1629.62
680	1	1630.76
690	1	1630.94
700	1	1636.42
710	1	1638.13
720	1	1634.81
730	1	1628.81
740	1	1647.25
750	1	1650.47
760	1	1642.82
770	1	1643.8
780	1	1632.64
790	1	1633.99
800	1	1630.41
810	1	1632.08
820	1	1633.51
830	1	1640
840	1	1657.15
850	1	1652.37
860	1	1650.09
870	1	1649.94
880	1	1647.38
890	1	1640.68
900	1	1634.75
910	1	1638.46
920	1	1645.65
930	1	1640.91
940	1	1632.28
950	1	1634.59
960	1	1643.05
970	1	1644.22
980	1	1635.27
990	1	1645.79
1000	1	1653.99
260	0.903921	1627.83
270	0.903921	1632.03
280	0.903921	1625.84
290	0.903921	1625.92
300	0.903921	1620.52
310	0.903921	1625.41
320	0.903921	1621.9
330	0.903921	1618.15
340	0.903921	1617.21
350	0.903921	1617.46
360	0.903921	1633.73
370	0.903921	1626.76
380	0.903921	1622.86
390	0.903921	1627.17
400	0.903921	1620.89
410	0.903921	1616.3
420	0.903921	1621.41
430	0.903921	1609.99
440	0.903921	1615.71
450	0.903921	1617.45
460	0.903921	1622.16
470	0.903921	1612.99
480	0.903921	1618.32
490	0.903921	1631.05
500	0.903921	1631.41
510	0.903921	1636.53
520	0.903921	1645.59
530	0.903921	1634.73
540	0.903921	1630.19
550	0.903921	1624.16
560	0.903921	1617.37
570	0.903921	1624.57
580	0.903921	1615.77
590	0.903921	1613.64
600	0.903921	1621.81
610	0.903921	1621.5
620	0.903921	1612.91
630	0.903921	1621.25
640	0.903921	1615.03
650	0.903921	1617.85
660	0.903921	1615.68
670	0.903921	1605.62
680	0.903921	1608.48
690	0.903921	1601.29
700	0.903921	1608.93
710	0.903921	1607.6
720	0.903921	1614.61
730	0.903921	1611.28
740	0.903921	1604.26
750	0.903921	1620.13
760	0.903921	1620.09
770	0.903921	1618.9
780	0.903921	1626.28
790	0.903921	1628.73
800	0.903921	1630.53
810	0.903921	1620.68
820	0.903921	1626.79
830	0.903921	1628.74
840	0.903921	1622.78
850	0.903921	1629.3
860	0.903921	1617.68
870	0.903921	1628.88
880	0.903921	1623.45
890	0.903921	1629.58
900	0.903921	1637.53
910	0.903921	1627.88
920	0.903921	1607.79
930	0.903921	1617.36
940	0.903921	1603.98
950	0.903921	1619.3
960	0.903921	1623.33
970	0.903921	1626.17
980	0.903921	1628.33
990	0.903921	1625
1000	0.903921	1630.42
260	0.815373	1563.26
270	0.815373	1576.04
280	0.815373	1566.51
290	0.815373	1556.54
300	0.815373	1566.79
310	0.815373	1568.46
320	0.815373	1572.42
330	0.815373	1569.77
340	0.815373	1567.7
350	0.815373	1543.43
360	0.815373	1539.99
370	0.815373	1552.63
380	0.815373	1549.91
390	0.815373	1555.51
400	0.815373	1558.66
410	0.815373	1558.75
420	0.815373	1539.72
430	0.815373	1526.92
440	0.815373	1522.88
450	0.815373	1547.58
460	0.815373	1535.91
470	0.815373	1538.95
480	0.815373	1536.41
490	0.815373	1540.35
500	0.815373	1547.81
510	0.815373	1538.67
520	0.815373	1543.31
530	0.815373	1535.92
540	0.815373	1544.41
550	0.815373	1538.99
560	0.815373	1541.17
570	0.815373	1540.7
580	0.815373	1542.44
590	0.815373	1542.43
600	0.815373	1536.53
610	0.815373	1558.27
620	0.815373	1556.38
630	0.815373	1563.45
640	0.815373	1550.97
650	0.815373	1545.3
660	0.815373	1541.07
670	0.815373	1540.44
680	0.815373	1517.95
690	0.815373	1516.4
700	0.815373	1535.34
710	0.815373	1533.65
720	0.815373	1550.11
730	0.815373	1547.7
740	0.815373	1525.81
750	0.815373	1538.73
760	0.815373	1542.88
770	0.815373	1531.43
780	0.815373	1538.72
790	0.815373	1536.84
800	0.815373	1519.76
810	0.815373	1540.87
820	0.815373	1544.94
830	0.815373	1542.71
840	0.815373	1535.64
850	0.815373	1556.73
860	0.815373	1560.49
870	0.815373	1568.18
880	0.815373	1549.73
890	0.815373	1564.27
900	0.815373	1566.17
910	0.815373	1551.32
920	0.815373	1547.49
930	0.815373	1538.33
940	0.815373	1537.14
950	0.815373	1527.68
960	0.815373	1535.63
970	0.815373	1541.93
980	0.815373	1537.11
990	0.815373	1537.36
1000	0.815373	1524.12
260	0.733904	1514.77
270	0.733904	1510.78
280	0.733904	1515.3
290	0.733904	1525.41
300	0.733904	1524.22
310	0.733904	1544.89
320	0.733904	1545.09
330	0.733904	1543.88
340	0.733904	1544.41
350	0.733904	1556.57
360	0.733904	1536.95
370	0.733904	1544.28
380	0.733904	1539.07
390	0.733904	1531.55
400	0.733904	1522.99
410	0.733904	1527.31
420	0.733904	1536.71
430	0.733904	1537.91
440	0.733904	1542.87
450	0.733904	1531.25
460	0.733904	1540.2
470	0.733904	1519.74
480	0.733904	1517.29
490	0.733904	1504.76
500	0.733904	1508.44
510	0.733904	1512.56
520	0.733904	1521.34
530	0.733904	1525.32
540	0.733904	1508.96
550	0.733904	1517.3
560	0.733904	1528.94
570	0.733904	1515.38
580	0.733904	1532.77
590	0.733904	1522.35
600	0.733904	1525.42
610	0.733904	1526.97
620	0.733904	1538.68
630	0.733904	1551.53
640	0.733904	1545.86
650	0.733904	1546.52
660	0.733904	1539.54
670	0.733904	1552.25
680	0.733904	1559.17
690	0.733904	1554
700	0.733904	1585.93
710	0.733904	1590.6
720	0.733904	1565.04
730	0.733904	1553.46
740	0.733904	1556.36
750	0.733904	1543.32
760	0.733904	1544.07
770	0.733904	1548.45
780	0.733904	1552.79
790	0.733904	1538.29
800	0.733904	1556.45
810	0.733904	1544.51
820	0.733904	1535.04
830	0.733904	1537.46
840	0.733904	1545.52
850	0.733904	1553.94
860	0.733904	1538.42
870	0.733904	1534.83
880	0.733904	1538.33
890	0.733904	1542.93
900	0.733904	1539.35
910	0.733904	1544.31
920	0.733904	1550.98
930	0.733904	1553.09
940	0.733904	1536.61
950	0.733904	1539.25
960	0.733904	1538.58
970	0.733904	1531.44
980	0.733904	1528.97
990	0.733904	1538.66
1000	0.733904	1560.4
260	0.659082	1512.38
270	0.659082	1528.76
280	0.659082	1529.72
290	0.659082	1536.94
300	0.659082	1531.81
310	0.659082	1519.89
320	0.659082	1534.24
330	0.659082	1510.91
340	0.659082	1513.22
350	0.659082	1509.25
360	0.659082	1495.34
370	0.659082	1488.88
380	0.659082	1492.54
390	0.659082	1480.05
400	0.659082	1472.7
410	0.659082	1488.59
420	0.659082	1488.56
430	0.659082	1493.24
440	0.659082	1490.25
450	0.659082	1474.52
460	0.659082	1479.18
470	0.659082	1475.85
480	0.659082	1473.71
490	0.659082	1476
500	0.659082	1450.81
510	0.659082	1460.27
520	0.659082	1455.87
530	0.659082	1469.01
540	0.659082	1458.53
550	0.659082	1461.13
560	0.659082	1472.59
570	0.659082	1468.41
580	0.659082	1455.85
590	0.659082	1465.84
600	0.659082	1474.56
610	0.659082	1470.6
620	0.659082	1474.81
630	0.659082	1473.33
640	0.659082	1463.99
650	0.659082	1461.36
660	0.659082	1475.92
670	0.659082	1460.81
680	0.659082	1448.4
690	0.659082	1448.37
700	0.659082	1446.61
710	0.659082	1464.54
720	0.659082	1463.96
730	0.659082	1449.04
740	0.659082	1452.99
750	0.659082	1468.11
760	0.659082	1485.31
770	0.659082	1468.86
780	0.659082	1470.18
790	0.659082	1475.21
800	0.659082	1492.29
810	0.659082	1501.06
820	0.659082	1504.11
830	0.659082	1510.38
840	0.659082	1515.79
850	0.659082	1511.39
860	0.659082	1517.64
870	0.659082	1529.14
880	0.659082	1525.85
890	0.659082	1534.24
900	0.659082	1524.73
910	0.659082	1541.14
920	0.659082	1537.82
930	0.659082	1516.48
940	0.659082	1523.47
950	0.659082	1526.9
960	0.659082	1517.15
970	0.659082	1506.57
980	0.659082	1496.76
990	0.659082	1495.56
1000	0.659082	1498.21
260	0.59049	1395.26
270	0.59049	1391.03
280	0.59049	1375.84
290	0.59049	1380.64
300	0.59049	1378.43
310	0.59049	1384.35
320	0.59049	1380.73
330	0.59049	1364.94
340	0.59049	1366.99
350	0.59049	1358.13
360	0.59049	1366.47
370	0.59049	1371.63
380	0.59049	1376.63
390	0.59049	1381.3
400	0.59049	1388.34
410	0.59049	1415.25
420	0.59049	1425.82
430	0.59049	1435.7
440	0.59049	1425.81
450	0.59049	1436.83
460	0.59049	1428.66
470	0.59049	1443.48
480	0.59049	1440.59
490	0.59049	1420.7
500	0.59049	1433.98
510	0.59049	1449.02
520	0.59049	1458.1
530	0.59049	1459.91
540	0.59049	1462.44
550	0.59049	1447.55
560	0.59049	1433.8
570	0.59049	1456.02
580	0.59049	1457.62
590	0.59049	1459.47
600	0.59049	1464.21
610	0.59049	1461.68
620	0.59049	1475.05
630	0.59049	1463.69
640	0.59049	1464.89
650	0.59049	1455.47
660	0.59049	1450.35
670	0.59049	1454.28
680	0.59049	1464.57
690	0.59049	1456.44
700	0.59049	1440.98
710	0.59049	1447.77
720	0.59049	1446.3
730	0.59049	1447.17
740	0.59049	1457.1
750	0.59049	1445.32
760	0.59049	1447.16
770	0.59049	1462.04
780	0.59049	1450.02
790	0.59049	1435.25
800	0.59049	1425.08
810	0.59049	1429.48
820	0.59049	1432.46
830	0.59049	1440.57
840	0.59049	1448.53
850	0.59049	1457.5
860	0.59049	1440.36
870	0.59049	1443.62
880	0.59049	1448.44
890	0.59049	1453.77
900	0.59049	1445.91
910	0.59049	1466.47
920	0.59049	1448.4
930	0.59049	1440.79
940	0.59049	1441.84
950	0.59049	1448.83
960	0.59049	1463.2
970	0.59049	1432.86
980	0.59049	1440.07
990	0.59049	1443.32
1000	0.59049	1434.6
260	0.527732	1306.69
270	0.527732	1328.67
280	0.527732	1354.3
290	0.527732	1353.96
300	0.527732	1363.74
310	0.527732	1380.16
320	0.527732	1380.38
330	0.527732	1358.56
340	0.527732	1352.63
350	0.527732	1389.03
360	0.527732	1394.25
370	0.527732	1378.49
380	0.527732	1382.07
390	0.527732	1374.05
400	0.527732	1354.33
410	0.527732	1338.67
420	0.527732	1345.98
430	0.527732	1339.37
440	0.527732	1328.63
450	0.527732	1332.18
460	0.527732	1344.22
470	0.527732	1360.87
480	0.527732	1332.85
490	0.527732	1326.17
500	0.527732	1327.49
510	0.527732	1330.08
520	0.527732	1335.49
530	0.527732	1341.65
540	0.527732	1341.03
550	0.527732	1339.18
560	0.527732	1333.77
570	0.527732	1332.88
580	0.527732	1344.55
590	0.527732	1367.55
600	0.527732	1379.6
610	0.527732	1352.49
620	0.527732	1345.07
630	0.527732	1351.69
640	0.527732	1342.93
650	0.527732	1350.17
660	0.527732	1349.05
670	0.527732	1366.73
680	0.527732	1389.01
690	0.527732	1361.69
700	0.527732	1374.43
710	0.527732	1403.8
720	0.527732	1400.56
730	0.527732	1400.35
740	0.527732	1398.61
750	0.527732	1402.18
760	0.527732	1392.3
770	0.527732	1403.25
780	0.527732	1393.64
790	0.527732	1383.19
800	0.527732	1371.03
810	0.527732	1347.46
820	0.527732	1367.71
830	0.527732	1366.27
840	0.527732	1385.31
850	0.527732	1368.63
860	0.527732	1375.34
870	0.527732	1354.05
880	0.527732	1361.74
890	0.527732	1338.33
900	0.527732	1353.78
910	0.527732	1367.07
920	0.527732	1353.33
930	0.527732	1336.84
940	0.527732	1327.72
950	0.527732	1324.33
960	0.527732	1367.35
970	0.527732	1399.17
980	0.527732	1373.3
990	0.527732	1382.33
1000	0.527732	1369.37
260	0.470427	1335.49
270	0.470427	1328.71
280	0.470427	1335.67
290	0.470427	1343.52
300	0.470427	1340.94
310	0.470427	1350.46
320	0.470427	1353.56
330	0.470427	1339.44
340	0.470427	1353.44
350	0.470427	1334.2
360	0.470427	1338.21
370	0.470427	1348.34
380	0.470427	1331.95
390	0.470427	1328.48
400	0.470427	1326.44
410	0.470427	1326.02
420	0.470427	1351.06
430	0.470427	1350.13
440	0.470427	1336.11
450	0.470427	1318.46
460	0.470427	1330.12
470	0.470427	1342.87
480	0.470427	1346.68
490	0.470427	1336.53
500	0.470427	1338.12
510	0.470427	1370.62
520	0.470427	1362.34
530	0.470427	1367.01
540	0.470427	1347.66
550	0.470427	1352.78
560	0.470427	1369.03
570	0.470427	1370.72
580	0.470427	1362.58
590	0.470427	1367.77
600	0.470427	1363.82
610	0.470427	1343.19
620	0.470427	1347.47
630	0.470427	1359.2
640	0.470427	1382.13
650	0.470427	1376.8
660	0.470427	1361.94
670	0.470427	1360.43
680	0.470427	1351.14
690	0.470427	1361.13
700	0.470427	1350.33
710	0.470427	1363.33
720	0.470427	1356.21
730	0.470427	1320.76
740	0.470427	1348.2
750	0.470427	1343.42
760	0.470427	1337.66
770	0.470427	1350.95
780	0.470427	1338.25
790	0.470427	1343.51
800	0.470427	1368.97
810	0.470427	1375.48
820	0.470427	1365.51
830	0.470427	1372.93
840	0.470427	1370.12
850	0.470427	1359.42
860	0.470427	1376.99
870	0.470427	1372.43
880	0.470427	1360.28
890	0.470427	1345.87
900	0.470427	1368.13
910	0.470427	1370.4
920	0.470427	1377.79
930	0.470427	1373.23
940	0.470427	1381.49
950	0.470427	1396.12
960	0.470427	1403.93
970	0.470427	1385.63
980	0.470427	1382.33
990	0.470427	1364.32
1000	0.470427	1377.44
260	0.418212	1334.09
270	0.418212	1351.63
280	0.418212	1319.88
290	0.418212	1339.24
300	0.418212	1346.38
310	0.418212	1353.85
320	0.418212	1322.5
330	0.418212	1343.36
340	0.418212	1337.36
350	0.418212	1342.6
360	0.418212	1351.94
370	0.418212	1338.33
380	0.418212	1348.97
390	0.418212	1348.63
400	0.418212	1349.95
410	0.418212	1326.77
420	0.418212	1314.31
430	0.418212	1321.64
440	0.418212	1320.02
450	0.418212	1303.31
460	0.418212	1337.72
470	0.418212	1326.07
480	0.418212	1332.77
490	0.418212	1325.73
500	0.418212	1349.32
510	0.418212	1356.85
520	0.418212	1355.42
530	0.418212	1348.5
540	0.418212	1328.49
550	0.418212	1328.34
560	0.418212	1330.44
570	0.418212	1355.66
580	0.418212	1345.39
590	0.418212	1355.7
600	0.418212	1344.09
610	0.418212	1342.18
620	0.418212	1348.98
630	0.418212	1338.4
640	0.418212	1350.88
650	0.418212	1337.06
660	0.418212	1343.06
670	0.418212	1333.25
680	0.418212	1312.97
690	0.418212	1309.21
700	0.418212	1320.98
710	0.418212	1285.5
720	0.418212	1300.96
730	0.418212	1271.54
740	0.418212	1272.58
750	0.418212	1293.39
760	0.418212	1280.13
770	0.418212	1290.27
780	0.418212	1305.23
790	0.418212	1301.09
800	0.418212	1313.63
810	0.418212	1312.15
820	0.418212	1331.89
830	0.418212	1336.13
840	0.418212	1342.93
850	0.418212	1338.82
860	0.418212	1331.47
870	0.418212	1318.17
880	0.418212	1304.98
890	0.418212	1328.14
900	0.418212	1315.56
910	0.418212	1293.08
920	0.418212	1285.12
930	0.418212	1285.25
940	0.418212	1318.21
950	0.418212	1303.46
960	0.418212	1313.26
970	0.418212	1315.23
980	0.418212	1299
990	0.418212	1292.31
1000	0.418212	1290.16
260	0.37074	1220.49
270	0.37074	1222.29
280	0.37074	1226.21
290	0.37074	1234.57
300	0.37074	1239.18
310	0.37074	1211.92
320	0.37074	1230.79
330	0.37074	1243.78
340	0.37074	1239.3
350	0.37074	1230.58
360	0.37074	1234.55
370	0.37074	1254.32
380	0.37074	1278.29
390	0.37074	1244.44
400	0.37074	1262.11
410	0.37074	1239.76
420	0.37074	1250.09
430	0.37074	1268.92
440	0.37074	1214.74
450	0.37074	1229.94
460	0.37074	1214.2
470	0.37074	1199.69
480	0.37074	1225.94
490	0.37074	1229.51
500	0.37074	1245.56
510	0.37074	1251.92
520	0.37074	1273.41
530	0.37074	1271.08
540	0.37074	1276.38
550	0.37074	1254.71
560	0.37074	1245.82
570	0.37074	1228.82
580	0.37074	1187.15
590	0.37074	1183.23
600	0.37074	1213.33
610	0.37074	1224.15
620	0.37074	1210.81
630	0.37074	1204.88
640	0.37074	1230.42
650	0.37074	1235.4
660	0.37074	1230.7
670	0.37074	1233.23
680	0.37074	1211.67
690	0.37074	1228.27
700	0.37074	1232.18
710	0.37074	1204.82
720	0.37074	1219.33
730	0.37074	1223.41
740	0.37074	1246.61
750	0.37074	1228.96
760	0.37074	1231.84
770	0.37074	1239.53
780	0.37074	1227.17
790	0.37074	1204.67
800	0.37074	1220.59
810	0.37074	1241.58
820	0.37074	1243.28
830	0.37074	1245.16
840	0.37074	1249.47
850	0.37074	1271.03
860	0.37074	1270.96
870	0.37074	1289.1
880	0.37074	1279.93
890	0.37074	1316.16
900	0.37074	1312.03
910	0.37074	1326.44
920	0.37074	1317.34
930	0.37074	1308.29
940	0.37074	1279.63
950	0.37074	1278.72
960	0.37074	1310.37
970	0.37074	1282.46
980	0.37074	1260.97
990	0.37074	1244.77
1000	0.37074	1245.28
260	0.32768	1228.5
270	0.32768	1232.14
280	0.32768	1211.8
290	0.32768	1208.67
300	0.32768	1247.13
310	0.32768	1243.76
320	0.32768	1214.18
330	0.32768	1238.17
340	0.32768	1255.23
350	0.32768	1213.51
360	0.32768	1223.72
370	0.32768	1232.36
380	0.32768	1243.53
390	0.32768	1234.93
400	0.32768	1226.8
410	0.32768	1228.03
420	0.32768	1234.01
430	0.32768	1215.28
440	0.32768	1238.49
450	0.32768	1220.53
460	0.32768	1230.64
470	0.32768	1223.9
480	0.32768	1218.86
490	0.32768	1206.33
500	0.32768	1209.75
510	0.32768	1220.53
520	0.32768	1197.8
530	0.32768	1163.65
540	0.32768	1178.16
550	0.32768	1162.78
560	0.32768	1181.23
570	0.32768	1183.91
580	0.32768	1176.57
590	0.32768	1184.91
600	0.32768	1175.06
610	0.32768	1167.71
620	0.32768	1159.6
630	0.32768	1148.91
640	0.32768	1185.16
650	0.32768	1187.33
660	0.32768	1203.19
670	0.32768	1177.72
680	0.32768	1198.99
690	0.32768	1205.95
700	0.32768	1192.34
710	0.32768	1175.71
720	0.32768	1204.67
730	0.32768	1214.94
740	0.32768	1204.29
750	0.32768	1217.28
760	0.32768	1192.29
770	0.32768	1221.5
780	0.32768	1211.93
790	0.32768	1209.7
800	0.32768	1185.61
810	0.32768	1207.82
820	0.32768	1193.58
830	0.32768	1211.68
840	0.32768	1206.57
850	0.32768	1204.59
860	0.32768	1154.14
870	0.32768	1183.97
880	0.32768	1210.24
890	0.32768	1194.26
900	0.32768	1226.12
910	0.32768	1217
920	0.32768	1209.36
930	0.32768	1214.37
940	0.32768	1212.98
950	0.32768	1205.63
960	0.32768	1217.05
970	0.32768	1206.84
980	0.32768	1215.84
990	0.32768	1182.88
1000	0.32768	1163.12
260	0.288717	1112.52
270	0.288717	1107.96
280	0.288717	1112.3
290	0.288717	1114.97
300	0.288717	1092.37
310	0.288717	1099.88
320	0.288717	1086.89
330	0.288717	1068.93
340	0.288717	1063.04
350	0.288717	1075.48
360	0.288717	1097.42
370	0.288717	1119.59
380	0.288717	1112.64
390	0.288717	1107.44
400	0.288717	1111.82
410	0.288717	1104.27
420	0.288717	1087.24
430	0.288717	1065.15
440	0.288717	1062.38
450	0.288717	1051.37
460	0.288717	1084.99
470	0.288717	1053.11
480	0.288717	1071.16
490	0.288717	1083.68
500	0.288717	1093.99
510	0.288717	1071.78
520	0.288717	1103.59
530	0.288717	1114.24
540	0.288717	1110.1
550	0.288717	1085.87
560	0.288717	1100.08
570	0.288717	1084.72
580	0.288717	1084.34
590	0.288717	1115.55
600	0.288717	1106.89
610	0.288717	1085.15
620	0.288717	1078.54
630	0.288717	1057.25
640	0.288717	1087.28
650	0.288717	1061.66
660	0.288717	1031.6
670	0.288717	1057.08
680	0.288717	1060.74
690	0.288717	1090.12
700	0.288717	1081.24
710	0.288717	1066.61
720	0.288717	1077.29
730	0.288717	1062.76
740	0.288717	1046.02
750	0.288717	1094.91
760	0.288717	1073.61
770	0.288717	1064.75
780	0.288717	1050.89
790	0.288717	1049.67
800	0.288717	1025.53
810	0.288717	1010.55
820	0.288717	1030.96
830	0.288717	1031.87
840	0.288717	1071.52
850	0.288717	1042.28
860	0.288717	1011.89
870	0.288717	1008.37
880	0.288717	1025.83
890	0.288717	1034.11
900	0.288717	1020.59
910	0.288717	1047.81
920	0.288717	1027.19
930	0.288717	1060.3
940	0.288717	1065.79
950	0.288717	1066.61
960	0.288717	1030.69
970	0.288717	1055.04
980	0.288717	1066.14
990	0.288717	1063.79
1000	0.288717	1095.46
260	0.253553	1003.45
270	0.253553	985.299
280	0.253553	985.165
290	0.253553	1013.25
300	0.253553	1011.89
310	0.253553	1002
320	0.253553	984.882
330	0.253553	1005.12
340	0.253553	1025.19
350	0.253553	1015.15
360	0.253553	1028.6
370	0.253553	968.138
380	0.253553	953.704
390	0.253553	970.629
400	0.253553	983.749
410	0.253553	981.413
420	0.253553	947.148
430	0.253553	959.81
440	0.253553	988.743
450	0.253553	1011.46
460	0.253553	1058.44
470	0.253553	1056.08
480	0.253553	1046.31
490	0.253553	1038.44
500	0.253553	1035.21
510	0.253553	1030.65
520	0.253553	1033.2
530	0.253553	1030.23
540	0.253553	1024.92
550	0.253553	1019.82
560	0.253553	1008.45
570	0.253553	1019.11
580	0.253553	997.349
590	0.253553	1025.63
600	0.253553	1009.16
610	0.253553	1021.54
620	0.253553	978.562
630	0.253553	990.464
640	0.253553	999.225
650	0.253553	994.209
660	0.253553	1012.43
670	0.253553	1020.86
680	0.253553	1005.9
690	0.253553	996.668
700	0.253553	1022.2
710	0.253553	1018.14
720	0.253553	1038.83
730	0.253553	1043.45
740	0.253553	1027.31
750	0.253553	1030.43
760	0.253553	1027.1
770	0.253553	1010.62
780	0.253553	1009.11
790	0.253553	1026.01
800	0.253553	1046.91
810	0.253553	1037.59
820	0.253553	1006.22
830	0.253553	1037.25
840	0.253553	1006.56
850	0.253553	1013.7
860	0.253553	1009.66
870	0.253553	997.973
880	0.253553	986.85
890	0.253553	1013.81
900	0.253553	1037.96
910	0.253553	1034.3
920	0.253553	1059.4
930	0.253553	1003.77
940	0.253553	1014.26
950	0.253553	985.298
960	0.253553	980.746
970	0.253553	973.828
980	0.253553	997.479
990	0.253553	1010.16
1000	0.253553	981.499
260	0.221901	961.909
270	0.221901	972.561
280	0.221901	1000.05
290	0.221901	956.126
300	0.221901	962.183
310	0.221901	972.971
320	0.221901	977.914
330	0.221901	963.306
340	0.221901	947.924
350	0.221901	956.813
360	0.221901	954.911
370	0.221901	985.573
380	0.221901	1013.26
390	0.221901	1009.09
400	0.221901	980.582
410	0.221901	979.464
420	0.221901	1005.73
430	0.221901	995.133
440	0.221901	972.661
450	0.221901	986.905
460	0.221901	987.413
470	0.221901	1003.21
480	0.221901	966.42
490	0.221901	936.439
500	0.221901	956.728
510	0.221901	956.423
520	0.221901	988.106
530	0.221901	982.677
540	0.221901	951.401
550	0.221901	982.787
560	0.221901	987.105
570	0.221901	969.382
580	0.221901	985.493
590	0.221901	965.969
600	0.221901	966.941
610	0.221901	964.81
620	0.221901	978.542
630	0.221901	942.486
640	0.221901	935.823
650	0.221901	893.697
660	0.221901	872.468
670	0.221901	871.991
680	0.221901	890.728
690	0.221901	905.191
700	0.221901	916.008
710	0.221901	931.996
720	0.221901	932.559
730	0.221901	936.683
740	0.221901	922.47
750	0.221901	880.524
760	0.221901	895.978
770	0.221901	908.673
780	0.221901	892.282
790	0.221901	909.666
800	0.221901	915.209
810	0.221901	900.884
820	0.221901	908.221
830	0.221901	884.186
840	0.221901	880.605
850	0.221901	877.536
860	0.221901	885.681
870	0.221901	902.138
880	0.221901	877.591
890	0.221901	918.78
900	0.221901	902.871
910	0.221901	867.244
920	0.221901	871.151
930	0.221901	910.89
940	0.221901	925.77
950	0.221901	923.252
960	0.221901	934.352
970	0.221901	948.012
980	0.221901	922.322
990	0.221901	951.533
1000	0.221901	950.738
260	0.193492	860.959
270	0.193492	909.393
280	0.193492	889.29
290	0.193492	868.289
300	0.193492	895.46
310	0.193492	888.201
320	0.193492	885.737
330	0.193492	867.674
340	0.193492	912.794
350	0.193492	904.915
360	0.193492	915.666
370	0.193492	873.669
380	0.193492	870.652
390	0.193492	902.109
400	0.193492	883.535
410	0.193492	916.502
420	0.193492	877.623
430	0.193492	919.225
440	0.193492	891.165
450	0.193492	940.42
460	0.193492	931.545
470	0.193492	933.613
480	0.193492	929.096
490	0.193492	933.785
500	0.193492	888.416
510	0.193492	882.279
520	0.193492	897.246
530	0.193492	932.614
540	0.193492	858.395
550	0.193492	907.386
560	0.193492	920.521
570	0.193492	911.009
580	0.193492	888.183
590	0.193492	873.752
600	0.193492	864.611
610	0.193492	891.041
620	0.193492	891.545
630	0.193492	888.771
640	0.193492	867.004
650	0.193492	900.55
660	0.193492	846.027
670	0.193492	837.294
680	0.193492	841.353
690	0.193492	856.556
700	0.193492	904.023
710	0.193492	903.456
720	0.193492	898.243
730	0.193492	885.847
740	0.193492	834.915
750	0.193492	859.624
760	0.193492	849.339
770	0.193492	854.639
780	0.193492	864.289
790	0.193492	861.188
800	0.193492	893.277
810	0.193492	843.571
820	0.193492	869.955
830	0.193492	878.138
840	0.193492	892.57
850	0.193492	937.158
860	0.193492	940.621
870	0.193492	924.592
880	0.193492	935.048
890	0.193492	899.998
900	0.193492	914.533
910	0.193492	899.978
920	0.193492	910.434
930	0.193492	933.841
940	0.193492	936.299
950	0.193492	904.141
960	0.193492	890.447
970	0.193492	900.043
980	0.193492	915.082
990	0.193492	892.55
1000	0.193492	857.847
260	0.16807	827.652
270	0.16807	874.974
280	0.16807	875.536
290	0.16807	888.474
300	0.16807	849.97
310	0.16807	875.16
320	0.16807	864.384
330	0.16807	857.917
340	0.16807	838.673
350	0.16807	841.143
360	0.16807	837.284
370	0.16807	870.842
380	0.16807	880.395
390	0.16807	879.358
400	0.16807	860.302
410	0.16807	866.008
420	0.16807	838.766
430	0.16807	826.308
440	0.16807	800.802
450	0.16807	847.976
460	0.16807	856.197
470	0.16807	861.255
480	0.16807	865.862
490	0.16807	905.218
500	0.16807	889.096
510	0.16807	895.064
520	0.16807	904.055
530	0.16807	896.64
540	0.16807	909.09
550	0.16807	852.966
560	0.16807	908.24
570	0.16807	863.048
580	0.16807	908.492
590	0.16807	926.877
600	0.16807	914.584
610	0.16807	906.285
620	0.16807	904.456
630	0.16807	863.211
640	0.16807	956.57
650	0.16807	985.781
660	0.16807	977.484
670	0.16807	930.919
680	0.16807	931.189
690	0.16807	908.591
700	0.16807	925.698
710	0.16807	921.406
720	0.16807	954.716
730	0.16807	961.105
740	0.16807	929.989
750	0.16807	924.819
760	0.16807	861.043
770	0.16807	807.842
780	0.16807	807.985
790	0.16807	765.928
800	0.16807	798.223
810	0.16807	843.544
820	0.16807	807.088
830	0.16807	811.69
840	0.16807	812.636
850	0.16807	874.801
860	0.16807	870.922
870	0.16807	862.323
880	0.16807	889.028
890	0.16807	913.47
900	0.16807	888.271
910	0.16807	871.563
920	0.16807	855.481
930	0.16807	909.296
940	0.16807	899.829
950	0.16807	881.922
960	0.16807	896.455
970	0.16807	876.35
980	0.16807	895.987
990	0.16807	890.513
1000	0.16807	860.917
260	0.145393	849.28
270	0.145393	849.595
280	0.145393	788.912
290	0.145393	830.606
300	0.145393	819.56
310	0.145393	830.631
320	0.145393	825.091
330	0.145393	811.316
340	0.145393	809.603
350	0.145393	845.77
360	0.145393	862.561
370	0.145393	857.419
380	0.145393	892.467
390	0.145393	883.549
400	0.145393	885.028
410	0.145393	926.192
420	0.145393	913.346
430	0.145393	887.485
440	0.145393	884.193
450	0.145393	844.573
460	0.145393	851.283
470	0.145393	837.079
480	0.145393	861.457
490	0.145393	843.899
500	0.145393	847.702
510	0.145393	864.444
520	0.145393	843.506
530	0.145393	816.575
540	0.145393	818.626
550	0.145393	825.224
560	0.145393	800.923
570	0.145393	810.495
580	0.145393	824.189
590	0.145393	810.951
600	0.145393	803.666
610	0.145393	806.959
620	0.145393	817.274
630	0.145393	812.159
640	0.145393	812.632
650	0.145393	780.445
660	0.145393	761.403
670	0.145393	762.182
680	0.145393	763.341
690	0.145393	799.194
700	0.145393	781.267
710	0.145393	801.198
720	0.145393	818.725
730	0.145393	795.506
740	0.145393	775.638
750	0.145393	819.863
760	0.145393	801.235
770	0.145393	846.81
780	0.145393	821.932
790	0.145393	841.05
800	0.145393	837.805
810	0.145393	838.217
820	0.145393	861.114
830	0.145393	849.136
840	0.145393	843.491
850	0.145393	850.591
860	0.145393	868.327
870	0.145393	830.11
880	0.145393	854.109
890	0.145393	840.183
900	0.145393	827.609
910	0.145393	812.211
920	0.145393	777.451
930	0.145393	781.485
940	0.145393	784.553
950	0.145393	809.792
960	0.145393	784.332
970	0.145393	803.926
980	0.145393	825.684
990	0.145393	850.124
1000	0.145393	825.76
260	0.125233	766.411
270	0.125233	791.507
280	0.125233	768.798
290	0.125233	773.241
300	0.125233	806.116
310	0.125233	789.101
320	0.125233	807.98
330	0.125233	819.365
340	0.125233	810.299
350	0.125233	809.783
360	0.125233	800.836
370	0.125233	770.822
380	0.125233	743.027
390	0.125233	766.236
400	0.125233	778.752
410	0.125233	782.329
420	0.125233	786.783
430	0.125233	794.595
440	0.125233	809.628
450	0.125233	756.835
460	0.125233	809.213
470	0.125233	818.376
480	0.125233	841.891
490	0.125233	814.423
500	0.125233	820.506
510	0.125233	833.771
520	0.125233	869.028
530	0.125233	860.623
540	0.125233	870.814
550	0.125233	877.472
560	0.125233	842.202
570	0.125233	868.243
580	0.125233	841.752
590	0.125233	815.32
600	0.125233	787.174
610	0.125233	852.961
620	0.125233	806.795
630	0.125233	787.17
640	0.125233	810.652
650	0.125233	798.227
660	0.125233	810.862
670	0.125233	793.804
680	0.125233	775.924
690	0.125233	794.143
700	0.125233	788.215
710	0.125233	798.35
720	0.125233	833.451
730	0.125233	842.415
740	0.125233	855.858
750	0.125233	852.923
760	0.125233	810.618
770	0.125233	782.018
780	0.125233	793.791
790	0.125233	799.884
800	0.125233	718.771
810	0.125233	754.615
820	0.125233	756.569
830	0.125233	728.588
840	0.125233	757.689
850	0.125233	803.381
860	0.125233	805.499
870	0.125233	803.202
880	0.125233	791.466
890	0.125233	764.466
900	0.125233	770.2
910	0.125233	776.168
920	0.125233	783.943
930	0.125233	784.272
940	0.125233	774.927
950	0.125233	753.461
960	0.125233	769.932
970	0.125233	767.692
980	0.125233	762.444
990	0.125233	752.137
1000	0.125233	781.506
260	0.107374	786.174
270	0.107374	785.097
280	0.107374	793.398
290	0.107374	802.628
300	0.107374	750.353
310	0.107374	747.989
320	0.107374	716.513
330	0.107374	811.521
340	0.107374	770.485
350	0.107374	823.509
360	0.107374	796.298
370	0.107374	811.043
380	0.107374	802.305
390	0.107374	766.396
400	0.107374	801.03
410	0.107374	790.893
420	0.107374	734.601
430	0.107374	721.95
440	0.107374	712.066
450	0.107374	742.976
460	0.107374	745.085
470	0.107374	740.246
480	0.107374	797.358
490	0.107374	820.129
500	0.107374	803.873
510	0.107374	772.337
520	0.107374	784.017
530	0.107374	796.989
540	0.107374	767.821
550	0.107374	767.361
560	0.107374	681.306
570	0.107374	727.741
580	0.107374	761.999
590	0.107374	760.749
600	0.107374	780.056
610	0.107374	752.749
620	0.107374	732.663
630	0.107374	762.692
640	0.107374	795.112
650	0.107374	764.494
660	0.107374	767.161
670	0.107374	763.488
680	0.107374	741.676
690	0.107374	697.502
700	0.107374	698.373
710	0.107374	797.658
720	0.107374	779.066
730	0.107374	759.194
740	0.107374	737.257
750	0.107374	800.128
760	0.107374	803.335
770	0.107374	761.835
780	0.107374	768.069
790	0.107374	749.556
800	0.107374	757.135
810	0.107374	774.776
820	0.107374	706.158
830	0.107374	675.341
840	0.107374	692.842
850	0.107374	705.626
860	0.107374	672.15
870	0.107374	750.939
880	0.107374	681.234
890	0.107374	726.327
900	0.107374	708.09
910	0.107374	753.628
920	0.107374	751.549
930	0.107374	752.697
940	0.107374	787.409
950	0.107374	771.22
960	0.107374	752.343
970	0.107374	781.289
980	0.107374	772.543
990	0.107374	791.207
1000	0.107374	753.635
260	0.0916133	728.268
270	0.0916133	697.556
280	0.0916133	736.529
290	0.0916133	740.31
300	0.0916133	725.79
310	0.0916133	714.975
320	0.0916133	724.252
330	0.0916133	704.591
340	0.0916133	758.476
350	0.0916133	680.698
360	0.0916133	683.825
370	0.0916133	697.176
380	0.0916133	726.993
390	0.0916133	705.605
400	0.0916133	731.728
410	0.0916133	610.393
420	0.0916133	671.894
430	0.0916133	740.126
440	0.0916133	710.754
450	0.0916133	753.944
460	0.0916133	770.667
470	0.0916133	769.586
480	0.0916133	736.339
490	0.0916133	741.619
500	0.0916133	749.58
510	0.0916133	837.855
520	0.0916133	847.722
530	0.0916133	821.866
540	0.0916133	770.452
550	0.0916133	797.892
560	0.0916133	745.082
570	0.0916133	709.971
580	0.0916133	700.347
590	0.0916133	723.72
600	0.0916133	681.436
610	0.0916133	679.527
620	0.0916133	634.875
630	0.0916133	697.187
640	0.0916133	743.799
650	0.0916133	710.781
660	0.0916133	711.202
670	0.0916133	680.833
680	0.0916133	715.646
690	0.0916133	755.022
700	0.0916133	746.05
710	0.0916133	761.897
720	0.0916133	787.438
730	0.0916133	752.707
740	0.0916133	800.534
750	0.0916133	822.211
760	0.0916133	790.669
770	0.0916133	745.398
780	0.0916133	732.162
790	0.0916133	701.058
800	0.0916133	716.253
810	0.0916133	729.433
820	0.0916133	723.083
830	0.0916133	714.93
840	0.0916133	812.613
850	0.0916133	832.505
860	0.0916133	858.423
870	0.0916133	802.635
880	0.0916133	714.643
890	0.0916133	768.855
900	0.0916133	782.611
910	0.0916133	792.741
920	0.0916133	733.319
930	0.0916133	766.86
940	0.0916133	726.962
950	0.0916133	764.278
960	0.0916133	758.082
970	0.0916133	738.857
980	0.0916133	706.885
990	0.0916133	697.293
1000	0.0916133	725.307
260	0.07776	712.314
270	0.07776	684.254
280	0.07776	685.384
290	0.07776	713.686
300	0.07776	689.26
310	0.07776	643.051
320	0.07776	641.016
330	0.07776	641.305
340	0.07776	668.489
350	0.07776	699.542
360	0.07776	649.917
370	0.07776	693.883
380	0.07776	747.444
390	0.07776	744.994
400	0.07776	712.72
410	0.07776	636.515
420	0.07776	717.083
430	0.07776	703.985
440	0.07776	707.828
450	0.07776	760.712
460	0.07776	742.727
470	0.07776	764.602
480	0.07776	740.502
490	0.07776	639.087
500	0.07776	661.89
510	0.07776	629.49
520	0.07776	658.08
530	0.07776	676.98
540	0.07776	541.416
550	0.07776	634.35
560	0.07776	703.157
570	0.07776	696.927
580	0.07776	586.17
590	0.07776	652.106
600	0.07776	695.385
610	0.07776	686.639
620	0.07776	619.32
630	0.07776	689.472
640	0.07776	717.095
650	0.07776	697.377
660	0.07776	674.597
670	0.07776	698.508
680	0.07776	728.708
690	0.07776	677.541
700	0.07776	724.173
710	0.07776	662.233
720	0.07776	679.818
730	0.07776	672.648
740	0.07776	715.793
750	0.07776	718.583
760	0.07776	712.14
770	0.07776	779.212
780	0.07776	775.776
790	0.07776	777.725
800	0.07776	722.41
810	0.07776	742.8
820	0.07776	727.697
830	0.07776	756.731
840	0.07776	752.483
850	0.07776	794.452
860	0.07776	756.721
870	0.07776	726.01
880	0.07776	768.931
890	0.07776	702.853
900	0.07776	730.557
910	0.07776	726.221
920	0.07776	770.568
930	0.07776	782.897
940	0.07776	776.219
950	0.07776	728.569
960	0.07776	712.608
970	0.07776	711.539
980	0.07776	772.69
990	0.07776	743.8
1000	0.07776	748.877
260	0.0656357	751.538
270	0.0656357	826.89
280	0.0656357	720.79
290	0.0656357	755.671
300	0.0656357	691.576
310	0.0656357	662.182
320	0.0656357	716.81
330	0.0656357	651.159
340	0.0656357	635.46
350	0.0656357	731.457
360	0.0656357	680.805
370	0.0656357	707.379
380	0.0656357	740.447
390	0.0656357	702.447
400	0.0656357	690.782
410	0.0656357	668.551
420	0.0656357	678.408
430	0.0656357	731
440	0.0656357	710.052
450	0.0656357	719.432
460	0.0656357	714.626
470	0.0656357	716.745
480	0.0656357	780.367
490	0.0656357	750.206
500	0.0656357	772.426
510	0.0656357	651.109
520	0.0656357	698.998
530	0.0656357	681.575
540	0.0656357	686.457
550	0.0656357	664.172
560	0.0656357	657.801
570	0.0656357	698.774
580	0.0656357	720.498
590	0.0656357	709.222
600	0.0656357	713.353
610	0.0656357	668.422
620	0.0656357	698.474
630	0.0656357	704.177
640	0.0656357	655.993
650	0.0656357	683.885
660	0.0656357	726.618
670	0.0656357	722.376
680	0.0656357	685.679
690	0.0656357	727.696
700	0.0656357	770.463
710	0.0656357	789.015
720	0.0656357	762.123
730	0.0656357	750.667
740	0.0656357	751.595
750	0.0656357	765.744
760	0.0656357	676.331
770	0.0656357	695.326
780	0.0656357	681.127
790	0.0656357	695.483
800	0.0656357	707.413
810	0.0656357	699.269
820	0.0656357	689.528
830	0.0656357	716.883
840	0.0656357	701.034
850	0.0656357	694.406
860	0.0656357	666.968
870	0.0656357	696.025
880	0.0656357	600.231
890	0.0656357	706.714
900	0.0656357	678.786
910	0.0656357	728.928
920	0.0656357	716.507
930	0.0656357	696.312
940	0.0656357	711.504
950	0.0656357	759.934
960	0.0656357	738.151
970	0.0656357	743.148
980	0.0656357	701.152
990	0.0656357	654.829
1000	0.0656357	602.953
260	0.0550732	684.044
270	0.0550732	698.67
280	0.0550732	707.736
290	0.0550732	739.422
300	0.0550732	724.142
310	0.0550732	714.789
320	0.0550732	681.322
330	0.0550732	685.136
340	0.0550732	726.708
350	0.0550732	736.202
360	0.0550732	709.799
370	0.0550732	630.429
380	0.0550732	661.649
390	0.0550732	725.804
400	0.0550732	698.791
410	0.0550732	617.759
420	0.0550732	574.793
430	0.0550732	713.342
440	0.0550732	677.474
450	0.0550732	654.853
460	0.0550732	664.544
470	0.0550732	669.625
480	0.0550732	735.181
490	0.0550732	718.88
500	0.0550732	653.17
510	0.0550732	637.882
520	0.0550732	669.283
530	0.0550732	665.917
540	0.0550732	640.231
550	0.0550732	663.975
560	0.0550732	690.784
570	0.0550732	639.317
580	0.0550732	627.09
590	0.0550732	636.355
600	0.0550732	727.638
610	0.0550732	612.35
620	0.0550732	606.239
630	0.0550732	606.639
640	0.0550732	693.343
650	0.0550732	659.96
660	0.0550732	661.452
670	0.0550732	699.325
680	0.0550732	708.101
690	0.0550732	735.589
700	0.0550732	660.5
710	0.0550732	621.437
720	0.0550732	624.774
730	0.0550732	646.961
740	0.0550732	599.206
750	0.0550732	663.285
760	0.0550732	657.664
770	0.0550732	653.055
780	0.0550732	711.497
790	0.0550732	745.514
800	0.0550732	690.297
810	0.0550732	757.39
820	0.0550732	763.433
830	0.0550732	734.72
840	0.0550732	655.787
850	0.0550732	707.655
860	0.0550732	785.065
870	0.0550732	811.814
880	0.0550732	704.05
890	0.0550732	657.699
900	0.0550732	666.926
910	0.0550732	688.681
920	0.0550732	625.66
930	0.0550732	642.578
940	0.0550732	625.968
950	0.0550732	610.381
960	0.0550732	695.416
970	0.0550732	635.658
980	0.0550732	593.941
990	0.0550732	603.065
1000	0.0550732	571.973
260	0.0459165	628.402
270	0.0459165	662.842
280	0.0459165	649.627
290	0.0459165	591.815
300	0.0459165	617.388
310	0.0459165	674.137
320	0.0459165	645.275
330	0.0459165	672.906
340	0.0459165	704.09
350	0.0459165	554.596
360	0.0459165	617.076
370	0.0459165	686.958
380	0.0459165	696.141
390	0.0459165	543.951
400	0.0459165	626.025
410	0.0459165	705.655
420	0.0459165	766.301
430	0.0459165	723.154
440	0.0459165	695.47
450	0.0459165	665.38
460	0.0459165	693.959
470	0.0459165	623.422
480	0.0459165	652.876
490	0.0459165	668.075
500	0.0459165	621.498
510	0.0459165	582.246
520	0.0459165	589.551
530	0.0459165	646.098
540	0.0459165	688.457
550	0.0459165	679.083
560	0.0459165	651.097
570	0.0459165	643.815
580	0.0459165	597.612
590	0.0459165	631.115
600	0.0459165	614.47
610	0.0459165	584.703
620	0.0459165	541.115
630	0.0459165	596.002
640	0.0459165	650.258
650	0.0459165	678.697
660	0.0459165	578.253
670	0.0459165	635.337
680	0.0459165	639.704
690	0.0459165	579.856
700	0.0459165	541.88
710	0.0459165	642.057
720	0.0459165	635.863
730	0.0459165	679.887
740	0.0459165	626.369
750	0.0459165	658.748
760	0.0459165	666.528
770	0.0459165	618.81
780	0.0459165	650.587
790	0.0459165	660.376
800	0.0459165	636.486
810	0.0459165	552.028
820	0.0459165	644.852
830	0.0459165	644.032
840	0.0459165	608.208
850	0.0459165	589.371
860	0.0459165	647.154
870	0.0459165	543.678
880	0.0459165	651.807
890	0.0459165	590.602
900	0.0459165	663.004
910	0.0459165	589.637
920	0.0459165	585.196
930	0.0459165	654.355
940	0.0459165	555.406
950	0.0459165	645.56
960	0.0459165	717.153
970	0.0459165	727.053
980	0.0459165	679.834
990	0.0459165	603.935
1000	0.0459165	606.853
260	0.0380204	625.577
270	0.0380204	622.652
280	0.0380204	605.242
290	0.0380204	644.981
300	0.0380204	645.381
310	0.0380204	667.457
320	0.0380204	663.804
330	0.0380204	688.345
340	0.0380204	658.502
350	0.0380204	548.605
360	0.0380204	649.014
370	0.0380204	602.486
380	0.0380204	603.878
390	0.0380204	598.975
400	0.0380204	544.441
410	0.0380204	572.424
420	0.0380204	699.098
430	0.0380204	592.585
440	0.0380204	506.185
450	0.0380204	533.531
460	0.0380204	625.906
470	0.0380204	547.02
480	0.0380204	494.038
490	0.0380204	509.457
500	0.0380204	598.259
510	0.0380204	609.72
520	0.0380204	570.528
530	0.0380204	537.247
540	0.0380204	665.048
550	0.0380204	637.98
560	0.0380204	596.678
570	0.0380204	649.181
580	0.0380204	559.108
590	0.0380204	684.719
600	0.0380204	677.863
610	0.0380204	651.322
620	0.0380204	675.841
630	0.0380204	496.751
640	0.0380204	532.202
650	0.0380204	559.547
660	0.0380204	579.257
670	0.0380204	519.113
680	0.0380204	620.167
690	0.0380204	616.795
700	0.0380204	644.887
710	0.0380204	516.131
720	0.0380204	605.979
730	0.0380204	681.427
740	0.0380204	736.295
750	0.0380204	708.667
760	0.0380204	714.818
770	0.0380204	707.837
780	0.0380204	703.571
790	0.0380204	687.635
800	0.0380204	701.197
810	0.0380204	673.901
820	0.0380204	709.94
830	0.0380204	621.288
840	0.0380204	694.06
850	0.0380204	656.206
860	0.0380204	618.332
870	0.0380204	579.945
880	0.0380204	532.166
890	0.0380204	615.728
900	0.0380204	614.294
910	0.0380204	634.771
920	0.0380204	571.868
930	0.0380204	607.133
940	0.0380204	609.473
950	0.0380204	587.69
960	0.0380204	674.009
970	0.0380204	727.391
980	0.0380204	669.831
990	0.0380204	666.044
1000	0.0380204	655.949
260	0.03125	732.435
270	0.03125	629.876
280	0.03125	590.941
290	0.03125	544.392
300	0.03125	544.526
310	0.03125	626.959
320	0.03125	603.821
330	0.03125	476.944
340	0.03125	503.736
350	0.03125	445.214
360	0.03125	550.787
370	0.03125	552.141
380	0.03125	434.224
390	0.03125	638.087
400	0.03125	626.821
410	0.03125	608.466
420	0.03125	557.738
430	0.03125	457.552
440	0.03125	507.212
450	0.03125	523.325
460	0.03125	624.155
470	0.03125	641.201
480	0.03125	545.851
490	0.03125	598.988
500	0.03125	584.015
510	0.03125	548.534
520	0.03125	703.563
530	0.03125	688.32
540	0.03125	610.893
550	0.03125	642.219
560	0.03125	638.278
570	0.03125	659.518
580	0.03125	496.781
590	0.03125	607.208
600	0.03125	558.158
610	0.03125	574.323
620	0.03125	644.41
630	0.03125	608.462
640	0.03125	576.074
650	0.03125	599.993
660	0.03125	542.943
670	0.03125	588.534
680	0.03125	605.532
690	0.03125	559.058
700	0.03125	355.517
710	0.03125	403.88
720	0.03125	547.754
730	0.03125	552.95
740	0.03125	545.443
750	0.03125	542.219
760	0.03125	468.44
770	0.03125	586.708
780	0.03125	628.204
790	0.03125	610.238
800	0.03125	630.085
810	0.03125	625.63
820	0.03125	587.89
830	0.03125	595.809
840	0.03125	514.113
850	0.03125	603.137
860	0.03125	537.956
870	0.03125	585.152
880	0.03125	553.048
890	0.03125	447.174
900	0.03125	536.711
910	0.03125	638.517
920	0.03125	580.441
930	0.03125	642.595
940	0.03125	500.048
950	0.03125	495.288
960	0.03125	454.952
970	0.03125	373.928
980	0.03125	397.576
990	0.03125	472.246
1000	0.03125	383.352
260	0.0254804	603.173
270	0.0254804	605.94
280	0.0254804	487.628
290	0.0254804	610.841
300	0.0254804	411.487
310	0.0254804	352.127
320	0.0254804	602.284
330	0.0254804	590.283
340	0.0254804	517.2
350	0.0254804	553.877
360	0.0254804	430.113
370	0.0254804	636.484
380	0.0254804	564.883
390	0.0254804	566.227
400	0.0254804	551.328
410	0.0254804	566.575
420	0.0254804	548.206
430	0.0254804	540.857
440	0.0254804	547.718
450	0.0254804	528.691
460	0.0254804	484.578
470	0.0254804	569.489
480	0.0254804	490.526
490	0.0254804	493.946
500	0.0254804	566.963
510	0.0254804	592.261
520	0.0254804	548.058
530	0.0254804	499.433
540	0.0254804	528.887
550	0.0254804	516.962
560	0.0254804	465.089
570	0.0254804	609.383
580	0.0254804	626.934
590	0.0254804	528.329
600	0.0254804	526.072
610	0.0254804	544.285
620	0.0254804	490.459
630	0.0254804	595.931
640	0.0254804	675.141
650	0.0254804	626.342
660	0.0254804	563.291
670	0.0254804	556.832
680	0.0254804	444.056
690	0.0254804	564.334
700	0.0254804	539.052
710	0.0254804	452.333
720	0.0254804	536.116
730	0.0254804	480.421
740	0.0254804	619.351
750	0.0254804	571.12
760	0.0254804	587.832
770	0.0254804	644.541
780	0.0254804	634.633
790	0.0254804	557.167
800	0.0254804	571.308
810	0.0254804	586.264
820	0.0254804	540.149
830	0.0254804	513.897
840	0.0254804	494.15
850	0.0254804	509.31
860	0.0254804	508.933
870	0.0254804	427.078
880	0.0254804	501.487
890	0.0254804	548.022
900	0.0254804	546.54
910	0.0254804	613.814
920	0.0254804	674.775
930	0.0254804	572.17
940	0.0254804	642.919
950	0.0254804	718.448
960	0.0254804	693.214
970	0.0254804	637.825
980	0.0254804	721.504
990	0.0254804	559.143
1000	0.0254804	650.49
260	0.0205963	528.792
270	0.0205963	686.367
280	0.0205963	518.367
290	0.0205963	480.656
300	0.0205963	576.583
310	0.0205963	461.724
320	0.0205963	413.926
330	0.0205963	557.643
340	0.0205963	661.427
350	0.0205963	627.291
360	0.0205963	599.954
370	0.0205963	505.294
380	0.0205963	545.911
390	0.0205963	623.151
400	0.0205963	670.189
410	0.0205963	624.41
420	0.0205963	681.651
430	0.0205963	619.732
440	0.0205963	451.08
450	0.0205963	560.418
460	0.0205963	462.493
470	0.0205963	385.413
480	0.0205963	481.629
490	0.0205963	576.144
500	0.0205963	588.907
510	0.0205963	546.754
520	0.0205963	559.523
530	0.0205963	530.906
540	0.0205963	528.987
550	0.0205963	616.759
560	0.0205963	557.482
570	0.0205963	667.499
580	0.0205963	556.256
590	0.0205963	563.925
600	0.0205963	610.507
610	0.0205963	556.054
620	0.0205963	598.913
630	0.0205963	584.797
640	0.0205963	380.442
650	0.0205963	562.93
660	0.0205963	480.82
670	0.0205963	551.443
680	0.0205963	513.961
690	0.0205963	529.766
700	0.0205963	739.661
710	0.0205963	721.644
720	0.0205963	583.209
730	0.0205963	448.24
740	0.0205963	443.068
750	0.0205963	559.212
760	0.0205963	539.209
770	0.0205963	616.447
780	0.0205963	627.915
790	0.0205963	584.396
800	0.0205963	553.714
810	0.0205963	551.349
820	0.0205963	525.87
830	0.0205963	472.442
840	0.0205963	356.072
850	0.0205963	359.428
860	0.0205963	543.801
870	0.0205963	389.328
880	0.0205963	617.71
890	0.0205963	540.495
900	0.0205963	560.339
910	0.0205963	525.234
920	0.0205963	579.517
930	0.0205963	571.421
940	0.0205963	637.591
950	0.0205963	470.682
960	0.0205963	548.959
970	0.0205963	467.771
980	0.0205963	503.789
990	0.0205963	583.688
1000	0.0205963	593.507
260	0.0164916	524.702
270	0.0164916	489.047
280	0.0164916	585.346
290	0.0164916	605.678
300	0.0164916	460.759
310	0.0164916	530.335
320	0.0164916	523.986
330	0.0164916	581.73
340	0.0164916	510.728
350	0.0164916	277.826
360	0.0164916	548.015
370	0.0164916	512.589
380	0.0164916	351.967
390	0.0164916	617.571
400	0.0164916	604.565
410	0.0164916	474.491
420	0.0164916	611.538
430	0.0164916	584.637
440	0.0164916	424.855
450	0.0164916	564.291
460	0.0164916	582.212
470	0.0164916	387.683
480	0.0164916	543.588
490	0.0164916	523.791
500	0.0164916	387.034
510	0.0164916	356.899
520	0.0164916	555.188
530	0.0164916	535.188
540	0.0164916	428.206
550	0.0164916	578.575
560	0.0164916	591.266
570	0.0164916	549.358
580	0.0164916	442.142
590	0.0164916	628.693
600	0.0164916	640.878
610	0.0164916	536.703
620	0.0164916	568.641
630	0.0164916	585.398
640	0.0164916	515.045
650	0.0164916	516.948
660	0.0164916	447.386
670	0.0164916	446.359
680	0.0164916	598.804
690	0.0164916	536.897
700	0.0164916	578.056
710	0.0164916	627.708
720	0.0164916	592.715
730	0.0164916	606.385
740	0.0164916	567.349
750	0.0164916	474.466
760	0.0164916	576.375
770	0.0164916	527.434
780	0.0164916	442.564
790	0.0164916	460.319
800	0.0164916	606.949
810	0.0164916	482.404
820	0.0164916	662.413
830	0.0164916	530.281
840	0.0164916	543.565
850	0.0164916	555.768
860	0.0164916	564.678
870	0.0164916	524.97
880	0.0164916	380.659
890	0.0164916	455.594
900	0.0164916	388.71
910	0.0164916	445.364
920	0.0164916	393.469
930	0.0164916	269.87
940	0.0164916	276.403
950	0.0164916	109.781
960	0.0164916	58.6539
970	0.0164916	397.249
980	0.0164916	382.193
990	0.0164916	602.47
1000	0.0164916	546.473
260	0.0130691	235.422
270	0.0130691	481.058
280	0.0130691	344.856
290	0.0130691	465.767
300	0.0130691	561.804
310	0.0130691	457.139
320	0.0130691	475.341
330	0.0130691	445.606
340	0.0130691	497.574
350	0.0130691	480.286
360	0.0130691	375.325
370	0.0130691	395.12
380	0.0130691	388.778
390	0.0130691	513.938
400	0.0130691	414.67
410	0.0130691	438.017
420	0.0130691	430.487
430	0.0130691	388.837
440	0.0130691	448.121
450	0.0130691	280.607
460	0.0130691	449.528
470	0.0130691	564.642
480	0.0130691	591.887
490	0.0130691	452.49
500	0.0130691	485.142
510	0.0130691	571.888
520	0.0130691	591.786
530	0.0130691	512.755
540	0.0130691	561.069
550	0.0130691	470.827
560	0.0130691	414.813
570	0.0130691	509.297
580	0.0130691	420.381
590	0.0130691	351.934
600	0.0130691	359.908
610	0.0130691	313.173
620	0.0130691	483.521
630	0.0130691	406.771
640	0.0130691	602.777
650	0.0130691	377.465
660	0.0130691	510.901
670	0.0130691	604.671
680	0.0130691	566.944
690	0.0130691	553.251
700	0.0130691	581.495
710	0.0130691	306.181
720	0.0130691	436.764
730	0.0130691	304.419
740	0.0130691	371.987
750	0.0130691	490.64
760	0.0130691	523.618
770	0.0130691	440.2
780	0.0130691	550.506
790	0.0130691	535.105
800	0.0130691	528.558
810	0.0130691	540.317
820	0.0130691	270.62
830	0.0130691	429.837
840	0.0130691	402.992
850	0.0130691	420.925
860	0.0130691	399.977
870	0.0130691	417.251
880	0.0130691	484.291
890	0.0130691	442.388
900	0.0130691	556.183
910	0.0130691	354.905
920	0.0130691	362.851
930	0.0130691	529.498
940	0.0130691	534.608
950	0.0130691	588.418
960	0.0130691	516.25
970	0.0130691	482.149
980	0.0130691	513.12
990	0.0130691	513.575
1000	0.0130691	474.359
260	0.01024	614.254
270	0.01024	589.496
280	0.01024	424.599
290	0.01024	484.522
300	0.01024	366.098
310	0.01024	462.064
320	0.01024	506.097
330	0.01024	495.092
340	0.01024	339.239
350	0.01024	294.434
360	0.01024	423.327
370	0.01024	575.754
380	0.01024	401.172
390	0.01024	428.373
400	0.01024	332.595
410	0.01024	332.097
420	0.01024	519.438
430	0.01024	480.046
440	0.01024	575.188
450	0.01024	592.572
460	0.01024	600.128
470	0.01024	466.61
480	0.01024	615.287
490	0.01024	555.867
500	0.01024	201.611
510	0.01024	383.427
520	0.01024	295.935
530	0.01024	408.394
540	0.01024	396.139
550	0.01024	528.076
560	0.01024	381.075
570	0.01024	506.963
580	0.01024	454.37
590	0.01024	536.228
600	0.01024	522.821
610	0.01024	480.185
620	0.01024	313.174
630	0.01024	305.358
640	0.01024	95.0635
650	0.01024	523.308
660	0.01024	397.513
670	0.01024	492.738
680	0.01024	530.636
690	0.01024	405.463
700	0.01024	436.285
710	0.01024	532.518
720	0.01024	219.267
730	0.01024	351.336
740	0.01024	437.481
750	0.01024	546.445
760	0.01024	478.433
770	0.01024	538.469
780	0.01024	544.845
790	0.01024	400.794
800	0.01024	569.734
810	0.01024	301.434
820	0.01024	388.952
830	0.01024	483.619
840	0.01024	569.105
850	0.01024	560.086
860	0.01024	660.41
870	0.01024	552.868
880	0.01024	410.904
890	0.01024	366.288
900	0.01024	445.738
910	0.01024	-34.4879
920	0.01024	369.495
930	0.01024	450.065
940	0.01024	394.969
950	0.01024	427.814
960	0.01024	217.218
970	0.01024	346.961
980	0.01024	484.754
990	0.01024	379.251
1000	0.01024	343.149
260	0.00792352	511.031
270	0.00792352	599.173
280	0.00792352	463.576
290	0.00792352	557.409
300	0.00792352	630.016
310	0.00792352	615.67
320	0.00792352	532.916
330	0.00792352	246.592
340	0.00792352	263.258
350	0.00792352	308.4
360	0.00792352	219.605
370	0.00792352	19.9797
380	0.00792352	488.162
390	0.00792352	508.197
400	0.00792352	568.597
410	0.00792352	374.36
420	0.00792352	593.407
430	0.00792352	534.659
440	0.00792352	575.183
450	0.00792352	447.041
460	0.00792352	302.606
470	0.00792352	316.675
480	0.00792352	528.938
490	0.00792352	122.471
500	0.00792352	415.65
510	0.00792352	237.367
520	0.00792352	268.631
530	0.00792352	267.16
540	0.00792352	480.764
550	0.00792352	241.815
560	0.00792352	538.086
570	0.00792352	355.001
580	0.00792352	264.182
590	0.00792352	593.268
600	0.00792352	459.049
610	0.00792352	260.174
620	0.00792352	501.708
630	0.00792352	163.581
640	0.00792352	278.637
650	0.00792352	417.715
660	0.00792352	416.634
670	0.00792352	565.029
680	0.00792352	261.026
690	0.00792352	149.628
700	0.00792352	421.57
710	0.00792352	463.677
720	0.00792352	614.07
730	0.00792352	171.529
740	0.00792352	522.995
750	0.00792352	355.682
760	0.00792352	286.81
770	0.00792352	423.409
780	0.00792352	544.216
790	0.00792352	434.881
800	0.00792352	249.677
810	0.00792352	139.605
820	0.00792352	211.359
830	0.00792352	310.874
840	0.00792352	435.389
850	0.00792352	492.64
860	0.00792352	184.249
870	0.00792352	516.045
880	0.00792352	652.423
890	0.00792352	584.266
900	0.00792352	572.406
910	0.00792352	387.043
920	0.00792352	559.269
930	0.00792352	510.772
940	0.00792352	574.491
950	0.00792352	-128.451
960	0.00792352	435.264
970	0.00792352	504.721
980	0.00792352	262.73
990	0.00792352	530.062
1000	0.00792352	370.031
260	0.00604662	-69.4577
270	0.00604662	183.736
280	0.00604662	355.519
290	0.00604662	291.544
300	0.00604662	118.405
310	0.00604662	401.037
320	0.00604662	491.99
330	0.00604662	572.765
340	0.00604662	325.408
350	0.00604662	-190.055
360	0.00604662	162.91
370	0.00604662	385.363
380	0.00604662	254.656
390	0.00604662	269.468
400	0.00604662	184.457
410	0.00604662	480.359
420	0.00604662	385.231
430	0.00604662	466.067
440	0.00604662	420.582
450	0.00604662	467.893
460	0.00604662	351.467
470	0.00604662	503.313
480	0.00604662	440.298
490	0.00604662	434.746
500	0.00604662	422.234
510	0.00604662	296.448
520	0.00604662	435.652
530	0.00604662	270.535
540	0.00604662	407.519
550	0.00604662	571.609
560	0.00604662	437.321
570	0.00604662	375.959
580	0.00604662	368.886
590	0.00604662	411.777
600	0.00604662	470.591
610	0.00604662	-53.5529
620	0.00604662	345.058
630	0.00604662	314.147
640	0.00604662	550.446
650	0.00604662	517.151
660	0.00604662	182.836
670	0.00604662	363.711
680	0.00604662	481.729
690	0.00604662	565.259
700	0.00604662	435.355
710	0.00604662	-20.1717
720	0.00604662	212.732
730	0.00604662	360.526
740	0.00604662	268.96
750	0.00604662	85.7585
760	0.00604662	436.732
770	0.00604662	336.116
780	0.00604662	513.152
790	0.00604662	524.627
800	0.00604662	473.449
810	0.00604662	253.115
820	0.00604662	80.5385
830	0.00604662	421.764
840	0.00604662	598.495
850	0.00604662	415.956
860	0.00604662	33.3163
870	0.00604662	-203.298
880	0.00604662	463.975
890	0.00604662	394.962
900	0.00604662	249.755
910	0.00604662	444.345
920	0.00604662	356.4
930	0.00604662	246.556
940	0.00604662	-6.19693
950	0.00604662	251.786
960	0.00604662	540.412
970	0.00604662	321.986
980	0.00604662	428.61
990	0.00604662	473.988
1000	0.00604662	418.382
260	0.00454354	605.049
270	0.00454354	472.647
280	0.00454354	505.538
290	0.00454354	112.115
300	0.00454354	298.845
310	0.00454354	449.512
320	0.00454354	-46.434
330	0.00454354	98.1063
340	0.00454354	239.902
350	0.00454354	499.29
360	0.00454354	351.275
370	0.00454354	234.971
380	0.00454354	218.082
390	0.00454354	409.869
400	0.00454354	227.756
410	0.00454354	287.861
420	0.00454354	351.869
430	0.00454354	459.076
440	0.00454354	-426.389
450	0.00454354	392.164
460	0.00454354	270.609
470	0.00454354	-13.62
480	0.00454354	290.383
490	0.00454354	-33.2483
500	0.00454354	224.644
510	0.00454354	238.732
520	0.00454354	233.768
530	0.00454354	332.718
540	0.00454354	-17.4121
550	0.00454354	386.035
560	0.00454354	439.349
570	0.00454354	488.803
580	0.00454354	173.717
590	0.00454354	471.325
600	0.00454354	162.123
610	0.00454354	420.126
620	0.00454354	338.986
630	0.00454354	426.083
640	0.00454354	413.324
650	0.00454354	441.017
660	0.00454354	547.715
670	0.00454354	441.128
680	0.00454354	131.819
690	0.00454354	123.161
700	0.00454354	108.517
710	0.00454354	400.933
720	0.00454354	219.2
730	0.00454354	181.83
740	0.00454354	381.033
750	0.00454354	-395.819
760	0.00454354	145.229
770	0.00454354	101.064
780	0.00454354	193.677
790	0.00454354	111.05
800	0.00454354	511.055
810	0.00454354	362.251
820	0.00454354	451.655
830	0.00454354	-76.3484
840	0.00454354	234.155
850	0.00454354	-81.7952
860	0.00454354	247.847
870	0.00454354	199.823
880	0.00454354	484.751
890	0.00454354	204.223
900	0.00454354	365.837
910	0.00454354	335.327
920	0.00454354	549.586
930	0.00454354	341.112
940	0.00454354	547.854
950	0.00454354	264.504
960	0.00454354	-369.964
970	0.00454354	317.657
980	0.00454354	519.107
990	0.00454354	419.683
1000	0.00454354	496.38
260	0.00335544	120.207
270	0.00335544	72.654
280	0.00335544	364.809
290	0.00335544	131.472
300	0.00335544	346.344
310	0.00335544	375.985
320	0.00335544	-37.0346
330	0.00335544	465.578
340	0.00335544	229.005
350	0.00335544	433.92
360	0.00335544	-264.159
370	0.00335544	200.119
380	0.00335544	-118.607
390	0.00335544	-45.1126
400	0.00335544	350.236
410	0.00335544	273.666
420	0.00335544	218.916
430	0.00335544	302.717
440	0.00335544	161.608
450	0.00335544	430.248
460	0.00335544	313.874
470	0.00335544	402.56
480	0.00335544	470.803
490	0.00335544	195.183
500	0.00335544	259.041
510	0.00335544	217.123
520	0.00335544	376.858
530	0.00335544	447.394
540	0.00335544	364.505
550	0.00335544	340.515
560	0.00335544	456.741
570	0.00335544	257.743
580	0.00335544	505.987
590	0.00335544	487.722
600	0.00335544	431.066
610	0.00335544	-157.394
620	0.00335544	275.962
630	0.00335544	463.293
640	0.00335544	-3.28538
650	0.00335544	-142.509
660	0.00335544	278.307
670	0.00335544	239.265
680	0.00335544	416.387
690	0.00335544	29.37
700	0.00335544	-159.056
710	0.00335544	412.796
720	0.00335544	351.032
730	0.00335544	-269.204
740	0.00335544	195.411
750	0.00335544	380.816
760	0.00335544	124.39
770	0.00335544	185.837
780	0.00335544	250.287
790	0.00335544	268.649
800	0.00335544	-409.537
810	0.00335544	-741.112
820	0.00335544	-272.771
830	0.00335544	129.232
840	0.00335544	296.268
850	0.00335544	361.616
860	0.00335544	429.612
870	0.00335544	426.385
880	0.00335544	511.008
890	0.00335544	186.499
900	0.00335544	195.408
910	0.00335544	447.021
920	0.00335544	-91.0733
930	0.00335544	204.6
940	0.00335544	321.943
950	0.00335544	170.987
960	0.00335544	-241.935
970	0.00335544	325.565
980	0.00335544	-164.043
990	0.00335544	168.967
1000	0.00335544	378.698
260	0.00243	476.806
270	0.00243	364.459
280	0.00243	275.473
290	0.00243	131.998
300	0.00243	-288.051
310	0.00243	532.765
320	0.00243	372.925
330	0.00243	112.385
340	0.00243	477.433
350	0.00243	154.302
360	0.00243	281.035
370	0.00243	-100.289
380	0.00243	302.96
390	0.00243	-427.081
400	0.00243	133.282
410	0.00243	556.809
420	0.00243	349.536
430	0.00243	-71.0958
440	0.00243	-150
450	0.00243	-389.364
460	0.00243	172.556
470	0.00243	420.89
480	0.00243	-31.4886
490	0.00243	-105.586
500	0.00243	270.835
510	0.00243	185.65
520	0.00243	-218.297
530	0.00243	423.157
540	0.00243	225.851
550	0.00243	172.351
560	0.00243	338.065
570	0.00243	36.3279
580	0.00243	-103.56
590	0.00243	112.691
600	0.00243	452.976
610	0.00243	265.797
620	0.00243	328.903
630	0.00243	464.383
640	0.00243	483.916
650	0.00243	435.517
660	0.00243	449.997
670	0.00243	40.0314
680	0.00243	333.007
690	0.00243	-20.391
700	0.00243	-376.51
710	0.00243	276.871
720	0.00243	79.0643
730	0.00243	383.887
740	0.00243	272.3
750	0.00243	17.8402
760	0.00243	441.484
770	0.00243	35.9043
780	0.00243	254.353
790	0.00243	95.1823
800	0.00243	387.941
810	0.00243	223.76
820	0.00243	-69.3494
830	0.00243	-282.369
840	0.00243	420.204
850	0.00243	353.233
860	0.00243	249.519
870	0.00243	459.943
880	0.00243	158.21
890	0.00243	412.463
900	0.00243	583.456
910	0.00243	247.167
920	0.00243	321.503
930	0.00243	-799.242
940	0.00243	155.152
950	0.00243	494.608
960	0.00243	186.092
970	0.00243	403.311
980	0.00243	125.941
990	0.00243	646.772
1000	0.00243	362.458
260	0.00172104	-283.31
270	0.00172104	372.256
280	0.00172104	367.326
290	0.00172104	-265.611
300	0.00172104	-787.925
310	0.00172104	57.1675
320	0.00172104	175.655
330	0.00172104	346.431
340	0.00172104	-310.707
350	0.00172104	-273.976
360	0.00172104	269.698
370	0.00172104	482.194
380	0.00172104	-351.58
390	0.00172104	297.674
400	0.00172104	359.944
410	0.00172104	-450.026
420	0.00172104	-332.531
430	0.00172104	-556.885
440	0.00172104	71.4257
450	0.00172104	-275.424
460	0.00172104	-735.761
470	0.00172104	81.1083
480	0.00172104	144.927
490	0.00172104	439.416
500	0.00172104	198.402
510	0.00172104	166.628
520	0.00172104	-263.934
530	0.00172104	-503.016
540	0.00172104	374.482
550	0.00172104	431.863
560	0.00172104	263.302
570	0.00172104	-536.411
580	0.00172104	-806.159
590	0.00172104	416.805
600	0.00172104	387.849
610	0.00172104	-43.1129
620	0.00172104	4.83703
630	0.00172104	70.1951
640	0.00172104	-726.577
650	0.00172104	-299.217
660	0.00172104	277.769
670	0.00172104	185.475
680	0.00172104	-1175.49
690	0.00172104	-10.0392
700	0.00172104	-92.4442
710	0.00172104	512.118
720	0.00172104	625.303
730	0.00172104	571.881
740	0.00172104	308.639
750	0.00172104	299.69
760	0.00172104	541.494
770	0.00172104	248.934
780	0.00172104	137.283
790	0.00172104	574.383
800	0.00172104	501.469
810	0.00172104	448.212
820	0.00172104	300.117
830	0.00172104	79.9219
840	0.00172104	351.285
850	0.00172104	12.6471
860	0.00172104	-78.888
870	0.00172104	317.427
880	0.00172104	220.02
890	0.00172104	-140.312
900	0.00172104	72.8006
910	0.00172104	-538.021
920	0.00172104	543.029
930	0.00172104	-125.992
940	0.00172104	-657.717
950	0.00172104	219.759
960	0.00172104	-143.013
970	0.00172104	331.366
980	0.00172104	-1009.58
990	0.00172104	493.759
1000	0.00172104	-2252.97
260	0.00118814	-2760.68
270	0.00118814	-374.803
280	0.00118814	-10.781
290	0.00118814	-142.307
300	0.00118814	131.502
310	0.00118814	-187.533
320	0.00118814	-112.766
330	0.00118814	236.313
340	0.00118814	-189.877
350	0.00118814	514.921
360	0.00118814	-903.871
370	0.00118814	-1670.27
380	0.00118814	-87.5695
390	0.00118814	-155.568
400	0.00118814	-1222.4
410	0.00118814	-1398.17
420	0.00118814	-2340.66
430	0.00118814	-238.031
440	0.00118814	-155.1
450	0.00118814	282.873
460	0.00118814	163.623
470	0.00118814	-763.474
480	0.00118814	188.665
490	0.00118814	-585.799
500	0.00118814	-58.4491
510	0.00118814	-702.718
520	0.00118814	-696.833
530	0.00118814	170.686
540	0.00118814	-2138.56
550	0.00118814	-33.5341
560	0.00118814	-829.936
570	0.00118814	142.12
580	0.00118814	436.511
590	0.00118814	221.985
600	0.00118814	-1197.18
610	0.00118814	80.8103
620	0.00118814	-1223.94
630	0.00118814	-158.347
640	0.00118814	-287.699
650	0.00118814	140.776
660	0.00118814	-785.827
670	0.00118814	-43.5219
680	0.00118814	-183.664
690	0.00118814	-708.377
700	0.00118814	297.118
710	0.00118814	-6.20777
720	0.00118814	477.465
730	0.00118814	140.163
740	0.00118814	242.606
750	0.00118814	-482.03
760	0.00118814	502.691
770	0.00118814	-799.087
780	0.00118814	161.914
790	0.00118814	3.97428
800	0.00118814	385.718
810	0.00118814	-436.179
820	0.00118814	298.38
830	0.00118814	-903.637
840	0.00118814	-14.8014
850	0.00118814	-180.925
860	0.00118814	215.698
870	0.00118814	315.972
880	0.00118814	-2275.29
890	0.00118814	372.824
900	0.00118814	-101.601
910	0.00118814	434.38
920	0.00118814	-2107.21
930	0.00118814	317.305
940	0.00118814	521.415
950	0.00118814	-138.349
960	0.00118814	386.063
970	0.00118814	-108.123
980	0.00118814	-2274.03
990	0.00118814	-1201.14
1000	0.00118814	-146.068
260	0.000796262	-779.112
270	0.000796262	-1676.92
280	0.000796262	492.672
290	0.000796262	-531.299
300	0.000796262	-601.916
310	0.000796262	-860.492
320	0.000796262	-26.0248
330	0.000796262	193.498
340	0.000796262	206.117
350	0.000796262	-44.2345
360	0.000796262	-430.994
370	0.000796262	449.376
380	0.000796262	242.43
390	0.000796262	-284.358
400	0.000796262	-187.565
410	0.000796262	-357.357
420	0.000796262	-1125.52
430	0.000796262	-198.016
440	0.000796262	479.106
450	0.000796262	324.78
460	0.000796262	-103.058
470	0.000796262	318.471
480	0.000796262	-1956.87
490	0.000796262	-1055.85
500	0.000796262	53.497
510	0.000796262	-792.534
520	0.000796262	-1645.65
530	0.000796262	-1244.62
540	0.000796262	479.16
550	0.000796262	-934.179
560	0.000796262	-235.839
570	0.000796262	-1118.39
580	0.000796262	-1038.43
590	0.000796262	59.1137
600	0.000796262	363.76
610	0.000796262	-2344.71
620	0.000796262	-696.116
630	0.000796262	181.7
640	0.000796262	438.916
650	0.000796262	-324.131
660	0.000796262	129.964
670	0.000796262	-137.015
680	0.000796262	345.124
690	0.000796262	-335.507
700	0.000796262	-191.305
710	0.000796262	-399.861
720	0.000796262	-1332.93
730	0.000796262	-1500.76
740	0.000796262	471.676
750	0.000796262	274.257
760	0.000796262	156.181
770	0.000796262	-813.219
780	0.000796262	-1898.87
790	0.000796262	-2823.35
800	0.000796262	91.5235
810	0.000796262	74.95
820	0.000796262	-1199.08
830	0.000796262	-1117.07
840	0.000796262	21.8035
850	0.000796262	430.248
860	0.000796262	220.078
870	0.000796262	-1983.89
880	0.000796262	62.3922
890	0.000796262	-289.185
900	0.000796262	-481.059
910	0.000796262	510.811
920	0.000796262	-541.02
930	0.000796262	414.467
940	0.000796262	58.5984
950	0.000796262	13.4507
960	0.000796262	-1582.02
970	0.000796262	210.874
980	0.000796262	-20.6299
990	0.000796262	-141.732
1000	0.000796262	262.949
260	0.000515363	-3200.81
270	0.000515363	138.345
280	0.000515363	451.024
290	0.000515363	161.752
300	0.000515363	-747.005
310	0.000515363	346.379
320	0.000515363	293.683
330	0.000515363	-699.501
340	0.000515363	-22.9644
350	0.000515363	104.224
360	0.000515363	-670.078
370	0.000515363	-389.111
380	0.000515363	-536.057
390	0.000515363	-921.302
400	0.000515363	-2139.3
410	0.000515363	-128.993
420	0.000515363	-1001.56
430	0.000515363	-239.373
440	0.000515363	-686.725
450	0.000515363	-403.848
460	0.000515363	-1055.01
470	0.000515363	-750.089
480	0.000515363	269.662
490	0.000515363	265.575
500	0.000515363	243.851
510	0.000515363	-1399.48
520	0.000515363	422.677
530	0.000515363	82.1271
540	0.000515363	-1516.58
550	0.000515363	-430.35
560	0.000515363	-1832.27
570	0.000515363	-112.146
580	0.000515363	-278.249
590	0.000515363	333.968
600	0.000515363	-1115.58
610	0.000515363	-82.5823
620	0.000515363	302.071
630	0.000515363	-515.99
640	0.000515363	-802.287
650	0.000515363	-112.138
660	0.000515363	-1283.47
670	0.000515363	-1577.39
680	0.000515363	367.541
690	0.000515363	-714.538
700	0.000515363	-1187.47
710	0.000515363	-2942.12
720	0.000515363	-226.553
730	0.000515363	-1073.25
740	0.000515363	-108.707
750	0.000515363	566.159
760	0.000515363	-50.1748
770	0.000515363	134.374
780	0.000515363	-291.148
790	0.000515363	-1093.36
800	0.000515363	-396.652
810	0.000515363	-1406.46
820	0.000515363	-1782.86
830	0.000515363	-196.626
840	0.000515363	-2179.26
850	0.000515363	-165.298
860	0.000515363	-1819.81
870	0.000515363	227.746
880	0.000515363	-1676.21
890	0.000515363	355.269
900	0.000515363	-707.103
910	0.000515363	-1693.84
920	0.000515363	-860.778
930	0.000515363	-1741.7
940	0.000515363	198.978
950	0.000515363	116.781
960	0.000515363	-1696.52
970	0.000515363	-666.867
980	0.000515363	-1196.59
990	0.000515363	466.17
1000	0.000515363	327.43
260	0.00032	232.836
270	0.00032	183.821
280	0.00032	-102.853
290	0.00032	-141.095
300	0.00032	-900.704
310	0.00032	-360.048
320	0.00032	-964.906
330	0.00032	-658.189
340	0.00032	180.999
350	0.00032	-1941.5
360	0.00032	177.35
370	0.00032	465.959
380	0.00032	-2613.11
390	0.00032	-481.356
400	0.00032	-82.4575
410	0.00032	347.762
420	0.00032	-652.852
430	0.00032	-110.768
440	0.00032	-228.851
450	0.00032	339.197
460	0.00032	-817.258
470	0.00032	299.753
480	0.00032	-3228.49
490	0.00032	-920.557
500	0.00032	-12.9675
510	0.00032	-715.556
520	0.00032	-3252.64
530	0.00032	-904.64
540	0.00032	-374.482
550	0.00032	-33.1754
560	0.00032	-1761.76
570	0.00032	-589.851
580	0.00032	-228.298
590	0.00032	-919.341
600	0.00032	-1163.42
610	0.00032	-114.96
620	0.00032	295.162
630	0.00032	-2483.45
640	0.00032	81.8111
650	0.00032	-328.515
660	0.00032	-4438.6
670	0.00032	-99.064
680	0.00032	-760.73
690	0.00032	-4342.3
700	0.00032	-2767.62
710	0.00032	-1099.44
720	0.00032	-1600.16
730	0.00032	-677.378
740	0.00032	-1665.39
750	0.00032	-2638.04
760	0.00032	-1954.82
770	0.00032	-1340.44
780	0.00032	-1735.66
790	0.00032	-27.2842
800	0.00032	-616.295
810	0.00032	-514.711
820	0.00032	-3859.86
830	0.00032	-656.719
840	0.00032	-576.082
850	0.00032	-1389.48
860	0.00032	-1328.66
870	0.00032	-822.613
880	0.00032	-2486.47
890	0.00032	-293.188
900	0.00032	-37.0861
910	0.00032	-2390.38
920	0.00032	-1419.05
930	0.00032	276.594
940	0.00032	-2674.9
950	0.00032	372.492
960	0.00032	-563.618
970	0.00032	-0.373717
980	0.00032	-862.22
990	0.00032	-17.4125
1000	0.00032	-183.511
260	0.000188957	-1735.17
270	0.000188957	-121.559
280	0.000188957	-1973.93
290	0.000188957	-389.868
300	0.000188957	-999.571
310	0.000188957	322.359
320	0.000188957	-339.308
330	0.000188957	-1320.6
340	0.000188957	-5592.67
350	0.000188957	-1789.49
360	0.000188957	-2000.89
370	0.000188957	-657.637
380	0.000188957	81.4499
390	0.000188957	-1277.67
400	0.000188957	-65.3714
410	0.000188957	-1055.7
420	0.000188957	-185.763
430	0.000188957	-1407.17
440	0.000188957	-952.525
450	0.000188957	-161.041
460	0.000188957	311.342
470	0.000188957	-736.807
480	0.000188957	-4898.23
490	0.000188957	512.609
500	0.000188957	-1543.57
510	0.000188957	-3634.31
520	0.000188957	-1764.17
530	0.000188957	-328.572
540	0.000188957	-238.592
550	0.000188957	-2666.96
560	0.000188957	-397.602
570	0.000188957	195.044
580	0.000188957	-13.8277
590	0.000188957	-627.235
600	0.000188957	-3283.7
610	0.000188957	-644.073
620	0.000188957	357.719
630	0.000188957	-158.22
640	0.000188957	253.79
650	0.000188957	384.573
660	0.000188957	-1281.4
670	0.000188957	108.648
680	0.000188957	-661.826
690	0.000188957	-123.732
700	0.000188957	-192.208
710	0.000188957	-3068.62
720	0.000188957	394.818
730	0.000188957	-3166.83
740	0.000188957	-165.061
750	0.000188957	82.0582
760	0.000188957	-1005.95
770	0.000188957	-402.974
780	0.000188957	-2377.35
790	0.000188957	-1114.48
800	0.000188957	-5140.09
810	0.000188957	-1841.55
820	0.000188957	378.659
830	0.000188957	-1921.29
840	0.000188957	-1951.41
850	0.000188957	-1581.87
860	0.000188957	-1300.13
870	0.000188957	-731.654
880	0.000188957	-3678.41
890	0.000188957	-713.683
900	0.000188957	-3398.19
910	0.000188957	-4244.43
920	0.000188957	-1626.93
930	0.000188957	101.404
940	0.000188957	-679.438
950	0.000188957	35.3347
960	0.000188957	245.041
970	0.000188957	-293.297
980	0.000188957	-1276.2
990	0.000188957	11.4524
1000	0.000188957	286.332
260	0.000104858	-3008.3
270	0.000104858	-2759.34
280	0.000104858	-297.569
290	0.000104858	-1711.13
300	0.000104858	-788.47
310	0.000104858	37.5765
320	0.000104858	-1137.92
330	0.000104858	98.0485
340	0.000104858	-208.368
350	0.000104858	-353.887
360	0.000104858	-2838
370	0.000104858	-616.236
380	0.000104858	-169.842
390	0.000104858	-1088.41
400	0.000104858	-999.45
410	0.000104858	155.532
420	0.000104858	346.683
430	0.000104858	-4432.28
440	0.000104858	387.058
450	0.000104858	-193.094
460	0.000104858	-1810.51
470	0.000104858	-1718.81
480	0.000104858	-3097.12
490	0.000104858	177.289
500	0.000104858	-710.335
510	0.000104858	-1352.68
520	0.000104858	-267.216
530	0.000104858	-3265.64
540	0.000104858	-193.092
550	0.000104858	-3605.48
560	0.000104858	-210.447
570	0.000104858	-3610.69
580	0.000104858	-1374.66
590	0.000104858	-2459.61
600	0.000104858	189.533
610	0.000104858	189.964
620	0.000104858	-915.161
630	0.000104858	-1101.72
640	0.000104858	-64.2895
650	0.000104858	-2491.13
660	0.000104858	-637.439
670	0.000104858	141.378
680	0.000104858	-803.153
690	0.000104858	214.022
700	0.000104858	-278.706
710	0.000104858	-1826.71
720	0.000104858	-990.333
730	0.000104858	-1838.25
740	0.000104858	-165.146
750	0.000104858	-850.83
760	0.000104858	-1437.86
770	0.000104858	-851.072
780	0.000104858	-1497.99
790	0.000104858	-1804.74
800	0.000104858	-1423.47
810	0.000104858	-1477.99
820	0.000104858	-492.596
830	0.000104858	-1997.11
840	0.000104858	-674.997
850	0.000104858	-807.204
860	0.000104858	-118.113
870	0.000104858	157.898
880	0.000104858	150.453
890	0.000104858	-330.52
900	0.000104858	-1244.62
910	0.000104858	49.7205
920	0.000104858	207.624
930	0.000104858	-2433.94
940	0.000104858	201.507
950	0.000104858	-349.154
960	0.000104858	245.224
970	0.000104858	-1853.62
980	0.000104858	-1944.63
990	0.000104858	-15519.5
1000	0.000104858	-1104.95
260	5.37824e-05	-1137.44
270	5.37824e-05	-24185.8
280	5.37824e-05	-38.117
290	5.37824e-05	349.975
300	5.37824e-05	-1198.6
310	5.37824e-05	-3852.57
320	5.37824e-05	65.0721
330	5.37824e-05	-3414.9
340	5.37824e-05	-2385.41
350	5.37824e-05	329.739
360	5.37824e-05	-223.595
370	5.37824e-05	-699.396
380	5.37824e-05	-929.88
390	5.37824e-05	-1198.34
400	5.37824e-05	-1109.61
410	5.37824e-05	-1097.74
420	5.37824e-05	-3746.94
430	5.37824e-05	162.181
440	5.37824e-05	142.357
450	5.37824e-05	-105.834
460	5.37824e-05	396.381
470	5.37824e-05	-184.181
480	5.37824e-05	-6849.14
490	5.37824e-05	-30.4791
500	5.37824e-05	-3459.21
510	5.37824e-05	-314.846
520	5.37824e-05	-2610
530	5.37824e-05	-1013.98
540	5.37824e-05	-12.3661
550	5.37824e-05	-2583.52
560	5.37824e-05	-2004.95
570	5.37824e-05	-3350.53
580	5.37824e-05	-628.747
590	5.37824e-05	346.25
600	5.37824e-05	-3049.6
610	5.37824e-05	-2941.76
620	5.37824e-05	-133.923
630	5.37824e-05	246.761
640	5.37824e-05	-2825.85
650	5.37824e-05	-19.3484
660	5.37824e-05	105.826
670	5.37824e-05	-2831.23
680	5.37824e-05	-1636.31
690	5.37824e-05	-162.01
700	5.37824e-05	-75.3707
710	5.37824e-05	-4125.81
720	5.37824e-05	216.924
730	5.37824e-05	-2485.72
740	5.37824e-05	-5951.16
750	5.37824e-05	-996.983
760	5.37824e-05	-3963.55
770	5.37824e-05	-6.81373
780	5.37824e-05	331.064
790	5.37824e-05	-616.369
800	5.37824e-05	-438.322
810	5.37824e-05	-623.136
820	5.37824e-05	308.546
830	5.37824e-05	56.9376
840	5.37824e-05	-1788.71
850	5.37824e-05	-347.357
860	5.37824e-05	-3302.58
870	5.37824e-05	357.325
880	5.37824e-05	373.634
890	5.37824e-05	-1020.7
900	5.37824e-05	-1903.41
910	5.37824e-05	223.636
920	5.37824e-05	-2328.89
930	5.37824e-05	-393.526
940	5.37824e-05	-44815.1
950	5.37824e-05	462.346
960	5.37824e-05	-2692.14
970	5.37824e-05	-19251.1
980	5.37824e-05	-1250.47
990	5.37824e-05	-982.014
1000	5.37824e-05	-270.623
260	2.48832e-05	-1078
270	2.48832e-05	-259.309
280	2.48832e-05	-1840.52
290	2.48832e-05	-232.046
300	2.48832e-05	161.638
310	2.48832e-05	507.37
320	2.48832e-05	-3174.13
330	2.48832e-05	20.7452
340	2.48832e-05	-36952.4
350	2.48832e-05	-1069.38
360	2.48832e-05	-1193.06
370	2.48832e-05	-1891.98
380	2.48832e-05	-3905.46
390	2.48832e-05	-292.046
400	2.48832e-05	-297.985
410	2.48832e-05	-4191.53
420	2.48832e-05	-4900.65
430	2.48832e-05	164.189
440	2.48832e-05	230.239
450	2.48832e-05	-4636.09
460	2.48832e-05	-2721.07
470	2.48832e-05	-816.208
480	2.48832e-05	-3483.53
490	2.48832e-05	113.536
500	2.48832e-05	-4234.59
510	2.48832e-05	-64.9101
520	2.48832e-05	-3079.62
530	2.48832e-05	-1998.79
540	2.48832e-05	-3313.13
550	2.48832e-05	-1182.57
560	2.48832e-05	-1642.32
570	2.48832e-05	-1601.34
580	2.48832e-05	-310.906
590	2.48832e-05	-31.5518
600	2.48832e-05	-3893.75
610	2.48832e-05	-3694.78
620	2.48832e-05	-1560.3
630	2.48832e-05	-3111.69
640	2.48832e-05	90.5513
650	2.48832e-05	-3643.94
660	2.48832e-05	-1084.61
670	2.48832e-05	-2511.68
680	2.48832e-05	-3724.34
690	2.48832e-05	-745.611
700	2.48832e-05	-1657.54
710	2.48832e-05	-778.756
720	2.48832e-05	-1979.28
730	2.48832e-05	116.54
740	2.48832e-05	-1746.1
750	2.48832e-05	-295.439
760	2.48832e-05	205.841
770	2.48832e-05	-17973.5
780	2.48832e-05	-2003.65
790	2.48832e-05	-4503.9
800	2.48832e-05	-958.14
810	2.48832e-05	-957.046
820	2.48832e-05	25.0809
830	2.48832e-05	157.735
840	2.48832e-05	-904.686
850	2.48832e-05	-124.384
860	2.48832e-05	-305.175
870	2.48832e-05	-3486.34
880	2.48832e-05	-1331.55
890	2.48832e-05	-2496.71
900	2.48832e-05	-993.599
910	2.48832e-05	-3034.89
920	2.48832e-05	104.229
930	2.48832e-05	-2629.4
940	2.48832e-05	67.1309
950	2.48832e-05	-489.136
960	2.48832e-05	-2742.71
970	2.48832e-05	327.887
980	2.48832e-05	214.209
990	2.48832e-05	-1950.78
1000	2.48832e-05	-1011.8
260	1e-05	-1286.91
270	1e-05	329.976
280	1e-05	-950.052
290	1e-05	-2369.59
300	1e-05	110.334
310	1e-05	-5264.68
320	1e-05	-353.36
330	1e-05	-7192.87
340	1e-05	-3228.23
350	1e-05	-1023.96
360	1e-05	-4360.66
370	1e-05	-1877.12
380	1e-05	126.738
390	1e-05	-1089.86
400	1e-05	268.176
410	1e-05	-14.0951
420	1e-05	-68.7034
430	1e-05	-95.338
440	1e-05	-232.297
450	1e-05	-578.979
460	1e-05	363.295
470	1e-05	-973.068
480	1e-05	-3717.41
490	1e-05	-1190.74
500	1e-05	-1746.83
510	1e-05	225.897
520	1e-05	-937.616
530	1e-05	-49.7063
540	1e-05	-817.204
550	1e-05	-10529.4
560	1e-05	-220.743
570	1e-05	289.016
580	1e-05	-3238
590	1e-05	-384.535
600	1e-05	247.796
610	1e-05	-2885.33
620	1e-05	-2068.39
630	1e-05	-3600.57
640	1e-05	-5064.4
650	1e-05	-291.229
660	1e-05	-1233.14
670	1e-05	-2765.74
680	1e-05	-266.956
690	1e-05	-1640.64
700	1e-05	-80746.5
710	1e-05	-2512.02
720	1e-05	-535.998
730	1e-05	-737.459
740	1e-05	-4642.74
750	1e-05	-79.066
760	1e-05	-173.394
770	1e-05	-3452.36
780	1e-05	-319.126
790	1e-05	-324.951
800	1e-05	-1065.09
810	1e-05	-2.7987
820	1e-05	-3959.08
830	1e-05	-1033.19
840	1e-05	-1796.7
850	1e-05	-826.742
860	1e-05	-1869.48
870	1e-05	-9556.74
880	1e-05	-3455.06
890	1e-05	-1614.88
900	1e-05	-451.591
910	1e-05	-754.934
920	1e-05	-3709.58
930	1e-05	-979.867
940	1e-05	-1036.02
950	1e-05	139.019
960	1e-05	-2362.39
970	1e-05	-1599.81
980	1e-05	-1782.66
990	1e-05	-150.429
1000	1e-05	-2616.92
260	3.2768e-06	-3016.09
270	3.2768e-06	-2328.24
280	3.2768e-06	-2673.33
290	3.2768e-06	-2317.41
300	3.2768e-06	-3830.69
310	3.2768e-06	-2482.14
320	3.2768e-06	-1943.58
330	3.2768e-06	-2044.12
340	3.2768e-06	-1121.74
350	3.2768e-06	-4621.08
360	3.2768e-06	-730.502
370	3.2768e-06	-1223.1
380	3.2768e-06	-94.6033
390	3.2768e-06	190.878
400	3.2768e-06	-768.234
410	3.2768e-06	-3389.63
420	3.2768e-06	-2510.42
430	3.2768e-06	-724.85
440	3.2768e-06	-4393.09
450	3.2768e-06	172.567
460	3.2768e-06	-20835.9
470	3.2768e-06	-4176.7
480	3.2768e-06	-3582.69
490	3.2768e-06	-394.005
500	3.2768e-06	-20218
510	3.2768e-06	179.258
520	3.2768e-06	-2277.94
530	3.2768e-06	-704.775
540	3.2768e-06	-1784.28
550	3.2768e-06	-4800.02
560	3.2768e-06	-2593.75
570	3.2768e-06	-2981.55
580	3.2768e-06	-15300.6
590	3.2768e-06	-3379.85
600	3.2768e-06	-1162.61
610	3.2768e-06	305.653
620	3.2768e-06	-1387.14
630	3.2768e-06	-3947.3
640	3.2768e-06	-2848.66
650	3.2768e-06	-5180.16
660	3.2768e-06	-2828.66
670	3.2768e-06	-3729.8
680	3.2768e-06	-288.523
690	3.2768e-06	-3166.48
700	3.2768e-06	-150.707
710	3.2768e-06	-726.027
720	3.2768e-06	-1375.51
730	3.2768e-06	-4828.43
740	3.2768e-06	-12288.3
750	3.2768e-06	106.694
760	3.2768e-06	-1411.51
770	3.2768e-06	-2228.82
780	3.2768e-06	-2326.15
790	3.2768e-06	-4.27818
800	3.2768e-06	-2402.21
810	3.2768e-06	-530.502
820	3.2768e-06	-3217.24
830	3.2768e-06	-44771.3
840	3.2768e-06	-2357.07
850	3.2768e-06	-2771.22
860	3.2768e-06	-423.637
870	3.2768e-06	81.8377
880	3.2768e-06	-704.838
890	3.2768e-06	-1637.33
900	3.2768e-06	-34747.6
910	3.2768e-06	-1103.52
920	3.2768e-06	-10577.7
930	3.2768e-06	-1580.56
940	3.2768e-06	-232.467
950	3.2768e-06	-3341.4
960	3.2768e-06	-4737.62
970	3.2768e-06	-2062.86
980	3.2768e-06	216.31
990	3.2768e-06	-1849.86
1000	3.2768e-06	-211.101
260	7.776e-07	-2450.46
270	7.776e-07	-2616.41
280	7.776e-07	-1092.78
290	7.776e-07	-1936.2
300	7.776e-07	-3453.71
310	7.776e-07	-1929.18
320	7.776e-07	-2668.02
330	7.776e-07	-1408.43
340	7.776e-07	-129.122
350	7.776e-07	-2054.83
360	7.776e-07	-1182.45
370	7.776e-07	-535.65
380	7.776e-07	151.189
390	7.776e-07	-10074.4
400	7.776e-07	-906.779
410	7.776e-07	-3663.65
420	7.776e-07	-2365.19
430	7.776e-07	227.715
440	7.776e-07	-2343.99
450	7.776e-07	-864.126
460	7.776e-07	-500.936
470	7.776e-07	-340.834
480	7.776e-07	-721.243
490	7.776e-07	-826.669
500	7.776e-07	-4355.37
510	7.776e-07	-4815.11
520	7.776e-07	-33667.3
530	7.776e-07	-654.491
540	7.776e-07	-770.151
550	7.776e-07	-611.86
560	7.776e-07	-1294.87
570	7.776e-07	367.124
580	7.776e-07	-14791.1
590	7.776e-07	-461.477
600	7.776e-07	-2116.21
610	7.776e-07	-274.504
620	7.776e-07	-1209.09
630	7.776e-07	-1663.55
640	7.776e-07	-271027
650	7.776e-07	-620.702
660	7.776e-07	-3034.14
670	7.776e-07	-1243.04
680	7.776e-07	-1905.83
690	7.776e-07	-3104.37
700	7.776e-07	-874.018
710	7.776e-07	-131.806
720	7.776e-07	519.8
730	7.776e-07	619.953
740	7.776e-07	227.956
750	7.776e-07	65.5993
760	7.776e-07	284.15
770	7.776e-07	4.36749
780	7.776e-07	-2715.22
790	7.776e-07	-1178.57
800	7.776e-07	390.635
810	7.776e-07	-463.501
820	7.776e-07	134.106
830	7.776e-07	-3722.81
840	7.776e-07	-1205.16
850	7.776e-07	398.827
860	7.776e-07	-1236.63
870	7.776e-07	292.514
880	7.776e-07	-2953.92
890	7.776e-07	-1165.95
900	7.776e-07	-2882.49
910	7.776e-07	-1505.78
920	7.776e-07	-6076.57
930	7.776e-07	-517757
940	7.776e-07	-2949.6
950	7.776e-07	-26236.9
960	7.776e-07	104.148
970	7.776e-07	403.293
980	7.776e-07	-2774.48
990	7.776e-07	-2166.21
1000	7.776e-07	-575.21
260	1.024e-07	-953.245
270	1.024e-07	-3725.23
280	1.024e-07	102.375
290	1.024e-07	-2815.75
300	1.024e-07	224.825
310	1.024e-07	-9071.49
320	1.024e-07	-849.768
330	1.024e-07	-997.596
340	1.024e-07	-1986.6
350	1.024e-07	-1331.12
360	1.024e-07	-815.108
370	1.024e-07	268.254
380	1.024e-07	-2581.22
390	1.024e-07	483.78
400	1.024e-07	285.48
410	1.024e-07	167.803
420	1.024e-07	-4360.15
430	1.024e-07	-1841.98
440	1.024e-07	-593.583
450	1.024e-07	-2110.45
460	1.024e-07	-4662.22
470	1.024e-07	-1057.75
480	1.024e-07	-4396.47
490	1.024e-07	-3742.03
500	1.024e-07	-2399.5
510	1.024e-07	-2282.91
520	1.024e-07	-235.966
530	1.024e-07	-2007.52
540	1.024e-07	-2530.8
550	1.024e-07	-317.674
560	1.024e-07	-1884.85
570	1.024e-07	-2179.88
580	1.024e-07	-2496.59
590	1.024e-07	-410892
600	1.024e-07	-469.708
610	1.024e-07	-6725.34
620	1.024e-07	-1261.04
630	1.024e-07	340.265
640	1.024e-07	161.668
650	1.024e-07	474.54
660	1.024e-07	-118.885
670	1.024e-07	-5368.6
680	1.024e-07	-2433.83
690	1.024e-07	-3542.25
700	1.024e-07	-8082.97
710	1.024e-07	-3313.7
720	1.024e-07	-964.016
730	1.024e-07	237.269
740	1.024e-07	-3879.86
750	1.024e-07	-2079
760	1.024e-07	-666.516
770	1.024e-07	-420.435
780	1.024e-07	-442.733
790	1.024e-07	180.258
800	1.024e-07	-34266.1
810	1.024e-07	288.294
820	1.024e-07	-3404.77
830	1.024e-07	-645.261
840	1.024e-07	204.369
850	1.024e-07	175.325
860	1.024e-07	-12284.4
870	1.024e-07	432.388
880	1.024e-07	-1882.85
890	1.024e-07	-1077.42
900	1.024e-07	-3909.26
910	1.024e-07	511.63
920	1.024e-07	-509.789
930	1.024e-07	-5002.5
940	1.024e-07	153.615
950	1.024e-07	-511.258
960	1.024e-07	-2405.27
970	1.024e-07	-238.497
980	1.024e-07	-1320.68
990	1.024e-07	417.827
1000	1.024e-07	124.958
260	3.2e-09	-70545.7
270	3.2e-09	-2590.59
280	3.2e-09	254.423
290	3.2e-09	-2163.63
300	3.2e-09	-1132.06
310	3.2e-09	-48210.5
320	3.2e-09	489.032
330	3.2e-09	-1056.66
340	3.2e-09	-9860.92
350	3.2e-09	-1158.39
360	3.2e-09	-5.18258
370	3.2e-09	-1016.69
380	3.2e-09	-4943.13
390	3.2e-09	-1246.76
400	3.2e-09	-2716.12
410	3.2e-09	-1136.6
420	3.2e-09	-1356.81
430	3.2e-09	280.898
440	3.2e-09	267.423
450	3.2e-09	-1754.6
460	3.2e-09	-21691.4
470	3.2e-09	-1862.78
480	3.2e-09	-3235.27
490	3.2e-09	-829.828
500	3.2e-09	-2464.04
510	3.2e-09	321.363
520	3.2e-09	-861.292
530	3.2e-09	347.312
540	3.2e-09	142.326
550	3.2e-09	-1579.11
560	3.2e-09	410.444
570	3.2e-09	-40.7779
580	3.2e-09	-762.479
590	3.2e-09	-727.047
600	3.2e-09	-1247.62
610	3.2e-09	-1309.81
620	3.2e-09	-1788.64
630	3.2e-09	-7658.44
640	3.2e-09	-621.216
650	3.2e-09	-630.829
660	3.2e-09	215.668
670	3.2e-09	-4783.39
680	3.2e-09	-2567.48
690	3.2e-09	-228.341
700	3.2e-09	-1020.1
710	3.2e-09	108.855
720	3.2e-09	-513.206
730	3.2e-09	-1848.01
740	3.2e-09	453.007
750	3.2e-09	-136.808
760	3.2e-09	-803.488
770	3.2e-09	-2100.92
780	3.2e-09	-1265.16
790	3.2e-09	-242.592
800	3.2e-09	236.522
810	3.2e-09	-988.875
820	3.2e-09	-3746.97
830	3.2e-09	-1978.41
840	3.2e-09	-2861.58
850	3.2e-09	-1807.15
860	3.2e-09	-105295
870	3.2e-09	-58.9813
880	3.2e-09	-1738.68
890	3.2e-09	-16617.9
900	3.2e-09	-1207.05
910	3.2e-09	-813.697
920	3.2e-09	-24714.9
930	3.2e-09	-982.505
940	3.2e-09	551.803
950	3.2e-09	-3608.84
960	3.2e-09	-166.013
970	3.2e-09	-19538.8
980	3.2e-09	262.812
990	3.2e-09	7.52266
1000	3.2e-09	-5559.94
260	1.16658e-302	212.156
270	1.16658e-302	-1977.48
280	1.16658e-302	4.37124
290	1.16658e-302	44.799
300	1.16658e-302	373.061
310	1.16658e-302	-6711.09
320	1.16658e-302	-734.579
330	1.16658e-302	-6204.46
340	1.16658e-302	-2213.84
350	1.16658e-302	-2836.98
360	1.16658e-302	-333.015
370	1.16658e-302	-1189
380	1.16658e-302	-11819.2
390	1.16658e-302	-2520.88
400	1.16658e-302	237.083
410	1.16658e-302	-2256.04
420	1.16658e-302	-81.462
430	1.16658e-302	-833.452
440	1.16658e-302	-3424.44
450	1.16658e-302	-2985.96
460	1.16658e-302	148.673
470	1.16658e-302	-1907.66
480	1.16658e-302	-2018.11
490	1.16658e-302	-3760.59
500	1.16658e-302	-1773.74
510	1.16658e-302	-20162
520	1.16658e-302	65.8193
530	1.16658e-302	66.4485
540	1.16658e-302	-2808.72
550	1.16658e-302	-4455.7
560	1.16658e-302	-1633.68
570	1.16658e-302	27.2317
580	1.16658e-302	-817.519
590	1.16658e-302	-4313.4
600	1.16658e-302	-1912.44
610	1.16658e-302	-394722
620	1.16658e-302	-5499.14
630	1.16658e-302	-535.468
640	1.16658e-302	-3004.49
650	1.16658e-302	-41.7402
660	1.16658e-302	-2185.56
670	1.16658e-302	-93.3463
680	1.16658e-302	-1296.61
690	1.16658e-302	-5300.64
700	1.16658e-302	-2740.84
710	1.16658e-302	214.519
720	1.16658e-302	-333.989
730	1.16658e-302	-1870.64
740	1.16658e-302	-3380
750	1.16658e-302	-362.801
760	1.16658e-302	322.547
770	1.16658e-302	-638.613
780	1.16658e-302	-1774.49
790	1.16658e-302	-2531.55
800	1.16658e-302	-2481.77
810	1.16658e-302	-18199.8
820	1.16658e-302	-2737.45
830	1.16658e-302	335.865
840	1.16658e-302	-938.797
850	1.16658e-302	-2551.59
860	1.16658e-302	-2658.29
870	1.16658e-302	-4730.43
880	1.16658e-302	-2007.09
890	1.16658e-302	-1.30823e+07
900	1.16658e-302	-1609.14
910	1.16658e-302	-545.342
920	1.16658e-302	-5158
930	1.16658e-302	-2118.25
940	1.16658e-302	-1448.11
950	1.16658e-302	-2627.32
960	1.16658e-302	-1424.5
970	1.16658e-302	448.819
980	1.16658e-302	-1906.62
990	1.16658e-302	-3708.25
1000	1.16658e-302	-32571.6
