state	power	likelihood
260	1	4768.42
270	1	4772.16
280	1	4770.66
290	1	4763.17
300	1	4750.62
310	1	4739.97
320	1	4739.12
330	1	4737.73
340	1	4741.33
350	1	4735.63
360	1	4741.7
370	1	4730.27
380	1	4745.81
390	1	4731.75
400	1	4739.65
410	1	4743.75
420	1	4750.08
430	1	4746.09
440	1	4746.94
450	1	4745.17
460	1	4746.26
470	1	4741.61
480	1	4741.28
490	1	4741.08
500	1	4732.33
510	1	4740.22
520	1	4743.8
530	1	4738.58
540	1	4744.93
550	1	4739.36
560	1	4740.67
570	1	4741.91
580	1	4739.59
590	1	4747.91
600	1	4754.4
610	1	4747.84
620	1	4748.49
630	1	4739.97
640	1	4737.68
650	1	4740.71
660	1	4743.36
670	1	4753.01
680	1	4756.99
690	1	4755.62
700	1	4744.37
710	1	4750.35
720	1	4744.09
730	1	4743.21
740	1	4749.01
750	1	4748.19
760	1	4748.35
770	1	4748.25
780	1	4747.61
790	1	4753.57
800	1	4750.66
810	1	4757.76
820	1	4763.38
830	1	4760.48
840	1	4758.97
850	1	4757.66
860	1	4763.13
870	1	4755.35
880	1	4765.56
890	1	4770.1
900	1	4758.92
910	1	4758.98
920	1	4759.12
930	1	4762.05
940	1	4758.53
950	1	4751.9
960	1	4745.56
970	1	4752.44
980	1	4746.62
990	1	4758.3
1000	1	4758.19
260	0.903921	4732.77
270	0.903921	4737.34
280	0.903921	4732.85
290	0.903921	4727.96
300	0.903921	4730.5
310	0.903921	4725.69
320	0.903921	4730.35
330	0.903921	4723.64
340	0.903921	4723.95
350	0.903921	4724.96
360	0.903921	4728.06
370	0.903921	4730.3
380	0.903921	4727.76
390	0.903921	4717.99
400	0.903921	4725.78
410	0.903921	4725.2
420	0.903921	4716.83
430	0.903921	4713.89
440	0.903921	4718.14
450	0.903921	4718.95
460	0.903921	4729.01
470	0.903921	4736.71
480	0.903921	4733.61
490	0.903921	4719.49
500	0.903921	4727.29
510	0.903921	4727.92
520	0.903921	4725.27
530	0.903921	4721.6
540	0.903921	4711.4
550	0.903921	4713.41
560	0.903921	4715.57
570	0.903921	4725.42
580	0.903921	4723.75
590	0.903921	4722.44
600	0.903921	4718.94
610	0.903921	4721.73
620	0.903921	4720.01
630	0.903921	4721.69
640	0.903921	4720.67
650	0.903921	4729.61
660	0.903921	4739.44
670	0.903921	4737.04
680	0.903921	4726.75
690	0.903921	4724.56
700	0.903921	4715.97
710	0.903921	4723.24
720	0.903921	4727.58
730	0.903921	4733.27
740	0.903921	4732.85
750	0.903921	4733.23
760	0.903921	4736.93
770	0.903921	4740.4
780	0.903921	4745.87
790	0.903921	4751.24
800	0.903921	4745.72
810	0.903921	4753.69
820	0.903921	4752.16
830	0.903921	4754.48
840	0.903921	4741.81
850	0.903921	4745.55
860	0.903921	4742.04
870	0.903921	4731.48
880	0.903921	4737.22
890	0.903921	4736.48
900	0.903921	4741.41
910	0.903921	4745.29
920	0.903921	4744.21
930	0.903921	4738.49
940	0.903921	4739.77
950	0.903921	4733.96
960	0.903921	4732.49
970	0.903921	4741.95
980	0.903921	4745.46
990	0.903921	4754.68
1000	0.903921	4765.32
260	0.815373	4739.83
270	0.815373	4755.96
280	0.815373	4748.44
290	0.815373	4742.65
300	0.815373	4746.1
310	0.815373	4752.15
320	0.815373	4737.03
330	0.815373	4738.87
340	0.815373	4735.76
350	0.815373	4716.91
360	0.815373	4718.53
370	0.815373	4710.96
380	0.815373	4703.9
390	0.815373	4704.17
400	0.815373	4699.41
410	0.815373	4710.27
420	0.815373	4704.83
430	0.815373	4704.35
440	0.815373	4690.62
450	0.815373	4689.46
460	0.815373	4699.42
470	0.815373	4708.73
480	0.815373	4709.44
490	0.815373	4698.25
500	0.815373	4693.38
510	0.815373	4694.26
520	0.815373	4704.47
530	0.815373	4696.56
540	0.815373	4702.84
550	0.815373	4697.04
560	0.815373	4695.58
570	0.815373	4691.09
580	0.815373	4695.97
590	0.815373	4703.14
600	0.815373	4699.41
610	0.815373	4714.43
620	0.815373	4708.82
630	0.815373	4710.92
640	0.815373	4711.96
650	0.815373	4702.24
660	0.815373	4693.77
670	0.815373	4701.49
680	0.815373	4698.51
690	0.815373	4704.9
700	0.815373	4715.67
710	0.815373	4709.76
720	0.815373	4708.16
730	0.815373	4720.35
740	0.815373	4702.6
750	0.815373	4707.85
760	0.815373	4696.5
770	0.815373	4676.42
780	0.815373	4681.14
790	0.815373	4689.03
800	0.815373	4694.64
810	0.815373	4695.26
820	0.815373	4693.65
830	0.815373	4695.5
840	0.815373	4708.51
850	0.815373	4707.6
860	0.815373	4714.62
870	0.815373	4705.16
880	0.815373	4727.41
890	0.815373	4716.57
900	0.815373	4703.09
910	0.815373	4718.88
920	0.815373	4724.87
930	0.815373	4710.06
940	0.815373	4731.28
950	0.815373	4729.26
960	0.815373	4714.62
970	0.815373	4710.63
980	0.815373	4705.6
990	0.815373	4703.89
1000	0.815373	4712.92
260	0.733904	4701.71
270	0.733904	4690.18
280	0.733904	4690.77
290	0.733904	4692.58
300	0.733904	4696.5
310	0.733904	4707.58
320	0.733904	4711.38
330	0.733904	4710.53
340	0.733904	4703.44
350	0.733904	4700.17
360	0.733904	4696.1
370	0.733904	4695.81
380	0.733904	4696.57
390	0.733904	4689.41
400	0.733904	4686.3
410	0.733904	4675.14
420	0.733904	4682.23
430	0.733904	4673.95
440	0.733904	4674.99
450	0.733904	4695.11
460	0.733904	4685.49
470	0.733904	4689.35
480	0.733904	4697.74
490	0.733904	4686.74
500	0.733904	4694.43
510	0.733904	4691.58
520	0.733904	4704.31
530	0.733904	4699.51
540	0.733904	4698.59
550	0.733904	4699.05
560	0.733904	4705.12
570	0.733904	4709.21
580	0.733904	4712.88
590	0.733904	4696.31
600	0.733904	4714.87
610	0.733904	4716.31
620	0.733904	4706.85
630	0.733904	4711.82
640	0.733904	4715.7
650	0.733904	4710.7
660	0.733904	4698.11
670	0.733904	4690.99
680	0.733904	4692.69
690	0.733904	4695.9
700	0.733904	4691.61
710	0.733904	4676.55
720	0.733904	4677.89
730	0.733904	4680.41
740	0.733904	4671.34
750	0.733904	4681.08
760	0.733904	4687.43
770	0.733904	4698.49
780	0.733904	4704.47
790	0.733904	4691.61
800	0.733904	4676.33
810	0.733904	4689.18
820	0.733904	4691.62
830	0.733904	4691.5
840	0.733904	4698.13
850	0.733904	4704.88
860	0.733904	4689.42
870	0.733904	4706.31
880	0.733904	4700.67
890	0.733904	4692.63
900	0.733904	4704.69
910	0.733904	4699.9
920	0.733904	4686.99
930	0.733904	4690.03
940	0.733904	4683.64
950	0.733904	4697.26
960	0.733904	4696.57
970	0.733904	4677.62
980	0.733904	4679.48
990	0.733904	4685.25
1000	0.733904	4692.06
260	0.659082	4673.98
270	0.659082	4683.27
280	0.659082	4670.48
290	0.659082	4679.98
300	0.659082	4695.11
310	0.659082	4698.44
320	0.659082	4687.64
330	0.659082	4678.64
340	0.659082	4685.34
350	0.659082	4692.38
360	0.659082	4687.98
370	0.659082	4685.75
380	0.659082	4687.67
390	0.659082	4675.49
400	0.659082	4675.05
410	0.659082	4655.39
420	0.659082	4662.58
430	0.659082	4680.66
440	0.659082	4693.46
450	0.659082	4684.52
460	0.659082	4673.65
470	0.659082	4688.87
480	0.659082	4689.83
490	0.659082	4687.2
500	0.659082	4681.01
510	0.659082	4679.71
520	0.659082	4681.86
530	0.659082	4688.75
540	0.659082	4666.91
550	0.659082	4664.32
560	0.659082	4666.15
570	0.659082	4666.88
580	0.659082	4673.42
590	0.659082	4674.38
600	0.659082	4676.62
610	0.659082	4662.09
620	0.659082	4649.27
630	0.659082	4655.71
640	0.659082	4634.69
650	0.659082	4637.14
660	0.659082	4621.25
670	0.659082	4639.16
680	0.659082	4646.62
690	0.659082	4653.67
700	0.659082	4662.8
710	0.659082	4675.24
720	0.659082	4669.89
730	0.659082	4662.95
740	0.659082	4659.46
750	0.659082	4653.94
760	0.659082	4658.15
770	0.659082	4671.24
780	0.659082	4659.78
790	0.659082	4669.07
800	0.659082	4670.79
810	0.659082	4692.26
820	0.659082	4671.45
830	0.659082	4671.39
840	0.659082	4678.79
850	0.659082	4679
860	0.659082	4685.14
870	0.659082	4681.59
880	0.659082	4685.85
890	0.659082	4694.99
900	0.659082	4695.67
910	0.659082	4684.24
920	0.659082	4678.52
930	0.659082	4672.93
940	0.659082	4662.16
950	0.659082	4655.96
960	0.659082	4658.29
970	0.659082	4658.71
980	0.659082	4665.78
990	0.659082	4671.89
1000	0.659082	4673.82
260	0.59049	4647.96
270	0.59049	4653.42
280	0.59049	4645.31
290	0.59049	4639.42
300	0.59049	4636.13
310	0.59049	4627.59
320	0.59049	4634.28
330	0.59049	4623.2
340	0.59049	4634.22
350	0.59049	4639.73
360	0.59049	4637.57
370	0.59049	4629.43
380	0.59049	4610.1
390	0.59049	4612.05
400	0.59049	4606.51
410	0.59049	4616.44
420	0.59049	4599.26
430	0.59049	4605.38
440	0.59049	4583.64
450	0.59049	4593.28
460	0.59049	4595.77
470	0.59049	4585.62
480	0.59049	4581.76
490	0.59049	4588.63
500	0.59049	4598.65
510	0.59049	4590.89
520	0.59049	4599.22
530	0.59049	4584.12
540	0.59049	4600.95
550	0.59049	4594.14
560	0.59049	4604.87
570	0.59049	4598.71
580	0.59049	4585.52
590	0.59049	4606.09
600	0.59049	4617.72
610	0.59049	4619.23
620	0.59049	4617.03
630	0.59049	4623.95
640	0.59049	4629.63
650	0.59049	4637.82
660	0.59049	4635.1
670	0.59049	4633.05
680	0.59049	4633.9
690	0.59049	4623.17
700	0.59049	4628.3
710	0.59049	4627.06
720	0.59049	4613.77
730	0.59049	4620.31
740	0.59049	4619.83
750	0.59049	4627.32
760	0.59049	4626.6
770	0.59049	4620.27
780	0.59049	4637.72
790	0.59049	4614.06
800	0.59049	4598
810	0.59049	4601.61
820	0.59049	4601.97
830	0.59049	4620.47
840	0.59049	4613.48
850	0.59049	4605.93
860	0.59049	4604.85
870	0.59049	4615.07
880	0.59049	4601.66
890	0.59049	4606.8
900	0.59049	4615.78
910	0.59049	4608.7
920	0.59049	4621.43
930	0.59049	4631.66
940	0.59049	4609.2
950	0.59049	4607.51
960	0.59049	4604.18
970	0.59049	4619.37
980	0.59049	4618.29
990	0.59049	4643.79
1000	0.59049	4619.9
260	0.527732	4629.97
270	0.527732	4605.53
280	0.527732	4600.19
290	0.527732	4612.41
300	0.527732	4605.42
310	0.527732	4597.19
320	0.527732	4608.64
330	0.527732	4593.5
340	0.527732	4603.67
350	0.527732	4616.89
360	0.527732	4600.18
370	0.527732	4588.14
380	0.527732	4597.48
390	0.527732	4596.9
400	0.527732	4601.37
410	0.527732	4613.78
420	0.527732	4602.23
430	0.527732	4590.31
440	0.527732	4598.88
450	0.527732	4588.01
460	0.527732	4569.13
470	0.527732	4557.89
480	0.527732	4560.68
490	0.527732	4561.1
500	0.527732	4556.08
510	0.527732	4549.5
520	0.527732	4541.26
530	0.527732	4572.96
540	0.527732	4559.44
550	0.527732	4568.7
560	0.527732	4575.97
570	0.527732	4573.69
580	0.527732	4579.16
590	0.527732	4569.86
600	0.527732	4560.2
610	0.527732	4546.84
620	0.527732	4539.82
630	0.527732	4553.5
640	0.527732	4544.71
650	0.527732	4559.94
660	0.527732	4572.72
670	0.527732	4564.26
680	0.527732	4571.02
690	0.527732	4578.13
700	0.527732	4563.73
710	0.527732	4582.68
720	0.527732	4572.09
730	0.527732	4555.12
740	0.527732	4552.09
750	0.527732	4564.08
760	0.527732	4561.9
770	0.527732	4569.04
780	0.527732	4568.81
790	0.527732	4575.07
800	0.527732	4567.19
810	0.527732	4543.13
820	0.527732	4536.99
830	0.527732	4529.69
840	0.527732	4556.46
850	0.527732	4527.21
860	0.527732	4545.78
870	0.527732	4556.17
880	0.527732	4565.73
890	0.527732	4562.36
900	0.527732	4560.66
910	0.527732	4556.17
920	0.527732	4564.3
930	0.527732	4567.92
940	0.527732	4558.85
950	0.527732	4567.58
960	0.527732	4569.9
970	0.527732	4557.15
980	0.527732	4570.46
990	0.527732	4570.19
1000	0.527732	4564.24
260	0.470427	4564.11
270	0.470427	4538.7
280	0.470427	4566.16
290	0.470427	4558
300	0.470427	4574.81
310	0.470427	4562.43
320	0.470427	4575.95
330	0.470427	4560.88
340	0.470427	4563.83
350	0.470427	4550.41
360	0.470427	4544.17
370	0.470427	4553.27
380	0.470427	4524.05
390	0.470427	4544.39
400	0.470427	4580.71
410	0.470427	4567.23
420	0.470427	4540.38
430	0.470427	4538.3
440	0.470427	4539.33
450	0.470427	4536.53
460	0.470427	4536.6
470	0.470427	4534.84
480	0.470427	4527.18
490	0.470427	4526
500	0.470427	4529.2
510	0.470427	4522.52
520	0.470427	4544.58
530	0.470427	4542.96
540	0.470427	4556.84
550	0.470427	4557.65
560	0.470427	4550.86
570	0.470427	4559.8
580	0.470427	4562.15
590	0.470427	4565.55
600	0.470427	4561.21
610	0.470427	4552.82
620	0.470427	4538.65
630	0.470427	4564.73
640	0.470427	4562.94
650	0.470427	4549.28
660	0.470427	4553.53
670	0.470427	4541.75
680	0.470427	4548.19
690	0.470427	4542.71
700	0.470427	4554.42
710	0.470427	4552.5
720	0.470427	4559.7
730	0.470427	4560.02
740	0.470427	4548.9
750	0.470427	4563.56
760	0.470427	4550.65
770	0.470427	4555.64
780	0.470427	4554.44
790	0.470427	4564.54
800	0.470427	4588.61
810	0.470427	4577.73
820	0.470427	4584.52
830	0.470427	4590.82
840	0.470427	4591.5
850	0.470427	4604
860	0.470427	4591.41
870	0.470427	4593.95
880	0.470427	4587.42
890	0.470427	4581.41
900	0.470427	4560.83
910	0.470427	4554.5
920	0.470427	4555.67
930	0.470427	4583.93
940	0.470427	4577.09
950	0.470427	4581.94
960	0.470427	4577.67
970	0.470427	4592.25
980	0.470427	4595.45
990	0.470427	4585.53
1000	0.470427	4584.96
260	0.418212	4482.83
270	0.418212	4478.23
280	0.418212	4460.23
290	0.418212	4458
300	0.418212	4440.57
310	0.418212	4458
320	0.418212	4476.67
330	0.418212	4466.88
340	0.418212	4471.3
350	0.418212	4479.82
360	0.418212	4443.61
370	0.418212	4455.84
380	0.418212	4468.8
390	0.418212	4478.7
400	0.418212	4480.33
410	0.418212	4459.79
420	0.418212	4458.41
430	0.418212	4448.85
440	0.418212	4459.97
450	0.418212	4485.63
460	0.418212	4464.94
470	0.418212	4462.25
480	0.418212	4456.37
490	0.418212	4454.59
500	0.418212	4439.54
510	0.418212	4435.13
520	0.418212	4426.26
530	0.418212	4425.28
540	0.418212	4429.3
550	0.418212	4410.39
560	0.418212	4426.45
570	0.418212	4421.61
580	0.418212	4422.34
590	0.418212	4414.21
600	0.418212	4434.08
610	0.418212	4449.61
620	0.418212	4469.25
630	0.418212	4481.35
640	0.418212	4476.37
650	0.418212	4475.39
660	0.418212	4472.01
670	0.418212	4467.91
680	0.418212	4459.15
690	0.418212	4458.57
700	0.418212	4456.78
710	0.418212	4463.16
720	0.418212	4462.47
730	0.418212	4477.74
740	0.418212	4491.1
750	0.418212	4496
760	0.418212	4483.66
770	0.418212	4475.89
780	0.418212	4459.27
790	0.418212	4439.04
800	0.418212	4474.72
810	0.418212	4472.71
820	0.418212	4462
830	0.418212	4450.4
840	0.418212	4439.61
850	0.418212	4479.09
860	0.418212	4468.79
870	0.418212	4480.31
880	0.418212	4493.16
890	0.418212	4501.53
900	0.418212	4480.07
910	0.418212	4472.32
920	0.418212	4492.8
930	0.418212	4453.97
940	0.418212	4464.19
950	0.418212	4477.46
960	0.418212	4486.33
970	0.418212	4481.81
980	0.418212	4468.39
990	0.418212	4479.06
1000	0.418212	4488.82
260	0.37074	4384.27
270	0.37074	4387.24
280	0.37074	4364.6
290	0.37074	4398.7
300	0.37074	4388.99
310	0.37074	4369.13
320	0.37074	4361.22
330	0.37074	4369.94
340	0.37074	4359.13
350	0.37074	4364.13
360	0.37074	4355.54
370	0.37074	4380.54
380	0.37074	4357.73
390	0.37074	4366.81
400	0.37074	4346.26
410	0.37074	4380.64
420	0.37074	4375.32
430	0.37074	4380.82
440	0.37074	4378.63
450	0.37074	4372.48
460	0.37074	4387.72
470	0.37074	4365.61
480	0.37074	4382.33
490	0.37074	4388.6
500	0.37074	4405.79
510	0.37074	4426.69
520	0.37074	4409.33
530	0.37074	4405.72
540	0.37074	4417.11
550	0.37074	4427.09
560	0.37074	4431.84
570	0.37074	4423.37
580	0.37074	4419.54
590	0.37074	4440.55
600	0.37074	4413.35
610	0.37074	4407.99
620	0.37074	4412.79
630	0.37074	4441.69
640	0.37074	4436.98
650	0.37074	4430.36
660	0.37074	4430.43
670	0.37074	4459.49
680	0.37074	4468.16
690	0.37074	4448.65
700	0.37074	4447.84
710	0.37074	4421.99
720	0.37074	4433.78
730	0.37074	4450.5
740	0.37074	4428.36
750	0.37074	4421.23
760	0.37074	4413.08
770	0.37074	4424.52
780	0.37074	4435.26
790	0.37074	4410.52
800	0.37074	4417.54
810	0.37074	4410.96
820	0.37074	4436.7
830	0.37074	4439.41
840	0.37074	4444.2
850	0.37074	4454.52
860	0.37074	4433.68
870	0.37074	4432.62
880	0.37074	4436.16
890	0.37074	4445.12
900	0.37074	4402.82
910	0.37074	4397.84
920	0.37074	4422.9
930	0.37074	4409.58
940	0.37074	4421.54
950	0.37074	4434.13
960	0.37074	4427.62
970	0.37074	4433.37
980	0.37074	4442.55
990	0.37074	4457.04
1000	0.37074	4424.28
260	0.32768	4285.72
270	0.32768	4273.5
280	0.32768	4315.56
290	0.32768	4328.08
300	0.32768	4300.48
310	0.32768	4309.21
320	0.32768	4272.94
330	0.32768	4261.9
340	0.32768	4304.98
350	0.32768	4293.1
360	0.32768	4287.13
370	0.32768	4284.98
380	0.32768	4329.65
390	0.32768	4305.08
400	0.32768	4310.47
410	0.32768	4316.93
420	0.32768	4328.68
430	0.32768	4326.05
440	0.32768	4312.38
450	0.32768	4297.24
460	0.32768	4267.6
470	0.32768	4264.55
480	0.32768	4275.7
490	0.32768	4253.8
500	0.32768	4265.29
510	0.32768	4270.16
520	0.32768	4286.11
530	0.32768	4332.43
540	0.32768	4286.17
550	0.32768	4286.36
560	0.32768	4264.51
570	0.32768	4298.29
580	0.32768	4303.48
590	0.32768	4300.68
600	0.32768	4314.13
610	0.32768	4283.75
620	0.32768	4283.38
630	0.32768	4313.03
640	0.32768	4341.28
650	0.32768	4349.27
660	0.32768	4352.5
670	0.32768	4367.38
680	0.32768	4371.24
690	0.32768	4368.53
700	0.32768	4376.14
710	0.32768	4388.29
720	0.32768	4393.5
730	0.32768	4390.69
740	0.32768	4399.59
750	0.32768	4374.67
760	0.32768	4350.73
770	0.32768	4359.36
780	0.32768	4367.5
790	0.32768	4368.8
800	0.32768	4352.75
810	0.32768	4372.83
820	0.32768	4371.52
830	0.32768	4333.01
840	0.32768	4348.86
850	0.32768	4332.21
860	0.32768	4307.81
870	0.32768	4311.82
880	0.32768	4308.25
890	0.32768	4334.19
900	0.32768	4341.41
910	0.32768	4340.66
920	0.32768	4355.61
930	0.32768	4328.12
940	0.32768	4345.36
950	0.32768	4334.62
960	0.32768	4354.06
970	0.32768	4372.37
980	0.32768	4373.05
990	0.32768	4373.25
1000	0.32768	4389
260	0.288717	4191.99
270	0.288717	4192.12
280	0.288717	4214.76
290	0.288717	4220.06
300	0.288717	4205.07
310	0.288717	4239.69
320	0.288717	4226.57
330	0.288717	4220.53
340	0.288717	4198.51
350	0.288717	4187.3
360	0.288717	4171.46
370	0.288717	4187.5
380	0.288717	4241.06
390	0.288717	4274.26
400	0.288717	4274.54
410	0.288717	4293.56
420	0.288717	4270.64
430	0.288717	4271.71
440	0.288717	4262.15
450	0.288717	4255.38
460	0.288717	4276.25
470	0.288717	4279.13
480	0.288717	4267.28
490	0.288717	4243.52
500	0.288717	4234.2
510	0.288717	4214.45
520	0.288717	4252.38
530	0.288717	4261.81
540	0.288717	4293.4
550	0.288717	4289.01
560	0.288717	4311.87
570	0.288717	4276.82
580	0.288717	4282.34
590	0.288717	4264.75
600	0.288717	4242.87
610	0.288717	4246.38
620	0.288717	4244.49
630	0.288717	4233.73
640	0.288717	4273.22
650	0.288717	4276.73
660	0.288717	4258.89
670	0.288717	4233.92
680	0.288717	4222.55
690	0.288717	4214.14
700	0.288717	4216.94
710	0.288717	4230.64
720	0.288717	4250.6
730	0.288717	4259.29
740	0.288717	4240.58
750	0.288717	4283.82
760	0.288717	4271.61
770	0.288717	4273.61
780	0.288717	4276.42
790	0.288717	4259.5
800	0.288717	4225.23
810	0.288717	4208.48
820	0.288717	4208.89
830	0.288717	4228.35
840	0.288717	4242.33
850	0.288717	4235.05
860	0.288717	4237.83
870	0.288717	4252.96
880	0.288717	4262.89
890	0.288717	4255.31
900	0.288717	4261.53
910	0.288717	4255.38
920	0.288717	4268.25
930	0.288717	4246.67
940	0.288717	4281.8
950	0.288717	4282.6
960	0.288717	4301.43
970	0.288717	4274.48
980	0.288717	4276.98
990	0.288717	4265.02
1000	0.288717	4270.91
260	0.253553	4189.35
270	0.253553	4180.8
280	0.253553	4172.15
290	0.253553	4173.02
300	0.253553	4159.66
310	0.253553	4160.19
320	0.253553	4143.19
330	0.253553	4137.02
340	0.253553	4127.55
350	0.253553	4105
360	0.253553	4122.6
370	0.253553	4146.2
380	0.253553	4130.52
390	0.253553	4110.99
400	0.253553	4101.64
410	0.253553	4138.85
420	0.253553	4140.42
430	0.253553	4142.22
440	0.253553	4151.83
450	0.253553	4153.96
460	0.253553	4148.12
470	0.253553	4099.48
480	0.253553	4127.54
490	0.253553	4138.35
500	0.253553	4136.93
510	0.253553	4121.6
520	0.253553	4098.3
530	0.253553	4125.56
540	0.253553	4117.84
550	0.253553	4066.46
560	0.253553	4097.44
570	0.253553	4104.66
580	0.253553	4103.45
590	0.253553	4117.06
600	0.253553	4092.92
610	0.253553	4080.55
620	0.253553	4065.85
630	0.253553	4081.78
640	0.253553	4089.4
650	0.253553	4070.43
660	0.253553	4071.5
670	0.253553	4045.64
680	0.253553	4114.85
690	0.253553	4061.82
700	0.253553	4087.2
710	0.253553	4137.67
720	0.253553	4148.11
730	0.253553	4120.74
740	0.253553	4114.89
750	0.253553	4081.6
760	0.253553	4111.06
770	0.253553	4114.45
780	0.253553	4102.36
790	0.253553	4121.81
800	0.253553	4123.95
810	0.253553	4128.29
820	0.253553	4128.34
830	0.253553	4114.97
840	0.253553	4089.81
850	0.253553	4067.82
860	0.253553	4066.02
870	0.253553	4089.93
880	0.253553	4141.07
890	0.253553	4090.2
900	0.253553	4080.24
910	0.253553	4122
920	0.253553	4167.4
930	0.253553	4145.38
940	0.253553	4095.6
950	0.253553	4118.65
960	0.253553	4137.18
970	0.253553	4098.34
980	0.253553	4129.64
990	0.253553	4113.59
1000	0.253553	4119.92
260	0.221901	4122.45
270	0.221901	4143.26
280	0.221901	4161.92
290	0.221901	4175.08
300	0.221901	4143.05
310	0.221901	4114.9
320	0.221901	4113.1
330	0.221901	4140.29
340	0.221901	4107.84
350	0.221901	4105.24
360	0.221901	4090.04
370	0.221901	4076.71
380	0.221901	4079.59
390	0.221901	4045.54
400	0.221901	4043.11
410	0.221901	4060.71
420	0.221901	4025.99
430	0.221901	4056.41
440	0.221901	4061.66
450	0.221901	4086.42
460	0.221901	4079.64
470	0.221901	4101.39
480	0.221901	4090.8
490	0.221901	4083.05
500	0.221901	4069.64
510	0.221901	4094
520	0.221901	4067.43
530	0.221901	4052.71
540	0.221901	4018.01
550	0.221901	4057.49
560	0.221901	4052.85
570	0.221901	4053.89
580	0.221901	4060.35
590	0.221901	4013.41
600	0.221901	4010.44
610	0.221901	3988.17
620	0.221901	4016.77
630	0.221901	4011.08
640	0.221901	4051.73
650	0.221901	4086.73
660	0.221901	4076.74
670	0.221901	4074.57
680	0.221901	4087.2
690	0.221901	4057.43
700	0.221901	4065.11
710	0.221901	4068.08
720	0.221901	4101.93
730	0.221901	4094.95
740	0.221901	4084.89
750	0.221901	4080.65
760	0.221901	4055.91
770	0.221901	4062.12
780	0.221901	4071.38
790	0.221901	4043.09
800	0.221901	4034
810	0.221901	4042.14
820	0.221901	4026.84
830	0.221901	4043.57
840	0.221901	4042.13
850	0.221901	4051.51
860	0.221901	4036.95
870	0.221901	4041.55
880	0.221901	3987.6
890	0.221901	3981
900	0.221901	4003.36
910	0.221901	4014.84
920	0.221901	4035.06
930	0.221901	4058.21
940	0.221901	4065.2
950	0.221901	4051.11
960	0.221901	4046.67
970	0.221901	4085.21
980	0.221901	4061.22
990	0.221901	4079.43
1000	0.221901	4058.57
260	0.193492	3870.91
270	0.193492	3848.73
280	0.193492	3910.03
290	0.193492	3914.8
300	0.193492	3928.79
310	0.193492	3909.34
320	0.193492	3923.67
330	0.193492	3862.63
340	0.193492	3868.96
350	0.193492	3860.3
360	0.193492	3875.83
370	0.193492	3895.64
380	0.193492	3891.5
390	0.193492	3893.5
400	0.193492	3887.69
410	0.193492	3877.82
420	0.193492	3884.9
430	0.193492	3890.63
440	0.193492	3923.35
450	0.193492	3948.38
460	0.193492	3967.7
470	0.193492	3953.54
480	0.193492	3898.63
490	0.193492	3853.78
500	0.193492	3829.38
510	0.193492	3830.85
520	0.193492	3879.84
530	0.193492	3895.08
540	0.193492	3829.07
550	0.193492	3765.25
560	0.193492	3719.52
570	0.193492	3743.43
580	0.193492	3676.89
590	0.193492	3748.92
600	0.193492	3786.42
610	0.193492	3831.18
620	0.193492	3841.69
630	0.193492	3904.25
640	0.193492	3841.27
650	0.193492	3855.1
660	0.193492	3872
670	0.193492	3849.1
680	0.193492	3808.86
690	0.193492	3861.44
700	0.193492	3826.6
710	0.193492	3808.04
720	0.193492	3772.95
730	0.193492	3756.76
740	0.193492	3789.97
750	0.193492	3807.35
760	0.193492	3738.44
770	0.193492	3786.68
780	0.193492	3811.13
790	0.193492	3833.81
800	0.193492	3784.52
810	0.193492	3736.56
820	0.193492	3753.76
830	0.193492	3756.8
840	0.193492	3685.88
850	0.193492	3755.72
860	0.193492	3686.65
870	0.193492	3743.06
880	0.193492	3749.62
890	0.193492	3689.03
900	0.193492	3750.73
910	0.193492	3760.79
920	0.193492	3746.09
930	0.193492	3777.29
940	0.193492	3822.14
950	0.193492	3837.84
960	0.193492	3920.1
970	0.193492	3947.59
980	0.193492	3935.48
990	0.193492	3937.78
1000	0.193492	3955.85
260	0.16807	3848.07
270	0.16807	3836.35
280	0.16807	3835.9
290	0.16807	3823.97
300	0.16807	3847.05
310	0.16807	3860.76
320	0.16807	3861.9
330	0.16807	3855.07
340	0.16807	3809.83
350	0.16807	3829.68
360	0.16807	3834.64
370	0.16807	3768.73
380	0.16807	3813.21
390	0.16807	3778.78
400	0.16807	3747.88
410	0.16807	3772.21
420	0.16807	3709.18
430	0.16807	3736.21
440	0.16807	3756.5
450	0.16807	3759.04
460	0.16807	3749.38
470	0.16807	3735.3
480	0.16807	3718.58
490	0.16807	3723.12
500	0.16807	3794.21
510	0.16807	3800.65
520	0.16807	3780.89
530	0.16807	3782.51
540	0.16807	3794.86
550	0.16807	3822.18
560	0.16807	3811
570	0.16807	3818.68
580	0.16807	3827.38
590	0.16807	3850.28
600	0.16807	3804.82
610	0.16807	3784.36
620	0.16807	3758.05
630	0.16807	3761.15
640	0.16807	3786.63
650	0.16807	3776.73
660	0.16807	3709.45
670	0.16807	3725.09
680	0.16807	3727.69
690	0.16807	3707.53
700	0.16807	3729.52
710	0.16807	3768.96
720	0.16807	3733.7
730	0.16807	3762.96
740	0.16807	3789.53
750	0.16807	3754.54
760	0.16807	3770.68
770	0.16807	3747.83
780	0.16807	3713.89
790	0.16807	3711.34
800	0.16807	3758.33
810	0.16807	3801.36
820	0.16807	3794.37
830	0.16807	3792.93
840	0.16807	3793.92
850	0.16807	3746.73
860	0.16807	3693.41
870	0.16807	3705.72
880	0.16807	3728.39
890	0.16807	3768.14
900	0.16807	3739.63
910	0.16807	3797.85
920	0.16807	3782.85
930	0.16807	3743.84
940	0.16807	3772
950	0.16807	3822.25
960	0.16807	3738.51
970	0.16807	3663.37
980	0.16807	3624.21
990	0.16807	3708.72
1000	0.16807	3679.39
260	0.145393	3308.86
270	0.145393	3315.34
280	0.145393	3408.77
290	0.145393	3375.66
300	0.145393	3427.37
310	0.145393	3417.07
320	0.145393	3435.85
330	0.145393	3433.44
340	0.145393	3445.67
350	0.145393	3465.03
360	0.145393	3383.46
370	0.145393	3413.2
380	0.145393	3418.86
390	0.145393	3436.11
400	0.145393	3535.06
410	0.145393	3499.6
420	0.145393	3449.14
430	0.145393	3465.47
440	0.145393	3424.39
450	0.145393	3436.71
460	0.145393	3488.32
470	0.145393	3531.54
480	0.145393	3511.2
490	0.145393	3528.8
500	0.145393	3565.67
510	0.145393	3596.84
520	0.145393	3600.75
530	0.145393	3566.29
540	0.145393	3619.92
550	0.145393	3604.03
560	0.145393	3565.34
570	0.145393	3537.99
580	0.145393	3488.44
590	0.145393	3469.7
600	0.145393	3511.66
610	0.145393	3498.5
620	0.145393	3500.26
630	0.145393	3486.17
640	0.145393	3514.94
650	0.145393	3560.39
660	0.145393	3575
670	0.145393	3580.65
680	0.145393	3548.55
690	0.145393	3467.67
700	0.145393	3474.99
710	0.145393	3513.89
720	0.145393	3546.43
730	0.145393	3564.16
740	0.145393	3621.91
750	0.145393	3548.05
760	0.145393	3517.89
770	0.145393	3525.97
780	0.145393	3531.39
790	0.145393	3534.29
800	0.145393	3545.1
810	0.145393	3603.46
820	0.145393	3593.67
830	0.145393	3552.76
840	0.145393	3601.09
850	0.145393	3653.42
860	0.145393	3662.39
870	0.145393	3636.61
880	0.145393	3613.88
890	0.145393	3600.44
900	0.145393	3603.07
910	0.145393	3558.68
920	0.145393	3585.8
930	0.145393	3531.17
940	0.145393	3554.43
950	0.145393	3504.76
960	0.145393	3527.21
970	0.145393	3552.18
980	0.145393	3579.04
990	0.145393	3570.15
1000	0.145393	3641.72
260	0.125233	3404.28
270	0.125233	3314.7
280	0.125233	3394.95
290	0.125233	3360.6
300	0.125233	3362.75
310	0.125233	3335.54
320	0.125233	3322.07
330	0.125233	3363.9
340	0.125233	3443.68
350	0.125233	3431.71
360	0.125233	3475.22
370	0.125233	3459.14
380	0.125233	3486.74
390	0.125233	3560.63
400	0.125233	3559.61
410	0.125233	3435.14
420	0.125233	3459.48
430	0.125233	3357.75
440	0.125233	3349.09
450	0.125233	3315.59
460	0.125233	3324.5
470	0.125233	3308.49
480	0.125233	3263.12
490	0.125233	3263.18
500	0.125233	3292.38
510	0.125233	3343.55
520	0.125233	3332.32
530	0.125233	3365.78
540	0.125233	3403.52
550	0.125233	3408.96
560	0.125233	3331.28
570	0.125233	3310.96
580	0.125233	3351.78
590	0.125233	3387.3
600	0.125233	3350.91
610	0.125233	3360.66
620	0.125233	3379.38
630	0.125233	3327.77
640	0.125233	3302.76
650	0.125233	3255.27
660	0.125233	3285.15
670	0.125233	3369.94
680	0.125233	3323.87
690	0.125233	3367.24
700	0.125233	3326.53
710	0.125233	3427.2
720	0.125233	3417.85
730	0.125233	3459.52
740	0.125233	3435.46
750	0.125233	3474.43
760	0.125233	3450.96
770	0.125233	3436.8
780	0.125233	3401.63
790	0.125233	3445.22
800	0.125233	3461.23
810	0.125233	3384.73
820	0.125233	3329.3
830	0.125233	3346.08
840	0.125233	3294.82
850	0.125233	3303.73
860	0.125233	3357.66
870	0.125233	3311.95
880	0.125233	3271.23
890	0.125233	3251.45
900	0.125233	3323.07
910	0.125233	3266.84
920	0.125233	3214.8
930	0.125233	3280.06
940	0.125233	3341.57
950	0.125233	3333.42
960	0.125233	3344.73
970	0.125233	3265.96
980	0.125233	3331.96
990	0.125233	3287.78
1000	0.125233	3255.89
260	0.107374	3066.66
270	0.107374	3020.51
280	0.107374	3071.16
290	0.107374	3066.85
300	0.107374	3012.57
310	0.107374	2971.38
320	0.107374	2998.42
330	0.107374	3035.7
340	0.107374	2956.09
350	0.107374	2968.43
360	0.107374	2973.42
370	0.107374	3036.24
380	0.107374	3046.65
390	0.107374	2990.53
400	0.107374	3054.32
410	0.107374	3007.4
420	0.107374	3049.3
430	0.107374	3032.53
440	0.107374	3029.52
450	0.107374	3075.27
460	0.107374	3156.28
470	0.107374	3115.84
480	0.107374	3125.69
490	0.107374	3164.95
500	0.107374	3094.74
510	0.107374	3123.35
520	0.107374	3106.76
530	0.107374	3169
540	0.107374	3176.76
550	0.107374	3146.01
560	0.107374	3093.16
570	0.107374	3098.22
580	0.107374	3170
590	0.107374	3166.24
600	0.107374	3168.74
610	0.107374	3074.42
620	0.107374	3076.36
630	0.107374	2985.33
640	0.107374	2915.38
650	0.107374	2937.17
660	0.107374	3047.89
670	0.107374	3048.69
680	0.107374	3104.63
690	0.107374	3028.76
700	0.107374	2979.62
710	0.107374	2993.24
720	0.107374	2973.46
730	0.107374	2948.07
740	0.107374	2933.2
750	0.107374	2958.5
760	0.107374	2949.43
770	0.107374	3005.66
780	0.107374	3025.17
790	0.107374	3024.22
800	0.107374	2999.21
810	0.107374	2936.45
820	0.107374	2933.54
830	0.107374	2998.67
840	0.107374	2982.74
850	0.107374	2995.59
860	0.107374	2969.48
870	0.107374	2848.66
880	0.107374	2885.93
890	0.107374	2888.27
900	0.107374	2923.28
910	0.107374	2899.11
920	0.107374	2839.16
930	0.107374	2879.3
940	0.107374	2904.79
950	0.107374	2937.1
960	0.107374	2950.89
970	0.107374	2952.32
980	0.107374	3062.84
990	0.107374	3077.79
1000	0.107374	3144.49
260	0.0916133	2804.11
270	0.0916133	2895.65
280	0.0916133	2863.78
290	0.0916133	2852.58
300	0.0916133	2889.22
310	0.0916133	2813.39
320	0.0916133	2912.93
330	0.0916133	2988.93
340	0.0916133	2853.06
350	0.0916133	2903.62
360	0.0916133	3021.18
370	0.0916133	3059.55
380	0.0916133	2968.63
390	0.0916133	2975.15
400	0.0916133	2987.55
410	0.0916133	3004.79
420	0.0916133	2971.18
430	0.0916133	3066.17
440	0.0916133	3039.19
450	0.0916133	3037.08
460	0.0916133	3016.45
470	0.0916133	3025.9
480	0.0916133	2949.51
490	0.0916133	2961.05
500	0.0916133	2917.49
510	0.0916133	2986.17
520	0.0916133	3058.48
530	0.0916133	3076.83
540	0.0916133	3100.34
550	0.0916133	3103.45
560	0.0916133	3017.18
570	0.0916133	3031.44
580	0.0916133	3075.2
590	0.0916133	3098.59
600	0.0916133	3110.51
610	0.0916133	3100.24
620	0.0916133	3095.42
630	0.0916133	3113.43
640	0.0916133	3068.18
650	0.0916133	3130.8
660	0.0916133	3110.73
670	0.0916133	3028.43
680	0.0916133	3115.31
690	0.0916133	3051.93
700	0.0916133	2988.72
710	0.0916133	3009.24
720	0.0916133	3019.08
730	0.0916133	2942.71
740	0.0916133	2881.76
750	0.0916133	2915.55
760	0.0916133	2840.47
770	0.0916133	2781.87
780	0.0916133	2842.09
790	0.0916133	2901.7
800	0.0916133	2889.39
810	0.0916133	2881.08
820	0.0916133	2968.49
830	0.0916133	2856.24
840	0.0916133	3008.11
850	0.0916133	2981.1
860	0.0916133	3016.72
870	0.0916133	2948.23
880	0.0916133	2955.72
890	0.0916133	2979.15
900	0.0916133	2935.74
910	0.0916133	2855.22
920	0.0916133	2833.83
930	0.0916133	2826.62
940	0.0916133	2828.15
950	0.0916133	2813.51
960	0.0916133	2907.97
970	0.0916133	2944.63
980	0.0916133	2913.66
990	0.0916133	2977.18
1000	0.0916133	2930.86
260	0.07776	2518.59
270	0.07776	2585.81
280	0.07776	2586.47
290	0.07776	2672.92
300	0.07776	2646.65
310	0.07776	2639.96
320	0.07776	2742.18
330	0.07776	2713.91
340	0.07776	2789.42
350	0.07776	2776.59
360	0.07776	2800.06
370	0.07776	2799.15
380	0.07776	2867.89
390	0.07776	2866.73
400	0.07776	2849.01
410	0.07776	2766.88
420	0.07776	2740.83
430	0.07776	2793.27
440	0.07776	2828.91
450	0.07776	2905.32
460	0.07776	2872.82
470	0.07776	2908.96
480	0.07776	2840.25
490	0.07776	2713.25
500	0.07776	2848.56
510	0.07776	2846.43
520	0.07776	2789.31
530	0.07776	2821.42
540	0.07776	2700.49
550	0.07776	2711.3
560	0.07776	2714.94
570	0.07776	2767.01
580	0.07776	2770.75
590	0.07776	2659.09
600	0.07776	2622.77
610	0.07776	2644.35
620	0.07776	2618.39
630	0.07776	2638.91
640	0.07776	2673.72
650	0.07776	2701.74
660	0.07776	2730.45
670	0.07776	2799.68
680	0.07776	2791.01
690	0.07776	2829.77
700	0.07776	2781.42
710	0.07776	2670.78
720	0.07776	2589.66
730	0.07776	2704.64
740	0.07776	2804.4
750	0.07776	2891.91
760	0.07776	2754.47
770	0.07776	2716.03
780	0.07776	2747.5
790	0.07776	2820.43
800	0.07776	2781.63
810	0.07776	2782.95
820	0.07776	2856.12
830	0.07776	2835.26
840	0.07776	2746.47
850	0.07776	2801.59
860	0.07776	2709.07
870	0.07776	2827.21
880	0.07776	2864.03
890	0.07776	2781.51
900	0.07776	2701.72
910	0.07776	2749.29
920	0.07776	2749.83
930	0.07776	2691.94
940	0.07776	2665.21
950	0.07776	2666.23
960	0.07776	2675.59
970	0.07776	2780.04
980	0.07776	2743.47
990	0.07776	2601.6
1000	0.07776	2573.41
260	0.0656357	2664.45
270	0.0656357	2708.72
280	0.0656357	2697.03
290	0.0656357	2610.05
300	0.0656357	2654.85
310	0.0656357	2644.41
320	0.0656357	2749.24
330	0.0656357	2599.03
340	0.0656357	2562.28
350	0.0656357	2569.88
360	0.0656357	2665.1
370	0.0656357	2691.87
380	0.0656357	2610.34
390	0.0656357	2693.1
400	0.0656357	2656.44
410	0.0656357	2704.71
420	0.0656357	2743.79
430	0.0656357	2734.26
440	0.0656357	2616.26
450	0.0656357	2591.32
460	0.0656357	2516.84
470	0.0656357	2613.05
480	0.0656357	2665.65
490	0.0656357	2613.31
500	0.0656357	2591.5
510	0.0656357	2724.87
520	0.0656357	2805.33
530	0.0656357	2779.48
540	0.0656357	2693.72
550	0.0656357	2610.31
560	0.0656357	2580.42
570	0.0656357	2495.66
580	0.0656357	2649.19
590	0.0656357	2592.3
600	0.0656357	2567.39
610	0.0656357	2740.74
620	0.0656357	2699.42
630	0.0656357	2781.62
640	0.0656357	2817.74
650	0.0656357	2786.57
660	0.0656357	2758.74
670	0.0656357	2746.29
680	0.0656357	2816.55
690	0.0656357	2704.31
700	0.0656357	2672.93
710	0.0656357	2746.74
720	0.0656357	2778.02
730	0.0656357	2634.62
740	0.0656357	2602.71
750	0.0656357	2611.53
760	0.0656357	2567.24
770	0.0656357	2697.98
780	0.0656357	2623.23
790	0.0656357	2573.13
800	0.0656357	2518.26
810	0.0656357	2592.63
820	0.0656357	2595.75
830	0.0656357	2620.09
840	0.0656357	2589.74
850	0.0656357	2598.88
860	0.0656357	2622.44
870	0.0656357	2706.65
880	0.0656357	2698.9
890	0.0656357	2662.75
900	0.0656357	2692.59
910	0.0656357	2755.39
920	0.0656357	2655.91
930	0.0656357	2680.87
940	0.0656357	2755.89
950	0.0656357	2654.49
960	0.0656357	2599.83
970	0.0656357	2679.47
980	0.0656357	2563.63
990	0.0656357	2575.25
1000	0.0656357	2520.51
260	0.0550732	2450.07
270	0.0550732	2466.46
280	0.0550732	2521.65
290	0.0550732	2455.68
300	0.0550732	2502.26
310	0.0550732	2592.26
320	0.0550732	2505.45
330	0.0550732	2512.72
340	0.0550732	2541.61
350	0.0550732	2588.98
360	0.0550732	2430.57
370	0.0550732	2527.3
380	0.0550732	2629.93
390	0.0550732	2536.12
400	0.0550732	2500.52
410	0.0550732	2448.67
420	0.0550732	2517.22
430	0.0550732	2461.22
440	0.0550732	2504.13
450	0.0550732	2539.68
460	0.0550732	2506.28
470	0.0550732	2491.13
480	0.0550732	2429.14
490	0.0550732	2449.9
500	0.0550732	2445.53
510	0.0550732	2530.14
520	0.0550732	2495.58
530	0.0550732	2374.79
540	0.0550732	2471.14
550	0.0550732	2487.86
560	0.0550732	2540.81
570	0.0550732	2435.86
580	0.0550732	2492
590	0.0550732	2365.77
600	0.0550732	2532.36
610	0.0550732	2596.26
620	0.0550732	2597.65
630	0.0550732	2492.22
640	0.0550732	2470.18
650	0.0550732	2518.81
660	0.0550732	2474.74
670	0.0550732	2482.63
680	0.0550732	2283.07
690	0.0550732	2377.7
700	0.0550732	2454.32
710	0.0550732	2400.17
720	0.0550732	2436.63
730	0.0550732	2428.27
740	0.0550732	2293.8
750	0.0550732	2376.54
760	0.0550732	2356.3
770	0.0550732	2409.88
780	0.0550732	2440.18
790	0.0550732	2433.84
800	0.0550732	2354.84
810	0.0550732	2413.8
820	0.0550732	2327.83
830	0.0550732	2502.42
840	0.0550732	2593.49
850	0.0550732	2505.09
860	0.0550732	2415.09
870	0.0550732	2415.63
880	0.0550732	2549.3
890	0.0550732	2558
900	0.0550732	2436.69
910	0.0550732	2461.26
920	0.0550732	2467.74
930	0.0550732	2521.93
940	0.0550732	2633.61
950	0.0550732	2657.65
960	0.0550732	2622.69
970	0.0550732	2631.7
980	0.0550732	2603.5
990	0.0550732	2626.51
1000	0.0550732	2675.42
260	0.0459165	2510.21
270	0.0459165	2548.38
280	0.0459165	2521.45
290	0.0459165	2404.81
300	0.0459165	2444.57
310	0.0459165	2405.38
320	0.0459165	2405.01
330	0.0459165	2466.8
340	0.0459165	2383.93
350	0.0459165	2510.02
360	0.0459165	2507.51
370	0.0459165	2534.09
380	0.0459165	2590.57
390	0.0459165	2656.08
400	0.0459165	2546.26
410	0.0459165	2487.93
420	0.0459165	2412.7
430	0.0459165	2492.81
440	0.0459165	2353.44
450	0.0459165	2315.92
460	0.0459165	2435.23
470	0.0459165	2492.28
480	0.0459165	2473.75
490	0.0459165	2395.07
500	0.0459165	2470.18
510	0.0459165	2506.41
520	0.0459165	2526.73
530	0.0459165	2572.88
540	0.0459165	2462.07
550	0.0459165	2375.96
560	0.0459165	2317.89
570	0.0459165	2210.35
580	0.0459165	2282.51
590	0.0459165	2356.3
600	0.0459165	2544.79
610	0.0459165	2441.97
620	0.0459165	2447.44
630	0.0459165	2463.01
640	0.0459165	2413.95
650	0.0459165	2342.02
660	0.0459165	2309.83
670	0.0459165	2371.91
680	0.0459165	2441.8
690	0.0459165	2501.13
700	0.0459165	2206.42
710	0.0459165	2401.37
720	0.0459165	2341.07
730	0.0459165	2408.14
740	0.0459165	2394.48
750	0.0459165	2343.56
760	0.0459165	2376.51
770	0.0459165	2293.89
780	0.0459165	2238.66
790	0.0459165	2286.17
800	0.0459165	2314.13
810	0.0459165	2461.18
820	0.0459165	2450.08
830	0.0459165	2349.84
840	0.0459165	2525.67
850	0.0459165	2412.37
860	0.0459165	2433.59
870	0.0459165	2339.5
880	0.0459165	2485.85
890	0.0459165	2630.09
900	0.0459165	2573.19
910	0.0459165	2503.38
920	0.0459165	2483.66
930	0.0459165	2560.69
940	0.0459165	2482.19
950	0.0459165	2582.25
960	0.0459165	2448.42
970	0.0459165	2343.93
980	0.0459165	2311.71
990	0.0459165	2253.29
1000	0.0459165	2251.14
260	0.0380204	2354.91
270	0.0380204	2293.19
280	0.0380204	2236.46
290	0.0380204	2266.47
300	0.0380204	2302.91
310	0.0380204	2198.71
320	0.0380204	2183.77
330	0.0380204	2259.73
340	0.0380204	2466.97
350	0.0380204	2330.33
360	0.0380204	2204.35
370	0.0380204	2391.1
380	0.0380204	2423.85
390	0.0380204	2448.08
400	0.0380204	2299.73
410	0.0380204	2442.07
420	0.0380204	2504.73
430	0.0380204	2385.16
440	0.0380204	2475.01
450	0.0380204	2435.29
460	0.0380204	2394.61
470	0.0380204	2448.54
480	0.0380204	2416.93
490	0.0380204	2384.48
500	0.0380204	2435.94
510	0.0380204	2401.11
520	0.0380204	2378.07
530	0.0380204	2529.3
540	0.0380204	2491.85
550	0.0380204	2471.28
560	0.0380204	2431.02
570	0.0380204	2431.39
580	0.0380204	2354.15
590	0.0380204	2327.99
600	0.0380204	2219.55
610	0.0380204	2256.65
620	0.0380204	2115.62
630	0.0380204	2204.3
640	0.0380204	2011.1
650	0.0380204	2128.78
660	0.0380204	2133.93
670	0.0380204	2124.5
680	0.0380204	2292.37
690	0.0380204	2369.8
700	0.0380204	2337.58
710	0.0380204	2420.49
720	0.0380204	2314.73
730	0.0380204	2250.61
740	0.0380204	2153.58
750	0.0380204	2123.64
760	0.0380204	2213.29
770	0.0380204	2463.22
780	0.0380204	2495.73
790	0.0380204	2410.8
800	0.0380204	2463.37
810	0.0380204	2254.22
820	0.0380204	2269.32
830	0.0380204	2165.6
840	0.0380204	2278.66
850	0.0380204	2306.82
860	0.0380204	2130.3
870	0.0380204	2126.33
880	0.0380204	2156
890	0.0380204	2141.52
900	0.0380204	2250.97
910	0.0380204	2216.51
920	0.0380204	2127.63
930	0.0380204	2306.17
940	0.0380204	2414.49
950	0.0380204	2496.89
960	0.0380204	2281.49
970	0.0380204	2403.06
980	0.0380204	2431.96
990	0.0380204	2319.72
1000	0.0380204	2495.64
260	0.03125	2263.11
270	0.03125	2170.75
280	0.03125	2187.28
290	0.03125	2037.63
300	0.03125	2235.75
310	0.03125	2291.83
320	0.03125	2254.6
330	0.03125	2298.18
340	0.03125	2246.26
350	0.03125	2356.13
360	0.03125	2212.76
370	0.03125	2354.57
380	0.03125	2240.99
390	0.03125	2306.44
400	0.03125	2238.57
410	0.03125	2192.22
420	0.03125	2166.67
430	0.03125	2194.98
440	0.03125	1895.59
450	0.03125	2130.23
460	0.03125	2260.29
470	0.03125	2380.28
480	0.03125	2409.1
490	0.03125	2312.04
500	0.03125	2268.77
510	0.03125	2296.67
520	0.03125	2301.66
530	0.03125	2164.84
540	0.03125	2046.59
550	0.03125	2167.36
560	0.03125	2280.32
570	0.03125	2334.49
580	0.03125	2312.01
590	0.03125	2245.72
600	0.03125	2135.99
610	0.03125	2147.15
620	0.03125	2161.49
630	0.03125	2170.89
640	0.03125	2228.23
650	0.03125	2066.78
660	0.03125	1989.55
670	0.03125	2081.89
680	0.03125	2063.71
690	0.03125	2156.64
700	0.03125	2196.61
710	0.03125	2098.32
720	0.03125	2084.56
730	0.03125	2280.81
740	0.03125	2290.46
750	0.03125	2195.58
760	0.03125	2153.42
770	0.03125	2016.52
780	0.03125	2195.74
790	0.03125	2200.64
800	0.03125	2221.4
810	0.03125	2139.54
820	0.03125	2292.62
830	0.03125	2290.64
840	0.03125	2325.24
850	0.03125	2361.64
860	0.03125	2252.56
870	0.03125	2233.72
880	0.03125	2184.65
890	0.03125	2301.05
900	0.03125	2275.19
910	0.03125	2273.36
920	0.03125	2235.96
930	0.03125	2103.53
940	0.03125	2264.91
950	0.03125	2169.99
960	0.03125	2089.15
970	0.03125	2208.29
980	0.03125	2210.19
990	0.03125	1922.53
1000	0.03125	2044.35
260	0.0254804	2355.21
270	0.0254804	2186.59
280	0.0254804	2014.11
290	0.0254804	2001.35
300	0.0254804	2170.82
310	0.0254804	1993.76
320	0.0254804	2011.76
330	0.0254804	2006.97
340	0.0254804	2310.45
350	0.0254804	2318.62
360	0.0254804	2232.69
370	0.0254804	2272.59
380	0.0254804	2234.04
390	0.0254804	2295.1
400	0.0254804	2266.79
410	0.0254804	2241.11
420	0.0254804	2283.16
430	0.0254804	2268.2
440	0.0254804	2235.49
450	0.0254804	2239.99
460	0.0254804	2122.88
470	0.0254804	2239.15
480	0.0254804	2236.19
490	0.0254804	2351.22
500	0.0254804	2240.84
510	0.0254804	2171.1
520	0.0254804	2244.37
530	0.0254804	2121.25
540	0.0254804	2093.91
550	0.0254804	2243.25
560	0.0254804	2211.89
570	0.0254804	2309.47
580	0.0254804	2176.62
590	0.0254804	2219.1
600	0.0254804	2186.57
610	0.0254804	2116.16
620	0.0254804	2139.95
630	0.0254804	1881.66
640	0.0254804	2082.19
650	0.0254804	2162.5
660	0.0254804	2201.57
670	0.0254804	2185.51
680	0.0254804	2365.01
690	0.0254804	2269.18
700	0.0254804	2256.5
710	0.0254804	2209.55
720	0.0254804	2266.67
730	0.0254804	2149.54
740	0.0254804	2134.5
750	0.0254804	1908.93
760	0.0254804	1863.77
770	0.0254804	1975.78
780	0.0254804	2010.66
790	0.0254804	2019.21
800	0.0254804	2144.99
810	0.0254804	2180.42
820	0.0254804	2149.11
830	0.0254804	2218.57
840	0.0254804	2160.63
850	0.0254804	2027.76
860	0.0254804	2014.15
870	0.0254804	2165.13
880	0.0254804	1899.37
890	0.0254804	1991.6
900	0.0254804	1981.18
910	0.0254804	2027.07
920	0.0254804	2239.36
930	0.0254804	1967.84
940	0.0254804	2321.68
950	0.0254804	2301.66
960	0.0254804	2206.03
970	0.0254804	2225.72
980	0.0254804	2256.2
990	0.0254804	2248.85
1000	0.0254804	2156.12
260	0.0205963	1965.23
270	0.0205963	1863.38
280	0.0205963	1948.11
290	0.0205963	2032.8
300	0.0205963	2161.45
310	0.0205963	2130.61
320	0.0205963	2053.73
330	0.0205963	2023.3
340	0.0205963	2246.77
350	0.0205963	1986.45
360	0.0205963	2025.49
370	0.0205963	1957.78
380	0.0205963	2136.45
390	0.0205963	2111.78
400	0.0205963	2021.42
410	0.0205963	1790.66
420	0.0205963	2048.94
430	0.0205963	2010.04
440	0.0205963	2109.54
450	0.0205963	2176.19
460	0.0205963	2296.97
470	0.0205963	2208.17
480	0.0205963	2282.13
490	0.0205963	2073.31
500	0.0205963	2182.82
510	0.0205963	2224.92
520	0.0205963	2081.32
530	0.0205963	1986.55
540	0.0205963	1891.09
550	0.0205963	2048.76
560	0.0205963	2084.77
570	0.0205963	2115.25
580	0.0205963	2245.93
590	0.0205963	2284.49
600	0.0205963	1965.01
610	0.0205963	2066.03
620	0.0205963	1800.03
630	0.0205963	1791.86
640	0.0205963	1974.85
650	0.0205963	1957.35
660	0.0205963	2132.39
670	0.0205963	2165.4
680	0.0205963	2201.27
690	0.0205963	1974.6
700	0.0205963	2125.31
710	0.0205963	2130.05
720	0.0205963	2144.42
730	0.0205963	2129.14
740	0.0205963	2106.38
750	0.0205963	2104.09
760	0.0205963	2275.58
770	0.0205963	2213.99
780	0.0205963	2167.07
790	0.0205963	2131.59
800	0.0205963	2131.54
810	0.0205963	1974.82
820	0.0205963	1732.52
830	0.0205963	1829.76
840	0.0205963	1636.08
850	0.0205963	2080.27
860	0.0205963	2024.63
870	0.0205963	2104.99
880	0.0205963	1954.86
890	0.0205963	2096.6
900	0.0205963	2090.65
910	0.0205963	2095.31
920	0.0205963	1947.12
930	0.0205963	1744.42
940	0.0205963	2073.65
950	0.0205963	2015.75
960	0.0205963	2290.86
970	0.0205963	2227.7
980	0.0205963	2118.71
990	0.0205963	2195.57
1000	0.0205963	2250.12
260	0.0164916	1965.71
270	0.0164916	1966.55
280	0.0164916	2079.27
290	0.0164916	1996.09
300	0.0164916	1919.46
310	0.0164916	1804.56
320	0.0164916	1977.51
330	0.0164916	2134.76
340	0.0164916	1905.06
350	0.0164916	1920.87
360	0.0164916	2156.37
370	0.0164916	2123.14
380	0.0164916	2240.27
390	0.0164916	2133.65
400	0.0164916	1990.33
410	0.0164916	2063.07
420	0.0164916	2100.25
430	0.0164916	2157.73
440	0.0164916	1902.19
450	0.0164916	1933.73
460	0.0164916	1905.39
470	0.0164916	2017.68
480	0.0164916	1804.69
490	0.0164916	2120.54
500	0.0164916	2134.43
510	0.0164916	1871.79
520	0.0164916	2138.93
530	0.0164916	2033.23
540	0.0164916	1925.33
550	0.0164916	1975.15
560	0.0164916	1890.72
570	0.0164916	1984.58
580	0.0164916	1887.38
590	0.0164916	1987.73
600	0.0164916	1573.78
610	0.0164916	1999.91
620	0.0164916	2083.92
630	0.0164916	1816.42
640	0.0164916	1950.81
650	0.0164916	1965.01
660	0.0164916	1955.39
670	0.0164916	1935.68
680	0.0164916	1961.25
690	0.0164916	1872.18
700	0.0164916	1823.95
710	0.0164916	1824.91
720	0.0164916	1876.02
730	0.0164916	1894.74
740	0.0164916	2021.56
750	0.0164916	1882.28
760	0.0164916	2017.04
770	0.0164916	1707.75
780	0.0164916	1703.38
790	0.0164916	1787.49
800	0.0164916	2034.43
810	0.0164916	2090.36
820	0.0164916	1999.56
830	0.0164916	1849.26
840	0.0164916	1641.9
850	0.0164916	1834.86
860	0.0164916	1959.85
870	0.0164916	2009.59
880	0.0164916	1842.14
890	0.0164916	1929.87
900	0.0164916	2012.58
910	0.0164916	1894.05
920	0.0164916	1988
930	0.0164916	1719.76
940	0.0164916	1699.68
950	0.0164916	1946.09
960	0.0164916	1919.69
970	0.0164916	1944.13
980	0.0164916	1829.84
990	0.0164916	1945.27
1000	0.0164916	1973.72
260	0.0130691	1767.41
270	0.0130691	1921.85
280	0.0130691	2024.95
290	0.0130691	2035.32
300	0.0130691	2024.17
310	0.0130691	1688.76
320	0.0130691	1643.19
330	0.0130691	1499.19
340	0.0130691	1741.13
350	0.0130691	1729.42
360	0.0130691	1830.62
370	0.0130691	1793.35
380	0.0130691	2057.53
390	0.0130691	1942.07
400	0.0130691	1877.43
410	0.0130691	1869.02
420	0.0130691	1796.46
430	0.0130691	1701.71
440	0.0130691	1809.91
450	0.0130691	1864.28
460	0.0130691	2009.08
470	0.0130691	1876.62
480	0.0130691	1630.41
490	0.0130691	2046.52
500	0.0130691	2092.27
510	0.0130691	2139.62
520	0.0130691	2212.48
530	0.0130691	1952.42
540	0.0130691	1977.95
550	0.0130691	1968.2
560	0.0130691	1791.42
570	0.0130691	1944.82
580	0.0130691	1993.79
590	0.0130691	1892.74
600	0.0130691	2029.79
610	0.0130691	1773.4
620	0.0130691	1619.35
630	0.0130691	1858.22
640	0.0130691	1900.54
650	0.0130691	1914.26
660	0.0130691	1977.32
670	0.0130691	1770.69
680	0.0130691	1753.65
690	0.0130691	1826.66
700	0.0130691	1766.77
710	0.0130691	1905.5
720	0.0130691	1870.9
730	0.0130691	1981.07
740	0.0130691	1929.49
750	0.0130691	1995.76
760	0.0130691	1845.12
770	0.0130691	1654.05
780	0.0130691	1829.78
790	0.0130691	1790.84
800	0.0130691	2016.16
810	0.0130691	2197.83
820	0.0130691	2062.58
830	0.0130691	1979.86
840	0.0130691	1733.86
850	0.0130691	1929.25
860	0.0130691	2054.9
870	0.0130691	1701.12
880	0.0130691	1325.53
890	0.0130691	1624.15
900	0.0130691	1957.72
910	0.0130691	1941.1
920	0.0130691	1903.22
930	0.0130691	1925.94
940	0.0130691	1748.31
950	0.0130691	1661.46
960	0.0130691	1915.36
970	0.0130691	1787.67
980	0.0130691	1741.99
990	0.0130691	1836.66
1000	0.0130691	1967.66
260	0.01024	1741.4
270	0.01024	1735.59
280	0.01024	1748.65
290	0.01024	1539.65
300	0.01024	1665.82
310	0.01024	1491.94
320	0.01024	1764.6
330	0.01024	1795.29
340	0.01024	1970.47
350	0.01024	2029.1
360	0.01024	1612.92
370	0.01024	1638.64
380	0.01024	1801.64
390	0.01024	1667.27
400	0.01024	1700.95
410	0.01024	1737.32
420	0.01024	1754.1
430	0.01024	1884.67
440	0.01024	2043.18
450	0.01024	1760.88
460	0.01024	1619.37
470	0.01024	1393.29
480	0.01024	1682.35
490	0.01024	1749.36
500	0.01024	1740.64
510	0.01024	1691.91
520	0.01024	1736.02
530	0.01024	1632.24
540	0.01024	1757.85
550	0.01024	1887.23
560	0.01024	1785.05
570	0.01024	1678.89
580	0.01024	1953.27
590	0.01024	1968.94
600	0.01024	1909.65
610	0.01024	1618.59
620	0.01024	1567.79
630	0.01024	1787.08
640	0.01024	1805.89
650	0.01024	1845.24
660	0.01024	2043.85
670	0.01024	1879.97
680	0.01024	1703.14
690	0.01024	1803.63
700	0.01024	1890.62
710	0.01024	1752.59
720	0.01024	1979.96
730	0.01024	2244.39
740	0.01024	2149.45
750	0.01024	2045.06
760	0.01024	2212.26
770	0.01024	2135.66
780	0.01024	1816.67
790	0.01024	2024.58
800	0.01024	1950.98
810	0.01024	1510.05
820	0.01024	1726.72
830	0.01024	1741.1
840	0.01024	1469.91
850	0.01024	1787.06
860	0.01024	1693.19
870	0.01024	1857.83
880	0.01024	1820.48
890	0.01024	1945.29
900	0.01024	1655.35
910	0.01024	2027.4
920	0.01024	2024.2
930	0.01024	2246.64
940	0.01024	2167
950	0.01024	2090.46
960	0.01024	1714.99
970	0.01024	1913.1
980	0.01024	1987.29
990	0.01024	1698.67
1000	0.01024	1764.67
260	0.00792352	1509.23
270	0.00792352	1830.76
280	0.00792352	1790.04
290	0.00792352	1488.78
300	0.00792352	1529.18
310	0.00792352	1440.41
320	0.00792352	1793.08
330	0.00792352	1269
340	0.00792352	1981.06
350	0.00792352	1986.28
360	0.00792352	1787.71
370	0.00792352	1686.26
380	0.00792352	1887.85
390	0.00792352	1434.26
400	0.00792352	1527.68
410	0.00792352	1479.96
420	0.00792352	1637.79
430	0.00792352	1746.16
440	0.00792352	1651.49
450	0.00792352	1559.13
460	0.00792352	1493.5
470	0.00792352	1879.85
480	0.00792352	1712.72
490	0.00792352	1820.7
500	0.00792352	1668.77
510	0.00792352	1500.31
520	0.00792352	1757.81
530	0.00792352	1900.45
540	0.00792352	2047
550	0.00792352	2049.88
560	0.00792352	1892.63
570	0.00792352	2104.97
580	0.00792352	1660.35
590	0.00792352	1479.04
600	0.00792352	1920.76
610	0.00792352	1703.81
620	0.00792352	1508.69
630	0.00792352	1676.97
640	0.00792352	1716.07
650	0.00792352	1784.6
660	0.00792352	1604.13
670	0.00792352	1342.25
680	0.00792352	1349.87
690	0.00792352	1742.03
700	0.00792352	1911.02
710	0.00792352	1852.34
720	0.00792352	1626.37
730	0.00792352	1841.97
740	0.00792352	1953.61
750	0.00792352	1772.25
760	0.00792352	1601.11
770	0.00792352	1668.52
780	0.00792352	1425.24
790	0.00792352	1301.07
800	0.00792352	1313
810	0.00792352	1416.97
820	0.00792352	1405.89
830	0.00792352	934.706
840	0.00792352	1611.54
850	0.00792352	1682.45
860	0.00792352	1972.68
870	0.00792352	1654.7
880	0.00792352	1501.78
890	0.00792352	1768.48
900	0.00792352	1981.91
910	0.00792352	1694.44
920	0.00792352	1665.01
930	0.00792352	1715.56
940	0.00792352	1846.49
950	0.00792352	1860.76
960	0.00792352	1765.68
970	0.00792352	1784.4
980	0.00792352	1408.88
990	0.00792352	1457.57
1000	0.00792352	2009.24
260	0.00604662	1818.56
270	0.00604662	1772.34
280	0.00604662	1433.36
290	0.00604662	1376.21
300	0.00604662	1714.7
310	0.00604662	1423.54
320	0.00604662	1035.02
330	0.00604662	1318.3
340	0.00604662	1642.58
350	0.00604662	1571.27
360	0.00604662	1679.54
370	0.00604662	1662.55
380	0.00604662	1785.37
390	0.00604662	1762
400	0.00604662	1795.94
410	0.00604662	1890.4
420	0.00604662	1640.88
430	0.00604662	1109.84
440	0.00604662	1499.61
450	0.00604662	1695.17
460	0.00604662	1719.65
470	0.00604662	1221.25
480	0.00604662	1580.35
490	0.00604662	1485.82
500	0.00604662	788.015
510	0.00604662	1774.25
520	0.00604662	1757.85
530	0.00604662	1438.03
540	0.00604662	1907.01
550	0.00604662	2127.78
560	0.00604662	1957.38
570	0.00604662	1231.53
580	0.00604662	1572.79
590	0.00604662	1545.04
600	0.00604662	1591.57
610	0.00604662	1350.64
620	0.00604662	1847.38
630	0.00604662	1822.34
640	0.00604662	1853.08
650	0.00604662	1050.37
660	0.00604662	1174.8
670	0.00604662	1579.8
680	0.00604662	1506.58
690	0.00604662	1445.6
700	0.00604662	901.281
710	0.00604662	1073.77
720	0.00604662	1442.39
730	0.00604662	1249.78
740	0.00604662	1490.07
750	0.00604662	1833
760	0.00604662	1234.3
770	0.00604662	1789.94
780	0.00604662	1895.53
790	0.00604662	2063.75
800	0.00604662	2122.32
810	0.00604662	1857.2
820	0.00604662	1332.72
830	0.00604662	1846.85
840	0.00604662	2050.04
850	0.00604662	1921.22
860	0.00604662	1640.57
870	0.00604662	1559.37
880	0.00604662	1649.31
890	0.00604662	1872.76
900	0.00604662	1822.81
910	0.00604662	1405.64
920	0.00604662	1476.17
930	0.00604662	1304.38
940	0.00604662	1362.83
950	0.00604662	1657.78
960	0.00604662	1642.28
970	0.00604662	1543.67
980	0.00604662	1877.42
990	0.00604662	1694.78
1000	0.00604662	1180.85
260	0.00454354	1395.35
270	0.00454354	1732.53
280	0.00454354	1757.68
290	0.00454354	1634.18
300	0.00454354	876.993
310	0.00454354	1591.87
320	0.00454354	1491.73
330	0.00454354	1567.31
340	0.00454354	1551.36
350	0.00454354	1008.89
360	0.00454354	1351.89
370	0.00454354	1073.33
380	0.00454354	1790.96
390	0.00454354	1676.05
400	0.00454354	1821.11
410	0.00454354	1295.92
420	0.00454354	1254.88
430	0.00454354	1608.8
440	0.00454354	1841.61
450	0.00454354	1513.33
460	0.00454354	1283.04
470	0.00454354	1572.96
480	0.00454354	1770.22
490	0.00454354	1287.71
500	0.00454354	1499.18
510	0.00454354	1357.28
520	0.00454354	1830.46
530	0.00454354	1698.33
540	0.00454354	753.649
550	0.00454354	941.931
560	0.00454354	1408.04
570	0.00454354	1428.24
580	0.00454354	1367.17
590	0.00454354	1506.61
600	0.00454354	1643.94
610	0.00454354	1328.15
620	0.00454354	1183.45
630	0.00454354	1257.17
640	0.00454354	1271.42
650	0.00454354	679.772
660	0.00454354	1804.93
670	0.00454354	1588.35
680	0.00454354	1342.79
690	0.00454354	1397.3
700	0.00454354	1621.85
710	0.00454354	1819.88
720	0.00454354	1851.1
730	0.00454354	1702.72
740	0.00454354	1619.92
750	0.00454354	1600.45
760	0.00454354	1249.94
770	0.00454354	1522.72
780	0.00454354	1646.32
790	0.00454354	1458.79
800	0.00454354	1727.82
810	0.00454354	1659.86
820	0.00454354	1126.51
830	0.00454354	1968.28
840	0.00454354	1624.56
850	0.00454354	1706.79
860	0.00454354	1662.15
870	0.00454354	1694.11
880	0.00454354	1542.1
890	0.00454354	704.718
900	0.00454354	1626.57
910	0.00454354	1189.54
920	0.00454354	1779.61
930	0.00454354	1294.96
940	0.00454354	1467.51
950	0.00454354	1480.14
960	0.00454354	1914.12
970	0.00454354	1691.8
980	0.00454354	1400.8
990	0.00454354	1706.62
1000	0.00454354	1518.12
260	0.00335544	1861.29
270	0.00335544	1544.62
280	0.00335544	1634.67
290	0.00335544	1751.01
300	0.00335544	1880.09
310	0.00335544	1680.92
320	0.00335544	2088.98
330	0.00335544	1995.05
340	0.00335544	1215.5
350	0.00335544	1308.48
360	0.00335544	1252.93
370	0.00335544	1531.67
380	0.00335544	1706.01
390	0.00335544	1453.27
400	0.00335544	1704.96
410	0.00335544	1693.08
420	0.00335544	1455.76
430	0.00335544	1027.43
440	0.00335544	1058.44
450	0.00335544	1515.69
460	0.00335544	1644.05
470	0.00335544	1293.16
480	0.00335544	1437.99
490	0.00335544	1217.13
500	0.00335544	953.748
510	0.00335544	605.991
520	0.00335544	467.11
530	0.00335544	1002.44
540	0.00335544	1692.17
550	0.00335544	1284.02
560	0.00335544	1437.45
570	0.00335544	1140
580	0.00335544	1058.44
590	0.00335544	1249.36
600	0.00335544	1478.11
610	0.00335544	1369.47
620	0.00335544	1669.16
630	0.00335544	1479.22
640	0.00335544	1138.62
650	0.00335544	1647.71
660	0.00335544	1790.9
670	0.00335544	1643.91
680	0.00335544	1382.89
690	0.00335544	1145.55
700	0.00335544	1775.26
710	0.00335544	1089.44
720	0.00335544	1535.16
730	0.00335544	1495.92
740	0.00335544	1290.23
750	0.00335544	1887.21
760	0.00335544	1453.19
770	0.00335544	1661.14
780	0.00335544	-483.506
790	0.00335544	1294.19
800	0.00335544	1377.55
810	0.00335544	1637.61
820	0.00335544	1728.45
830	0.00335544	1659.56
840	0.00335544	1506.3
850	0.00335544	1476.34
860	0.00335544	1462.8
870	0.00335544	1358.38
880	0.00335544	1347.61
890	0.00335544	1450.03
900	0.00335544	445.692
910	0.00335544	1615.05
920	0.00335544	-2.3047
930	0.00335544	-148.138
940	0.00335544	785.601
950	0.00335544	882.602
960	0.00335544	1287.25
970	0.00335544	1369.7
980	0.00335544	1549.22
990	0.00335544	1012.81
1000	0.00335544	1802.22
260	0.00243	1587.31
270	0.00243	1048.29
280	0.00243	1065.6
290	0.00243	1518.41
300	0.00243	1441.42
310	0.00243	-458.156
320	0.00243	1455.35
330	0.00243	1683.57
340	0.00243	1318.85
350	0.00243	1611.57
360	0.00243	906.324
370	0.00243	1126.04
380	0.00243	1284.38
390	0.00243	1524.29
400	0.00243	645.442
410	0.00243	54.8788
420	0.00243	597.129
430	0.00243	1346.12
440	0.00243	1129.25
450	0.00243	497.329
460	0.00243	1241.62
470	0.00243	1389.28
480	0.00243	1799.71
490	0.00243	1453.83
500	0.00243	1302.23
510	0.00243	1494.48
520	0.00243	1851.73
530	0.00243	1656.55
540	0.00243	1621.73
550	0.00243	1777.77
560	0.00243	1323.82
570	0.00243	1182.43
580	0.00243	1266.19
590	0.00243	673.395
600	0.00243	1577.73
610	0.00243	1603.23
620	0.00243	1631.09
630	0.00243	1464.41
640	0.00243	1816.99
650	0.00243	1787.62
660	0.00243	1910.35
670	0.00243	1195.11
680	0.00243	987.944
690	0.00243	886.367
700	0.00243	1345.05
710	0.00243	1524.18
720	0.00243	1552.75
730	0.00243	1805.85
740	0.00243	1476.12
750	0.00243	1161.13
760	0.00243	1291.15
770	0.00243	1930.33
780	0.00243	1955.22
790	0.00243	1935.73
800	0.00243	1624.19
810	0.00243	1540.91
820	0.00243	1318.71
830	0.00243	1376.09
840	0.00243	1505.05
850	0.00243	1299.65
860	0.00243	1464.74
870	0.00243	1441.95
880	0.00243	1469.75
890	0.00243	960.895
900	0.00243	1223.41
910	0.00243	1418.35
920	0.00243	616.971
930	0.00243	1289.55
940	0.00243	1371.75
950	0.00243	812.85
960	0.00243	1506.51
970	0.00243	922.272
980	0.00243	859.26
990	0.00243	934.66
1000	0.00243	1378.34
260	0.00172104	1345.58
270	0.00172104	983.2
280	0.00172104	533.369
290	0.00172104	1247.09
300	0.00172104	1431.79
310	0.00172104	1576.56
320	0.00172104	1535.48
330	0.00172104	1076.11
340	0.00172104	16.4897
350	0.00172104	1266.52
360	0.00172104	834.501
370	0.00172104	1177.54
380	0.00172104	668.602
390	0.00172104	1300.72
400	0.00172104	1080.61
410	0.00172104	1005.15
420	0.00172104	1581.71
430	0.00172104	1473.05
440	0.00172104	1034.69
450	0.00172104	1249.47
460	0.00172104	1238.83
470	0.00172104	1572.22
480	0.00172104	390.515
490	0.00172104	63.796
500	0.00172104	1303.11
510	0.00172104	1443.81
520	0.00172104	1416.24
530	0.00172104	1512.9
540	0.00172104	1533.28
550	0.00172104	470.583
560	0.00172104	1309.62
570	0.00172104	1472.94
580	0.00172104	1275.06
590	0.00172104	403.248
600	0.00172104	1333.84
610	0.00172104	1362.58
620	0.00172104	941.979
630	0.00172104	1554.45
640	0.00172104	906.969
650	0.00172104	661.087
660	0.00172104	1857.06
670	0.00172104	1249.73
680	0.00172104	-247.768
690	0.00172104	1203.74
700	0.00172104	1174.99
710	0.00172104	1256.4
720	0.00172104	1435.46
730	0.00172104	682.295
740	0.00172104	1606.35
750	0.00172104	857.825
760	0.00172104	1330.08
770	0.00172104	1521.15
780	0.00172104	1223.73
790	0.00172104	372.718
800	0.00172104	-356.106
810	0.00172104	1161.22
820	0.00172104	1280.3
830	0.00172104	1626.97
840	0.00172104	-926.032
850	0.00172104	870.182
860	0.00172104	1794.8
870	0.00172104	1252.78
880	0.00172104	1537.68
890	0.00172104	821.791
900	0.00172104	1455.51
910	0.00172104	32.0706
920	0.00172104	1278.77
930	0.00172104	1616.23
940	0.00172104	-106.335
950	0.00172104	1808.47
960	0.00172104	411.212
970	0.00172104	1173.7
980	0.00172104	1182.28
990	0.00172104	1097.55
1000	0.00172104	1337.14
260	0.00118814	1689.6
270	0.00118814	1769.24
280	0.00118814	699.64
290	0.00118814	-2403.05
300	0.00118814	471.202
310	0.00118814	-64.3403
320	0.00118814	-980.732
330	0.00118814	1007
340	0.00118814	207.914
350	0.00118814	430.905
360	0.00118814	242.789
370	0.00118814	1605.54
380	0.00118814	1043.63
390	0.00118814	1774.56
400	0.00118814	1564.08
410	0.00118814	-645.426
420	0.00118814	1525.33
430	0.00118814	1554.97
440	0.00118814	1402.3
450	0.00118814	410.132
460	0.00118814	665.683
470	0.00118814	1300.57
480	0.00118814	845.631
490	0.00118814	566.616
500	0.00118814	428.186
510	0.00118814	1301.05
520	0.00118814	685.715
530	0.00118814	-259.875
540	0.00118814	-651.059
550	0.00118814	1368.11
560	0.00118814	587.903
570	0.00118814	1188.43
580	0.00118814	1481.13
590	0.00118814	-1291.7
600	0.00118814	-8.88566
610	0.00118814	-322.382
620	0.00118814	39.5464
630	0.00118814	449.627
640	0.00118814	462.494
650	0.00118814	226.122
660	0.00118814	1595.68
670	0.00118814	303.172
680	0.00118814	1302.89
690	0.00118814	1001.41
700	0.00118814	110.959
710	0.00118814	1231.89
720	0.00118814	205.413
730	0.00118814	-1466.01
740	0.00118814	955.358
750	0.00118814	-382.61
760	0.00118814	1088.8
770	0.00118814	-591.459
780	0.00118814	1038.26
790	0.00118814	917.325
800	0.00118814	1189.97
810	0.00118814	981.705
820	0.00118814	1533.12
830	0.00118814	-1634.36
840	0.00118814	1332.53
850	0.00118814	1051.27
860	0.00118814	1518.29
870	0.00118814	1116.74
880	0.00118814	-2553.33
890	0.00118814	1222.94
900	0.00118814	1458.85
910	0.00118814	1437.72
920	0.00118814	-804.254
930	0.00118814	771.59
940	0.00118814	270.464
950	0.00118814	1474.48
960	0.00118814	1720.04
970	0.00118814	-2187.45
980	0.00118814	825.406
990	0.00118814	942.83
1000	0.00118814	795.933
260	0.000796262	1317.63
270	0.000796262	954.072
280	0.000796262	-214.195
290	0.000796262	1810.46
300	0.000796262	1081.76
310	0.000796262	-148.435
320	0.000796262	-879.713
330	0.000796262	860.785
340	0.000796262	1001.48
350	0.000796262	456.864
360	0.000796262	1127.79
370	0.000796262	431.268
380	0.000796262	863.441
390	0.000796262	1213.36
400	0.000796262	1282.77
410	0.000796262	1479.04
420	0.000796262	1174.28
430	0.000796262	1352.99
440	0.000796262	1491.44
450	0.000796262	1722.71
460	0.000796262	-2633.72
470	0.000796262	966.826
480	0.000796262	847.835
490	0.000796262	1172.68
500	0.000796262	262.714
510	0.000796262	544.068
520	0.000796262	-102.438
530	0.000796262	1129.51
540	0.000796262	-724.439
550	0.000796262	-224.315
560	0.000796262	974.787
570	0.000796262	736.37
580	0.000796262	1517.47
590	0.000796262	-2241.37
600	0.000796262	1120.7
610	0.000796262	1188.06
620	0.000796262	536.416
630	0.000796262	-558.988
640	0.000796262	1250.83
650	0.000796262	934.781
660	0.000796262	1045.19
670	0.000796262	705.532
680	0.000796262	733.783
690	0.000796262	1337.62
700	0.000796262	807.344
710	0.000796262	112.331
720	0.000796262	-14.1158
730	0.000796262	1043.67
740	0.000796262	-169.256
750	0.000796262	1030.79
760	0.000796262	1200.58
770	0.000796262	-340.15
780	0.000796262	-249.692
790	0.000796262	1288.13
800	0.000796262	1574.35
810	0.000796262	888.575
820	0.000796262	1728.09
830	0.000796262	843.318
840	0.000796262	354.61
850	0.000796262	102.015
860	0.000796262	-569.495
870	0.000796262	10.9818
880	0.000796262	556.981
890	0.000796262	1270.39
900	0.000796262	877.571
910	0.000796262	532.519
920	0.000796262	-2690.17
930	0.000796262	848.457
940	0.000796262	367.505
950	0.000796262	1060.34
960	0.000796262	929.225
970	0.000796262	1447.96
980	0.000796262	616.671
990	0.000796262	1356.1
1000	0.000796262	183.617
260	0.000515363	582.697
270	0.000515363	-477.339
280	0.000515363	672.191
290	0.000515363	609.775
300	0.000515363	-409.748
310	0.000515363	1558.56
320	0.000515363	392.82
330	0.000515363	968.946
340	0.000515363	-556.999
350	0.000515363	-599.192
360	0.000515363	565.947
370	0.000515363	-283.501
380	0.000515363	-1524.95
390	0.000515363	5.59301
400	0.000515363	-2271.95
410	0.000515363	645.073
420	0.000515363	381.519
430	0.000515363	1211.99
440	0.000515363	1299.03
450	0.000515363	-172.404
460	0.000515363	-895.311
470	0.000515363	1120.67
480	0.000515363	-368.328
490	0.000515363	1210.91
500	0.000515363	-646.687
510	0.000515363	1140.51
520	0.000515363	627.227
530	0.000515363	-162.974
540	0.000515363	1428.36
550	0.000515363	1316.7
560	0.000515363	1106.38
570	0.000515363	1822.63
580	0.000515363	-1588.83
590	0.000515363	-1408.91
600	0.000515363	1591.5
610	0.000515363	1315.2
620	0.000515363	-583.588
630	0.000515363	-420.749
640	0.000515363	871.582
650	0.000515363	-599.769
660	0.000515363	976.57
670	0.000515363	-1390.27
680	0.000515363	816.441
690	0.000515363	-533.324
700	0.000515363	-4843.06
710	0.000515363	-849.616
720	0.000515363	521.393
730	0.000515363	1075
740	0.000515363	1190.4
750	0.000515363	-811.382
760	0.000515363	-970.38
770	0.000515363	401.427
780	0.000515363	238.15
790	0.000515363	-96.6794
800	0.000515363	511.439
810	0.000515363	1181.53
820	0.000515363	547.353
830	0.000515363	1551.92
840	0.000515363	-1120.48
850	0.000515363	871.861
860	0.000515363	1318.93
870	0.000515363	-346.096
880	0.000515363	884.845
890	0.000515363	1587.97
900	0.000515363	1725.18
910	0.000515363	673.642
920	0.000515363	600.66
930	0.000515363	-1372.16
940	0.000515363	868.447
950	0.000515363	151.888
960	0.000515363	694.415
970	0.000515363	1346.07
980	0.000515363	-6326.93
990	0.000515363	1361.95
1000	0.000515363	647.259
260	0.00032	-502.846
270	0.00032	393.219
280	0.00032	-208.936
290	0.00032	942.726
300	0.00032	574.499
310	0.00032	-2824.61
320	0.00032	785.614
330	0.00032	1059.92
340	0.00032	1733.4
350	0.00032	1205.9
360	0.00032	1417.72
370	0.00032	902.834
380	0.00032	336.849
390	0.00032	1124.47
400	0.00032	1018.05
410	0.00032	-929.616
420	0.00032	613.744
430	0.00032	-2044.8
440	0.00032	-546.243
450	0.00032	1691.36
460	0.00032	-379.516
470	0.00032	-2270.91
480	0.00032	-2269.12
490	0.00032	-3568.26
500	0.00032	-792.233
510	0.00032	1355.09
520	0.00032	-332.216
530	0.00032	962.477
540	0.00032	-851.947
550	0.00032	-269.789
560	0.00032	-616.208
570	0.00032	954.729
580	0.00032	1293.89
590	0.00032	1040.9
600	0.00032	-808.487
610	0.00032	0.460018
620	0.00032	553.729
630	0.00032	212.558
640	0.00032	-228.202
650	0.00032	-1958.17
660	0.00032	668.803
670	0.00032	-4875.63
680	0.00032	804.267
690	0.00032	1512.45
700	0.00032	-1213.21
710	0.00032	-726.295
720	0.00032	-1066.42
730	0.00032	-227.301
740	0.00032	-3600.09
750	0.00032	-1588.63
760	0.00032	-1795.84
770	0.00032	438.844
780	0.00032	-1774.99
790	0.00032	-569.64
800	0.00032	483.52
810	0.00032	1571.36
820	0.00032	1161.65
830	0.00032	1453.28
840	0.00032	672.407
850	0.00032	1041.4
860	0.00032	1000.6
870	0.00032	-373.552
880	0.00032	282.183
890	0.00032	413.478
900	0.00032	15.2901
910	0.00032	-1789.43
920	0.00032	-483.727
930	0.00032	1174.02
940	0.00032	-5758.82
950	0.00032	-1411.05
960	0.00032	644.654
970	0.00032	-1651.11
980	0.00032	-737.802
990	0.00032	1558.35
1000	0.00032	1262.92
260	0.000188957	1380.01
270	0.000188957	-1389.7
280	0.000188957	180.696
290	0.000188957	830.945
300	0.000188957	345.331
310	0.000188957	-44.5491
320	0.000188957	967.442
330	0.000188957	406.052
340	0.000188957	-1660.92
350	0.000188957	-4822.98
360	0.000188957	-3921.37
370	0.000188957	958.437
380	0.000188957	1487.15
390	0.000188957	-6776.37
400	0.000188957	-1571.29
410	0.000188957	-831.707
420	0.000188957	-552.607
430	0.000188957	-217.507
440	0.000188957	-5362.13
450	0.000188957	-2514.43
460	0.000188957	-564.362
470	0.000188957	728.98
480	0.000188957	-3284.2
490	0.000188957	-961.49
500	0.000188957	1476.33
510	0.000188957	-1346.93
520	0.000188957	510.763
530	0.000188957	-2145.79
540	0.000188957	-3046.31
550	0.000188957	-788.709
560	0.000188957	924.111
570	0.000188957	1101.09
580	0.000188957	-330.713
590	0.000188957	1692.33
600	0.000188957	487.668
610	0.000188957	234.464
620	0.000188957	-2767.57
630	0.000188957	-654.667
640	0.000188957	587.819
650	0.000188957	-754.952
660	0.000188957	1541.52
670	0.000188957	-1384.13
680	0.000188957	1223.48
690	0.000188957	303.415
700	0.000188957	-2018.23
710	0.000188957	-4252.24
720	0.000188957	-4434.72
730	0.000188957	-202.859
740	0.000188957	-2060.75
750	0.000188957	-3042.14
760	0.000188957	1124.74
770	0.000188957	-4567.59
780	0.000188957	-2182.78
790	0.000188957	-2484.95
800	0.000188957	-1854.48
810	0.000188957	1191.19
820	0.000188957	1692.51
830	0.000188957	-2310.57
840	0.000188957	952.901
850	0.000188957	-2030.5
860	0.000188957	-2444.73
870	0.000188957	1361.9
880	0.000188957	-2231.19
890	0.000188957	-2702.21
900	0.000188957	-5582.44
910	0.000188957	-2301.68
920	0.000188957	-2855.52
930	0.000188957	170.085
940	0.000188957	1530.67
950	0.000188957	107.452
960	0.000188957	793.71
970	0.000188957	-1286.57
980	0.000188957	-899.13
990	0.000188957	-657.305
1000	0.000188957	1475.31
260	0.000104858	1364.87
270	0.000104858	542.752
280	0.000104858	96.4715
290	0.000104858	-3901.24
300	0.000104858	-13985.5
310	0.000104858	-1278.21
320	0.000104858	-4292.7
330	0.000104858	1451.14
340	0.000104858	-4436.02
350	0.000104858	1057.84
360	0.000104858	498.379
370	0.000104858	-2410.81
380	0.000104858	751.754
390	0.000104858	-4093.44
400	0.000104858	661.547
410	0.000104858	-801.047
420	0.000104858	-228.37
430	0.000104858	-625.51
440	0.000104858	-1618
450	0.000104858	-2714.99
460	0.000104858	619.175
470	0.000104858	-5530.78
480	0.000104858	-1493.49
490	0.000104858	1586.11
500	0.000104858	-1743.75
510	0.000104858	1103.68
520	0.000104858	-2146.95
530	0.000104858	-1991.53
540	0.000104858	-1545.42
550	0.000104858	1405.85
560	0.000104858	-2636.78
570	0.000104858	-760.357
580	0.000104858	-7152.71
590	0.000104858	849.191
600	0.000104858	1662.99
610	0.000104858	-9127.57
620	0.000104858	-2783.79
630	0.000104858	-1996.32
640	0.000104858	856.745
650	0.000104858	-808.007
660	0.000104858	-875.797
670	0.000104858	689.602
680	0.000104858	-7095.95
690	0.000104858	-2161.63
700	0.000104858	697.12
710	0.000104858	-966.752
720	0.000104858	-2221.27
730	0.000104858	-206.12
740	0.000104858	103.946
750	0.000104858	55.6494
760	0.000104858	-2682.2
770	0.000104858	1063.37
780	0.000104858	685.961
790	0.000104858	-2209.72
800	0.000104858	-2573.76
810	0.000104858	199.58
820	0.000104858	-394.794
830	0.000104858	-1349.54
840	0.000104858	324.79
850	0.000104858	1598.9
860	0.000104858	452.187
870	0.000104858	-581.13
880	0.000104858	-2653.38
890	0.000104858	1264.12
900	0.000104858	-390.317
910	0.000104858	383.81
920	0.000104858	577.008
930	0.000104858	-1038.99
940	0.000104858	-1773.03
950	0.000104858	-543.559
960	0.000104858	737.448
970	0.000104858	-1010.03
980	0.000104858	-4182.07
990	0.000104858	-386.312
1000	0.000104858	19.4751
260	5.37824e-05	-2548.72
270	5.37824e-05	-7731.23
280	5.37824e-05	-1547.79
290	5.37824e-05	-5325.57
300	5.37824e-05	-4586.97
310	5.37824e-05	701.221
320	5.37824e-05	-1884.3
330	5.37824e-05	-3112.19
340	5.37824e-05	-6389.47
350	5.37824e-05	-3859.22
360	5.37824e-05	-1655
370	5.37824e-05	-132.7
380	5.37824e-05	433.222
390	5.37824e-05	-322.682
400	5.37824e-05	-7673.12
410	5.37824e-05	-2344.89
420	5.37824e-05	-2820.22
430	5.37824e-05	618.023
440	5.37824e-05	-474.102
450	5.37824e-05	-3586.22
460	5.37824e-05	659.531
470	5.37824e-05	714.234
480	5.37824e-05	-1617.11
490	5.37824e-05	-4423.5
500	5.37824e-05	-797.832
510	5.37824e-05	-3572.65
520	5.37824e-05	-339.81
530	5.37824e-05	-1781.46
540	5.37824e-05	-2872.6
550	5.37824e-05	-4069.64
560	5.37824e-05	-217.618
570	5.37824e-05	-19287.3
580	5.37824e-05	-1565.87
590	5.37824e-05	-725.203
600	5.37824e-05	-3022.62
610	5.37824e-05	-5165.78
620	5.37824e-05	935.545
630	5.37824e-05	-951.39
640	5.37824e-05	538.942
650	5.37824e-05	-3066.37
660	5.37824e-05	-5936.06
670	5.37824e-05	-652.879
680	5.37824e-05	-94.713
690	5.37824e-05	-1466.39
700	5.37824e-05	-1225.31
710	5.37824e-05	-7353.94
720	5.37824e-05	-6920.38
730	5.37824e-05	1072.59
740	5.37824e-05	-1234.24
750	5.37824e-05	532.753
760	5.37824e-05	-913.149
770	5.37824e-05	-1237.1
780	5.37824e-05	-3149.1
790	5.37824e-05	194.309
800	5.37824e-05	854.907
810	5.37824e-05	505.877
820	5.37824e-05	-4805.58
830	5.37824e-05	-832.767
840	5.37824e-05	1064.06
850	5.37824e-05	-814.626
860	5.37824e-05	-2528.85
870	5.37824e-05	429.593
880	5.37824e-05	-1702.09
890	5.37824e-05	-9368.49
900	5.37824e-05	-7502.5
910	5.37824e-05	592.866
920	5.37824e-05	244.924
930	5.37824e-05	1142.51
940	5.37824e-05	1409.94
950	5.37824e-05	-5101.01
960	5.37824e-05	1380.26
970	5.37824e-05	-115.47
980	5.37824e-05	-2175.71
990	5.37824e-05	-3174.55
1000	5.37824e-05	-4570.56
260	2.48832e-05	-1325.98
270	2.48832e-05	-510.947
280	2.48832e-05	-401.152
290	2.48832e-05	-63213.1
300	2.48832e-05	728.497
310	2.48832e-05	-194.503
320	2.48832e-05	712.613
330	2.48832e-05	1000.59
340	2.48832e-05	-3414.35
350	2.48832e-05	-1823.5
360	2.48832e-05	1163.94
370	2.48832e-05	306.43
380	2.48832e-05	943.215
390	2.48832e-05	1835.15
400	2.48832e-05	-1840.12
410	2.48832e-05	-404.398
420	2.48832e-05	-7774.93
430	2.48832e-05	1386.72
440	2.48832e-05	-11137.3
450	2.48832e-05	1100.08
460	2.48832e-05	-2185.81
470	2.48832e-05	1393.64
480	2.48832e-05	615.356
490	2.48832e-05	-3755.58
500	2.48832e-05	-718.261
510	2.48832e-05	591.694
520	2.48832e-05	-244.958
530	2.48832e-05	-766.512
540	2.48832e-05	-16.2609
550	2.48832e-05	1210.19
560	2.48832e-05	-4015.13
570	2.48832e-05	-4825.3
580	2.48832e-05	-2269.45
590	2.48832e-05	305.155
600	2.48832e-05	-6241.35
610	2.48832e-05	775.461
620	2.48832e-05	-1383.67
630	2.48832e-05	450.689
640	2.48832e-05	-2437.3
650	2.48832e-05	689.875
660	2.48832e-05	-1933.15
670	2.48832e-05	-6812.69
680	2.48832e-05	496.755
690	2.48832e-05	1221.7
700	2.48832e-05	-11350.6
710	2.48832e-05	343.618
720	2.48832e-05	-826.617
730	2.48832e-05	1021.99
740	2.48832e-05	-873.422
750	2.48832e-05	-1051.59
760	2.48832e-05	-10600.1
770	2.48832e-05	-2217.87
780	2.48832e-05	-252.245
790	2.48832e-05	-4917.65
800	2.48832e-05	-9880.32
810	2.48832e-05	-3056.55
820	2.48832e-05	1168.53
830	2.48832e-05	-2270.86
840	2.48832e-05	-5549.07
850	2.48832e-05	-4615.6
860	2.48832e-05	-268.18
870	2.48832e-05	-4347.66
880	2.48832e-05	-2167.42
890	2.48832e-05	638.13
900	2.48832e-05	-1627.72
910	2.48832e-05	-842.123
920	2.48832e-05	-212.752
930	2.48832e-05	-7849.46
940	2.48832e-05	-3830.21
950	2.48832e-05	-5776.58
960	2.48832e-05	718.165
970	2.48832e-05	-3612.71
980	2.48832e-05	967.53
990	2.48832e-05	807.248
1000	2.48832e-05	-6505.13
260	1e-05	-3396.34
270	1e-05	-8358.46
280	1e-05	-2647.1
290	1e-05	1172.63
300	1e-05	586.651
310	1e-05	-49370.2
320	1e-05	764.58
330	1e-05	274.15
340	1e-05	1296.05
350	1e-05	-2555.37
360	1e-05	-1062.44
370	1e-05	674.038
380	1e-05	-6548.18
390	1e-05	-1746.22
400	1e-05	656.492
410	1e-05	838.762
420	1e-05	-6420.56
430	1e-05	827.129
440	1e-05	-81080
450	1e-05	-352.148
460	1e-05	-603.51
470	1e-05	-7921.68
480	1e-05	-4253.71
490	1e-05	-6012.56
500	1e-05	437.016
510	1e-05	-1269.4
520	1e-05	-105203
530	1e-05	1052.59
540	1e-05	-2098
550	1e-05	705.244
560	1e-05	498.056
570	1e-05	-489.297
580	1e-05	-2434.57
590	1e-05	-6569.68
600	1e-05	-980.325
610	1e-05	-5614.44
620	1e-05	1284.12
630	1e-05	-29799.6
640	1e-05	1464.83
650	1e-05	-2479.22
660	1e-05	-5886.21
670	1e-05	-18311.9
680	1e-05	-2797.33
690	1e-05	-2207.63
700	1e-05	-5104.42
710	1e-05	1593.65
720	1e-05	-2974.09
730	1e-05	-1145.75
740	1e-05	844
750	1e-05	-12639.3
760	1e-05	1111.57
770	1e-05	-3556.06
780	1e-05	1176.9
790	1e-05	614.196
800	1e-05	-1695.41
810	1e-05	815.141
820	1e-05	1668.25
830	1e-05	-3811.73
840	1e-05	-2021.99
850	1e-05	1312.41
860	1e-05	866.798
870	1e-05	-6663.15
880	1e-05	-1891.57
890	1e-05	-4908.52
900	1e-05	-7683.44
910	1e-05	-28744.4
920	1e-05	-1992.57
930	1e-05	-8437.83
940	1e-05	-18090.6
950	1e-05	-67.4531
960	1e-05	1337.06
970	1e-05	796.181
980	1e-05	-3980.2
990	1e-05	404.546
1000	1e-05	-24163
260	3.2768e-06	-269734
270	3.2768e-06	-69782.1
280	3.2768e-06	96.7884
290	3.2768e-06	-1646.64
300	3.2768e-06	1506.35
310	3.2768e-06	-2773.41
320	3.2768e-06	1303.85
330	3.2768e-06	-557.922
340	3.2768e-06	-5114.88
350	3.2768e-06	1000.99
360	3.2768e-06	326.463
370	3.2768e-06	-6430.03
380	3.2768e-06	714.147
390	3.2768e-06	-2786.32
400	3.2768e-06	-3653.4
410	3.2768e-06	-2209.22
420	3.2768e-06	245.653
430	3.2768e-06	1344.16
440	3.2768e-06	-8076.95
450	3.2768e-06	-24482.2
460	3.2768e-06	-4243.16
470	3.2768e-06	763.99
480	3.2768e-06	1184.68
490	3.2768e-06	-9561.25
500	3.2768e-06	892.898
510	3.2768e-06	-29314.8
520	3.2768e-06	-3094.07
530	3.2768e-06	-13167
540	3.2768e-06	-467.399
550	3.2768e-06	1405.01
560	3.2768e-06	-5118.29
570	3.2768e-06	-4939.05
580	3.2768e-06	-7407.61
590	3.2768e-06	-5319.81
600	3.2768e-06	-1417.53
610	3.2768e-06	-7072.94
620	3.2768e-06	-3920.3
630	3.2768e-06	-4242.65
640	3.2768e-06	-604.16
650	3.2768e-06	614.248
660	3.2768e-06	-48404.3
670	3.2768e-06	-3695.34
680	3.2768e-06	-24862
690	3.2768e-06	-48358.6
700	3.2768e-06	-343.889
710	3.2768e-06	-5461.07
720	3.2768e-06	-3055.75
730	3.2768e-06	-3030.02
740	3.2768e-06	-4770.6
750	3.2768e-06	-6975.01
760	3.2768e-06	-3843.1
770	3.2768e-06	-484.884
780	3.2768e-06	-385.102
790	3.2768e-06	-5100.42
800	3.2768e-06	-32262.4
810	3.2768e-06	-27415.3
820	3.2768e-06	864.885
830	3.2768e-06	-4950.14
840	3.2768e-06	-3695.23
850	3.2768e-06	-6368.47
860	3.2768e-06	594.954
870	3.2768e-06	-2221.36
880	3.2768e-06	850.102
890	3.2768e-06	-977.751
900	3.2768e-06	-1639.34
910	3.2768e-06	-1452.84
920	3.2768e-06	1431.74
930	3.2768e-06	96.3113
940	3.2768e-06	-16438.3
950	3.2768e-06	1100.46
960	3.2768e-06	-7364.5
970	3.2768e-06	-8411.59
980	3.2768e-06	-2985.34
990	3.2768e-06	-109.552
1000	3.2768e-06	-1655.13
260	7.776e-07	165.43
270	7.776e-07	-357179
280	7.776e-07	1298.96
290	7.776e-07	-76776.5
300	7.776e-07	-1116.03
310	7.776e-07	-4672.59
320	7.776e-07	-531.969
330	7.776e-07	833.338
340	7.776e-07	1317.01
350	7.776e-07	-2630.86
360	7.776e-07	-6068.1
370	7.776e-07	-3398.45
380	7.776e-07	-2748.71
390	7.776e-07	-5481.07
400	7.776e-07	-90385
410	7.776e-07	-2974.3
420	7.776e-07	-8840.85
430	7.776e-07	-3584.23
440	7.776e-07	-1863.06
450	7.776e-07	-2382.49
460	7.776e-07	1076.93
470	7.776e-07	-17063.5
480	7.776e-07	-424.265
490	7.776e-07	-30.3746
500	7.776e-07	-3679.51
510	7.776e-07	-1490.72
520	7.776e-07	-816.688
530	7.776e-07	-80500.4
540	7.776e-07	1403.98
550	7.776e-07	-14516.7
560	7.776e-07	198.552
570	7.776e-07	952.054
580	7.776e-07	-5498.95
590	7.776e-07	-178958
600	7.776e-07	-1856.66
610	7.776e-07	-2910.14
620	7.776e-07	-679.709
630	7.776e-07	-4123.4
640	7.776e-07	-3752.38
650	7.776e-07	149.514
660	7.776e-07	-3348.39
670	7.776e-07	-4880.4
680	7.776e-07	-5124.07
690	7.776e-07	729.74
700	7.776e-07	-26380.7
710	7.776e-07	-249.27
720	7.776e-07	25.6503
730	7.776e-07	-7387.45
740	7.776e-07	426.496
750	7.776e-07	-103047
760	7.776e-07	-8701.5
770	7.776e-07	-7735.04
780	7.776e-07	-3961.32
790	7.776e-07	935.902
800	7.776e-07	-4030.41
810	7.776e-07	-5729.87
820	7.776e-07	1268.13
830	7.776e-07	-33369.5
840	7.776e-07	-4873.72
850	7.776e-07	-4708.8
860	7.776e-07	-1996.93
870	7.776e-07	-4619.55
880	7.776e-07	-574227
890	7.776e-07	1206.97
900	7.776e-07	-4377.02
910	7.776e-07	192.087
920	7.776e-07	-9606.29
930	7.776e-07	-1477.15
940	7.776e-07	-286.424
950	7.776e-07	471.826
960	7.776e-07	-1600.55
970	7.776e-07	-15888.6
980	7.776e-07	-523.79
990	7.776e-07	-8105.87
1000	7.776e-07	78.5134
260	1.024e-07	-56662.3
270	1.024e-07	-8803.12
280	1.024e-07	-26025.3
290	1.024e-07	-87457.7
300	1.024e-07	500.171
310	1.024e-07	-727.809
320	1.024e-07	-1.13463e+06
330	1.024e-07	-4929.25
340	1.024e-07	-5796.7
350	1.024e-07	-8741.5
360	1.024e-07	-1077.6
370	1.024e-07	294.059
380	1.024e-07	-274.983
390	1.024e-07	-2772.21
400	1.024e-07	1324.22
410	1.024e-07	-57393.6
420	1.024e-07	-11938.5
430	1.024e-07	-533.623
440	1.024e-07	-139.591
450	1.024e-07	-6683.43
460	1.024e-07	168.344
470	1.024e-07	796.162
480	1.024e-07	-564.754
490	1.024e-07	-9384.37
500	1.024e-07	-5601.84
510	1.024e-07	-467.922
520	1.024e-07	-2.33993e+06
530	1.024e-07	-1966.79
540	1.024e-07	-4048.45
550	1.024e-07	228.74
560	1.024e-07	-5827.82
570	1.024e-07	246.261
580	1.024e-07	-4061.15
590	1.024e-07	-5421.08
600	1.024e-07	-8635.09
610	1.024e-07	-597.146
620	1.024e-07	1362.33
630	1.024e-07	-10630.5
640	1.024e-07	-1344.33
650	1.024e-07	-1344.29
660	1.024e-07	-5785.41
670	1.024e-07	-2089.15
680	1.024e-07	-5744.26
690	1.024e-07	-6371.21
700	1.024e-07	1360.91
710	1.024e-07	-16678.8
720	1.024e-07	-31023.5
730	1.024e-07	-3100.97
740	1.024e-07	-5430.6
750	1.024e-07	397.724
760	1.024e-07	-1935.16
770	1.024e-07	-3181.81
780	1.024e-07	-2190.77
790	1.024e-07	-184281
800	1.024e-07	766.378
810	1.024e-07	-200547
820	1.024e-07	-11473.9
830	1.024e-07	-2868.02
840	1.024e-07	-1356.55
850	1.024e-07	1174.48
860	1.024e-07	-1935.04
870	1.024e-07	540.487
880	1.024e-07	-496915
890	1.024e-07	-37.412
900	1.024e-07	95.9709
910	1.024e-07	-211.404
920	1.024e-07	-150277
930	1.024e-07	-12176.4
940	1.024e-07	-204.009
950	1.024e-07	-10194.8
960	1.024e-07	-266538
970	1.024e-07	-24799.6
980	1.024e-07	551.64
990	1.024e-07	829.596
1000	1.024e-07	-312.3
260	3.2e-09	530.947
270	3.2e-09	-4572.57
280	3.2e-09	-2684.74
290	3.2e-09	707.716
300	3.2e-09	-200871
310	3.2e-09	-1956.97
320	3.2e-09	-4005.5
330	3.2e-09	-293.582
340	3.2e-09	-452638
350	3.2e-09	-3056.72
360	3.2e-09	475.228
370	3.2e-09	820.129
380	3.2e-09	-3154.72
390	3.2e-09	-1020.68
400	3.2e-09	-2792.03
410	3.2e-09	297.696
420	3.2e-09	-2856.08
430	3.2e-09	-6974.56
440	3.2e-09	-2023.52
450	3.2e-09	-3.43788e+06
460	3.2e-09	1517.71
470	3.2e-09	-1.01094e+06
480	3.2e-09	-1690.3
490	3.2e-09	-2667.41
500	3.2e-09	-3789.43
510	3.2e-09	-2842.3
520	3.2e-09	-6622.81
530	3.2e-09	930.137
540	3.2e-09	-1251.57
550	3.2e-09	-1226.5
560	3.2e-09	-4160.93
570	3.2e-09	-108102
580	3.2e-09	-2.25647e+07
590	3.2e-09	821.999
600	3.2e-09	-1766.43
610	3.2e-09	-3182.48
620	3.2e-09	-1920.5
630	3.2e-09	-1153.23
640	3.2e-09	529.298
650	3.2e-09	-2891.65
660	3.2e-09	-4028.15
670	3.2e-09	286.757
680	3.2e-09	839.814
690	3.2e-09	-4864.94
700	3.2e-09	-4511.64
710	3.2e-09	-599.789
720	3.2e-09	1016.86
730	3.2e-09	652.299
740	3.2e-09	-2361.07
750	3.2e-09	-2798.51
760	3.2e-09	-1.64743e+07
770	3.2e-09	-2114.85
780	3.2e-09	-610566
790	3.2e-09	-3960.86
800	3.2e-09	-3617.14
810	3.2e-09	-14932
820	3.2e-09	-3220.8
830	3.2e-09	-1211.68
840	3.2e-09	-2423.41
850	3.2e-09	-3611.66
860	3.2e-09	-659.361
870	3.2e-09	-1418.16
880	3.2e-09	983.979
890	3.2e-09	-841.828
900	3.2e-09	-71727.5
910	3.2e-09	901.781
920	3.2e-09	-3014.89
930	3.2e-09	-50166.9
940	3.2e-09	-43294
950	3.2e-09	-1898.22
960	3.2e-09	-23821.8
970	3.2e-09	-763.401
980	3.2e-09	-1803.41
990	3.2e-09	665.153
1000	3.2e-09	1309.5
260	1.16658e-302	-6874.39
270	1.16658e-302	-2481.43
280	1.16658e-302	-21816.9
290	1.16658e-302	-7266.38
300	1.16658e-302	-14485.7
310	1.16658e-302	-5986.63
320	1.16658e-302	-4334.79
330	1.16658e-302	-4216.15
340	1.16658e-302	-8222.41
350	1.16658e-302	-6028.26
360	1.16658e-302	-162149
370	1.16658e-302	-5432.44
380	1.16658e-302	-2940.12
390	1.16658e-302	-649672
400	1.16658e-302	-2003.96
410	1.16658e-302	385.82
420	1.16658e-302	-1024.22
430	1.16658e-302	-1664.57
440	1.16658e-302	-621.664
450	1.16658e-302	-5784.31
460	1.16658e-302	-3945.09
470	1.16658e-302	-1695.1
480	1.16658e-302	-1139.72
490	1.16658e-302	-97386.3
500	1.16658e-302	-3612.68
510	1.16658e-302	-3872.14
520	1.16658e-302	-4726.02
530	1.16658e-302	-542746
540	1.16658e-302	-119795
550	1.16658e-302	-1705.07
560	1.16658e-302	-6715.64
570	1.16658e-302	-9669.94
580	1.16658e-302	206.951
590	1.16658e-302	-1058.31
600	1.16658e-302	1132.17
610	1.16658e-302	-1135.5
620	1.16658e-302	-4300.97
630	1.16658e-302	1228.55
640	1.16658e-302	-3.7416e+06
650	1.16658e-302	-9424.89
660	1.16658e-302	-9417.67
670	1.16658e-302	187.862
680	1.16658e-302	1466.81
690	1.16658e-302	-1836.6
700	1.16658e-302	-296.443
710	1.16658e-302	-687.698
720	1.16658e-302	-30885.9
730	1.16658e-302	131.784
740	1.16658e-302	-17476.3
750	1.16658e-302	-3395.89
760	1.16658e-302	-3.71795e+06
770	1.16658e-302	1197.53
780	1.16658e-302	-5596.19
790	1.16658e-302	-1764.28
800	1.16658e-302	444.876
810	1.16658e-302	-2559.64
820	1.16658e-302	-125170
830	1.16658e-302	-1210.67
840	1.16658e-302	332.824
850	1.16658e-302	-1867.47
860	1.16658e-302	-585.316
870	1.16658e-302	-6458.66
880	1.16658e-302	-620.761
890	1.16658e-302	-2377.92
900	1.16658e-302	-6141.15
910	1.16658e-302	-10595.2
920	1.16658e-302	-10473.1
930	1.16658e-302	-5176.8
940	1.16658e-302	-2.25191e+06
950	1.16658e-302	360.709
960	1.16658e-302	-481.945
970	1.16658e-302	-18870.7
980	1.16658e-302	317.625
990	1.16658e-302	-875.392
1000	1.16658e-302	-105.2
