state	power	likelihood
260	1	90344.5
270	1	90434
280	1	90455.5
290	1	90473.3
300	1	90483.1
310	1	90555.5
320	1	90589.9
330	1	90649.2
340	1	90716.4
350	1	90725
360	1	90816.5
370	1	90836.7
380	1	90897.9
390	1	90926.7
400	1	90991
410	1	91051.7
420	1	91080.1
430	1	91105
440	1	91113.3
450	1	91162.6
460	1	91175.1
470	1	91204.4
480	1	91251.8
490	1	91279.1
500	1	91306.1
510	1	91326.2
520	1	91376.2
530	1	91399.1
540	1	91456.4
550	1	91481.8
560	1	91519.8
570	1	91535.5
580	1	91566.9
590	1	91637
600	1	91651
610	1	91694.7
620	1	91711.9
630	1	91747.8
640	1	91801.8
650	1	91849.1
660	1	91856.3
670	1	91876.2
680	1	91893.5
690	1	91908.1
700	1	91934.9
710	1	91965.2
720	1	92015.1
730	1	92072.1
740	1	92097.9
750	1	92123.1
760	1	92152.9
770	1	92170.8
780	1	92220.5
790	1	92241.9
800	1	92265
810	1	92305.4
820	1	92312.1
830	1	92371.3
840	1	92392.1
850	1	92422.9
860	1	92463.3
870	1	92509.6
880	1	92537.7
890	1	92578.7
900	1	92622.7
910	1	92653.7
920	1	92703.8
930	1	92741.3
940	1	92794.8
950	1	92835
960	1	92873.7
970	1	92892
980	1	92924.5
990	1	92940.5
1000	1	92954.7
260	0.903921	97130.1
270	0.903921	97172.5
280	0.903921	97192.1
290	0.903921	97211.2
300	0.903921	97243
310	0.903921	97262.5
320	0.903921	97284.3
330	0.903921	97304.8
340	0.903921	97358.1
350	0.903921	97387.7
360	0.903921	97406.4
370	0.903921	97436.4
380	0.903921	97461.1
390	0.903921	97481.3
400	0.903921	97484.2
410	0.903921	97527.6
420	0.903921	97539.6
430	0.903921	97572.9
440	0.903921	97594.6
450	0.903921	97624
460	0.903921	97644.9
470	0.903921	97677.3
480	0.903921	97716.1
490	0.903921	97754.3
500	0.903921	97763.3
510	0.903921	97811.2
520	0.903921	97834.5
530	0.903921	97871.5
540	0.903921	97911.7
550	0.903921	97913.5
560	0.903921	97943
570	0.903921	97997.5
580	0.903921	98049.2
590	0.903921	98089
600	0.903921	98102.8
610	0.903921	98144.4
620	0.903921	98170.4
630	0.903921	98206
640	0.903921	98224
650	0.903921	98223.5
660	0.903921	98242.2
670	0.903921	98259
680	0.903921	98289.5
690	0.903921	98302.8
700	0.903921	98355.5
710	0.903921	98394
720	0.903921	98429.2
730	0.903921	98441
740	0.903921	98461.6
750	0.903921	98504.1
760	0.903921	98554.3
770	0.903921	98572.7
780	0.903921	98619.1
790	0.903921	98674.8
800	0.903921	98697.5
810	0.903921	98733.7
820	0.903921	98765.6
830	0.903921	98786.4
840	0.903921	98844.3
850	0.903921	98869.9
860	0.903921	98893.1
870	0.903921	98948.5
880	0.903921	98977
890	0.903921	99016.9
900	0.903921	99034.3
910	0.903921	99070.5
920	0.903921	99123.3
930	0.903921	99169.3
940	0.903921	99172.2
950	0.903921	99206.5
960	0.903921	99214.5
970	0.903921	99240.8
980	0.903921	99266.7
990	0.903921	99285.3
1000	0.903921	99311.5
260	0.815373	103470
270	0.815373	103517
280	0.815373	103552
290	0.815373	103611
300	0.815373	103647
310	0.815373	103658
320	0.815373	103681
330	0.815373	103705
340	0.815373	103735
350	0.815373	103787
360	0.815373	103825
370	0.815373	103854
380	0.815373	103863
390	0.815373	103876
400	0.815373	103904
410	0.815373	103926
420	0.815373	103966
430	0.815373	104015
440	0.815373	104053
450	0.815373	104078
460	0.815373	104149
470	0.815373	104147
480	0.815373	104191
490	0.815373	104217
500	0.815373	104289
510	0.815373	104347
520	0.815373	104410
530	0.815373	104435
540	0.815373	104477
550	0.815373	104537
560	0.815373	104589
570	0.815373	104611
580	0.815373	104654
590	0.815373	104721
600	0.815373	104747
610	0.815373	104758
620	0.815373	104823
630	0.815373	104852
640	0.815373	104906
650	0.815373	104956
660	0.815373	104972
670	0.815373	104980
680	0.815373	105018
690	0.815373	105026
700	0.815373	105060
710	0.815373	105099
720	0.815373	105106
730	0.815373	105100
740	0.815373	105141
750	0.815373	105177
760	0.815373	105193
770	0.815373	105240
780	0.815373	105284
790	0.815373	105296
800	0.815373	105328
810	0.815373	105356
820	0.815373	105406
830	0.815373	105456
840	0.815373	105456
850	0.815373	105487
860	0.815373	105565
870	0.815373	105601
880	0.815373	105636
890	0.815373	105660
900	0.815373	105694
910	0.815373	105746
920	0.815373	105779
930	0.815373	105780
940	0.815373	105795
950	0.815373	105826
960	0.815373	105861
970	0.815373	105910
980	0.815373	105951
990	0.815373	105978
1000	0.815373	106030
260	0.733904	110083
270	0.733904	110122
280	0.733904	110155
290	0.733904	110175
300	0.733904	110188
310	0.733904	110241
320	0.733904	110279
330	0.733904	110303
340	0.733904	110366
350	0.733904	110415
360	0.733904	110434
370	0.733904	110479
380	0.733904	110511
390	0.733904	110529
400	0.733904	110575
410	0.733904	110575
420	0.733904	110632
430	0.733904	110675
440	0.733904	110721
450	0.733904	110756
460	0.733904	110812
470	0.733904	110835
480	0.733904	110887
490	0.733904	110906
500	0.733904	110947
510	0.733904	110997
520	0.733904	111003
530	0.733904	111036
540	0.733904	111049
550	0.733904	111069
560	0.733904	111114
570	0.733904	111154
580	0.733904	111170
590	0.733904	111197
600	0.733904	111198
610	0.733904	111230
620	0.733904	111295
630	0.733904	111326
640	0.733904	111356
650	0.733904	111419
660	0.733904	111454
670	0.733904	111492
680	0.733904	111538
690	0.733904	111566
700	0.733904	111591
710	0.733904	111632
720	0.733904	111641
730	0.733904	111654
740	0.733904	111719
750	0.733904	111726
760	0.733904	111764
770	0.733904	111801
780	0.733904	111826
790	0.733904	111857
800	0.733904	111905
810	0.733904	111937
820	0.733904	111978
830	0.733904	112002
840	0.733904	112045
850	0.733904	112074
860	0.733904	112130
870	0.733904	112184
880	0.733904	112206
890	0.733904	112248
900	0.733904	112268
910	0.733904	112316
920	0.733904	112365
930	0.733904	112396
940	0.733904	112405
950	0.733904	112456
960	0.733904	112486
970	0.733904	112522
980	0.733904	112557
990	0.733904	112562
1000	0.733904	112583
260	0.659082	116770
270	0.659082	116840
280	0.659082	116869
290	0.659082	116916
300	0.659082	116964
310	0.659082	116996
320	0.659082	117015
330	0.659082	117045
340	0.659082	117084
350	0.659082	117094
360	0.659082	117152
370	0.659082	117154
380	0.659082	117198
390	0.659082	117223
400	0.659082	117242
410	0.659082	117286
420	0.659082	117331
430	0.659082	117355
440	0.659082	117382
450	0.659082	117421
460	0.659082	117451
470	0.659082	117496
480	0.659082	117512
490	0.659082	117534
500	0.659082	117572
510	0.659082	117620
520	0.659082	117670
530	0.659082	117708
540	0.659082	117708
550	0.659082	117739
560	0.659082	117737
570	0.659082	117763
580	0.659082	117780
590	0.659082	117825
600	0.659082	117832
610	0.659082	117893
620	0.659082	117916
630	0.659082	117943
640	0.659082	117979
650	0.659082	117987
660	0.659082	118016
670	0.659082	118021
680	0.659082	118050
690	0.659082	118092
700	0.659082	118120
710	0.659082	118142
720	0.659082	118174
730	0.659082	118197
740	0.659082	118222
750	0.659082	118247
760	0.659082	118297
770	0.659082	118313
780	0.659082	118369
790	0.659082	118394
800	0.659082	118420
810	0.659082	118454
820	0.659082	118478
830	0.659082	118504
840	0.659082	118539
850	0.659082	118564
860	0.659082	118637
870	0.659082	118684
880	0.659082	118708
890	0.659082	118719
900	0.659082	118742
910	0.659082	118790
920	0.659082	118841
930	0.659082	118887
940	0.659082	118917
950	0.659082	118952
960	0.659082	118975
970	0.659082	119023
980	0.659082	119019
990	0.659082	119079
1000	0.659082	119117
260	0.59049	123008
270	0.59049	123040
280	0.59049	123064
290	0.59049	123094
300	0.59049	123148
310	0.59049	123143
320	0.59049	123196
330	0.59049	123226
340	0.59049	123273
350	0.59049	123297
360	0.59049	123313
370	0.59049	123333
380	0.59049	123366
390	0.59049	123435
400	0.59049	123467
410	0.59049	123502
420	0.59049	123563
430	0.59049	123580
440	0.59049	123604
450	0.59049	123632
460	0.59049	123662
470	0.59049	123675
480	0.59049	123691
490	0.59049	123718
500	0.59049	123745
510	0.59049	123784
520	0.59049	123839
530	0.59049	123865
540	0.59049	123917
550	0.59049	123945
560	0.59049	123978
570	0.59049	123986
580	0.59049	123998
590	0.59049	124000
600	0.59049	124069
610	0.59049	124097
620	0.59049	124141
630	0.59049	124190
640	0.59049	124232
650	0.59049	124272
660	0.59049	124316
670	0.59049	124353
680	0.59049	124379
690	0.59049	124411
700	0.59049	124433
710	0.59049	124468
720	0.59049	124497
730	0.59049	124502
740	0.59049	124538
750	0.59049	124586
760	0.59049	124627
770	0.59049	124648
780	0.59049	124676
790	0.59049	124703
800	0.59049	124741
810	0.59049	124784
820	0.59049	124831
830	0.59049	124854
840	0.59049	124857
850	0.59049	124901
860	0.59049	124904
870	0.59049	124930
880	0.59049	124941
890	0.59049	124988
900	0.59049	125032
910	0.59049	125088
920	0.59049	125104
930	0.59049	125122
940	0.59049	125153
950	0.59049	125198
960	0.59049	125224
970	0.59049	125269
980	0.59049	125294
990	0.59049	125353
1000	0.59049	125387
260	0.527732	129761
270	0.527732	129784
280	0.527732	129798
290	0.527732	129825
300	0.527732	129872
310	0.527732	129877
320	0.527732	129901
330	0.527732	129924
340	0.527732	129964
350	0.527732	129982
360	0.527732	130001
370	0.527732	130025
380	0.527732	130047
390	0.527732	130064
400	0.527732	130094
410	0.527732	130124
420	0.527732	130176
430	0.527732	130181
440	0.527732	130228
450	0.527732	130260
460	0.527732	130322
470	0.527732	130350
480	0.527732	130379
490	0.527732	130408
500	0.527732	130463
510	0.527732	130509
520	0.527732	130504
530	0.527732	130535
540	0.527732	130549
550	0.527732	130575
560	0.527732	130596
570	0.527732	130633
580	0.527732	130664
590	0.527732	130687
600	0.527732	130790
610	0.527732	130840
620	0.527732	130882
630	0.527732	130930
640	0.527732	130978
650	0.527732	131013
660	0.527732	131031
670	0.527732	131051
680	0.527732	131094
690	0.527732	131106
700	0.527732	131140
710	0.527732	131177
720	0.527732	131191
730	0.527732	131199
740	0.527732	131214
750	0.527732	131243
760	0.527732	131268
770	0.527732	131299
780	0.527732	131342
790	0.527732	131353
800	0.527732	131388
810	0.527732	131453
820	0.527732	131507
830	0.527732	131536
840	0.527732	131581
850	0.527732	131617
860	0.527732	131664
870	0.527732	131688
880	0.527732	131725
890	0.527732	131766
900	0.527732	131798
910	0.527732	131858
920	0.527732	131868
930	0.527732	131933
940	0.527732	131968
950	0.527732	131999
960	0.527732	132052
970	0.527732	132088
980	0.527732	132088
990	0.527732	132130
1000	0.527732	132143
260	0.470427	135965
270	0.470427	135986
280	0.470427	136027
290	0.470427	136025
300	0.470427	136058
310	0.470427	136082
320	0.470427	136103
330	0.470427	136113
340	0.470427	136158
350	0.470427	136198
360	0.470427	136241
370	0.470427	136271
380	0.470427	136305
390	0.470427	136329
400	0.470427	136369
410	0.470427	136410
420	0.470427	136445
430	0.470427	136452
440	0.470427	136470
450	0.470427	136513
460	0.470427	136575
470	0.470427	136609
480	0.470427	136608
490	0.470427	136624
500	0.470427	136658
510	0.470427	136663
520	0.470427	136704
530	0.470427	136782
540	0.470427	136791
550	0.470427	136835
560	0.470427	136882
570	0.470427	136901
580	0.470427	136959
590	0.470427	137007
600	0.470427	137056
610	0.470427	137073
620	0.470427	137130
630	0.470427	137126
640	0.470427	137147
650	0.470427	137209
660	0.470427	137251
670	0.470427	137266
680	0.470427	137294
690	0.470427	137336
700	0.470427	137334
710	0.470427	137360
720	0.470427	137379
730	0.470427	137386
740	0.470427	137408
750	0.470427	137403
760	0.470427	137409
770	0.470427	137436
780	0.470427	137456
790	0.470427	137482
800	0.470427	137516
810	0.470427	137557
820	0.470427	137574
830	0.470427	137598
840	0.470427	137626
850	0.470427	137652
860	0.470427	137681
870	0.470427	137710
880	0.470427	137748
890	0.470427	137773
900	0.470427	137817
910	0.470427	137806
920	0.470427	137862
930	0.470427	137902
940	0.470427	137938
950	0.470427	137983
960	0.470427	138040
970	0.470427	138042
980	0.470427	138076
990	0.470427	138098
1000	0.470427	138130
260	0.418212	141712
270	0.418212	141744
280	0.418212	141772
290	0.418212	141803
300	0.418212	141824
310	0.418212	141824
320	0.418212	141871
330	0.418212	141889
340	0.418212	141938
350	0.418212	141959
360	0.418212	141992
370	0.418212	141997
380	0.418212	142029
390	0.418212	142085
400	0.418212	142084
410	0.418212	142159
420	0.418212	142185
430	0.418212	142190
440	0.418212	142203
450	0.418212	142215
460	0.418212	142267
470	0.418212	142307
480	0.418212	142381
490	0.418212	142390
500	0.418212	142392
510	0.418212	142419
520	0.418212	142425
530	0.418212	142442
540	0.418212	142449
550	0.418212	142525
560	0.418212	142526
570	0.418212	142547
580	0.418212	142553
590	0.418212	142594
600	0.418212	142608
610	0.418212	142662
620	0.418212	142696
630	0.418212	142745
640	0.418212	142784
650	0.418212	142803
660	0.418212	142876
670	0.418212	142923
680	0.418212	142948
690	0.418212	142956
700	0.418212	143000
710	0.418212	143042
720	0.418212	143050
730	0.418212	143064
740	0.418212	143093
750	0.418212	143099
760	0.418212	143101
770	0.418212	143148
780	0.418212	143170
790	0.418212	143203
800	0.418212	143227
810	0.418212	143263
820	0.418212	143290
830	0.418212	143317
840	0.418212	143333
850	0.418212	143374
860	0.418212	143419
870	0.418212	143460
880	0.418212	143490
890	0.418212	143505
900	0.418212	143546
910	0.418212	143593
920	0.418212	143594
930	0.418212	143629
940	0.418212	143685
950	0.418212	143692
960	0.418212	143686
970	0.418212	143718
980	0.418212	143746
990	0.418212	143773
1000	0.418212	143822
260	0.37074	147574
270	0.37074	147601
280	0.37074	147649
290	0.37074	147658
300	0.37074	147709
310	0.37074	147747
320	0.37074	147787
330	0.37074	147815
340	0.37074	147835
350	0.37074	147831
360	0.37074	147862
370	0.37074	147884
380	0.37074	147919
390	0.37074	147947
400	0.37074	147959
410	0.37074	147990
420	0.37074	148033
430	0.37074	148057
440	0.37074	148059
450	0.37074	148095
460	0.37074	148116
470	0.37074	148139
480	0.37074	148182
490	0.37074	148202
500	0.37074	148201
510	0.37074	148235
520	0.37074	148264
530	0.37074	148304
540	0.37074	148305
550	0.37074	148330
560	0.37074	148349
570	0.37074	148355
580	0.37074	148399
590	0.37074	148399
600	0.37074	148414
610	0.37074	148440
620	0.37074	148431
630	0.37074	148484
640	0.37074	148500
650	0.37074	148533
660	0.37074	148552
670	0.37074	148575
680	0.37074	148603
690	0.37074	148643
700	0.37074	148666
710	0.37074	148711
720	0.37074	148718
730	0.37074	148748
740	0.37074	148782
750	0.37074	148811
760	0.37074	148814
770	0.37074	148841
780	0.37074	148872
790	0.37074	148910
800	0.37074	148915
810	0.37074	148902
820	0.37074	148934
830	0.37074	148972
840	0.37074	148995
850	0.37074	149019
860	0.37074	149036
870	0.37074	149086
880	0.37074	149079
890	0.37074	149100
900	0.37074	149145
910	0.37074	149178
920	0.37074	149186
930	0.37074	149213
940	0.37074	149227
950	0.37074	149257
960	0.37074	149269
970	0.37074	149268
980	0.37074	149302
990	0.37074	149310
1000	0.37074	149325
260	0.32768	152662
270	0.32768	152663
280	0.32768	152678
290	0.32768	152713
300	0.32768	152749
310	0.32768	152785
320	0.32768	152787
330	0.32768	152826
340	0.32768	152827
350	0.32768	152836
360	0.32768	152853
370	0.32768	152898
380	0.32768	152931
390	0.32768	152944
400	0.32768	152986
410	0.32768	152995
420	0.32768	153008
430	0.32768	153057
440	0.32768	153080
450	0.32768	153109
460	0.32768	153130
470	0.32768	153161
480	0.32768	153180
490	0.32768	153215
500	0.32768	153239
510	0.32768	153251
520	0.32768	153265
530	0.32768	153277
540	0.32768	153319
550	0.32768	153340
560	0.32768	153346
570	0.32768	153357
580	0.32768	153355
590	0.32768	153365
600	0.32768	153376
610	0.32768	153383
620	0.32768	153403
630	0.32768	153419
640	0.32768	153476
650	0.32768	153487
660	0.32768	153510
670	0.32768	153541
680	0.32768	153575
690	0.32768	153605
700	0.32768	153634
710	0.32768	153666
720	0.32768	153664
730	0.32768	153713
740	0.32768	153752
750	0.32768	153754
760	0.32768	153763
770	0.32768	153774
780	0.32768	153805
790	0.32768	153864
800	0.32768	153876
810	0.32768	153884
820	0.32768	153922
830	0.32768	153980
840	0.32768	154019
850	0.32768	154026
860	0.32768	154034
870	0.32768	154045
880	0.32768	154093
890	0.32768	154117
900	0.32768	154125
910	0.32768	154157
920	0.32768	154170
930	0.32768	154230
940	0.32768	154231
950	0.32768	154261
960	0.32768	154296
970	0.32768	154336
980	0.32768	154340
990	0.32768	154391
1000	0.32768	154414
260	0.288717	157610
270	0.288717	157649
280	0.288717	157692
290	0.288717	157730
300	0.288717	157737
310	0.288717	157746
320	0.288717	157767
330	0.288717	157779
340	0.288717	157816
350	0.288717	157844
360	0.288717	157866
370	0.288717	157874
380	0.288717	157908
390	0.288717	157964
400	0.288717	158019
410	0.288717	158065
420	0.288717	158087
430	0.288717	158121
440	0.288717	158149
450	0.288717	158172
460	0.288717	158192
470	0.288717	158216
480	0.288717	158231
490	0.288717	158247
500	0.288717	158283
510	0.288717	158314
520	0.288717	158346
530	0.288717	158358
540	0.288717	158392
550	0.288717	158438
560	0.288717	158463
570	0.288717	158461
580	0.288717	158480
590	0.288717	158513
600	0.288717	158548
610	0.288717	158617
620	0.288717	158639
630	0.288717	158669
640	0.288717	158672
650	0.288717	158728
660	0.288717	158751
670	0.288717	158792
680	0.288717	158777
690	0.288717	158790
700	0.288717	158823
710	0.288717	158855
720	0.288717	158906
730	0.288717	158943
740	0.288717	158966
750	0.288717	158996
760	0.288717	159007
770	0.288717	159026
780	0.288717	159055
790	0.288717	159071
800	0.288717	159148
810	0.288717	159175
820	0.288717	159171
830	0.288717	159208
840	0.288717	159246
850	0.288717	159268
860	0.288717	159287
870	0.288717	159315
880	0.288717	159319
890	0.288717	159325
900	0.288717	159362
910	0.288717	159369
920	0.288717	159401
930	0.288717	159432
940	0.288717	159438
950	0.288717	159452
960	0.288717	159504
970	0.288717	159512
980	0.288717	159576
990	0.288717	159609
1000	0.288717	159637
260	0.253553	163289
270	0.253553	163310
280	0.253553	163344
290	0.253553	163367
300	0.253553	163420
310	0.253553	163489
320	0.253553	163520
330	0.253553	163545
340	0.253553	163579
350	0.253553	163622
360	0.253553	163632
370	0.253553	163696
380	0.253553	163702
390	0.253553	163711
400	0.253553	163728
410	0.253553	163783
420	0.253553	163785
430	0.253553	163815
440	0.253553	163827
450	0.253553	163845
460	0.253553	163872
470	0.253553	163917
480	0.253553	163975
490	0.253553	163971
500	0.253553	163994
510	0.253553	164029
520	0.253553	164036
530	0.253553	164040
540	0.253553	164057
550	0.253553	164106
560	0.253553	164126
570	0.253553	164135
580	0.253553	164140
590	0.253553	164141
600	0.253553	164178
610	0.253553	164220
620	0.253553	164254
630	0.253553	164277
640	0.253553	164336
650	0.253553	164361
660	0.253553	164383
670	0.253553	164462
680	0.253553	164483
690	0.253553	164499
700	0.253553	164494
710	0.253553	164526
720	0.253553	164574
730	0.253553	164586
740	0.253553	164597
750	0.253553	164663
760	0.253553	164706
770	0.253553	164760
780	0.253553	164794
790	0.253553	164836
800	0.253553	164855
810	0.253553	164911
820	0.253553	164909
830	0.253553	164942
840	0.253553	164976
850	0.253553	164991
860	0.253553	164975
870	0.253553	165049
880	0.253553	165070
890	0.253553	165148
900	0.253553	165147
910	0.253553	165179
920	0.253553	165213
930	0.253553	165211
940	0.253553	165242
950	0.253553	165269
960	0.253553	165338
970	0.253553	165361
980	0.253553	165419
990	0.253553	165441
1000	0.253553	165489
260	0.221901	168934
270	0.221901	168999
280	0.221901	169057
290	0.221901	169081
300	0.221901	169116
310	0.221901	169143
320	0.221901	169147
330	0.221901	169195
340	0.221901	169210
350	0.221901	169248
360	0.221901	169291
370	0.221901	169268
380	0.221901	169323
390	0.221901	169352
400	0.221901	169355
410	0.221901	169402
420	0.221901	169389
430	0.221901	169399
440	0.221901	169438
450	0.221901	169495
460	0.221901	169536
470	0.221901	169534
480	0.221901	169548
490	0.221901	169556
500	0.221901	169601
510	0.221901	169636
520	0.221901	169660
530	0.221901	169704
540	0.221901	169742
550	0.221901	169748
560	0.221901	169778
570	0.221901	169818
580	0.221901	169819
590	0.221901	169852
600	0.221901	169876
610	0.221901	169894
620	0.221901	169913
630	0.221901	169948
640	0.221901	169987
650	0.221901	169999
660	0.221901	170021
670	0.221901	170054
680	0.221901	170059
690	0.221901	170086
700	0.221901	170103
710	0.221901	170129
720	0.221901	170194
730	0.221901	170231
740	0.221901	170251
750	0.221901	170260
760	0.221901	170284
770	0.221901	170304
780	0.221901	170307
790	0.221901	170330
800	0.221901	170344
810	0.221901	170325
820	0.221901	170389
830	0.221901	170403
840	0.221901	170434
850	0.221901	170447
860	0.221901	170442
870	0.221901	170480
880	0.221901	170483
890	0.221901	170541
900	0.221901	170573
910	0.221901	170588
920	0.221901	170607
930	0.221901	170602
940	0.221901	170669
950	0.221901	170681
960	0.221901	170717
970	0.221901	170709
980	0.221901	170757
990	0.221901	170790
1000	0.221901	170822
260	0.193492	173996
270	0.193492	174018
280	0.193492	174052
290	0.193492	174068
300	0.193492	174096
310	0.193492	174114
320	0.193492	174139
330	0.193492	174186
340	0.193492	174214
350	0.193492	174230
360	0.193492	174261
370	0.193492	174311
380	0.193492	174350
390	0.193492	174373
400	0.193492	174378
410	0.193492	174404
420	0.193492	174444
430	0.193492	174461
440	0.193492	174459
450	0.193492	174488
460	0.193492	174487
470	0.193492	174527
480	0.193492	174573
490	0.193492	174593
500	0.193492	174606
510	0.193492	174615
520	0.193492	174668
530	0.193492	174669
540	0.193492	174704
550	0.193492	174708
560	0.193492	174701
570	0.193492	174743
580	0.193492	174741
590	0.193492	174740
600	0.193492	174776
610	0.193492	174781
620	0.193492	174787
630	0.193492	174797
640	0.193492	174817
650	0.193492	174817
660	0.193492	174815
670	0.193492	174846
680	0.193492	174871
690	0.193492	174899
700	0.193492	174937
710	0.193492	174962
720	0.193492	174970
730	0.193492	175000
740	0.193492	174989
750	0.193492	174996
760	0.193492	175041
770	0.193492	175058
780	0.193492	175093
790	0.193492	175101
800	0.193492	175131
810	0.193492	175199
820	0.193492	175203
830	0.193492	175245
840	0.193492	175252
850	0.193492	175251
860	0.193492	175276
870	0.193492	175304
880	0.193492	175331
890	0.193492	175355
900	0.193492	175360
910	0.193492	175364
920	0.193492	175383
930	0.193492	175377
940	0.193492	175402
950	0.193492	175399
960	0.193492	175429
970	0.193492	175427
980	0.193492	175461
990	0.193492	175456
1000	0.193492	175441
260	0.16807	176246
270	0.16807	176245
280	0.16807	176217
290	0.16807	176236
300	0.16807	176258
310	0.16807	176259
320	0.16807	176247
330	0.16807	176253
340	0.16807	176251
350	0.16807	176252
360	0.16807	176243
370	0.16807	176261
380	0.16807	176268
390	0.16807	176268
400	0.16807	176286
410	0.16807	176286
420	0.16807	176301
430	0.16807	176277
440	0.16807	176276
450	0.16807	176290
460	0.16807	176271
470	0.16807	176293
480	0.16807	176301
490	0.16807	176313
500	0.16807	176317
510	0.16807	176296
520	0.16807	176311
530	0.16807	176306
540	0.16807	176320
550	0.16807	176309
560	0.16807	176307
570	0.16807	176304
580	0.16807	176296
590	0.16807	176328
600	0.16807	176308
610	0.16807	176316
620	0.16807	176319
630	0.16807	176333
640	0.16807	176327
650	0.16807	176327
660	0.16807	176332
670	0.16807	176339
680	0.16807	176325
690	0.16807	176347
700	0.16807	176348
710	0.16807	176349
720	0.16807	176307
730	0.16807	176331
740	0.16807	176340
750	0.16807	176342
760	0.16807	176325
770	0.16807	176316
780	0.16807	176302
790	0.16807	176300
800	0.16807	176325
810	0.16807	176318
820	0.16807	176330
830	0.16807	176321
840	0.16807	176325
850	0.16807	176326
860	0.16807	176307
870	0.16807	176312
880	0.16807	176322
890	0.16807	176331
900	0.16807	176321
910	0.16807	176336
920	0.16807	176318
930	0.16807	176337
940	0.16807	176351
950	0.16807	176336
960	0.16807	176346
970	0.16807	176316
980	0.16807	176335
990	0.16807	176333
1000	0.16807	176341
260	0.145393	176372
270	0.145393	176378
280	0.145393	176374
290	0.145393	176351
300	0.145393	176355
310	0.145393	176366
320	0.145393	176362
330	0.145393	176369
340	0.145393	176349
350	0.145393	176371
360	0.145393	176378
370	0.145393	176382
380	0.145393	176380
390	0.145393	176367
400	0.145393	176378
410	0.145393	176357
420	0.145393	176365
430	0.145393	176369
440	0.145393	176374
450	0.145393	176375
460	0.145393	176365
470	0.145393	176357
480	0.145393	176374
490	0.145393	176388
500	0.145393	176388
510	0.145393	176389
520	0.145393	176379
530	0.145393	176378
540	0.145393	176360
550	0.145393	176375
560	0.145393	176383
570	0.145393	176369
580	0.145393	176372
590	0.145393	176394
600	0.145393	176394
610	0.145393	176403
620	0.145393	176390
630	0.145393	176374
640	0.145393	176373
650	0.145393	176380
660	0.145393	176380
670	0.145393	176367
680	0.145393	176396
690	0.145393	176382
700	0.145393	176395
710	0.145393	176406
720	0.145393	176385
730	0.145393	176371
740	0.145393	176394
750	0.145393	176370
760	0.145393	176365
770	0.145393	176353
780	0.145393	176367
790	0.145393	176368
800	0.145393	176365
810	0.145393	176383
820	0.145393	176380
830	0.145393	176379
840	0.145393	176370
850	0.145393	176376
860	0.145393	176363
870	0.145393	176356
880	0.145393	176373
890	0.145393	176378
900	0.145393	176373
910	0.145393	176384
920	0.145393	176393
930	0.145393	176373
940	0.145393	176384
950	0.145393	176367
960	0.145393	176382
970	0.145393	176371
980	0.145393	176389
990	0.145393	176390
1000	0.145393	176369
260	0.125233	176374
270	0.125233	176344
280	0.125233	176365
290	0.125233	176375
300	0.125233	176378
310	0.125233	176336
320	0.125233	176340
330	0.125233	176351
340	0.125233	176352
350	0.125233	176350
360	0.125233	176369
370	0.125233	176362
380	0.125233	176375
390	0.125233	176372
400	0.125233	176382
410	0.125233	176375
420	0.125233	176336
430	0.125233	176370
440	0.125233	176373
450	0.125233	176356
460	0.125233	176358
470	0.125233	176359
480	0.125233	176346
490	0.125233	176366
500	0.125233	176352
510	0.125233	176359
520	0.125233	176354
530	0.125233	176361
540	0.125233	176356
550	0.125233	176359
560	0.125233	176351
570	0.125233	176333
580	0.125233	176328
590	0.125233	176358
600	0.125233	176363
610	0.125233	176365
620	0.125233	176359
630	0.125233	176352
640	0.125233	176361
650	0.125233	176340
660	0.125233	176364
670	0.125233	176351
680	0.125233	176335
690	0.125233	176368
700	0.125233	176339
710	0.125233	176270
720	0.125233	176319
730	0.125233	176321
740	0.125233	176344
750	0.125233	176365
760	0.125233	176361
770	0.125233	176341
780	0.125233	176354
790	0.125233	176329
800	0.125233	176364
810	0.125233	176357
820	0.125233	176348
830	0.125233	176365
840	0.125233	176369
850	0.125233	176358
860	0.125233	176366
870	0.125233	176353
880	0.125233	176361
890	0.125233	176364
900	0.125233	176375
910	0.125233	176340
920	0.125233	176344
930	0.125233	176375
940	0.125233	176323
950	0.125233	176332
960	0.125233	176336
970	0.125233	176369
980	0.125233	176366
990	0.125233	176371
1000	0.125233	176345
260	0.107374	176381
270	0.107374	176378
280	0.107374	176361
290	0.107374	176333
300	0.107374	176359
310	0.107374	176361
320	0.107374	176382
330	0.107374	176369
340	0.107374	176366
350	0.107374	176374
360	0.107374	176256
370	0.107374	176349
380	0.107374	176334
390	0.107374	176366
400	0.107374	176402
410	0.107374	176367
420	0.107374	176378
430	0.107374	176376
440	0.107374	176405
450	0.107374	176405
460	0.107374	176395
470	0.107374	176364
480	0.107374	176387
490	0.107374	176383
500	0.107374	176367
510	0.107374	176372
520	0.107374	176382
530	0.107374	176387
540	0.107374	176353
550	0.107374	176374
560	0.107374	176356
570	0.107374	176372
580	0.107374	176362
590	0.107374	176359
600	0.107374	176385
610	0.107374	176360
620	0.107374	176327
630	0.107374	176370
640	0.107374	176354
650	0.107374	176369
660	0.107374	176390
670	0.107374	176387
680	0.107374	176384
690	0.107374	176369
700	0.107374	176394
710	0.107374	176379
720	0.107374	176375
730	0.107374	176376
740	0.107374	176360
750	0.107374	176363
760	0.107374	176375
770	0.107374	176398
780	0.107374	176394
790	0.107374	176374
800	0.107374	176375
810	0.107374	176378
820	0.107374	176387
830	0.107374	176380
840	0.107374	176391
850	0.107374	176374
860	0.107374	176372
870	0.107374	176377
880	0.107374	176378
890	0.107374	176361
900	0.107374	176353
910	0.107374	176358
920	0.107374	176382
930	0.107374	176395
940	0.107374	176391
950	0.107374	176400
960	0.107374	176380
970	0.107374	176372
980	0.107374	176406
990	0.107374	176401
1000	0.107374	176385
260	0.0916133	176391
270	0.0916133	176388
280	0.0916133	176398
290	0.0916133	176371
300	0.0916133	176398
310	0.0916133	176391
320	0.0916133	176385
330	0.0916133	176368
340	0.0916133	176351
350	0.0916133	176384
360	0.0916133	176370
370	0.0916133	176354
380	0.0916133	176356
390	0.0916133	176373
400	0.0916133	176410
410	0.0916133	176407
420	0.0916133	176395
430	0.0916133	176411
440	0.0916133	176408
450	0.0916133	176379
460	0.0916133	176394
470	0.0916133	176381
480	0.0916133	176403
490	0.0916133	176385
500	0.0916133	176337
510	0.0916133	176351
520	0.0916133	176357
530	0.0916133	176358
540	0.0916133	176374
550	0.0916133	176334
560	0.0916133	176365
570	0.0916133	176351
580	0.0916133	176365
590	0.0916133	176392
600	0.0916133	176345
610	0.0916133	176364
620	0.0916133	176367
630	0.0916133	176372
640	0.0916133	176360
650	0.0916133	176344
660	0.0916133	176347
670	0.0916133	176357
680	0.0916133	176318
690	0.0916133	176330
700	0.0916133	176346
710	0.0916133	176331
720	0.0916133	176343
730	0.0916133	176342
740	0.0916133	176354
750	0.0916133	176332
760	0.0916133	176350
770	0.0916133	176303
780	0.0916133	176332
790	0.0916133	176342
800	0.0916133	176349
810	0.0916133	176352
820	0.0916133	176342
830	0.0916133	176345
840	0.0916133	176343
850	0.0916133	176339
860	0.0916133	176360
870	0.0916133	176359
880	0.0916133	176345
890	0.0916133	176369
900	0.0916133	176356
910	0.0916133	176371
920	0.0916133	176366
930	0.0916133	176373
940	0.0916133	176376
950	0.0916133	176380
960	0.0916133	176376
970	0.0916133	176347
980	0.0916133	176366
990	0.0916133	176369
1000	0.0916133	176372
260	0.07776	176377
270	0.07776	176375
280	0.07776	176372
290	0.07776	176400
300	0.07776	176346
310	0.07776	176388
320	0.07776	176353
330	0.07776	176358
340	0.07776	176359
350	0.07776	176348
360	0.07776	176369
370	0.07776	176346
380	0.07776	176380
390	0.07776	176376
400	0.07776	176362
410	0.07776	176371
420	0.07776	176376
430	0.07776	176385
440	0.07776	176390
450	0.07776	176378
460	0.07776	176367
470	0.07776	176333
480	0.07776	176309
490	0.07776	176237
500	0.07776	176282
510	0.07776	176334
520	0.07776	176304
530	0.07776	176294
540	0.07776	176332
550	0.07776	176328
560	0.07776	176359
570	0.07776	176360
580	0.07776	176339
590	0.07776	176327
600	0.07776	176355
610	0.07776	176347
620	0.07776	176354
630	0.07776	176318
640	0.07776	176352
650	0.07776	176357
660	0.07776	176347
670	0.07776	176346
680	0.07776	176328
690	0.07776	176302
700	0.07776	176329
710	0.07776	176230
720	0.07776	176330
730	0.07776	176334
740	0.07776	176338
750	0.07776	176349
760	0.07776	176336
770	0.07776	176366
780	0.07776	176351
790	0.07776	176307
800	0.07776	176356
810	0.07776	176321
820	0.07776	176327
830	0.07776	176346
840	0.07776	176331
850	0.07776	176325
860	0.07776	176348
870	0.07776	176364
880	0.07776	176336
890	0.07776	176342
900	0.07776	176332
910	0.07776	176377
920	0.07776	176349
930	0.07776	176371
940	0.07776	176354
950	0.07776	176334
960	0.07776	176320
970	0.07776	176346
980	0.07776	176349
990	0.07776	176344
1000	0.07776	176356
260	0.0656357	176406
270	0.0656357	176404
280	0.0656357	176413
290	0.0656357	176398
300	0.0656357	176337
310	0.0656357	176336
320	0.0656357	176423
330	0.0656357	176378
340	0.0656357	176393
350	0.0656357	176335
360	0.0656357	176371
370	0.0656357	176278
380	0.0656357	176356
390	0.0656357	176366
400	0.0656357	176371
410	0.0656357	176368
420	0.0656357	176318
430	0.0656357	176361
440	0.0656357	176353
450	0.0656357	176324
460	0.0656357	176358
470	0.0656357	176351
480	0.0656357	176378
490	0.0656357	176334
500	0.0656357	176368
510	0.0656357	176370
520	0.0656357	176360
530	0.0656357	176369
540	0.0656357	176356
550	0.0656357	176349
560	0.0656357	176391
570	0.0656357	176350
580	0.0656357	176393
590	0.0656357	176363
600	0.0656357	176369
610	0.0656357	176364
620	0.0656357	176337
630	0.0656357	176317
640	0.0656357	176387
650	0.0656357	176394
660	0.0656357	176369
670	0.0656357	176384
680	0.0656357	176389
690	0.0656357	176375
700	0.0656357	176368
710	0.0656357	176360
720	0.0656357	176339
730	0.0656357	176359
740	0.0656357	176330
750	0.0656357	176380
760	0.0656357	176372
770	0.0656357	176395
780	0.0656357	176363
790	0.0656357	176332
800	0.0656357	176343
810	0.0656357	176312
820	0.0656357	176348
830	0.0656357	176358
840	0.0656357	176333
850	0.0656357	176326
860	0.0656357	176380
870	0.0656357	176338
880	0.0656357	176358
890	0.0656357	176339
900	0.0656357	176372
910	0.0656357	176379
920	0.0656357	176376
930	0.0656357	176371
940	0.0656357	176330
950	0.0656357	176209
960	0.0656357	176315
970	0.0656357	176255
980	0.0656357	176297
990	0.0656357	176322
1000	0.0656357	176312
260	0.0550732	176264
270	0.0550732	176272
280	0.0550732	176281
290	0.0550732	176317
300	0.0550732	176291
310	0.0550732	176282
320	0.0550732	176296
330	0.0550732	176297
340	0.0550732	176229
350	0.0550732	176304
360	0.0550732	176288
370	0.0550732	176211
380	0.0550732	176189
390	0.0550732	176341
400	0.0550732	176314
410	0.0550732	176295
420	0.0550732	176314
430	0.0550732	176249
440	0.0550732	176357
450	0.0550732	176353
460	0.0550732	176340
470	0.0550732	176355
480	0.0550732	176335
490	0.0550732	176387
500	0.0550732	176294
510	0.0550732	176374
520	0.0550732	176370
530	0.0550732	176379
540	0.0550732	176290
550	0.0550732	176364
560	0.0550732	176381
570	0.0550732	176329
580	0.0550732	176324
590	0.0550732	176368
600	0.0550732	176340
610	0.0550732	176250
620	0.0550732	176301
630	0.0550732	176293
640	0.0550732	176315
650	0.0550732	176312
660	0.0550732	176297
670	0.0550732	176362
680	0.0550732	176350
690	0.0550732	176310
700	0.0550732	176312
710	0.0550732	176307
720	0.0550732	176356
730	0.0550732	176374
740	0.0550732	176385
750	0.0550732	176372
760	0.0550732	176296
770	0.0550732	176342
780	0.0550732	176303
790	0.0550732	176341
800	0.0550732	176315
810	0.0550732	176264
820	0.0550732	176319
830	0.0550732	176363
840	0.0550732	176368
850	0.0550732	176284
860	0.0550732	176346
870	0.0550732	176305
880	0.0550732	176365
890	0.0550732	176377
900	0.0550732	176301
910	0.0550732	176307
920	0.0550732	176388
930	0.0550732	176249
940	0.0550732	176338
950	0.0550732	176345
960	0.0550732	176337
970	0.0550732	176395
980	0.0550732	176361
990	0.0550732	176350
1000	0.0550732	176346
260	0.0459165	176112
270	0.0459165	176147
280	0.0459165	176211
290	0.0459165	176263
300	0.0459165	176286
310	0.0459165	176205
320	0.0459165	176308
330	0.0459165	176318
340	0.0459165	176303
350	0.0459165	176326
360	0.0459165	176190
370	0.0459165	176251
380	0.0459165	176177
390	0.0459165	176226
400	0.0459165	176226
410	0.0459165	176243
420	0.0459165	176151
430	0.0459165	176185
440	0.0459165	176201
450	0.0459165	176236
460	0.0459165	176248
470	0.0459165	176224
480	0.0459165	176252
490	0.0459165	176265
500	0.0459165	176197
510	0.0459165	176216
520	0.0459165	176229
530	0.0459165	176191
540	0.0459165	176229
550	0.0459165	176355
560	0.0459165	176244
570	0.0459165	176304
580	0.0459165	176303
590	0.0459165	176354
600	0.0459165	176335
610	0.0459165	176364
620	0.0459165	176291
630	0.0459165	176293
640	0.0459165	176303
650	0.0459165	176310
660	0.0459165	176311
670	0.0459165	176317
680	0.0459165	176297
690	0.0459165	176287
700	0.0459165	176212
710	0.0459165	176298
720	0.0459165	176281
730	0.0459165	176251
740	0.0459165	176238
750	0.0459165	176245
760	0.0459165	176202
770	0.0459165	176214
780	0.0459165	176287
790	0.0459165	176233
800	0.0459165	176247
810	0.0459165	176176
820	0.0459165	176224
830	0.0459165	176276
840	0.0459165	176231
850	0.0459165	176305
860	0.0459165	176212
870	0.0459165	176265
880	0.0459165	176356
890	0.0459165	176327
900	0.0459165	176351
910	0.0459165	176383
920	0.0459165	176313
930	0.0459165	176366
940	0.0459165	176383
950	0.0459165	176321
960	0.0459165	176394
970	0.0459165	176376
980	0.0459165	176389
990	0.0459165	176376
1000	0.0459165	176371
260	0.0380204	176238
270	0.0380204	176274
280	0.0380204	176255
290	0.0380204	176387
300	0.0380204	176365
310	0.0380204	176359
320	0.0380204	176480
330	0.0380204	176477
340	0.0380204	176400
350	0.0380204	176439
360	0.0380204	176471
370	0.0380204	176471
380	0.0380204	176483
390	0.0380204	176471
400	0.0380204	176278
410	0.0380204	176427
420	0.0380204	176437
430	0.0380204	176360
440	0.0380204	176387
450	0.0380204	176468
460	0.0380204	176388
470	0.0380204	176368
480	0.0380204	176420
490	0.0380204	176442
500	0.0380204	176339
510	0.0380204	176291
520	0.0380204	176153
530	0.0380204	176150
540	0.0380204	176328
550	0.0380204	176298
560	0.0380204	176296
570	0.0380204	176238
580	0.0380204	176364
590	0.0380204	176288
600	0.0380204	176216
610	0.0380204	176328
620	0.0380204	176357
630	0.0380204	176416
640	0.0380204	176370
650	0.0380204	176343
660	0.0380204	176347
670	0.0380204	176377
680	0.0380204	176382
690	0.0380204	176265
700	0.0380204	176327
710	0.0380204	176250
720	0.0380204	176328
730	0.0380204	176277
740	0.0380204	176346
750	0.0380204	176220
760	0.0380204	176351
770	0.0380204	176377
780	0.0380204	176325
790	0.0380204	176320
800	0.0380204	176276
810	0.0380204	176261
820	0.0380204	176231
830	0.0380204	176236
840	0.0380204	176200
850	0.0380204	176209
860	0.0380204	176238
870	0.0380204	176166
880	0.0380204	176200
890	0.0380204	176234
900	0.0380204	176197
910	0.0380204	176288
920	0.0380204	176283
930	0.0380204	176217
940	0.0380204	176228
950	0.0380204	176317
960	0.0380204	176310
970	0.0380204	176313
980	0.0380204	176244
990	0.0380204	176163
1000	0.0380204	176228
260	0.03125	176271
270	0.03125	176341
280	0.03125	176263
290	0.03125	176157
300	0.03125	176319
310	0.03125	176446
320	0.03125	176438
330	0.03125	176342
340	0.03125	176420
350	0.03125	176379
360	0.03125	176375
370	0.03125	176256
380	0.03125	176140
390	0.03125	176202
400	0.03125	176064
410	0.03125	176050
420	0.03125	176143
430	0.03125	176287
440	0.03125	176405
450	0.03125	176347
460	0.03125	176117
470	0.03125	176327
480	0.03125	176163
490	0.03125	176159
500	0.03125	176188
510	0.03125	176119
520	0.03125	176219
530	0.03125	176120
540	0.03125	176172
550	0.03125	176091
560	0.03125	176207
570	0.03125	176256
580	0.03125	176175
590	0.03125	176221
600	0.03125	176270
610	0.03125	176396
620	0.03125	176353
630	0.03125	176417
640	0.03125	176449
650	0.03125	176270
660	0.03125	176255
670	0.03125	176239
680	0.03125	176279
690	0.03125	176281
700	0.03125	176152
710	0.03125	176131
720	0.03125	176169
730	0.03125	176323
740	0.03125	176310
750	0.03125	176340
760	0.03125	176346
770	0.03125	176306
780	0.03125	176295
790	0.03125	176191
800	0.03125	176074
810	0.03125	176235
820	0.03125	176265
830	0.03125	176366
840	0.03125	176323
850	0.03125	176352
860	0.03125	176447
870	0.03125	176499
880	0.03125	176387
890	0.03125	176448
900	0.03125	176287
910	0.03125	176173
920	0.03125	176315
930	0.03125	176311
940	0.03125	176129
950	0.03125	176385
960	0.03125	176376
970	0.03125	176359
980	0.03125	176227
990	0.03125	176162
1000	0.03125	176173
260	0.0254804	176135
270	0.0254804	176087
280	0.0254804	176088
290	0.0254804	176100
300	0.0254804	175990
310	0.0254804	176029
320	0.0254804	176046
330	0.0254804	176129
340	0.0254804	176159
350	0.0254804	176300
360	0.0254804	176197
370	0.0254804	176250
380	0.0254804	176110
390	0.0254804	175982
400	0.0254804	176146
410	0.0254804	176082
420	0.0254804	175970
430	0.0254804	176032
440	0.0254804	176157
450	0.0254804	176229
460	0.0254804	176134
470	0.0254804	176249
480	0.0254804	176246
490	0.0254804	176040
500	0.0254804	176039
510	0.0254804	176072
520	0.0254804	176137
530	0.0254804	176261
540	0.0254804	176101
550	0.0254804	176276
560	0.0254804	176236
570	0.0254804	176142
580	0.0254804	176298
590	0.0254804	176144
600	0.0254804	176207
610	0.0254804	176260
620	0.0254804	176100
630	0.0254804	175991
640	0.0254804	175950
650	0.0254804	175927
660	0.0254804	176293
670	0.0254804	176086
680	0.0254804	176189
690	0.0254804	176046
700	0.0254804	176187
710	0.0254804	176129
720	0.0254804	176039
730	0.0254804	176026
740	0.0254804	176220
750	0.0254804	176239
760	0.0254804	176171
770	0.0254804	176030
780	0.0254804	176062
790	0.0254804	176066
800	0.0254804	176101
810	0.0254804	176116
820	0.0254804	176133
830	0.0254804	176184
840	0.0254804	176209
850	0.0254804	176108
860	0.0254804	176214
870	0.0254804	176081
880	0.0254804	176183
890	0.0254804	176204
900	0.0254804	176205
910	0.0254804	176143
920	0.0254804	176315
930	0.0254804	176383
940	0.0254804	176426
950	0.0254804	176389
960	0.0254804	176531
970	0.0254804	176518
980	0.0254804	176526
990	0.0254804	176508
1000	0.0254804	176504
260	0.0205963	175985
270	0.0205963	176040
280	0.0205963	175888
290	0.0205963	175884
300	0.0205963	176040
310	0.0205963	176022
320	0.0205963	176035
330	0.0205963	176106
340	0.0205963	176076
350	0.0205963	176015
360	0.0205963	175997
370	0.0205963	176041
380	0.0205963	176077
390	0.0205963	176081
400	0.0205963	175981
410	0.0205963	175937
420	0.0205963	175858
430	0.0205963	175951
440	0.0205963	175977
450	0.0205963	176070
460	0.0205963	176045
470	0.0205963	176029
480	0.0205963	175867
490	0.0205963	176012
500	0.0205963	176041
510	0.0205963	176023
520	0.0205963	176086
530	0.0205963	175962
540	0.0205963	176045
550	0.0205963	176107
560	0.0205963	176134
570	0.0205963	176054
580	0.0205963	176093
590	0.0205963	176076
600	0.0205963	176064
610	0.0205963	176023
620	0.0205963	175967
630	0.0205963	176106
640	0.0205963	175995
650	0.0205963	175985
660	0.0205963	175908
670	0.0205963	175915
680	0.0205963	175542
690	0.0205963	175709
700	0.0205963	176044
710	0.0205963	176014
720	0.0205963	176009
730	0.0205963	175908
740	0.0205963	176005
750	0.0205963	176019
760	0.0205963	176004
770	0.0205963	175971
780	0.0205963	176045
790	0.0205963	176041
800	0.0205963	175824
810	0.0205963	175959
820	0.0205963	175851
830	0.0205963	175963
840	0.0205963	175912
850	0.0205963	175895
860	0.0205963	175905
870	0.0205963	176006
880	0.0205963	176147
890	0.0205963	176087
900	0.0205963	175899
910	0.0205963	175909
920	0.0205963	176017
930	0.0205963	176035
940	0.0205963	176032
950	0.0205963	176069
960	0.0205963	176156
970	0.0205963	176120
980	0.0205963	176252
990	0.0205963	176158
1000	0.0205963	176034
260	0.0164916	175896
270	0.0164916	175913
280	0.0164916	175917
290	0.0164916	175843
300	0.0164916	175815
310	0.0164916	175873
320	0.0164916	175897
330	0.0164916	175835
340	0.0164916	175792
350	0.0164916	175869
360	0.0164916	175815
370	0.0164916	175803
380	0.0164916	175812
390	0.0164916	175803
400	0.0164916	175766
410	0.0164916	175633
420	0.0164916	175803
430	0.0164916	175789
440	0.0164916	175907
450	0.0164916	175901
460	0.0164916	175845
470	0.0164916	175736
480	0.0164916	176040
490	0.0164916	176081
500	0.0164916	176116
510	0.0164916	176096
520	0.0164916	175792
530	0.0164916	176008
540	0.0164916	176074
550	0.0164916	175911
560	0.0164916	175918
570	0.0164916	175957
580	0.0164916	175971
590	0.0164916	175915
600	0.0164916	176112
610	0.0164916	176080
620	0.0164916	176058
630	0.0164916	176350
640	0.0164916	176343
650	0.0164916	176151
660	0.0164916	175853
670	0.0164916	175821
680	0.0164916	175809
690	0.0164916	175763
700	0.0164916	175785
710	0.0164916	175803
720	0.0164916	175803
730	0.0164916	175788
740	0.0164916	175709
750	0.0164916	175741
760	0.0164916	175724
770	0.0164916	175811
780	0.0164916	175764
790	0.0164916	175763
800	0.0164916	175764
810	0.0164916	175787
820	0.0164916	175796
830	0.0164916	175723
840	0.0164916	175742
850	0.0164916	175683
860	0.0164916	175787
870	0.0164916	175731
880	0.0164916	175774
890	0.0164916	175737
900	0.0164916	175775
910	0.0164916	175729
920	0.0164916	175734
930	0.0164916	175812
940	0.0164916	175790
950	0.0164916	175815
960	0.0164916	175845
970	0.0164916	175805
980	0.0164916	175764
990	0.0164916	175796
1000	0.0164916	175805
260	0.0130691	169488
270	0.0130691	169887
280	0.0130691	169922
290	0.0130691	169712
300	0.0130691	169706
310	0.0130691	169749
320	0.0130691	169923
330	0.0130691	169883
340	0.0130691	169956
350	0.0130691	169959
360	0.0130691	169937
370	0.0130691	169940
380	0.0130691	170189
390	0.0130691	170062
400	0.0130691	170198
410	0.0130691	170241
420	0.0130691	170195
430	0.0130691	170099
440	0.0130691	170184
450	0.0130691	170124
460	0.0130691	170220
470	0.0130691	170423
480	0.0130691	170344
490	0.0130691	170361
500	0.0130691	170503
510	0.0130691	170398
520	0.0130691	170306
530	0.0130691	170181
540	0.0130691	170498
550	0.0130691	170278
560	0.0130691	170513
570	0.0130691	170392
580	0.0130691	170364
590	0.0130691	170519
600	0.0130691	170328
610	0.0130691	170323
620	0.0130691	170358
630	0.0130691	170652
640	0.0130691	170631
650	0.0130691	170651
660	0.0130691	170497
670	0.0130691	170527
680	0.0130691	170665
690	0.0130691	170707
700	0.0130691	170710
710	0.0130691	170696
720	0.0130691	170424
730	0.0130691	170683
740	0.0130691	170733
750	0.0130691	170751
760	0.0130691	170976
770	0.0130691	170866
780	0.0130691	170986
790	0.0130691	170940
800	0.0130691	170876
810	0.0130691	171014
820	0.0130691	171070
830	0.0130691	171172
840	0.0130691	171021
850	0.0130691	170910
860	0.0130691	170970
870	0.0130691	171082
880	0.0130691	171219
890	0.0130691	171272
900	0.0130691	171300
910	0.0130691	171174
920	0.0130691	171133
930	0.0130691	171154
940	0.0130691	171221
950	0.0130691	171183
960	0.0130691	171393
970	0.0130691	171342
980	0.0130691	171355
990	0.0130691	171460
1000	0.0130691	171525
260	0.01024	172762
270	0.01024	173124
280	0.01024	172927
290	0.01024	173005
300	0.01024	173027
310	0.01024	173090
320	0.01024	173071
330	0.01024	172930
340	0.01024	172789
350	0.01024	172559
360	0.01024	173080
370	0.01024	173078
380	0.01024	173184
390	0.01024	173552
400	0.01024	173492
410	0.01024	173136
420	0.01024	173198
430	0.01024	173060
440	0.01024	173232
450	0.01024	173087
460	0.01024	172834
470	0.01024	173106
480	0.01024	173000
490	0.01024	173145
500	0.01024	172951
510	0.01024	173053
520	0.01024	173228
530	0.01024	173225
540	0.01024	173151
550	0.01024	173142
560	0.01024	173136
570	0.01024	173177
580	0.01024	173132
590	0.01024	173209
600	0.01024	173350
610	0.01024	173203
620	0.01024	173159
630	0.01024	173309
640	0.01024	173169
650	0.01024	173141
660	0.01024	173607
670	0.01024	173355
680	0.01024	173165
690	0.01024	173383
700	0.01024	173080
710	0.01024	173174
720	0.01024	172952
730	0.01024	172944
740	0.01024	172963
750	0.01024	173312
760	0.01024	173334
770	0.01024	173124
780	0.01024	173019
790	0.01024	172974
800	0.01024	173151
810	0.01024	173115
820	0.01024	173346
830	0.01024	173279
840	0.01024	173108
850	0.01024	173388
860	0.01024	173214
870	0.01024	173334
880	0.01024	173331
890	0.01024	173154
900	0.01024	173239
910	0.01024	173287
920	0.01024	173450
930	0.01024	173140
940	0.01024	173102
950	0.01024	173315
960	0.01024	173417
970	0.01024	173345
980	0.01024	173172
990	0.01024	173162
1000	0.01024	173173
260	0.00792352	173597
270	0.00792352	173833
280	0.00792352	173653
290	0.00792352	173664
300	0.00792352	173751
310	0.00792352	173549
320	0.00792352	173548
330	0.00792352	173639
340	0.00792352	173711
350	0.00792352	173785
360	0.00792352	173759
370	0.00792352	173769
380	0.00792352	173654
390	0.00792352	173651
400	0.00792352	173587
410	0.00792352	173716
420	0.00792352	173836
430	0.00792352	173709
440	0.00792352	173658
450	0.00792352	173714
460	0.00792352	173632
470	0.00792352	173649
480	0.00792352	173512
490	0.00792352	173491
500	0.00792352	173613
510	0.00792352	173549
520	0.00792352	173605
530	0.00792352	173811
540	0.00792352	173626
550	0.00792352	173721
560	0.00792352	173753
570	0.00792352	173684
580	0.00792352	173645
590	0.00792352	173819
600	0.00792352	173754
610	0.00792352	173457
620	0.00792352	173335
630	0.00792352	173608
640	0.00792352	173682
650	0.00792352	173723
660	0.00792352	173580
670	0.00792352	173725
680	0.00792352	173539
690	0.00792352	173633
700	0.00792352	173741
710	0.00792352	173753
720	0.00792352	173743
730	0.00792352	173639
740	0.00792352	173803
750	0.00792352	173785
760	0.00792352	173796
770	0.00792352	173960
780	0.00792352	173785
790	0.00792352	173830
800	0.00792352	173982
810	0.00792352	173790
820	0.00792352	173827
830	0.00792352	173805
840	0.00792352	173956
850	0.00792352	173668
860	0.00792352	173855
870	0.00792352	173915
880	0.00792352	173896
890	0.00792352	173763
900	0.00792352	173735
910	0.00792352	173795
920	0.00792352	173721
930	0.00792352	173930
940	0.00792352	173850
950	0.00792352	173738
960	0.00792352	173651
970	0.00792352	173915
980	0.00792352	173822
990	0.00792352	173816
1000	0.00792352	173797
260	0.00604662	173892
270	0.00604662	173885
280	0.00604662	173904
290	0.00604662	173952
300	0.00604662	174019
310	0.00604662	173957
320	0.00604662	173933
330	0.00604662	173745
340	0.00604662	173938
350	0.00604662	173937
360	0.00604662	173986
370	0.00604662	174087
380	0.00604662	173964
390	0.00604662	173951
400	0.00604662	173863
410	0.00604662	173895
420	0.00604662	173969
430	0.00604662	173922
440	0.00604662	174044
450	0.00604662	173838
460	0.00604662	174026
470	0.00604662	173823
480	0.00604662	173586
490	0.00604662	174019
500	0.00604662	173973
510	0.00604662	173884
520	0.00604662	173949
530	0.00604662	173910
540	0.00604662	173879
550	0.00604662	173824
560	0.00604662	173957
570	0.00604662	174034
580	0.00604662	174054
590	0.00604662	174035
600	0.00604662	174056
610	0.00604662	173955
620	0.00604662	174007
630	0.00604662	174059
640	0.00604662	173949
650	0.00604662	173755
660	0.00604662	173580
670	0.00604662	173817
680	0.00604662	173780
690	0.00604662	173684
700	0.00604662	173984
710	0.00604662	173889
720	0.00604662	173937
730	0.00604662	173941
740	0.00604662	173998
750	0.00604662	173895
760	0.00604662	173921
770	0.00604662	173908
780	0.00604662	174172
790	0.00604662	174055
800	0.00604662	174013
810	0.00604662	174026
820	0.00604662	173802
830	0.00604662	173979
840	0.00604662	173665
850	0.00604662	173957
860	0.00604662	173978
870	0.00604662	173672
880	0.00604662	174124
890	0.00604662	174035
900	0.00604662	174025
910	0.00604662	173933
920	0.00604662	174034
930	0.00604662	174022
940	0.00604662	173733
950	0.00604662	173955
960	0.00604662	174219
970	0.00604662	174094
980	0.00604662	173906
990	0.00604662	174075
1000	0.00604662	174145
260	0.00454354	173760
270	0.00454354	173699
280	0.00454354	173828
290	0.00454354	173857
300	0.00454354	173833
310	0.00454354	173903
320	0.00454354	173811
330	0.00454354	174003
340	0.00454354	173823
350	0.00454354	173935
360	0.00454354	174056
370	0.00454354	173990
380	0.00454354	173917
390	0.00454354	173931
400	0.00454354	174070
410	0.00454354	173807
420	0.00454354	174003
430	0.00454354	173897
440	0.00454354	173932
450	0.00454354	174123
460	0.00454354	174012
470	0.00454354	173938
480	0.00454354	174031
490	0.00454354	173959
500	0.00454354	173730
510	0.00454354	173980
520	0.00454354	174087
530	0.00454354	173852
540	0.00454354	173885
550	0.00454354	173845
560	0.00454354	173937
570	0.00454354	173921
580	0.00454354	174039
590	0.00454354	174042
600	0.00454354	173891
610	0.00454354	173982
620	0.00454354	173846
630	0.00454354	173960
640	0.00454354	173879
650	0.00454354	173841
660	0.00454354	173844
670	0.00454354	173843
680	0.00454354	174032
690	0.00454354	173823
700	0.00454354	173699
710	0.00454354	173643
720	0.00454354	173974
730	0.00454354	173819
740	0.00454354	173740
750	0.00454354	173871
760	0.00454354	173116
770	0.00454354	173864
780	0.00454354	173907
790	0.00454354	173967
800	0.00454354	173989
810	0.00454354	173785
820	0.00454354	173981
830	0.00454354	173898
840	0.00454354	173993
850	0.00454354	174078
860	0.00454354	174012
870	0.00454354	173325
880	0.00454354	173736
890	0.00454354	173943
900	0.00454354	173948
910	0.00454354	174133
920	0.00454354	174081
930	0.00454354	173239
940	0.00454354	173753
950	0.00454354	174091
960	0.00454354	173985
970	0.00454354	173899
980	0.00454354	174009
990	0.00454354	173939
1000	0.00454354	174077
260	0.00335544	173943
270	0.00335544	173920
280	0.00335544	173772
290	0.00335544	173827
300	0.00335544	173861
310	0.00335544	173963
320	0.00335544	173945
330	0.00335544	173947
340	0.00335544	173832
350	0.00335544	173461
360	0.00335544	173734
370	0.00335544	173819
380	0.00335544	173823
390	0.00335544	173829
400	0.00335544	173426
410	0.00335544	173919
420	0.00335544	173937
430	0.00335544	173937
440	0.00335544	173947
450	0.00335544	173947
460	0.00335544	173721
470	0.00335544	173893
480	0.00335544	173758
490	0.00335544	173865
500	0.00335544	173883
510	0.00335544	173813
520	0.00335544	173876
530	0.00335544	173726
540	0.00335544	173820
550	0.00335544	173816
560	0.00335544	173877
570	0.00335544	173746
580	0.00335544	173900
590	0.00335544	173410
600	0.00335544	173809
610	0.00335544	173605
620	0.00335544	173644
630	0.00335544	173517
640	0.00335544	173519
650	0.00335544	173323
660	0.00335544	173781
670	0.00335544	173401
680	0.00335544	173749
690	0.00335544	173836
700	0.00335544	173903
710	0.00335544	173966
720	0.00335544	173873
730	0.00335544	173909
740	0.00335544	173939
750	0.00335544	173946
760	0.00335544	174045
770	0.00335544	173961
780	0.00335544	173902
790	0.00335544	173849
800	0.00335544	173786
810	0.00335544	173939
820	0.00335544	173973
830	0.00335544	173860
840	0.00335544	173390
850	0.00335544	173815
860	0.00335544	173827
870	0.00335544	173930
880	0.00335544	173354
890	0.00335544	173867
900	0.00335544	173856
910	0.00335544	174053
920	0.00335544	173897
930	0.00335544	173753
940	0.00335544	174082
950	0.00335544	173991
960	0.00335544	174084
970	0.00335544	174046
980	0.00335544	173987
990	0.00335544	173911
1000	0.00335544	173824
260	0.00243	173728
270	0.00243	173749
280	0.00243	173949
290	0.00243	173726
300	0.00243	173984
310	0.00243	173921
320	0.00243	173843
330	0.00243	173958
340	0.00243	173306
350	0.00243	173712
360	0.00243	173820
370	0.00243	173945
380	0.00243	173952
390	0.00243	173942
400	0.00243	174005
410	0.00243	173673
420	0.00243	173660
430	0.00243	173858
440	0.00243	173887
450	0.00243	173847
460	0.00243	173804
470	0.00243	173833
480	0.00243	173805
490	0.00243	173901
500	0.00243	173694
510	0.00243	173916
520	0.00243	173944
530	0.00243	173811
540	0.00243	173889
550	0.00243	173863
560	0.00243	173950
570	0.00243	173829
580	0.00243	173752
590	0.00243	173891
600	0.00243	173683
610	0.00243	173679
620	0.00243	173590
630	0.00243	173535
640	0.00243	173699
650	0.00243	173940
660	0.00243	173588
670	0.00243	173813
680	0.00243	173824
690	0.00243	174019
700	0.00243	174053
710	0.00243	173900
720	0.00243	174080
730	0.00243	173541
740	0.00243	173743
750	0.00243	173906
760	0.00243	173861
770	0.00243	173676
780	0.00243	173892
790	0.00243	173799
800	0.00243	173898
810	0.00243	173319
820	0.00243	173896
830	0.00243	173867
840	0.00243	173863
850	0.00243	173780
860	0.00243	173896
870	0.00243	173946
880	0.00243	174005
890	0.00243	174072
900	0.00243	173834
910	0.00243	173685
920	0.00243	173985
930	0.00243	173927
940	0.00243	174091
950	0.00243	173992
960	0.00243	173681
970	0.00243	173887
980	0.00243	173495
990	0.00243	173902
1000	0.00243	173659
260	0.00172104	173588
270	0.00172104	173876
280	0.00172104	174006
290	0.00172104	173483
300	0.00172104	173948
310	0.00172104	173901
320	0.00172104	173606
330	0.00172104	173993
340	0.00172104	173914
350	0.00172104	173846
360	0.00172104	174026
370	0.00172104	173991
380	0.00172104	173981
390	0.00172104	173989
400	0.00172104	173620
410	0.00172104	173435
420	0.00172104	173264
430	0.00172104	174100
440	0.00172104	173947
450	0.00172104	173885
460	0.00172104	173568
470	0.00172104	173916
480	0.00172104	174032
490	0.00172104	173721
500	0.00172104	173638
510	0.00172104	174080
520	0.00172104	173805
530	0.00172104	174076
540	0.00172104	173975
550	0.00172104	173939
560	0.00172104	174072
570	0.00172104	173835
580	0.00172104	173862
590	0.00172104	173959
600	0.00172104	174083
610	0.00172104	173745
620	0.00172104	172811
630	0.00172104	173690
640	0.00172104	174023
650	0.00172104	173149
660	0.00172104	173845
670	0.00172104	173782
680	0.00172104	173068
690	0.00172104	173726
700	0.00172104	173849
710	0.00172104	173200
720	0.00172104	173848
730	0.00172104	173811
740	0.00172104	173952
750	0.00172104	173780
760	0.00172104	173184
770	0.00172104	173685
780	0.00172104	173867
790	0.00172104	173781
800	0.00172104	173555
810	0.00172104	173766
820	0.00172104	172730
830	0.00172104	173878
840	0.00172104	173507
850	0.00172104	173798
860	0.00172104	173514
870	0.00172104	173880
880	0.00172104	173604
890	0.00172104	173961
900	0.00172104	173961
910	0.00172104	173863
920	0.00172104	173114
930	0.00172104	173934
940	0.00172104	173836
950	0.00172104	173913
960	0.00172104	173502
970	0.00172104	173881
980	0.00172104	173840
990	0.00172104	173879
1000	0.00172104	173751
260	0.00118814	173763
270	0.00118814	173820
280	0.00118814	173696
290	0.00118814	173857
300	0.00118814	173809
310	0.00118814	173840
320	0.00118814	173553
330	0.00118814	173282
340	0.00118814	173878
350	0.00118814	172369
360	0.00118814	172894
370	0.00118814	173832
380	0.00118814	173861
390	0.00118814	173942
400	0.00118814	173569
410	0.00118814	172754
420	0.00118814	173894
430	0.00118814	173762
440	0.00118814	173907
450	0.00118814	173918
460	0.00118814	173439
470	0.00118814	173735
480	0.00118814	173664
490	0.00118814	173874
500	0.00118814	173992
510	0.00118814	174067
520	0.00118814	173433
530	0.00118814	173657
540	0.00118814	173765
550	0.00118814	173581
560	0.00118814	173803
570	0.00118814	174029
580	0.00118814	174050
590	0.00118814	172565
600	0.00118814	173111
610	0.00118814	173934
620	0.00118814	173817
630	0.00118814	174041
640	0.00118814	173908
650	0.00118814	173987
660	0.00118814	174030
670	0.00118814	173828
680	0.00118814	173865
690	0.00118814	173417
700	0.00118814	173314
710	0.00118814	173484
720	0.00118814	174017
730	0.00118814	173818
740	0.00118814	174006
750	0.00118814	173888
760	0.00118814	173989
770	0.00118814	173723
780	0.00118814	173782
790	0.00118814	173898
800	0.00118814	173694
810	0.00118814	173652
820	0.00118814	173833
830	0.00118814	173305
840	0.00118814	173696
850	0.00118814	173937
860	0.00118814	174052
870	0.00118814	173472
880	0.00118814	174000
890	0.00118814	173661
900	0.00118814	173280
910	0.00118814	172889
920	0.00118814	173487
930	0.00118814	173670
940	0.00118814	173125
950	0.00118814	173813
960	0.00118814	173775
970	0.00118814	173789
980	0.00118814	174001
990	0.00118814	173953
1000	0.00118814	173865
260	0.000796262	173774
270	0.000796262	173688
280	0.000796262	172770
290	0.000796262	172600
300	0.000796262	173792
310	0.000796262	173785
320	0.000796262	173747
330	0.000796262	173559
340	0.000796262	173752
350	0.000796262	173839
360	0.000796262	173993
370	0.000796262	173901
380	0.000796262	174015
390	0.000796262	173870
400	0.000796262	173678
410	0.000796262	173356
420	0.000796262	172783
430	0.000796262	173295
440	0.000796262	173658
450	0.000796262	173678
460	0.000796262	173875
470	0.000796262	171765
480	0.000796262	172092
490	0.000796262	173359
500	0.000796262	173783
510	0.000796262	173838
520	0.000796262	173726
530	0.000796262	173465
540	0.000796262	173679
550	0.000796262	173882
560	0.000796262	174005
570	0.000796262	173565
580	0.000796262	170024
590	0.000796262	172864
600	0.000796262	173665
610	0.000796262	173828
620	0.000796262	173937
630	0.000796262	173350
640	0.000796262	173792
650	0.000796262	173378
660	0.000796262	173475
670	0.000796262	173755
680	0.000796262	174012
690	0.000796262	173949
700	0.000796262	174062
710	0.000796262	173880
720	0.000796262	173787
730	0.000796262	173492
740	0.000796262	173365
750	0.000796262	173734
760	0.000796262	173712
770	0.000796262	173887
780	0.000796262	173919
790	0.000796262	173884
800	0.000796262	173750
810	0.000796262	173705
820	0.000796262	172961
830	0.000796262	173449
840	0.000796262	173845
850	0.000796262	174022
860	0.000796262	174035
870	0.000796262	174001
880	0.000796262	173760
890	0.000796262	173794
900	0.000796262	173728
910	0.000796262	173684
920	0.000796262	173747
930	0.000796262	173869
940	0.000796262	173208
950	0.000796262	173266
960	0.000796262	173042
970	0.000796262	173882
980	0.000796262	173977
990	0.000796262	173560
1000	0.000796262	173465
260	0.000515363	173508
270	0.000515363	172951
280	0.000515363	173926
290	0.000515363	173559
300	0.000515363	173769
310	0.000515363	174102
320	0.000515363	174021
330	0.000515363	172920
340	0.000515363	174064
350	0.000515363	174138
360	0.000515363	173895
370	0.000515363	173932
380	0.000515363	171571
390	0.000515363	173737
400	0.000515363	174046
410	0.000515363	174081
420	0.000515363	173875
430	0.000515363	174239
440	0.000515363	173940
450	0.000515363	174128
460	0.000515363	173901
470	0.000515363	173743
480	0.000515363	173686
490	0.000515363	174005
500	0.000515363	174189
510	0.000515363	172481
520	0.000515363	174288
530	0.000515363	173610
540	0.000515363	172813
550	0.000515363	174152
560	0.000515363	174262
570	0.000515363	173734
580	0.000515363	174500
590	0.000515363	174402
600	0.000515363	174223
610	0.000515363	173826
620	0.000515363	170354
630	0.000515363	172982
640	0.000515363	174230
650	0.000515363	173929
660	0.000515363	174274
670	0.000515363	172695
680	0.000515363	174274
690	0.000515363	173948
700	0.000515363	174229
710	0.000515363	174094
720	0.000515363	174261
730	0.000515363	174117
740	0.000515363	174319
750	0.000515363	173835
760	0.000515363	168400
770	0.000515363	173465
780	0.000515363	173806
790	0.000515363	172289
800	0.000515363	174325
810	0.000515363	174394
820	0.000515363	174098
830	0.000515363	171962
840	0.000515363	173744
850	0.000515363	173913
860	0.000515363	173451
870	0.000515363	174406
880	0.000515363	173475
890	0.000515363	173708
900	0.000515363	174188
910	0.000515363	173765
920	0.000515363	174109
930	0.000515363	174475
940	0.000515363	174074
950	0.000515363	174626
960	0.000515363	174222
970	0.000515363	174396
980	0.000515363	174454
990	0.000515363	173457
1000	0.000515363	174534
260	0.00032	172418
270	0.00032	171930
280	0.00032	171875
290	0.00032	172588
300	0.00032	171519
310	0.00032	172768
320	0.00032	172319
330	0.00032	170906
340	0.00032	167046
350	0.00032	170854
360	0.00032	168022
370	0.00032	171977
380	0.00032	169061
390	0.00032	171146
400	0.00032	171910
410	0.00032	170731
420	0.00032	172478
430	0.00032	171706
440	0.00032	172352
450	0.00032	169250
460	0.00032	171711
470	0.00032	167611
480	0.00032	172067
490	0.00032	171781
500	0.00032	172024
510	0.00032	171920
520	0.00032	171512
530	0.00032	172057
540	0.00032	171214
550	0.00032	169366
560	0.00032	171865
570	0.00032	172232
580	0.00032	170237
590	0.00032	171919
600	0.00032	171170
610	0.00032	171659
620	0.00032	169030
630	0.00032	171803
640	0.00032	170727
650	0.00032	170260
660	0.00032	169462
670	0.00032	168602
680	0.00032	166547
690	0.00032	171728
700	0.00032	171021
710	0.00032	171827
720	0.00032	169708
730	0.00032	172017
740	0.00032	169698
750	0.00032	172102
760	0.00032	171805
770	0.00032	169451
780	0.00032	171371
790	0.00032	171220
800	0.00032	171809
810	0.00032	171950
820	0.00032	171120
830	0.00032	172073
840	0.00032	172063
850	0.00032	171213
860	0.00032	172058
870	0.00032	171982
880	0.00032	172200
890	0.00032	172059
900	0.00032	172050
910	0.00032	171988
920	0.00032	168994
930	0.00032	171254
940	0.00032	172039
950	0.00032	172401
960	0.00032	171806
970	0.00032	168740
980	0.00032	161751
990	0.00032	172465
1000	0.00032	171573
260	0.000188957	173524
270	0.000188957	174533
280	0.000188957	174425
290	0.000188957	174197
300	0.000188957	174526
310	0.000188957	174388
320	0.000188957	173188
330	0.000188957	173790
340	0.000188957	174235
350	0.000188957	151753
360	0.000188957	172215
370	0.000188957	174579
380	0.000188957	174558
390	0.000188957	171922
400	0.000188957	174637
410	0.000188957	174559
420	0.000188957	174500
430	0.000188957	174366
440	0.000188957	174765
450	0.000188957	174555
460	0.000188957	174045
470	0.000188957	174603
480	0.000188957	174673
490	0.000188957	174530
500	0.000188957	173732
510	0.000188957	174713
520	0.000188957	164470
530	0.000188957	174624
540	0.000188957	168928
550	0.000188957	173420
560	0.000188957	173199
570	0.000188957	173269
580	0.000188957	173763
590	0.000188957	174556
600	0.000188957	174557
610	0.000188957	174727
620	0.000188957	165263
630	0.000188957	170270
640	0.000188957	174374
650	0.000188957	174505
660	0.000188957	168528
670	0.000188957	163147
680	0.000188957	170915
690	0.000188957	174610
700	0.000188957	174568
710	0.000188957	174662
720	0.000188957	174767
730	0.000188957	174648
740	0.000188957	174598
750	0.000188957	174728
760	0.000188957	174481
770	0.000188957	169624
780	0.000188957	171109
790	0.000188957	174565
800	0.000188957	174958
810	0.000188957	174809
820	0.000188957	174403
830	0.000188957	174800
840	0.000188957	174687
850	0.000188957	172333
860	0.000188957	174703
870	0.000188957	174693
880	0.000188957	174733
890	0.000188957	174694
900	0.000188957	173144
910	0.000188957	174708
920	0.000188957	174677
930	0.000188957	174650
940	0.000188957	172480
950	0.000188957	174610
960	0.000188957	174802
970	0.000188957	173810
980	0.000188957	169278
990	0.000188957	174796
1000	0.000188957	174698
260	0.000104858	171670
270	0.000104858	171873
280	0.000104858	170487
290	0.000104858	174557
300	0.000104858	174174
310	0.000104858	172887
320	0.000104858	172942
330	0.000104858	173796
340	0.000104858	173969
350	0.000104858	174041
360	0.000104858	170366
370	0.000104858	170538
380	0.000104858	172937
390	0.000104858	166809
400	0.000104858	163029
410	0.000104858	173594
420	0.000104858	173491
430	0.000104858	171028
440	0.000104858	172227
450	0.000104858	172547
460	0.000104858	173592
470	0.000104858	173786
480	0.000104858	173162
490	0.000104858	173652
500	0.000104858	174025
510	0.000104858	173947
520	0.000104858	173730
530	0.000104858	173878
540	0.000104858	173928
550	0.000104858	173670
560	0.000104858	174142
570	0.000104858	173049
580	0.000104858	174215
590	0.000104858	173715
600	0.000104858	174107
610	0.000104858	170449
620	0.000104858	171209
630	0.000104858	172519
640	0.000104858	173962
650	0.000104858	174222
660	0.000104858	167587
670	0.000104858	173336
680	0.000104858	174214
690	0.000104858	174427
700	0.000104858	174169
710	0.000104858	174219
720	0.000104858	174419
730	0.000104858	146153
740	0.000104858	173878
750	0.000104858	171813
760	0.000104858	174415
770	0.000104858	165966
780	0.000104858	174460
790	0.000104858	173698
800	0.000104858	173011
810	0.000104858	174175
820	0.000104858	173628
830	0.000104858	172068
840	0.000104858	174191
850	0.000104858	174076
860	0.000104858	171180
870	0.000104858	173759
880	0.000104858	173949
890	0.000104858	170620
900	0.000104858	173807
910	0.000104858	169012
920	0.000104858	168818
930	0.000104858	173895
940	0.000104858	173716
950	0.000104858	173576
960	0.000104858	172265
970	0.000104858	174003
980	0.000104858	174047
990	0.000104858	174027
1000	0.000104858	173684
260	5.37824e-05	173040
270	5.37824e-05	173169
280	5.37824e-05	173430
290	5.37824e-05	172619
300	5.37824e-05	168647
310	5.37824e-05	172478
320	5.37824e-05	173326
330	5.37824e-05	166296
340	5.37824e-05	173337
350	5.37824e-05	168855
360	5.37824e-05	169612
370	5.37824e-05	173178
380	5.37824e-05	171524
390	5.37824e-05	166753
400	5.37824e-05	173130
410	5.37824e-05	172965
420	5.37824e-05	172928
430	5.37824e-05	172649
440	5.37824e-05	171793
450	5.37824e-05	170385
460	5.37824e-05	171811
470	5.37824e-05	165551
480	5.37824e-05	170518
490	5.37824e-05	170195
500	5.37824e-05	172558
510	5.37824e-05	151539
520	5.37824e-05	169600
530	5.37824e-05	143310
540	5.37824e-05	172177
550	5.37824e-05	171870
560	5.37824e-05	172244
570	5.37824e-05	172252
580	5.37824e-05	165228
590	5.37824e-05	172271
600	5.37824e-05	171334
610	5.37824e-05	172640
620	5.37824e-05	167940
630	5.37824e-05	169949
640	5.37824e-05	167250
650	5.37824e-05	167139
660	5.37824e-05	163863
670	5.37824e-05	172734
680	5.37824e-05	150810
690	5.37824e-05	172342
700	5.37824e-05	172593
710	5.37824e-05	172373
720	5.37824e-05	168592
730	5.37824e-05	172208
740	5.37824e-05	171756
750	5.37824e-05	172279
760	5.37824e-05	172365
770	5.37824e-05	169415
780	5.37824e-05	170688
790	5.37824e-05	171650
800	5.37824e-05	168472
810	5.37824e-05	171940
820	5.37824e-05	170316
830	5.37824e-05	146333
840	5.37824e-05	171938
850	5.37824e-05	172107
860	5.37824e-05	172065
870	5.37824e-05	161141
880	5.37824e-05	172089
890	5.37824e-05	171953
900	5.37824e-05	171766
910	5.37824e-05	172148
920	5.37824e-05	172060
930	5.37824e-05	172105
940	5.37824e-05	171597
950	5.37824e-05	171451
960	5.37824e-05	171804
970	5.37824e-05	170009
980	5.37824e-05	171152
990	5.37824e-05	171350
1000	5.37824e-05	156363
260	2.48832e-05	172438
270	2.48832e-05	170135
280	2.48832e-05	170623
290	2.48832e-05	170872
300	2.48832e-05	172605
310	2.48832e-05	172647
320	2.48832e-05	158918
330	2.48832e-05	172165
340	2.48832e-05	171461
350	2.48832e-05	171020
360	2.48832e-05	172155
370	2.48832e-05	171772
380	2.48832e-05	172156
390	2.48832e-05	171578
400	2.48832e-05	171940
410	2.48832e-05	171842
420	2.48832e-05	171761
430	2.48832e-05	166991
440	2.48832e-05	169936
450	2.48832e-05	172090
460	2.48832e-05	172161
470	2.48832e-05	148567
480	2.48832e-05	171802
490	2.48832e-05	171526
500	2.48832e-05	171755
510	2.48832e-05	168443
520	2.48832e-05	171594
530	2.48832e-05	156311
540	2.48832e-05	137767
550	2.48832e-05	171247
560	2.48832e-05	171321
570	2.48832e-05	171661
580	2.48832e-05	168256
590	2.48832e-05	171528
600	2.48832e-05	171588
610	2.48832e-05	171405
620	2.48832e-05	171131
630	2.48832e-05	170197
640	2.48832e-05	167805
650	2.48832e-05	171110
660	2.48832e-05	169074
670	2.48832e-05	171500
680	2.48832e-05	171538
690	2.48832e-05	170879
700	2.48832e-05	171423
710	2.48832e-05	171598
720	2.48832e-05	170744
730	2.48832e-05	170094
740	2.48832e-05	171004
750	2.48832e-05	171630
760	2.48832e-05	171869
770	2.48832e-05	170525
780	2.48832e-05	108816
790	2.48832e-05	160152
800	2.48832e-05	171925
810	2.48832e-05	171677
820	2.48832e-05	171721
830	2.48832e-05	132495
840	2.48832e-05	170263
850	2.48832e-05	170881
860	2.48832e-05	170559
870	2.48832e-05	171402
880	2.48832e-05	171444
890	2.48832e-05	171337
900	2.48832e-05	171357
910	2.48832e-05	159897
920	2.48832e-05	171530
930	2.48832e-05	171156
940	2.48832e-05	171382
950	2.48832e-05	171270
960	2.48832e-05	165919
970	2.48832e-05	171021
980	2.48832e-05	170820
990	2.48832e-05	166910
1000	2.48832e-05	171344
260	1e-05	170807
270	1e-05	170852
280	1e-05	168071
290	1e-05	170402
300	1e-05	170733
310	1e-05	170620
320	1e-05	170644
330	1e-05	170577
340	1e-05	155042
350	1e-05	-36491.3
360	1e-05	141737
370	1e-05	170774
380	1e-05	68202.8
390	1e-05	165550
400	1e-05	164354
410	1e-05	164679
420	1e-05	147949
430	1e-05	166886
440	1e-05	168974
450	1e-05	158004
460	1e-05	165496
470	1e-05	163002
480	1e-05	167999
490	1e-05	166879
500	1e-05	168334
510	1e-05	164549
520	1e-05	158798
530	1e-05	164350
540	1e-05	153780
550	1e-05	167195
560	1e-05	159088
570	1e-05	168703
580	1e-05	166773
590	1e-05	165332
600	1e-05	144731
610	1e-05	168750
620	1e-05	169955
630	1e-05	169825
640	1e-05	169966
650	1e-05	167789
660	1e-05	166642
670	1e-05	152117
680	1e-05	158124
690	1e-05	170291
700	1e-05	158180
710	1e-05	145745
720	1e-05	150976
730	1e-05	164881
740	1e-05	169405
750	1e-05	167494
760	1e-05	113632
770	1e-05	170091
780	1e-05	166022
790	1e-05	164332
800	1e-05	169806
810	1e-05	129673
820	1e-05	165811
830	1e-05	145284
840	1e-05	169844
850	1e-05	164531
860	1e-05	165786
870	1e-05	164438
880	1e-05	169488
890	1e-05	169970
900	1e-05	165783
910	1e-05	53597.1
920	1e-05	167634
930	1e-05	169746
940	1e-05	163221
950	1e-05	169912
960	1e-05	157259
970	1e-05	168722
980	1e-05	167402
990	1e-05	166192
1000	1e-05	169296
260	3.2768e-06	155370
270	3.2768e-06	71288.5
280	3.2768e-06	159804
290	3.2768e-06	159570
300	3.2768e-06	145825
310	3.2768e-06	32999.6
320	3.2768e-06	159164
330	3.2768e-06	159845
340	3.2768e-06	158949
350	3.2768e-06	160218
360	3.2768e-06	148653
370	3.2768e-06	138043
380	3.2768e-06	91739.6
390	3.2768e-06	147068
400	3.2768e-06	5950.58
410	3.2768e-06	159378
420	3.2768e-06	158184
430	3.2768e-06	158902
440	3.2768e-06	150372
450	3.2768e-06	152438
460	3.2768e-06	90342.8
470	3.2768e-06	158002
480	3.2768e-06	152764
490	3.2768e-06	119235
500	3.2768e-06	158353
510	3.2768e-06	141013
520	3.2768e-06	156749
530	3.2768e-06	-55875.4
540	3.2768e-06	95751.2
550	3.2768e-06	158768
560	3.2768e-06	53916.6
570	3.2768e-06	155963
580	3.2768e-06	113621
590	3.2768e-06	-982932
600	3.2768e-06	155756
610	3.2768e-06	153087
620	3.2768e-06	158294
630	3.2768e-06	155805
640	3.2768e-06	16399.9
650	3.2768e-06	159596
660	3.2768e-06	156979
670	3.2768e-06	157127
680	3.2768e-06	155978
690	3.2768e-06	158972
700	3.2768e-06	91373.7
710	3.2768e-06	155337
720	3.2768e-06	158669
730	3.2768e-06	156895
740	3.2768e-06	158032
750	3.2768e-06	52746.1
760	3.2768e-06	-63341.9
770	3.2768e-06	-501533
780	3.2768e-06	130587
790	3.2768e-06	157543
800	3.2768e-06	138369
810	3.2768e-06	104275
820	3.2768e-06	152360
830	3.2768e-06	157997
840	3.2768e-06	159381
850	3.2768e-06	153481
860	3.2768e-06	135031
870	3.2768e-06	-88292.7
880	3.2768e-06	155245
890	3.2768e-06	137034
900	3.2768e-06	79930.5
910	3.2768e-06	159312
920	3.2768e-06	122404
930	3.2768e-06	150187
940	3.2768e-06	159311
950	3.2768e-06	115116
960	3.2768e-06	158697
970	3.2768e-06	147630
980	3.2768e-06	107480
990	3.2768e-06	128416
1000	3.2768e-06	158402
260	7.776e-07	-1.11061e+06
270	7.776e-07	124938
280	7.776e-07	-457492
290	7.776e-07	135352
300	7.776e-07	111568
310	7.776e-07	84631.8
320	7.776e-07	-29464.9
330	7.776e-07	137195
340	7.776e-07	76918
350	7.776e-07	144788
360	7.776e-07	142942
370	7.776e-07	130897
380	7.776e-07	32465.2
390	7.776e-07	78713.4
400	7.776e-07	143075
410	7.776e-07	144801
420	7.776e-07	122299
430	7.776e-07	121002
440	7.776e-07	145574
450	7.776e-07	-126255
460	7.776e-07	138119
470	7.776e-07	144061
480	7.776e-07	118079
490	7.776e-07	143983
500	7.776e-07	145105
510	7.776e-07	97238.5
520	7.776e-07	104618
530	7.776e-07	99798.4
540	7.776e-07	-20095.1
550	7.776e-07	-101590
560	7.776e-07	139853
570	7.776e-07	139590
580	7.776e-07	142783
590	7.776e-07	-224512
600	7.776e-07	89882.7
610	7.776e-07	141285
620	7.776e-07	143070
630	7.776e-07	-1.51087e+06
640	7.776e-07	138770
650	7.776e-07	-232528
660	7.776e-07	24899.6
670	7.776e-07	-23214
680	7.776e-07	-530010
690	7.776e-07	139955
700	7.776e-07	120150
710	7.776e-07	135849
720	7.776e-07	-127618
730	7.776e-07	144163
740	7.776e-07	143641
750	7.776e-07	143760
760	7.776e-07	144428
770	7.776e-07	131998
780	7.776e-07	141958
790	7.776e-07	-227657
800	7.776e-07	8844.74
810	7.776e-07	144097
820	7.776e-07	-681132
830	7.776e-07	142971
840	7.776e-07	144589
850	7.776e-07	100733
860	7.776e-07	-59885.1
870	7.776e-07	77650
880	7.776e-07	144436
890	7.776e-07	112416
900	7.776e-07	79271.2
910	7.776e-07	87225.4
920	7.776e-07	139904
930	7.776e-07	96224.7
940	7.776e-07	130922
950	7.776e-07	-406845
960	7.776e-07	142599
970	7.776e-07	82909.8
980	7.776e-07	145342
990	7.776e-07	134922
1000	7.776e-07	127726
260	1.024e-07	-1.2317e+06
270	1.024e-07	-70879.3
280	1.024e-07	28319
290	1.024e-07	137797
300	1.024e-07	146242
310	1.024e-07	125606
320	1.024e-07	-1.22861e+06
330	1.024e-07	-123487
340	1.024e-07	146437
350	1.024e-07	146327
360	1.024e-07	130494
370	1.024e-07	146378
380	1.024e-07	-982286
390	1.024e-07	136021
400	1.024e-07	131187
410	1.024e-07	146092
420	1.024e-07	-213693
430	1.024e-07	121246
440	1.024e-07	144167
450	1.024e-07	146938
460	1.024e-07	146815
470	1.024e-07	143485
480	1.024e-07	141769
490	1.024e-07	-2.50497e+07
500	1.024e-07	-846798
510	1.024e-07	145997
520	1.024e-07	-704785
530	1.024e-07	102652
540	1.024e-07	147254
550	1.024e-07	-621482
560	1.024e-07	143831
570	1.024e-07	14864.9
580	1.024e-07	-411826
590	1.024e-07	131279
600	1.024e-07	147987
610	1.024e-07	92050.2
620	1.024e-07	-4075.89
630	1.024e-07	146889
640	1.024e-07	147490
650	1.024e-07	143823
660	1.024e-07	148861
670	1.024e-07	71926.6
680	1.024e-07	148621
690	1.024e-07	146147
700	1.024e-07	149065
710	1.024e-07	107327
720	1.024e-07	-55383.7
730	1.024e-07	147551
740	1.024e-07	135190
750	1.024e-07	149266
760	1.024e-07	143099
770	1.024e-07	149344
780	1.024e-07	-180353
790	1.024e-07	146515
800	1.024e-07	134244
810	1.024e-07	-9.35022e+06
820	1.024e-07	91425
830	1.024e-07	148151
840	1.024e-07	39089.3
850	1.024e-07	76864.5
860	1.024e-07	-116706
870	1.024e-07	-270909
880	1.024e-07	113704
890	1.024e-07	147965
900	1.024e-07	147345
910	1.024e-07	-35443.3
920	1.024e-07	-28075.1
930	1.024e-07	-3670.47
940	1.024e-07	30267.5
950	1.024e-07	150698
960	1.024e-07	150513
970	1.024e-07	150660
980	1.024e-07	145613
990	1.024e-07	11083.1
1000	1.024e-07	147540
260	3.2e-09	140537
270	3.2e-09	140281
280	3.2e-09	140679
290	3.2e-09	140770
300	3.2e-09	140168
310	3.2e-09	140550
320	3.2e-09	72476.4
330	3.2e-09	132926
340	3.2e-09	138240
350	3.2e-09	64479
360	3.2e-09	-631628
370	3.2e-09	-175854
380	3.2e-09	136607
390	3.2e-09	137826
400	3.2e-09	137318
410	3.2e-09	10540.5
420	3.2e-09	136961
430	3.2e-09	132940
440	3.2e-09	137316
450	3.2e-09	56097.8
460	3.2e-09	136039
470	3.2e-09	136899
480	3.2e-09	-97226.6
490	3.2e-09	135346
500	3.2e-09	136998
510	3.2e-09	136820
520	3.2e-09	135632
530	3.2e-09	137006
540	3.2e-09	128129
550	3.2e-09	137016
560	3.2e-09	-63126.5
570	3.2e-09	115447
580	3.2e-09	132617
590	3.2e-09	135847
600	3.2e-09	129538
610	3.2e-09	58732.3
620	3.2e-09	129357
630	3.2e-09	134973
640	3.2e-09	133686
650	3.2e-09	108762
660	3.2e-09	133907
670	3.2e-09	133257
680	3.2e-09	134229
690	3.2e-09	129869
700	3.2e-09	82444.6
710	3.2e-09	25825
720	3.2e-09	133901
730	3.2e-09	133320
740	3.2e-09	133917
750	3.2e-09	-176658
760	3.2e-09	132611
770	3.2e-09	133507
780	3.2e-09	133432
790	3.2e-09	134373
800	3.2e-09	132181
810	3.2e-09	-547818
820	3.2e-09	-158433
830	3.2e-09	-716066
840	3.2e-09	132267
850	3.2e-09	62291
860	3.2e-09	117505
870	3.2e-09	132688
880	3.2e-09	-279226
890	3.2e-09	133182
900	3.2e-09	134467
910	3.2e-09	130907
920	3.2e-09	133545
930	3.2e-09	132757
940	3.2e-09	-181066
950	3.2e-09	134643
960	3.2e-09	31040.4
970	3.2e-09	133581
980	3.2e-09	133441
990	3.2e-09	121907
1000	3.2e-09	92841.2
260	1.16658e-302	127893
270	1.16658e-302	136438
280	1.16658e-302	-552991
290	1.16658e-302	133877
300	1.16658e-302	111661
310	1.16658e-302	139013
320	1.16658e-302	131647
330	1.16658e-302	-21464.1
340	1.16658e-302	136279
350	1.16658e-302	137178
360	1.16658e-302	-110505
370	1.16658e-302	-101018
380	1.16658e-302	89977
390	1.16658e-302	139261
400	1.16658e-302	138856
410	1.16658e-302	136746
420	1.16658e-302	139249
430	1.16658e-302	83305.9
440	1.16658e-302	137757
450	1.16658e-302	-458495
460	1.16658e-302	137390
470	1.16658e-302	-35463.4
480	1.16658e-302	137217
490	1.16658e-302	73788.1
500	1.16658e-302	-1.66121e+06
510	1.16658e-302	-33790.1
520	1.16658e-302	-221950
530	1.16658e-302	-4.37482e+06
540	1.16658e-302	140114
550	1.16658e-302	-5.88934e+06
560	1.16658e-302	-3.48514e+06
570	1.16658e-302	138511
580	1.16658e-302	131503
590	1.16658e-302	-33266.7
600	1.16658e-302	139161
610	1.16658e-302	118699
620	1.16658e-302	-928651
630	1.16658e-302	-27656.3
640	1.16658e-302	-13580.1
650	1.16658e-302	103439
660	1.16658e-302	138673
670	1.16658e-302	-316810
680	1.16658e-302	113225
690	1.16658e-302	139254
700	1.16658e-302	4404.94
710	1.16658e-302	137957
720	1.16658e-302	140463
730	1.16658e-302	-68140.2
740	1.16658e-302	140476
750	1.16658e-302	140106
760	1.16658e-302	140102
770	1.16658e-302	140594
780	1.16658e-302	-78849.7
790	1.16658e-302	24600.1
800	1.16658e-302	141017
810	1.16658e-302	140978
820	1.16658e-302	-146135
830	1.16658e-302	-193386
840	1.16658e-302	138421
850	1.16658e-302	132968
860	1.16658e-302	139447
870	1.16658e-302	141087
880	1.16658e-302	131141
890	1.16658e-302	135267
900	1.16658e-302	141581
910	1.16658e-302	140536
920	1.16658e-302	139021
930	1.16658e-302	105141
940	1.16658e-302	141980
950	1.16658e-302	141662
960	1.16658e-302	136989
970	1.16658e-302	132093
980	1.16658e-302	137568
990	1.16658e-302	135703
1000	1.16658e-302	133512
