state	power	likelihood
260	1	4734.33
270	1	4736.42
280	1	4740.99
290	1	4742.8
300	1	4751.47
310	1	4744.16
320	1	4736.02
330	1	4735.13
340	1	4725.09
350	1	4723.76
360	1	4721.3
370	1	4722.98
380	1	4723.98
390	1	4728.14
400	1	4738.28
410	1	4725.8
420	1	4726.95
430	1	4707.54
440	1	4707.38
450	1	4714.49
460	1	4714.38
470	1	4703.29
480	1	4696.16
490	1	4704.05
500	1	4701.8
510	1	4718.13
520	1	4716.03
530	1	4724.14
540	1	4731.91
550	1	4728.91
560	1	4726.76
570	1	4727.77
580	1	4709.42
590	1	4716.74
600	1	4724.05
610	1	4727.8
620	1	4714.57
630	1	4720.35
640	1	4722.04
650	1	4714.96
660	1	4725.35
670	1	4729.18
680	1	4730.87
690	1	4726.18
700	1	4711.73
710	1	4707.98
720	1	4724.04
730	1	4727.12
740	1	4721.2
750	1	4723.67
760	1	4725.81
770	1	4731.36
780	1	4731.11
790	1	4731.8
800	1	4728.96
810	1	4714.87
820	1	4723.33
830	1	4727.56
840	1	4726.18
850	1	4716.28
860	1	4724.57
870	1	4717.46
880	1	4715.84
890	1	4724.57
900	1	4728.31
910	1	4721.52
920	1	4727.74
930	1	4722
940	1	4724.75
950	1	4722.45
960	1	4713.25
970	1	4712.48
980	1	4699.95
990	1	4723.42
1000	1	4728.96
260	0.903921	4720.03
270	0.903921	4710.39
280	0.903921	4709.37
290	0.903921	4716.91
300	0.903921	4714.37
310	0.903921	4723.2
320	0.903921	4724.26
330	0.903921	4715.83
340	0.903921	4715.13
350	0.903921	4710.64
360	0.903921	4704.56
370	0.903921	4709.42
380	0.903921	4703.45
390	0.903921	4709.49
400	0.903921	4714.58
410	0.903921	4718.57
420	0.903921	4720.07
430	0.903921	4716.68
440	0.903921	4716.81
450	0.903921	4710.29
460	0.903921	4718.24
470	0.903921	4719.36
480	0.903921	4710.23
490	0.903921	4714.1
500	0.903921	4712.29
510	0.903921	4717.74
520	0.903921	4712.64
530	0.903921	4709.34
540	0.903921	4721.71
550	0.903921	4722.85
560	0.903921	4710.21
570	0.903921	4705.9
580	0.903921	4705.98
590	0.903921	4703.29
600	0.903921	4705.92
610	0.903921	4707.62
620	0.903921	4706.71
630	0.903921	4705.45
640	0.903921	4715.42
650	0.903921	4720.73
660	0.903921	4710.73
670	0.903921	4711.66
680	0.903921	4699
690	0.903921	4700.62
700	0.903921	4699.12
710	0.903921	4683.37
720	0.903921	4693.51
730	0.903921	4698.72
740	0.903921	4708.38
750	0.903921	4710.51
760	0.903921	4709.3
770	0.903921	4705.2
780	0.903921	4714.72
790	0.903921	4706.09
800	0.903921	4714.02
810	0.903921	4715
820	0.903921	4717.01
830	0.903921	4715.55
840	0.903921	4718.83
850	0.903921	4703.96
860	0.903921	4720.31
870	0.903921	4719.41
880	0.903921	4715.35
890	0.903921	4717.01
900	0.903921	4715.19
910	0.903921	4717.63
920	0.903921	4707.98
930	0.903921	4712.51
940	0.903921	4719.8
950	0.903921	4716.8
960	0.903921	4709.93
970	0.903921	4714.94
980	0.903921	4722.82
990	0.903921	4718.99
1000	0.903921	4720.08
260	0.815373	4666.52
270	0.815373	4650.59
280	0.815373	4656.42
290	0.815373	4670.92
300	0.815373	4665.13
310	0.815373	4658.34
320	0.815373	4659.19
330	0.815373	4658.06
340	0.815373	4659.35
350	0.815373	4668.03
360	0.815373	4657.85
370	0.815373	4656.18
380	0.815373	4666.54
390	0.815373	4674.75
400	0.815373	4666.8
410	0.815373	4682.87
420	0.815373	4686.98
430	0.815373	4685.26
440	0.815373	4691.36
450	0.815373	4683.45
460	0.815373	4669.38
470	0.815373	4666.26
480	0.815373	4654.73
490	0.815373	4654.01
500	0.815373	4663.2
510	0.815373	4662.59
520	0.815373	4676.9
530	0.815373	4654.8
540	0.815373	4649.96
550	0.815373	4645.28
560	0.815373	4643.36
570	0.815373	4638.24
580	0.815373	4638.85
590	0.815373	4644.49
600	0.815373	4650.57
610	0.815373	4653.28
620	0.815373	4652.03
630	0.815373	4648.09
640	0.815373	4643.44
650	0.815373	4663.47
660	0.815373	4658.75
670	0.815373	4650.7
680	0.815373	4657.88
690	0.815373	4654.11
700	0.815373	4663.75
710	0.815373	4671.08
720	0.815373	4680.76
730	0.815373	4678.5
740	0.815373	4685.12
750	0.815373	4680.73
760	0.815373	4675.56
770	0.815373	4663.65
780	0.815373	4673.88
790	0.815373	4668.92
800	0.815373	4655.99
810	0.815373	4658.39
820	0.815373	4676.96
830	0.815373	4665.09
840	0.815373	4656.04
850	0.815373	4650.82
860	0.815373	4669.13
870	0.815373	4670.51
880	0.815373	4659.77
890	0.815373	4651.82
900	0.815373	4660.32
910	0.815373	4652.57
920	0.815373	4634.98
930	0.815373	4643.47
940	0.815373	4650.07
950	0.815373	4649.01
960	0.815373	4653.93
970	0.815373	4653.11
980	0.815373	4656.46
990	0.815373	4666.08
1000	0.815373	4655.78
260	0.733904	4622.59
270	0.733904	4620.58
280	0.733904	4643.16
290	0.733904	4642.57
300	0.733904	4625.12
310	0.733904	4635.63
320	0.733904	4632.28
330	0.733904	4638.83
340	0.733904	4630.27
350	0.733904	4651.82
360	0.733904	4653.44
370	0.733904	4667.86
380	0.733904	4669.44
390	0.733904	4652.45
400	0.733904	4648.41
410	0.733904	4645.03
420	0.733904	4652.21
430	0.733904	4657
440	0.733904	4644.53
450	0.733904	4651.01
460	0.733904	4654.94
470	0.733904	4648.54
480	0.733904	4662.12
490	0.733904	4661.75
500	0.733904	4670.01
510	0.733904	4670.71
520	0.733904	4663.91
530	0.733904	4676.87
540	0.733904	4659.2
550	0.733904	4649.61
560	0.733904	4657.05
570	0.733904	4667.32
580	0.733904	4661.64
590	0.733904	4661.04
600	0.733904	4667.18
610	0.733904	4649.88
620	0.733904	4660.61
630	0.733904	4658.01
640	0.733904	4668.93
650	0.733904	4648.5
660	0.733904	4639.09
670	0.733904	4651.08
680	0.733904	4651.07
690	0.733904	4664.47
700	0.733904	4665.36
710	0.733904	4657.57
720	0.733904	4652.92
730	0.733904	4644.97
740	0.733904	4649.6
750	0.733904	4652.02
760	0.733904	4644.84
770	0.733904	4640.88
780	0.733904	4632.52
790	0.733904	4629.43
800	0.733904	4644.16
810	0.733904	4646.71
820	0.733904	4656.02
830	0.733904	4643.17
840	0.733904	4637.63
850	0.733904	4649.06
860	0.733904	4662.72
870	0.733904	4657.88
880	0.733904	4644.37
890	0.733904	4654.46
900	0.733904	4629.6
910	0.733904	4636.99
920	0.733904	4635
930	0.733904	4640.26
940	0.733904	4641.95
950	0.733904	4649.2
960	0.733904	4649.03
970	0.733904	4672.93
980	0.733904	4673.95
990	0.733904	4676.14
1000	0.733904	4683.41
260	0.659082	4650.35
270	0.659082	4641.57
280	0.659082	4653.77
290	0.659082	4633.76
300	0.659082	4634.88
310	0.659082	4648.72
320	0.659082	4627.39
330	0.659082	4626.29
340	0.659082	4634.27
350	0.659082	4610.6
360	0.659082	4612.25
370	0.659082	4625.57
380	0.659082	4630.42
390	0.659082	4616.22
400	0.659082	4611.39
410	0.659082	4619.21
420	0.659082	4634.32
430	0.659082	4619.14
440	0.659082	4613.86
450	0.659082	4623.81
460	0.659082	4631.44
470	0.659082	4643.12
480	0.659082	4629.77
490	0.659082	4648.31
500	0.659082	4655.8
510	0.659082	4648.84
520	0.659082	4647.34
530	0.659082	4643.28
540	0.659082	4663.53
550	0.659082	4633.13
560	0.659082	4652.88
570	0.659082	4652.57
580	0.659082	4660.83
590	0.659082	4662.86
600	0.659082	4675.12
610	0.659082	4667.39
620	0.659082	4655.84
630	0.659082	4666.78
640	0.659082	4674.34
650	0.659082	4661.22
660	0.659082	4669.4
670	0.659082	4660.93
680	0.659082	4677.91
690	0.659082	4655.33
700	0.659082	4652.34
710	0.659082	4641.18
720	0.659082	4639.68
730	0.659082	4629.97
740	0.659082	4648.24
750	0.659082	4633.56
760	0.659082	4628.37
770	0.659082	4635.21
780	0.659082	4635.55
790	0.659082	4647.69
800	0.659082	4659.54
810	0.659082	4666.71
820	0.659082	4652
830	0.659082	4644.33
840	0.659082	4644.77
850	0.659082	4650.19
860	0.659082	4651.85
870	0.659082	4670.08
880	0.659082	4648.77
890	0.659082	4645.07
900	0.659082	4650.21
910	0.659082	4638.83
920	0.659082	4615.23
930	0.659082	4647.09
940	0.659082	4651.84
950	0.659082	4659.2
960	0.659082	4661.77
970	0.659082	4643
980	0.659082	4634.82
990	0.659082	4631.97
1000	0.659082	4643.25
260	0.59049	4550.08
270	0.59049	4532.41
280	0.59049	4524.37
290	0.59049	4524.66
300	0.59049	4533.09
310	0.59049	4535.02
320	0.59049	4545.1
330	0.59049	4540.76
340	0.59049	4545.83
350	0.59049	4526.79
360	0.59049	4530.58
370	0.59049	4533.21
380	0.59049	4543.1
390	0.59049	4531.02
400	0.59049	4538.5
410	0.59049	4510.4
420	0.59049	4524.84
430	0.59049	4529.06
440	0.59049	4515.89
450	0.59049	4536.57
460	0.59049	4555.38
470	0.59049	4542.4
480	0.59049	4535.27
490	0.59049	4537.98
500	0.59049	4541.08
510	0.59049	4560.27
520	0.59049	4583.79
530	0.59049	4590.5
540	0.59049	4575.02
550	0.59049	4572.13
560	0.59049	4584.07
570	0.59049	4573.6
580	0.59049	4595.68
590	0.59049	4589.64
600	0.59049	4592.43
610	0.59049	4589.95
620	0.59049	4589.56
630	0.59049	4593.76
640	0.59049	4596.56
650	0.59049	4579.99
660	0.59049	4580
670	0.59049	4587.2
680	0.59049	4582.93
690	0.59049	4587.86
700	0.59049	4590.7
710	0.59049	4584.49
720	0.59049	4589.88
730	0.59049	4580.24
740	0.59049	4594.75
750	0.59049	4587.84
760	0.59049	4586.49
770	0.59049	4583.96
780	0.59049	4590.35
790	0.59049	4576.73
800	0.59049	4564.24
810	0.59049	4578.98
820	0.59049	4569.85
830	0.59049	4564.99
840	0.59049	4557.82
850	0.59049	4567.58
860	0.59049	4569.41
870	0.59049	4571.45
880	0.59049	4573.53
890	0.59049	4567.99
900	0.59049	4579.86
910	0.59049	4577.14
920	0.59049	4548.67
930	0.59049	4565.83
940	0.59049	4554.81
950	0.59049	4552.53
960	0.59049	4574.05
970	0.59049	4579.33
980	0.59049	4588.82
990	0.59049	4558.98
1000	0.59049	4574.64
260	0.527732	4540.37
270	0.527732	4553.75
280	0.527732	4524.54
290	0.527732	4537.41
300	0.527732	4553.62
310	0.527732	4560.99
320	0.527732	4564.06
330	0.527732	4528.1
340	0.527732	4562.62
350	0.527732	4560.53
360	0.527732	4560.59
370	0.527732	4569.05
380	0.527732	4529.7
390	0.527732	4516.91
400	0.527732	4520.11
410	0.527732	4535.3
420	0.527732	4535.9
430	0.527732	4548.4
440	0.527732	4533.41
450	0.527732	4541.77
460	0.527732	4541.27
470	0.527732	4521.89
480	0.527732	4511.96
490	0.527732	4489.22
500	0.527732	4486.64
510	0.527732	4524.38
520	0.527732	4532.67
530	0.527732	4546.83
540	0.527732	4560.06
550	0.527732	4562.81
560	0.527732	4564.14
570	0.527732	4557.96
580	0.527732	4551.84
590	0.527732	4566.72
600	0.527732	4540.38
610	0.527732	4532.08
620	0.527732	4531.22
630	0.527732	4540.62
640	0.527732	4528.88
650	0.527732	4498.04
660	0.527732	4527.95
670	0.527732	4521.92
680	0.527732	4497.59
690	0.527732	4504.76
700	0.527732	4524.13
710	0.527732	4552
720	0.527732	4565.89
730	0.527732	4556.79
740	0.527732	4552.43
750	0.527732	4531.29
760	0.527732	4533.38
770	0.527732	4530.97
780	0.527732	4500.75
790	0.527732	4517.4
800	0.527732	4531.79
810	0.527732	4547.92
820	0.527732	4554.99
830	0.527732	4544.23
840	0.527732	4545.29
850	0.527732	4532.97
860	0.527732	4525.63
870	0.527732	4518.64
880	0.527732	4536.58
890	0.527732	4537.37
900	0.527732	4538.59
910	0.527732	4521.49
920	0.527732	4511.88
930	0.527732	4519.93
940	0.527732	4513.34
950	0.527732	4537.57
960	0.527732	4541.64
970	0.527732	4529.68
980	0.527732	4535.79
990	0.527732	4510.43
1000	0.527732	4494.39
260	0.470427	4411.04
270	0.470427	4418.7
280	0.470427	4433.06
290	0.470427	4411.62
300	0.470427	4412.17
310	0.470427	4417
320	0.470427	4413.36
330	0.470427	4425.35
340	0.470427	4418.48
350	0.470427	4420.34
360	0.470427	4403.44
370	0.470427	4424
380	0.470427	4405.13
390	0.470427	4381.88
400	0.470427	4370.94
410	0.470427	4378.13
420	0.470427	4375.26
430	0.470427	4391.61
440	0.470427	4376.01
450	0.470427	4363.13
460	0.470427	4366.06
470	0.470427	4355.77
480	0.470427	4366.23
490	0.470427	4370.9
500	0.470427	4378.31
510	0.470427	4394.02
520	0.470427	4389.05
530	0.470427	4402.37
540	0.470427	4405.37
550	0.470427	4430.48
560	0.470427	4388.31
570	0.470427	4356.4
580	0.470427	4376.94
590	0.470427	4384.8
600	0.470427	4381.76
610	0.470427	4370.31
620	0.470427	4382.51
630	0.470427	4386.22
640	0.470427	4368.16
650	0.470427	4381.27
660	0.470427	4357.01
670	0.470427	4392.19
680	0.470427	4407.05
690	0.470427	4408.01
700	0.470427	4415.02
710	0.470427	4407.04
720	0.470427	4419.49
730	0.470427	4444.46
740	0.470427	4428.41
750	0.470427	4455.73
760	0.470427	4455.53
770	0.470427	4447.99
780	0.470427	4468.33
790	0.470427	4448.99
800	0.470427	4459.57
810	0.470427	4463.06
820	0.470427	4448.53
830	0.470427	4443.76
840	0.470427	4430.31
850	0.470427	4417.32
860	0.470427	4434.97
870	0.470427	4433
880	0.470427	4431.54
890	0.470427	4428.84
900	0.470427	4433.27
910	0.470427	4440.6
920	0.470427	4454.46
930	0.470427	4443
940	0.470427	4424.72
950	0.470427	4447.76
960	0.470427	4432.6
970	0.470427	4468.49
980	0.470427	4457.4
990	0.470427	4464.52
1000	0.470427	4467.66
260	0.418212	4374.17
270	0.418212	4363.24
280	0.418212	4369.17
290	0.418212	4389.83
300	0.418212	4374.04
310	0.418212	4410.24
320	0.418212	4430.4
330	0.418212	4385.54
340	0.418212	4395.91
350	0.418212	4398.8
360	0.418212	4382.04
370	0.418212	4408.58
380	0.418212	4382.25
390	0.418212	4374.42
400	0.418212	4390.67
410	0.418212	4368.79
420	0.418212	4362.26
430	0.418212	4345.14
440	0.418212	4332.32
450	0.418212	4329.81
460	0.418212	4336.65
470	0.418212	4330.36
480	0.418212	4325.24
490	0.418212	4327.69
500	0.418212	4311.07
510	0.418212	4296.58
520	0.418212	4304.77
530	0.418212	4307.29
540	0.418212	4333.64
550	0.418212	4331.26
560	0.418212	4322.64
570	0.418212	4317.44
580	0.418212	4324.06
590	0.418212	4330.74
600	0.418212	4324.81
610	0.418212	4330.63
620	0.418212	4354.73
630	0.418212	4345.71
640	0.418212	4309.3
650	0.418212	4320.94
660	0.418212	4320.12
670	0.418212	4289.26
680	0.418212	4343.42
690	0.418212	4354.19
700	0.418212	4339.12
710	0.418212	4332.53
720	0.418212	4325.11
730	0.418212	4330.58
740	0.418212	4336.23
750	0.418212	4321.21
760	0.418212	4319.39
770	0.418212	4290.71
780	0.418212	4283.96
790	0.418212	4236.37
800	0.418212	4291.58
810	0.418212	4287.53
820	0.418212	4300.42
830	0.418212	4287.74
840	0.418212	4311.98
850	0.418212	4332.31
860	0.418212	4342.94
870	0.418212	4324.24
880	0.418212	4322.8
890	0.418212	4324.21
900	0.418212	4327.51
910	0.418212	4333.67
920	0.418212	4332.92
930	0.418212	4349.75
940	0.418212	4343.87
950	0.418212	4332.91
960	0.418212	4360.87
970	0.418212	4366.5
980	0.418212	4387.58
990	0.418212	4407.34
1000	0.418212	4399.38
260	0.37074	4319.37
270	0.37074	4323.51
280	0.37074	4305.46
290	0.37074	4308.54
300	0.37074	4313.62
310	0.37074	4319.18
320	0.37074	4300.45
330	0.37074	4291.02
340	0.37074	4290.69
350	0.37074	4331.44
360	0.37074	4344.3
370	0.37074	4336.29
380	0.37074	4338.94
390	0.37074	4343.75
400	0.37074	4337.22
410	0.37074	4333.63
420	0.37074	4321.13
430	0.37074	4295.89
440	0.37074	4290
450	0.37074	4309.84
460	0.37074	4306.06
470	0.37074	4301.94
480	0.37074	4297.83
490	0.37074	4295.91
500	0.37074	4328.06
510	0.37074	4341.16
520	0.37074	4323.52
530	0.37074	4270.49
540	0.37074	4302.09
550	0.37074	4280.13
560	0.37074	4294.94
570	0.37074	4296.04
580	0.37074	4295.56
590	0.37074	4287.73
600	0.37074	4302.3
610	0.37074	4304.63
620	0.37074	4311.53
630	0.37074	4298.2
640	0.37074	4314.36
650	0.37074	4299.59
660	0.37074	4274.92
670	0.37074	4275.36
680	0.37074	4295.32
690	0.37074	4262.33
700	0.37074	4292.3
710	0.37074	4266.66
720	0.37074	4255.5
730	0.37074	4278.97
740	0.37074	4277.86
750	0.37074	4283.45
760	0.37074	4296.39
770	0.37074	4287.39
780	0.37074	4290.57
790	0.37074	4303.86
800	0.37074	4305.55
810	0.37074	4300.79
820	0.37074	4302.58
830	0.37074	4315.1
840	0.37074	4317.41
850	0.37074	4326.46
860	0.37074	4329.55
870	0.37074	4364.7
880	0.37074	4331.09
890	0.37074	4343.6
900	0.37074	4341.76
910	0.37074	4351.32
920	0.37074	4355.96
930	0.37074	4343.94
940	0.37074	4340.78
950	0.37074	4346.34
960	0.37074	4339.26
970	0.37074	4348.68
980	0.37074	4338.83
990	0.37074	4334.39
1000	0.37074	4344.83
260	0.32768	4139.91
270	0.32768	4156.71
280	0.32768	4163.82
290	0.32768	4161.35
300	0.32768	4165.83
310	0.32768	4168.49
320	0.32768	4183.64
330	0.32768	4202.22
340	0.32768	4198.11
350	0.32768	4236.4
360	0.32768	4235.32
370	0.32768	4217.21
380	0.32768	4211.63
390	0.32768	4205.1
400	0.32768	4204.75
410	0.32768	4201
420	0.32768	4201.65
430	0.32768	4209.89
440	0.32768	4202.35
450	0.32768	4212.91
460	0.32768	4217.04
470	0.32768	4212.87
480	0.32768	4184.13
490	0.32768	4181.35
500	0.32768	4185.56
510	0.32768	4198.92
520	0.32768	4186.98
530	0.32768	4135.95
540	0.32768	4146.85
550	0.32768	4134.07
560	0.32768	4144.4
570	0.32768	4164
580	0.32768	4171.93
590	0.32768	4185.88
600	0.32768	4142.34
610	0.32768	4092.26
620	0.32768	4149.68
630	0.32768	4119.61
640	0.32768	4136.43
650	0.32768	4156.8
660	0.32768	4124.92
670	0.32768	4168.53
680	0.32768	4168.89
690	0.32768	4177.1
700	0.32768	4133.68
710	0.32768	4142.29
720	0.32768	4117.46
730	0.32768	4147.1
740	0.32768	4130.83
750	0.32768	4146.47
760	0.32768	4144.69
770	0.32768	4151.68
780	0.32768	4123.01
790	0.32768	4148.37
800	0.32768	4144.18
810	0.32768	4148.26
820	0.32768	4187.56
830	0.32768	4146.09
840	0.32768	4168.19
850	0.32768	4160.01
860	0.32768	4148.95
870	0.32768	4144.98
880	0.32768	4139.43
890	0.32768	4162.87
900	0.32768	4205.41
910	0.32768	4201.37
920	0.32768	4217.97
930	0.32768	4207.03
940	0.32768	4197.49
950	0.32768	4188.85
960	0.32768	4176.38
970	0.32768	4193.47
980	0.32768	4174.98
990	0.32768	4168.3
1000	0.32768	4139.11
260	0.288717	4097.7
270	0.288717	4100.85
280	0.288717	4087.79
290	0.288717	4053.92
300	0.288717	4036.67
310	0.288717	4033.73
320	0.288717	4037.78
330	0.288717	4026.48
340	0.288717	4027.61
350	0.288717	4039.94
360	0.288717	4063.91
370	0.288717	4056.92
380	0.288717	4077.08
390	0.288717	4115.89
400	0.288717	4114.54
410	0.288717	4098.38
420	0.288717	4110.98
430	0.288717	4126.28
440	0.288717	4126.37
450	0.288717	4109.14
460	0.288717	4135.21
470	0.288717	4116.13
480	0.288717	4137.17
490	0.288717	4161.79
500	0.288717	4147.87
510	0.288717	4099.91
520	0.288717	4120.65
530	0.288717	4150.38
540	0.288717	4131.73
550	0.288717	4114.04
560	0.288717	4135.64
570	0.288717	4121.2
580	0.288717	4149.35
590	0.288717	4115.62
600	0.288717	4106.33
610	0.288717	4113.89
620	0.288717	4110.04
630	0.288717	4123.01
640	0.288717	4127.31
650	0.288717	4158.72
660	0.288717	4154.86
670	0.288717	4134.96
680	0.288717	4111.44
690	0.288717	4101.82
700	0.288717	4117.83
710	0.288717	4136.3
720	0.288717	4140.92
730	0.288717	4131.09
740	0.288717	4110.25
750	0.288717	4122.9
760	0.288717	4080.07
770	0.288717	4097.82
780	0.288717	4046.7
790	0.288717	4037.5
800	0.288717	4036.65
810	0.288717	4051.23
820	0.288717	4017.05
830	0.288717	3978.94
840	0.288717	3955.06
850	0.288717	3950.65
860	0.288717	3963.67
870	0.288717	3978.84
880	0.288717	4012.11
890	0.288717	4003.91
900	0.288717	4024.66
910	0.288717	4060.3
920	0.288717	4064.42
930	0.288717	4086.02
940	0.288717	4040.93
950	0.288717	4053.65
960	0.288717	4040.64
970	0.288717	4018.93
980	0.288717	4008.16
990	0.288717	4013.49
1000	0.288717	4035.75
260	0.253553	3940.27
270	0.253553	3907.45
280	0.253553	3984.8
290	0.253553	4019.05
300	0.253553	3965.31
310	0.253553	3977.29
320	0.253553	4001.74
330	0.253553	3974.4
340	0.253553	3975.93
350	0.253553	3967.23
360	0.253553	3913.61
370	0.253553	3884.45
380	0.253553	3852
390	0.253553	3904.29
400	0.253553	3842.18
410	0.253553	3836.45
420	0.253553	3867.62
430	0.253553	3880.36
440	0.253553	3880.03
450	0.253553	3924.48
460	0.253553	3941.89
470	0.253553	3954.17
480	0.253553	3962.3
490	0.253553	3949.61
500	0.253553	3923.2
510	0.253553	3921.29
520	0.253553	3901.12
530	0.253553	3909.31
540	0.253553	3906.87
550	0.253553	3884.45
560	0.253553	3855.16
570	0.253553	3845.72
580	0.253553	3881.07
590	0.253553	3905.33
600	0.253553	3887.04
610	0.253553	3918.98
620	0.253553	3894.01
630	0.253553	3936.96
640	0.253553	3975.55
650	0.253553	3977.97
660	0.253553	3970.66
670	0.253553	3954.69
680	0.253553	3943.75
690	0.253553	3974.75
700	0.253553	3987.38
710	0.253553	3994.4
720	0.253553	3962.81
730	0.253553	3956.49
740	0.253553	3984.94
750	0.253553	3963.67
760	0.253553	3944.07
770	0.253553	3883.49
780	0.253553	3930.45
790	0.253553	3911.98
800	0.253553	3962.16
810	0.253553	3933.1
820	0.253553	3956.48
830	0.253553	3969.67
840	0.253553	3997.51
850	0.253553	3978.77
860	0.253553	3923.24
870	0.253553	3929.84
880	0.253553	3991.18
890	0.253553	4003.94
900	0.253553	3987.62
910	0.253553	3967.79
920	0.253553	3985.5
930	0.253553	3972.15
940	0.253553	3994.3
950	0.253553	4009.15
960	0.253553	3999.29
970	0.253553	4021.62
980	0.253553	4013.47
990	0.253553	4018.94
1000	0.253553	4048.86
260	0.221901	3851.99
270	0.221901	3803.91
280	0.221901	3854.79
290	0.221901	3826.08
300	0.221901	3825.67
310	0.221901	3862.03
320	0.221901	3869.09
330	0.221901	3857.22
340	0.221901	3873.33
350	0.221901	3870.95
360	0.221901	3875.15
370	0.221901	3865.27
380	0.221901	3874.92
390	0.221901	3872.99
400	0.221901	3821.92
410	0.221901	3787.13
420	0.221901	3862.62
430	0.221901	3857.61
440	0.221901	3865.07
450	0.221901	3879.92
460	0.221901	3862.95
470	0.221901	3893.35
480	0.221901	3891.03
490	0.221901	3902.82
500	0.221901	3850.42
510	0.221901	3816.41
520	0.221901	3890.19
530	0.221901	3900.88
540	0.221901	3897.07
550	0.221901	3882.79
560	0.221901	3888.28
570	0.221901	3921.62
580	0.221901	3921.76
590	0.221901	3898.43
600	0.221901	3896.81
610	0.221901	3888.84
620	0.221901	3874.51
630	0.221901	3882.37
640	0.221901	3885.18
650	0.221901	3835.98
660	0.221901	3843.31
670	0.221901	3865.21
680	0.221901	3894.2
690	0.221901	3848.23
700	0.221901	3881.36
710	0.221901	3842.27
720	0.221901	3885.69
730	0.221901	3896.15
740	0.221901	3901
750	0.221901	3877.16
760	0.221901	3907.4
770	0.221901	3904.98
780	0.221901	3879.23
790	0.221901	3880.59
800	0.221901	3892.87
810	0.221901	3890.68
820	0.221901	3895.77
830	0.221901	3966.19
840	0.221901	3984.71
850	0.221901	3961.25
860	0.221901	3985.17
870	0.221901	3950.53
880	0.221901	3961.75
890	0.221901	3959.27
900	0.221901	3883.97
910	0.221901	3893.19
920	0.221901	3871.49
930	0.221901	3872.84
940	0.221901	3891.17
950	0.221901	3846.51
960	0.221901	3865.17
970	0.221901	3895.46
980	0.221901	3855.34
990	0.221901	3907.99
1000	0.221901	3920.69
260	0.193492	3840.58
270	0.193492	3888.97
280	0.193492	3919.84
290	0.193492	3884.44
300	0.193492	3879.5
310	0.193492	3847.02
320	0.193492	3844.82
330	0.193492	3818.97
340	0.193492	3842.28
350	0.193492	3811.68
360	0.193492	3837.87
370	0.193492	3896.98
380	0.193492	3845.92
390	0.193492	3789.91
400	0.193492	3810.55
410	0.193492	3805.5
420	0.193492	3777.46
430	0.193492	3748.78
440	0.193492	3695.82
450	0.193492	3707.84
460	0.193492	3772.83
470	0.193492	3747.58
480	0.193492	3722.64
490	0.193492	3751.76
500	0.193492	3748.68
510	0.193492	3728.55
520	0.193492	3731.23
530	0.193492	3635.01
540	0.193492	3687.44
550	0.193492	3698.54
560	0.193492	3704.38
570	0.193492	3728.51
580	0.193492	3728.49
590	0.193492	3667.39
600	0.193492	3648.8
610	0.193492	3699.86
620	0.193492	3679.38
630	0.193492	3722.8
640	0.193492	3743.74
650	0.193492	3778.6
660	0.193492	3808.63
670	0.193492	3789.01
680	0.193492	3791.61
690	0.193492	3814.11
700	0.193492	3767.89
710	0.193492	3757.39
720	0.193492	3720.6
730	0.193492	3708.52
740	0.193492	3713.62
750	0.193492	3739.9
760	0.193492	3780.57
770	0.193492	3784.17
780	0.193492	3767.9
790	0.193492	3779.41
800	0.193492	3773.95
810	0.193492	3774.69
820	0.193492	3745.64
830	0.193492	3775.11
840	0.193492	3749.67
850	0.193492	3821.45
860	0.193492	3765.84
870	0.193492	3757.36
880	0.193492	3775.54
890	0.193492	3804.46
900	0.193492	3794.47
910	0.193492	3809.7
920	0.193492	3818.19
930	0.193492	3789.55
940	0.193492	3790.21
950	0.193492	3729.53
960	0.193492	3750.33
970	0.193492	3774.12
980	0.193492	3732.33
990	0.193492	3668.22
1000	0.193492	3716.38
260	0.16807	3477.42
270	0.16807	3521.32
280	0.16807	3602.78
290	0.16807	3637.85
300	0.16807	3646.83
310	0.16807	3661.63
320	0.16807	3723.96
330	0.16807	3728.79
340	0.16807	3747.42
350	0.16807	3675.24
360	0.16807	3735.01
370	0.16807	3729.78
380	0.16807	3681.28
390	0.16807	3689
400	0.16807	3723.94
410	0.16807	3673.89
420	0.16807	3694.83
430	0.16807	3646.05
440	0.16807	3658.01
450	0.16807	3588.2
460	0.16807	3635.94
470	0.16807	3673.23
480	0.16807	3672.4
490	0.16807	3672.44
500	0.16807	3633.92
510	0.16807	3613.14
520	0.16807	3621
530	0.16807	3625.97
540	0.16807	3555.68
550	0.16807	3598.35
560	0.16807	3544.7
570	0.16807	3577.26
580	0.16807	3585.61
590	0.16807	3554.67
600	0.16807	3638.64
610	0.16807	3661.95
620	0.16807	3631.68
630	0.16807	3667.73
640	0.16807	3657.66
650	0.16807	3665.35
660	0.16807	3688.64
670	0.16807	3693.72
680	0.16807	3700.06
690	0.16807	3711.41
700	0.16807	3745.15
710	0.16807	3697.37
720	0.16807	3662.15
730	0.16807	3633.57
740	0.16807	3633.59
750	0.16807	3623.54
760	0.16807	3640.81
770	0.16807	3600.71
780	0.16807	3677.64
790	0.16807	3680.49
800	0.16807	3664.38
810	0.16807	3628.13
820	0.16807	3648.92
830	0.16807	3670.52
840	0.16807	3659.93
850	0.16807	3639.78
860	0.16807	3675.4
870	0.16807	3652.5
880	0.16807	3691.83
890	0.16807	3660.83
900	0.16807	3666.3
910	0.16807	3664.71
920	0.16807	3593.27
930	0.16807	3605.04
940	0.16807	3578.68
950	0.16807	3576.07
960	0.16807	3584.22
970	0.16807	3644.97
980	0.16807	3622.76
990	0.16807	3634.86
1000	0.16807	3675.34
260	0.145393	3504.21
270	0.145393	3585.94
280	0.145393	3545.38
290	0.145393	3576.15
300	0.145393	3590.9
310	0.145393	3502.41
320	0.145393	3587.39
330	0.145393	3584.67
340	0.145393	3546.8
350	0.145393	3552.66
360	0.145393	3510
370	0.145393	3517.89
380	0.145393	3546.49
390	0.145393	3496.02
400	0.145393	3510.65
410	0.145393	3531.21
420	0.145393	3481.17
430	0.145393	3501.86
440	0.145393	3550.61
450	0.145393	3490.11
460	0.145393	3475.18
470	0.145393	3466.62
480	0.145393	3548.93
490	0.145393	3566.46
500	0.145393	3550.87
510	0.145393	3514.97
520	0.145393	3495.79
530	0.145393	3546.77
540	0.145393	3544.15
550	0.145393	3505.35
560	0.145393	3506.31
570	0.145393	3501.72
580	0.145393	3545.88
590	0.145393	3510
600	0.145393	3537.23
610	0.145393	3497.77
620	0.145393	3516.99
630	0.145393	3483.07
640	0.145393	3489.07
650	0.145393	3520.96
660	0.145393	3516.88
670	0.145393	3521.74
680	0.145393	3445.63
690	0.145393	3439.65
700	0.145393	3457.74
710	0.145393	3504.99
720	0.145393	3458.82
730	0.145393	3415.21
740	0.145393	3392.02
750	0.145393	3411.9
760	0.145393	3449.51
770	0.145393	3473.53
780	0.145393	3467.55
790	0.145393	3424.51
800	0.145393	3391.2
810	0.145393	3354.27
820	0.145393	3417.21
830	0.145393	3413.03
840	0.145393	3408.14
850	0.145393	3414.65
860	0.145393	3358.78
870	0.145393	3399.94
880	0.145393	3453.81
890	0.145393	3448.08
900	0.145393	3438.69
910	0.145393	3453.25
920	0.145393	3474.11
930	0.145393	3456.86
940	0.145393	3451.42
950	0.145393	3483.28
960	0.145393	3465.23
970	0.145393	3465.78
980	0.145393	3462.46
990	0.145393	3470.26
1000	0.145393	3482.65
260	0.125233	3228.18
270	0.125233	3258.26
280	0.125233	3248.84
290	0.125233	3145.93
300	0.125233	3128.12
310	0.125233	3126.81
320	0.125233	3128.98
330	0.125233	3179.7
340	0.125233	3187.03
350	0.125233	3165.26
360	0.125233	3168.38
370	0.125233	3185.21
380	0.125233	3141.26
390	0.125233	3160.11
400	0.125233	3127.45
410	0.125233	3165.95
420	0.125233	3139.59
430	0.125233	3159.94
440	0.125233	3095.63
450	0.125233	3110.6
460	0.125233	3080.16
470	0.125233	3041.56
480	0.125233	3050.06
490	0.125233	3111.62
500	0.125233	3111.51
510	0.125233	3155.88
520	0.125233	3199.97
530	0.125233	3159.67
540	0.125233	3135.35
550	0.125233	3112.85
560	0.125233	2986.32
570	0.125233	3020.59
580	0.125233	3164.01
590	0.125233	3157.28
600	0.125233	3117.98
610	0.125233	3176.47
620	0.125233	3150.9
630	0.125233	3148.5
640	0.125233	3210.35
650	0.125233	3172.86
660	0.125233	3148.09
670	0.125233	3159.12
680	0.125233	3145.25
690	0.125233	3116.71
700	0.125233	3165.49
710	0.125233	3121.97
720	0.125233	3177.16
730	0.125233	3107.94
740	0.125233	3108.7
750	0.125233	3106.55
760	0.125233	3083.64
770	0.125233	3100.43
780	0.125233	3117.79
790	0.125233	3193.65
800	0.125233	3100.87
810	0.125233	3114.08
820	0.125233	3135.86
830	0.125233	3079.84
840	0.125233	3144.47
850	0.125233	3152.1
860	0.125233	3081.34
870	0.125233	3159.28
880	0.125233	3073.61
890	0.125233	3095.71
900	0.125233	3077.25
910	0.125233	3054.09
920	0.125233	3049.72
930	0.125233	3169.39
940	0.125233	3179.8
950	0.125233	3194.58
960	0.125233	3169.91
970	0.125233	3101.92
980	0.125233	3214.47
990	0.125233	3204.97
1000	0.125233	3252.47
260	0.107374	3095.17
270	0.107374	3171.01
280	0.107374	3225.03
290	0.107374	3221.69
300	0.107374	3206.86
310	0.107374	3162.54
320	0.107374	3164.43
330	0.107374	3215.39
340	0.107374	3166.16
350	0.107374	3203.65
360	0.107374	3186.86
370	0.107374	3195.57
380	0.107374	3144.18
390	0.107374	3161.98
400	0.107374	3123.04
410	0.107374	3158.5
420	0.107374	3222.52
430	0.107374	3217.76
440	0.107374	3131.13
450	0.107374	3100.47
460	0.107374	3095.86
470	0.107374	3102.37
480	0.107374	3020.77
490	0.107374	3014.05
500	0.107374	2975.72
510	0.107374	3063.55
520	0.107374	3106.12
530	0.107374	3077.77
540	0.107374	3148.51
550	0.107374	3171.85
560	0.107374	3169.32
570	0.107374	3210.81
580	0.107374	3199.12
590	0.107374	3241.34
600	0.107374	3249.07
610	0.107374	3226.11
620	0.107374	3243.08
630	0.107374	3216.68
640	0.107374	3234.17
650	0.107374	3253.71
660	0.107374	3309.42
670	0.107374	3290.26
680	0.107374	3296.46
690	0.107374	3291.73
700	0.107374	3223.2
710	0.107374	3190.34
720	0.107374	3177.84
730	0.107374	3195.3
740	0.107374	3244.49
750	0.107374	3245.64
760	0.107374	3245.39
770	0.107374	3219.88
780	0.107374	3266.83
790	0.107374	3279.81
800	0.107374	3292.38
810	0.107374	3233.87
820	0.107374	3287.7
830	0.107374	3322.05
840	0.107374	3271.38
850	0.107374	3305.63
860	0.107374	3299.42
870	0.107374	3269.74
880	0.107374	3288.84
890	0.107374	3295.03
900	0.107374	3306.85
910	0.107374	3279.57
920	0.107374	3244.99
930	0.107374	3222.66
940	0.107374	3098.39
950	0.107374	3129.5
960	0.107374	3139.53
970	0.107374	3116.07
980	0.107374	3128.99
990	0.107374	3160.92
1000	0.107374	3227.81
260	0.0916133	2801.39
270	0.0916133	2883.16
280	0.0916133	2859.08
290	0.0916133	2842.07
300	0.0916133	2873.93
310	0.0916133	2818.22
320	0.0916133	2768.66
330	0.0916133	2756.98
340	0.0916133	2738.17
350	0.0916133	2779.92
360	0.0916133	2785.21
370	0.0916133	2855.35
380	0.0916133	2851.39
390	0.0916133	2734.23
400	0.0916133	2784.13
410	0.0916133	2812.61
420	0.0916133	2819.35
430	0.0916133	2857.64
440	0.0916133	2884.52
450	0.0916133	2839.28
460	0.0916133	2855.3
470	0.0916133	2885.49
480	0.0916133	2868.04
490	0.0916133	2868.31
500	0.0916133	2876.88
510	0.0916133	2891.5
520	0.0916133	2852.19
530	0.0916133	2833.45
540	0.0916133	2917.2
550	0.0916133	2841.11
560	0.0916133	2892.6
570	0.0916133	2857.98
580	0.0916133	2886.3
590	0.0916133	2907.9
600	0.0916133	2878.71
610	0.0916133	2829.64
620	0.0916133	2795.79
630	0.0916133	2847.57
640	0.0916133	2827.23
650	0.0916133	2738.13
660	0.0916133	2778.42
670	0.0916133	2783.54
680	0.0916133	2817.92
690	0.0916133	2873.89
700	0.0916133	2882.69
710	0.0916133	2827.6
720	0.0916133	2898.83
730	0.0916133	2885.36
740	0.0916133	2846.59
750	0.0916133	2868.69
760	0.0916133	2848.95
770	0.0916133	2893.36
780	0.0916133	2876.36
790	0.0916133	2859.1
800	0.0916133	2860.95
810	0.0916133	2882.37
820	0.0916133	2873.84
830	0.0916133	2924.26
840	0.0916133	2849.23
850	0.0916133	2876.61
860	0.0916133	2804.1
870	0.0916133	2796.13
880	0.0916133	2730.68
890	0.0916133	2692.46
900	0.0916133	2693.25
910	0.0916133	2706.17
920	0.0916133	2747.67
930	0.0916133	2857.89
940	0.0916133	2822
950	0.0916133	2912.28
960	0.0916133	2902.21
970	0.0916133	2834.06
980	0.0916133	2852.05
990	0.0916133	2935.95
1000	0.0916133	2925.9
260	0.07776	2771.01
270	0.07776	2739.51
280	0.07776	2699.72
290	0.07776	2629.29
300	0.07776	2697.75
310	0.07776	2755.74
320	0.07776	2720.51
330	0.07776	2787.99
340	0.07776	2756.88
350	0.07776	2781.97
360	0.07776	2788.29
370	0.07776	2845.04
380	0.07776	2847.31
390	0.07776	2766.16
400	0.07776	2769.56
410	0.07776	2787.81
420	0.07776	2860.62
430	0.07776	2822.61
440	0.07776	2724.69
450	0.07776	2643.77
460	0.07776	2573.89
470	0.07776	2694.68
480	0.07776	2657.19
490	0.07776	2660.93
500	0.07776	2731.39
510	0.07776	2688.69
520	0.07776	2622.79
530	0.07776	2650.14
540	0.07776	2643.83
550	0.07776	2614.02
560	0.07776	2617.54
570	0.07776	2681.32
580	0.07776	2647.16
590	0.07776	2605.8
600	0.07776	2645.91
610	0.07776	2697.43
620	0.07776	2592.16
630	0.07776	2685.77
640	0.07776	2764.91
650	0.07776	2759.49
660	0.07776	2710.94
670	0.07776	2688.63
680	0.07776	2671.22
690	0.07776	2708.26
700	0.07776	2545.39
710	0.07776	2672.69
720	0.07776	2755.16
730	0.07776	2734.63
740	0.07776	2637.74
750	0.07776	2771.4
760	0.07776	2768.45
770	0.07776	2701.52
780	0.07776	2738.56
790	0.07776	2636.08
800	0.07776	2646.28
810	0.07776	2731.48
820	0.07776	2725.61
830	0.07776	2811.95
840	0.07776	2717.1
850	0.07776	2799.66
860	0.07776	2792.11
870	0.07776	2752.76
880	0.07776	2678.58
890	0.07776	2596.37
900	0.07776	2588.16
910	0.07776	2682.74
920	0.07776	2748.62
930	0.07776	2702.85
940	0.07776	2685.73
950	0.07776	2745.13
960	0.07776	2835.32
970	0.07776	2856.51
980	0.07776	2737.67
990	0.07776	2766.74
1000	0.07776	2701.24
260	0.0656357	2800.77
270	0.0656357	2807.76
280	0.0656357	2789.75
290	0.0656357	2770.86
300	0.0656357	2743.88
310	0.0656357	2883.63
320	0.0656357	2846.28
330	0.0656357	2737.07
340	0.0656357	2715.14
350	0.0656357	2797.76
360	0.0656357	2729.89
370	0.0656357	2734.93
380	0.0656357	2722.62
390	0.0656357	2633.13
400	0.0656357	2550.05
410	0.0656357	2607.82
420	0.0656357	2622.18
430	0.0656357	2628.72
440	0.0656357	2584.93
450	0.0656357	2548.22
460	0.0656357	2482.01
470	0.0656357	2406.2
480	0.0656357	2486.6
490	0.0656357	2410
500	0.0656357	2498.83
510	0.0656357	2525.09
520	0.0656357	2510.05
530	0.0656357	2475
540	0.0656357	2592.94
550	0.0656357	2609.4
560	0.0656357	2618.71
570	0.0656357	2572.68
580	0.0656357	2565.75
590	0.0656357	2622.97
600	0.0656357	2649.34
610	0.0656357	2629.96
620	0.0656357	2646.73
630	0.0656357	2727.63
640	0.0656357	2789.24
650	0.0656357	2658.1
660	0.0656357	2792.78
670	0.0656357	2643.01
680	0.0656357	2646.1
690	0.0656357	2652.4
700	0.0656357	2531.4
710	0.0656357	2543
720	0.0656357	2506.39
730	0.0656357	2491.07
740	0.0656357	2616.35
750	0.0656357	2735.86
760	0.0656357	2700.59
770	0.0656357	2661.56
780	0.0656357	2639.18
790	0.0656357	2543.2
800	0.0656357	2648.85
810	0.0656357	2635.39
820	0.0656357	2666.63
830	0.0656357	2648.09
840	0.0656357	2638.35
850	0.0656357	2684.42
860	0.0656357	2719.63
870	0.0656357	2677.48
880	0.0656357	2753.32
890	0.0656357	2760.83
900	0.0656357	2721.95
910	0.0656357	2741.82
920	0.0656357	2579.56
930	0.0656357	2587.74
940	0.0656357	2641.66
950	0.0656357	2612.64
960	0.0656357	2602.32
970	0.0656357	2624.49
980	0.0656357	2647.96
990	0.0656357	2675.99
1000	0.0656357	2725.03
260	0.0550732	2645.22
270	0.0550732	2678.5
280	0.0550732	2589.5
290	0.0550732	2616.54
300	0.0550732	2448.28
310	0.0550732	2584
320	0.0550732	2841.81
330	0.0550732	2744.93
340	0.0550732	2681.7
350	0.0550732	2761.32
360	0.0550732	2687
370	0.0550732	2635.69
380	0.0550732	2737.87
390	0.0550732	2627.6
400	0.0550732	2503.59
410	0.0550732	2506.74
420	0.0550732	2577.04
430	0.0550732	2668.09
440	0.0550732	2704.05
450	0.0550732	2689.92
460	0.0550732	2713.2
470	0.0550732	2660.28
480	0.0550732	2588.23
490	0.0550732	2551.9
500	0.0550732	2609.35
510	0.0550732	2479.46
520	0.0550732	2561.33
530	0.0550732	2449.75
540	0.0550732	2537.43
550	0.0550732	2514.08
560	0.0550732	2454.86
570	0.0550732	2459.59
580	0.0550732	2427.02
590	0.0550732	2456.69
600	0.0550732	2356.12
610	0.0550732	2470.97
620	0.0550732	2484.73
630	0.0550732	2439.99
640	0.0550732	2367.53
650	0.0550732	2364.32
660	0.0550732	2549.96
670	0.0550732	2460.09
680	0.0550732	2508.57
690	0.0550732	2508.33
700	0.0550732	2516.94
710	0.0550732	2579.4
720	0.0550732	2480.71
730	0.0550732	2490.45
740	0.0550732	2394.5
750	0.0550732	2458.41
760	0.0550732	2427.24
770	0.0550732	2422.47
780	0.0550732	2605.73
790	0.0550732	2579.74
800	0.0550732	2609.61
810	0.0550732	2667.65
820	0.0550732	2674.17
830	0.0550732	2734.39
840	0.0550732	2614.55
850	0.0550732	2769.26
860	0.0550732	2673.74
870	0.0550732	2600.95
880	0.0550732	2478.13
890	0.0550732	2561.12
900	0.0550732	2554.48
910	0.0550732	2624.05
920	0.0550732	2669.78
930	0.0550732	2600.78
940	0.0550732	2464.76
950	0.0550732	2544.51
960	0.0550732	2475.46
970	0.0550732	2459.83
980	0.0550732	2474.86
990	0.0550732	2472.22
1000	0.0550732	2534.37
260	0.0459165	2518.8
270	0.0459165	2540.94
280	0.0459165	2580.04
290	0.0459165	2608.64
300	0.0459165	2676.93
310	0.0459165	2488.73
320	0.0459165	2574.33
330	0.0459165	2605.32
340	0.0459165	2421.63
350	0.0459165	2476.61
360	0.0459165	2595.45
370	0.0459165	2572.31
380	0.0459165	2470.36
390	0.0459165	2699.48
400	0.0459165	2582.83
410	0.0459165	2735.76
420	0.0459165	2641.06
430	0.0459165	2639.35
440	0.0459165	2660.26
450	0.0459165	2616.06
460	0.0459165	2623.85
470	0.0459165	2568.29
480	0.0459165	2575.31
490	0.0459165	2437.17
500	0.0459165	2482.34
510	0.0459165	2386.97
520	0.0459165	2406.38
530	0.0459165	2458.41
540	0.0459165	2426.21
550	0.0459165	2497.57
560	0.0459165	2563.84
570	0.0459165	2517.64
580	0.0459165	2435.9
590	0.0459165	2418.36
600	0.0459165	2427.82
610	0.0459165	2570.79
620	0.0459165	2624.29
630	0.0459165	2517.47
640	0.0459165	2463.79
650	0.0459165	2535.65
660	0.0459165	2500.39
670	0.0459165	2519.05
680	0.0459165	2511.4
690	0.0459165	2445.08
700	0.0459165	2398.52
710	0.0459165	2401.15
720	0.0459165	2384.34
730	0.0459165	2506.05
740	0.0459165	2570.94
750	0.0459165	2528.79
760	0.0459165	2607.3
770	0.0459165	2654.9
780	0.0459165	2429.68
790	0.0459165	2503.12
800	0.0459165	2505.8
810	0.0459165	2538.5
820	0.0459165	2451.09
830	0.0459165	2477.61
840	0.0459165	2477.5
850	0.0459165	2439.15
860	0.0459165	2506.4
870	0.0459165	2492.44
880	0.0459165	2462.63
890	0.0459165	2382.67
900	0.0459165	2267.15
910	0.0459165	2287.18
920	0.0459165	2406.15
930	0.0459165	2366.2
940	0.0459165	2432.44
950	0.0459165	2492.29
960	0.0459165	2515.7
970	0.0459165	2470.01
980	0.0459165	2514.82
990	0.0459165	2474.01
1000	0.0459165	2477.18
260	0.0380204	2425.26
270	0.0380204	2545.17
280	0.0380204	2522.02
290	0.0380204	2439.37
300	0.0380204	2382.87
310	0.0380204	2436.71
320	0.0380204	2516.3
330	0.0380204	2536.42
340	0.0380204	2366.36
350	0.0380204	2396.56
360	0.0380204	2253.62
370	0.0380204	2288.11
380	0.0380204	2423.13
390	0.0380204	2381.36
400	0.0380204	2345.17
410	0.0380204	2334.31
420	0.0380204	2249.84
430	0.0380204	2334.45
440	0.0380204	2361.53
450	0.0380204	2451.89
460	0.0380204	2258.37
470	0.0380204	2370.03
480	0.0380204	2422.3
490	0.0380204	2397.42
500	0.0380204	2436.42
510	0.0380204	2376.21
520	0.0380204	2405.78
530	0.0380204	2471.72
540	0.0380204	2477.61
550	0.0380204	2472.93
560	0.0380204	2453.85
570	0.0380204	2502.32
580	0.0380204	2519.52
590	0.0380204	2496.41
600	0.0380204	2554.26
610	0.0380204	2555.41
620	0.0380204	2543.85
630	0.0380204	2444.71
640	0.0380204	2494.19
650	0.0380204	2570.06
660	0.0380204	2435.34
670	0.0380204	2397
680	0.0380204	2301.8
690	0.0380204	2416.42
700	0.0380204	2481.06
710	0.0380204	2436
720	0.0380204	2540.77
730	0.0380204	2592.07
740	0.0380204	2600.99
750	0.0380204	2564.31
760	0.0380204	2590.47
770	0.0380204	2446.44
780	0.0380204	2495.64
790	0.0380204	2568.7
800	0.0380204	2458.98
810	0.0380204	2496.28
820	0.0380204	2500.46
830	0.0380204	2373.49
840	0.0380204	2465.94
850	0.0380204	2391.12
860	0.0380204	2436.49
870	0.0380204	2531.65
880	0.0380204	2423.05
890	0.0380204	2350.25
900	0.0380204	2309.55
910	0.0380204	2463.45
920	0.0380204	2421.91
930	0.0380204	2515.42
940	0.0380204	2577.79
950	0.0380204	2560.89
960	0.0380204	2574.16
970	0.0380204	2411.39
980	0.0380204	2488.45
990	0.0380204	2497.56
1000	0.0380204	2619.63
260	0.03125	2267.31
270	0.03125	2155.05
280	0.03125	2279.49
290	0.03125	2200.84
300	0.03125	2172.98
310	0.03125	2065.1
320	0.03125	2271.71
330	0.03125	2361.67
340	0.03125	2399.18
350	0.03125	2172.03
360	0.03125	2338.12
370	0.03125	2306.27
380	0.03125	2297.71
390	0.03125	2388.04
400	0.03125	2240.61
410	0.03125	2171.02
420	0.03125	2393.88
430	0.03125	2478.02
440	0.03125	2358.69
450	0.03125	2168.11
460	0.03125	2196.11
470	0.03125	2098.93
480	0.03125	2199.18
490	0.03125	2378.13
500	0.03125	2405.99
510	0.03125	2416.56
520	0.03125	2479.32
530	0.03125	2463.58
540	0.03125	2580.95
550	0.03125	2514.13
560	0.03125	2273.03
570	0.03125	2289.77
580	0.03125	2262.89
590	0.03125	2358.31
600	0.03125	2379.01
610	0.03125	2329.66
620	0.03125	2457.39
630	0.03125	2255.64
640	0.03125	2205.93
650	0.03125	2323.72
660	0.03125	2422.96
670	0.03125	2323.78
680	0.03125	2378.06
690	0.03125	2183.03
700	0.03125	2191.68
710	0.03125	2027.73
720	0.03125	2225.89
730	0.03125	2342.46
740	0.03125	2257.8
750	0.03125	2167.89
760	0.03125	2258.22
770	0.03125	2353.02
780	0.03125	2446.51
790	0.03125	2440.83
800	0.03125	2397.64
810	0.03125	2466.18
820	0.03125	2413.7
830	0.03125	2378.22
840	0.03125	2313.39
850	0.03125	2347.72
860	0.03125	2326.08
870	0.03125	2326.8
880	0.03125	2312.79
890	0.03125	2509.93
900	0.03125	2538.77
910	0.03125	2542.04
920	0.03125	2571.21
930	0.03125	2531.93
940	0.03125	2527.65
950	0.03125	2530.93
960	0.03125	2494.17
970	0.03125	2367.97
980	0.03125	2473.89
990	0.03125	2385.54
1000	0.03125	2386.12
260	0.0254804	2384.23
270	0.0254804	2326.64
280	0.0254804	2440.16
290	0.0254804	2416.92
300	0.0254804	2301.42
310	0.0254804	2409.26
320	0.0254804	2419.06
330	0.0254804	2343.37
340	0.0254804	2229.94
350	0.0254804	2179.73
360	0.0254804	2226.33
370	0.0254804	2317.21
380	0.0254804	2141.18
390	0.0254804	2231.42
400	0.0254804	2146.78
410	0.0254804	2117.96
420	0.0254804	2391.43
430	0.0254804	2260.35
440	0.0254804	2265.13
450	0.0254804	2370.1
460	0.0254804	2226.82
470	0.0254804	2221.88
480	0.0254804	2125.1
490	0.0254804	2259.11
500	0.0254804	2326.17
510	0.0254804	2145.41
520	0.0254804	2385
530	0.0254804	2338.53
540	0.0254804	2249.4
550	0.0254804	1982.44
560	0.0254804	2161.25
570	0.0254804	2364.44
580	0.0254804	2368.75
590	0.0254804	2343.72
600	0.0254804	2312.74
610	0.0254804	2433.55
620	0.0254804	2280.65
630	0.0254804	2291
640	0.0254804	2203.6
650	0.0254804	2364.56
660	0.0254804	2251.54
670	0.0254804	2316.6
680	0.0254804	2169.96
690	0.0254804	2098.22
700	0.0254804	2202.6
710	0.0254804	2243.44
720	0.0254804	2087.06
730	0.0254804	2217.55
740	0.0254804	2022.29
750	0.0254804	2215.83
760	0.0254804	2347.38
770	0.0254804	2305.58
780	0.0254804	2439.52
790	0.0254804	2370.88
800	0.0254804	2212.02
810	0.0254804	2202.68
820	0.0254804	2330.82
830	0.0254804	2363.75
840	0.0254804	2094.73
850	0.0254804	2222.25
860	0.0254804	2257.3
870	0.0254804	2227
880	0.0254804	2284.46
890	0.0254804	2311.94
900	0.0254804	2355.29
910	0.0254804	2324.6
920	0.0254804	2254.87
930	0.0254804	2329.65
940	0.0254804	2268.36
950	0.0254804	2245.95
960	0.0254804	1986.9
970	0.0254804	2001.63
980	0.0254804	2252.53
990	0.0254804	2314.37
1000	0.0254804	2453.14
260	0.0205963	2403.31
270	0.0205963	2417.73
280	0.0205963	2435.26
290	0.0205963	2326.21
300	0.0205963	2313.01
310	0.0205963	2231.24
320	0.0205963	2219.04
330	0.0205963	2084.05
340	0.0205963	2342.83
350	0.0205963	2312.33
360	0.0205963	2351.53
370	0.0205963	2433.97
380	0.0205963	2222.7
390	0.0205963	2199.32
400	0.0205963	2256.61
410	0.0205963	2174.53
420	0.0205963	2424.7
430	0.0205963	2091.78
440	0.0205963	2236.86
450	0.0205963	2225.26
460	0.0205963	2285.06
470	0.0205963	2263.41
480	0.0205963	2174.65
490	0.0205963	2138.07
500	0.0205963	2171.07
510	0.0205963	1946.68
520	0.0205963	2199.45
530	0.0205963	2236.03
540	0.0205963	2313.89
550	0.0205963	2237.15
560	0.0205963	2058
570	0.0205963	2225.7
580	0.0205963	2308.36
590	0.0205963	2295.97
600	0.0205963	2216.46
610	0.0205963	2063.23
620	0.0205963	2057.59
630	0.0205963	1926.15
640	0.0205963	2022.99
650	0.0205963	2238.98
660	0.0205963	2241.56
670	0.0205963	2036.25
680	0.0205963	2116.56
690	0.0205963	2081.41
700	0.0205963	2161.9
710	0.0205963	2096.15
720	0.0205963	2137.81
730	0.0205963	2307.99
740	0.0205963	2258.36
750	0.0205963	2111.8
760	0.0205963	2037.11
770	0.0205963	2003.47
780	0.0205963	2032.84
790	0.0205963	2239.42
800	0.0205963	2253.63
810	0.0205963	2131.6
820	0.0205963	2317.35
830	0.0205963	2415.91
840	0.0205963	2277.14
850	0.0205963	2091.68
860	0.0205963	2052.59
870	0.0205963	1969.32
880	0.0205963	2164.13
890	0.0205963	2285.71
900	0.0205963	2123.33
910	0.0205963	2124.22
920	0.0205963	2225.07
930	0.0205963	2340.09
940	0.0205963	2417.8
950	0.0205963	2377.77
960	0.0205963	2279.2
970	0.0205963	2071.14
980	0.0205963	1837.16
990	0.0205963	2270.02
1000	0.0205963	2044.33
260	0.0164916	1990.53
270	0.0164916	2258.21
280	0.0164916	2262.26
290	0.0164916	2347.77
300	0.0164916	1821.41
310	0.0164916	2107.88
320	0.0164916	2197.15
330	0.0164916	2064.07
340	0.0164916	2103.27
350	0.0164916	2304.3
360	0.0164916	2292.39
370	0.0164916	2097.86
380	0.0164916	2167.8
390	0.0164916	2436.79
400	0.0164916	2462.57
410	0.0164916	2160.32
420	0.0164916	2454.19
430	0.0164916	2299.05
440	0.0164916	2068.68
450	0.0164916	1898.92
460	0.0164916	1996.83
470	0.0164916	1955.97
480	0.0164916	1966.42
490	0.0164916	2188.99
500	0.0164916	2201.93
510	0.0164916	2284.44
520	0.0164916	2300.6
530	0.0164916	2305.31
540	0.0164916	2330.83
550	0.0164916	2235.86
560	0.0164916	2182.13
570	0.0164916	2270.31
580	0.0164916	2140.98
590	0.0164916	2047.95
600	0.0164916	1824.71
610	0.0164916	1936.92
620	0.0164916	1856.05
630	0.0164916	2038.45
640	0.0164916	2092.06
650	0.0164916	2277.05
660	0.0164916	2188.47
670	0.0164916	1967.9
680	0.0164916	2026.51
690	0.0164916	2207.96
700	0.0164916	2059.92
710	0.0164916	2200.66
720	0.0164916	2168.14
730	0.0164916	2136.01
740	0.0164916	2055.36
750	0.0164916	1776.63
760	0.0164916	2029.41
770	0.0164916	1955.84
780	0.0164916	2275.69
790	0.0164916	2270.78
800	0.0164916	2252.46
810	0.0164916	2376.12
820	0.0164916	2258.37
830	0.0164916	1988.56
840	0.0164916	2080.87
850	0.0164916	2088.89
860	0.0164916	2199.22
870	0.0164916	2058.03
880	0.0164916	2079.95
890	0.0164916	2135.57
900	0.0164916	2283.27
910	0.0164916	2155.69
920	0.0164916	2066.54
930	0.0164916	2141.66
940	0.0164916	2238.15
950	0.0164916	2288.84
960	0.0164916	2148.75
970	0.0164916	2170.83
980	0.0164916	2173.61
990	0.0164916	2251.66
1000	0.0164916	1987.54
260	0.0130691	2056.31
270	0.0130691	2336.46
280	0.0130691	2168.53
290	0.0130691	2163.45
300	0.0130691	2231.43
310	0.0130691	2062.9
320	0.0130691	2212.97
330	0.0130691	2309.27
340	0.0130691	2068.45
350	0.0130691	1880.18
360	0.0130691	1760.56
370	0.0130691	2116.99
380	0.0130691	1888.2
390	0.0130691	1951.82
400	0.0130691	1925.14
410	0.0130691	1952.79
420	0.0130691	2052.8
430	0.0130691	1995.06
440	0.0130691	1907.87
450	0.0130691	1816.3
460	0.0130691	1619.38
470	0.0130691	1824.42
480	0.0130691	2000.23
490	0.0130691	1983.74
500	0.0130691	1870.45
510	0.0130691	1631
520	0.0130691	1958.17
530	0.0130691	2186.55
540	0.0130691	2059.13
550	0.0130691	2033.26
560	0.0130691	2120.92
570	0.0130691	1943.67
580	0.0130691	2030.14
590	0.0130691	1900.94
600	0.0130691	1888.75
610	0.0130691	2128.96
620	0.0130691	2017.73
630	0.0130691	1962.12
640	0.0130691	2077.19
650	0.0130691	2169.9
660	0.0130691	2041.2
670	0.0130691	2000.76
680	0.0130691	2076.16
690	0.0130691	2164.43
700	0.0130691	2023.61
710	0.0130691	1957.72
720	0.0130691	2143.61
730	0.0130691	2119.07
740	0.0130691	2346.9
750	0.0130691	2271.57
760	0.0130691	2127.6
770	0.0130691	1912.46
780	0.0130691	1873.64
790	0.0130691	1821.14
800	0.0130691	1685.14
810	0.0130691	2258.11
820	0.0130691	2024.8
830	0.0130691	2022.04
840	0.0130691	2038.66
850	0.0130691	1618.88
860	0.0130691	1795.81
870	0.0130691	2027.05
880	0.0130691	2282.27
890	0.0130691	2186.28
900	0.0130691	1877.58
910	0.0130691	2113.35
920	0.0130691	2214.42
930	0.0130691	2360.36
940	0.0130691	2339.39
950	0.0130691	2362.39
960	0.0130691	2276.93
970	0.0130691	2214.11
980	0.0130691	2135.58
990	0.0130691	2257.54
1000	0.0130691	2144.53
260	0.01024	2065.66
270	0.01024	2046.99
280	0.01024	2113.53
290	0.01024	2174.74
300	0.01024	1774.35
310	0.01024	2067.76
320	0.01024	1994.89
330	0.01024	1888.84
340	0.01024	1749.22
350	0.01024	1681.83
360	0.01024	1958.93
370	0.01024	1229.41
380	0.01024	1705.59
390	0.01024	1818.33
400	0.01024	1181.08
410	0.01024	1947.81
420	0.01024	2063.5
430	0.01024	1886.49
440	0.01024	2065.16
450	0.01024	2147.33
460	0.01024	2284.36
470	0.01024	1978.6
480	0.01024	1869.69
490	0.01024	1969.77
500	0.01024	2035.18
510	0.01024	1899.44
520	0.01024	1907.53
530	0.01024	2059.02
540	0.01024	1997.7
550	0.01024	1627.64
560	0.01024	2042.13
570	0.01024	2018.74
580	0.01024	2015.65
590	0.01024	2403.56
600	0.01024	2357.1
610	0.01024	1467.91
620	0.01024	2014.5
630	0.01024	2021.03
640	0.01024	1747.7
650	0.01024	1954.76
660	0.01024	2045.47
670	0.01024	2079.34
680	0.01024	1943.78
690	0.01024	1533.63
700	0.01024	1993.37
710	0.01024	1916.72
720	0.01024	2020.67
730	0.01024	2108.69
740	0.01024	2119.49
750	0.01024	2216.59
760	0.01024	2065.96
770	0.01024	2045.56
780	0.01024	1995.7
790	0.01024	1833.98
800	0.01024	1992.43
810	0.01024	2245.39
820	0.01024	1856.26
830	0.01024	1872.49
840	0.01024	1906.74
850	0.01024	1637.55
860	0.01024	1512.96
870	0.01024	1751.06
880	0.01024	1913.19
890	0.01024	2177.25
900	0.01024	1884.1
910	0.01024	1948.11
920	0.01024	2140.63
930	0.01024	1961.35
940	0.01024	2003.63
950	0.01024	2069.2
960	0.01024	2071.16
970	0.01024	2086.88
980	0.01024	1727.41
990	0.01024	1909.18
1000	0.01024	2066.84
260	0.00792352	1806.16
270	0.00792352	1668.13
280	0.00792352	2037.1
290	0.00792352	2273.2
300	0.00792352	2203.33
310	0.00792352	2138.51
320	0.00792352	1991.4
330	0.00792352	2021
340	0.00792352	1814.09
350	0.00792352	1891.6
360	0.00792352	1829.13
370	0.00792352	1742.17
380	0.00792352	2140.56
390	0.00792352	1637.65
400	0.00792352	1889.76
410	0.00792352	2190.68
420	0.00792352	1834.92
430	0.00792352	1942.7
440	0.00792352	1983.92
450	0.00792352	2077.04
460	0.00792352	1941.46
470	0.00792352	1693.16
480	0.00792352	1351.22
490	0.00792352	1706.9
500	0.00792352	2162.99
510	0.00792352	1949.34
520	0.00792352	1883.81
530	0.00792352	1483.29
540	0.00792352	1439.1
550	0.00792352	1680.39
560	0.00792352	1143.49
570	0.00792352	1375.06
580	0.00792352	1923.4
590	0.00792352	1665.53
600	0.00792352	1438.64
610	0.00792352	1716.56
620	0.00792352	1758.44
630	0.00792352	1926.46
640	0.00792352	1656.56
650	0.00792352	1787
660	0.00792352	1928.91
670	0.00792352	2118.16
680	0.00792352	2125.93
690	0.00792352	2077.05
700	0.00792352	1974.6
710	0.00792352	1965.47
720	0.00792352	2148.08
730	0.00792352	2082.34
740	0.00792352	2117.73
750	0.00792352	1862.7
760	0.00792352	1794.46
770	0.00792352	1659.86
780	0.00792352	1578.45
790	0.00792352	1734.8
800	0.00792352	2147.26
810	0.00792352	1859.4
820	0.00792352	2120.35
830	0.00792352	2094.99
840	0.00792352	1752.07
850	0.00792352	1910.01
860	0.00792352	1956.81
870	0.00792352	2016.34
880	0.00792352	1696.41
890	0.00792352	1972.98
900	0.00792352	2085.51
910	0.00792352	1947.83
920	0.00792352	1997.87
930	0.00792352	1757.77
940	0.00792352	2073.87
950	0.00792352	1943.31
960	0.00792352	2250.85
970	0.00792352	1635.65
980	0.00792352	1652
990	0.00792352	1535.27
1000	0.00792352	1884
260	0.00604662	1890.49
270	0.00604662	1729.64
280	0.00604662	1959.31
290	0.00604662	1590.08
300	0.00604662	1928.77
310	0.00604662	1376.66
320	0.00604662	1643.49
330	0.00604662	1423.16
340	0.00604662	1918.15
350	0.00604662	1972.73
360	0.00604662	1659.89
370	0.00604662	1728.15
380	0.00604662	1512.91
390	0.00604662	1781.73
400	0.00604662	2263.45
410	0.00604662	2031.88
420	0.00604662	2093.28
430	0.00604662	1651.24
440	0.00604662	1873.19
450	0.00604662	1812.8
460	0.00604662	1698.97
470	0.00604662	2034.74
480	0.00604662	1876.98
490	0.00604662	1865.12
500	0.00604662	1883.82
510	0.00604662	2041.63
520	0.00604662	2003.45
530	0.00604662	2208.15
540	0.00604662	2013.93
550	0.00604662	1772.36
560	0.00604662	2086.42
570	0.00604662	2248.02
580	0.00604662	2194.21
590	0.00604662	2215.81
600	0.00604662	2232.72
610	0.00604662	2237.81
620	0.00604662	1734.43
630	0.00604662	1699.7
640	0.00604662	1894.83
650	0.00604662	1892.83
660	0.00604662	1809.76
670	0.00604662	1627.71
680	0.00604662	1422.55
690	0.00604662	1502.36
700	0.00604662	1810.12
710	0.00604662	1840.08
720	0.00604662	1815.99
730	0.00604662	1999.73
740	0.00604662	1989.45
750	0.00604662	1181.18
760	0.00604662	1581.73
770	0.00604662	1600.92
780	0.00604662	2095.56
790	0.00604662	1601.09
800	0.00604662	1991.79
810	0.00604662	1707.53
820	0.00604662	1585.09
830	0.00604662	2063.26
840	0.00604662	1974.9
850	0.00604662	1942.05
860	0.00604662	1535.45
870	0.00604662	1499.9
880	0.00604662	1562.65
890	0.00604662	1810.55
900	0.00604662	1343.34
910	0.00604662	1941.01
920	0.00604662	1931.65
930	0.00604662	1908.55
940	0.00604662	1493.02
950	0.00604662	1573.3
960	0.00604662	1640.95
970	0.00604662	1814.62
980	0.00604662	1862.9
990	0.00604662	1665.07
1000	0.00604662	1835.34
260	0.00454354	1808.33
270	0.00454354	1850.33
280	0.00454354	1780.52
290	0.00454354	1860.36
300	0.00454354	1023.36
310	0.00454354	1502.09
320	0.00454354	1956.12
330	0.00454354	1695.28
340	0.00454354	1846.73
350	0.00454354	1156.45
360	0.00454354	1592.16
370	0.00454354	1749.74
380	0.00454354	1892.01
390	0.00454354	1523.07
400	0.00454354	2100.36
410	0.00454354	1985.64
420	0.00454354	1618.93
430	0.00454354	1430.9
440	0.00454354	1743.61
450	0.00454354	1757.92
460	0.00454354	1523.88
470	0.00454354	1876.04
480	0.00454354	1685.63
490	0.00454354	1915
500	0.00454354	1625.57
510	0.00454354	1746.3
520	0.00454354	1856.33
530	0.00454354	2100.33
540	0.00454354	1540.44
550	0.00454354	1497.95
560	0.00454354	1687.3
570	0.00454354	1788.02
580	0.00454354	2029.28
590	0.00454354	1647.44
600	0.00454354	1211.12
610	0.00454354	952.979
620	0.00454354	1557.5
630	0.00454354	2033.09
640	0.00454354	1920.03
650	0.00454354	1493
660	0.00454354	1711.55
670	0.00454354	1617.86
680	0.00454354	1828.92
690	0.00454354	1766.19
700	0.00454354	1366.52
710	0.00454354	2007.32
720	0.00454354	1964.86
730	0.00454354	1981.68
740	0.00454354	1612.51
750	0.00454354	1687.57
760	0.00454354	1639.88
770	0.00454354	1929.33
780	0.00454354	1843.19
790	0.00454354	2023.48
800	0.00454354	2003.79
810	0.00454354	1820.73
820	0.00454354	1500.04
830	0.00454354	1639.19
840	0.00454354	1630.85
850	0.00454354	1326.69
860	0.00454354	1918.69
870	0.00454354	2040.52
880	0.00454354	1449.91
890	0.00454354	1901.4
900	0.00454354	2272.38
910	0.00454354	1896.22
920	0.00454354	1758.1
930	0.00454354	1963
940	0.00454354	1633.52
950	0.00454354	2037.85
960	0.00454354	1681.42
970	0.00454354	1670.3
980	0.00454354	1662.28
990	0.00454354	1778.36
1000	0.00454354	1496.96
260	0.00335544	1928.49
270	0.00335544	1467.81
280	0.00335544	1611.92
290	0.00335544	1632.78
300	0.00335544	1285.23
310	0.00335544	1835.76
320	0.00335544	1690.66
330	0.00335544	1226.9
340	0.00335544	816.23
350	0.00335544	1865.97
360	0.00335544	1743
370	0.00335544	1413.24
380	0.00335544	1569.27
390	0.00335544	1838.35
400	0.00335544	1183.09
410	0.00335544	1958.54
420	0.00335544	1925.41
430	0.00335544	2085.96
440	0.00335544	1968.75
450	0.00335544	1681.6
460	0.00335544	1616.81
470	0.00335544	1607.99
480	0.00335544	1518.92
490	0.00335544	1525.67
500	0.00335544	1269.41
510	0.00335544	1612.64
520	0.00335544	1960.84
530	0.00335544	1527.63
540	0.00335544	1486.73
550	0.00335544	265.756
560	0.00335544	760.531
570	0.00335544	1507.19
580	0.00335544	1195.17
590	0.00335544	1744.88
600	0.00335544	1663.12
610	0.00335544	1363.5
620	0.00335544	1340.12
630	0.00335544	1468.34
640	0.00335544	1545.01
650	0.00335544	762.822
660	0.00335544	1637.61
670	0.00335544	1386.07
680	0.00335544	1727.74
690	0.00335544	1840.77
700	0.00335544	1529.28
710	0.00335544	940.207
720	0.00335544	1381.81
730	0.00335544	1315.74
740	0.00335544	296.206
750	0.00335544	1064.16
760	0.00335544	1570.8
770	0.00335544	1525.56
780	0.00335544	1638.77
790	0.00335544	1607.44
800	0.00335544	1748.5
810	0.00335544	678.323
820	0.00335544	1424.73
830	0.00335544	1623.78
840	0.00335544	1814.12
850	0.00335544	1225.59
860	0.00335544	2143.85
870	0.00335544	1798.01
880	0.00335544	1328.27
890	0.00335544	1598.93
900	0.00335544	1648.86
910	0.00335544	697.518
920	0.00335544	1726.7
930	0.00335544	2066.57
940	0.00335544	1605.76
950	0.00335544	1584.36
960	0.00335544	1632.29
970	0.00335544	2167.9
980	0.00335544	1478.85
990	0.00335544	1320.59
1000	0.00335544	1922.05
260	0.00243	859.941
270	0.00243	1716.61
280	0.00243	1294.92
290	0.00243	1409.36
300	0.00243	773.538
310	0.00243	1606.22
320	0.00243	1813.58
330	0.00243	1249.48
340	0.00243	1735.67
350	0.00243	845.234
360	0.00243	1906.23
370	0.00243	1533.03
380	0.00243	1469.61
390	0.00243	1738.99
400	0.00243	1479.34
410	0.00243	751.637
420	0.00243	1427.7
430	0.00243	1912.49
440	0.00243	2017.75
450	0.00243	1724.46
460	0.00243	1634.78
470	0.00243	1403.18
480	0.00243	1973.6
490	0.00243	1362.37
500	0.00243	2127.44
510	0.00243	1587.67
520	0.00243	2059.39
530	0.00243	1962.55
540	0.00243	1331.92
550	0.00243	1244.48
560	0.00243	1786.87
570	0.00243	1536.3
580	0.00243	1919.97
590	0.00243	2022.88
600	0.00243	1463.07
610	0.00243	1851.25
620	0.00243	987.755
630	0.00243	746.584
640	0.00243	1452.01
650	0.00243	1652.21
660	0.00243	1477.28
670	0.00243	316.71
680	0.00243	1637.6
690	0.00243	1185.58
700	0.00243	1544.45
710	0.00243	1381.94
720	0.00243	717.86
730	0.00243	35.5774
740	0.00243	908.401
750	0.00243	1461.26
760	0.00243	1550.4
770	0.00243	1800.63
780	0.00243	896.583
790	0.00243	1671.87
800	0.00243	1926.35
810	0.00243	1284.41
820	0.00243	896.981
830	0.00243	852.091
840	0.00243	1494.75
850	0.00243	933.653
860	0.00243	1105.9
870	0.00243	1275.32
880	0.00243	1357.15
890	0.00243	1423.14
900	0.00243	1633.21
910	0.00243	1558.44
920	0.00243	1343.2
930	0.00243	1926
940	0.00243	1773.92
950	0.00243	988.867
960	0.00243	1451.04
970	0.00243	1048.81
980	0.00243	1504.25
990	0.00243	1143.38
1000	0.00243	1314.16
260	0.00172104	1547.5
270	0.00172104	1226.69
280	0.00172104	1380.18
290	0.00172104	1171.47
300	0.00172104	1776.68
310	0.00172104	1302.08
320	0.00172104	1596.46
330	0.00172104	1825.24
340	0.00172104	1664.98
350	0.00172104	643.47
360	0.00172104	1188.24
370	0.00172104	1614.21
380	0.00172104	1595.1
390	0.00172104	1523.88
400	0.00172104	1355.59
410	0.00172104	149.134
420	0.00172104	-712.909
430	0.00172104	-1827.03
440	0.00172104	-989.61
450	0.00172104	638.575
460	0.00172104	1454.29
470	0.00172104	1406.17
480	0.00172104	1434.09
490	0.00172104	1258.4
500	0.00172104	850.318
510	0.00172104	1789.94
520	0.00172104	1580.2
530	0.00172104	1592.01
540	0.00172104	1298.91
550	0.00172104	1036.77
560	0.00172104	1322.44
570	0.00172104	1287.33
580	0.00172104	774.024
590	0.00172104	986.323
600	0.00172104	1699.76
610	0.00172104	1495.7
620	0.00172104	1863.45
630	0.00172104	1162.71
640	0.00172104	264.846
650	0.00172104	1227.17
660	0.00172104	1438.55
670	0.00172104	1476.68
680	0.00172104	633.155
690	0.00172104	997.848
700	0.00172104	1323.34
710	0.00172104	1059.03
720	0.00172104	1134.8
730	0.00172104	1762.61
740	0.00172104	1313.42
750	0.00172104	1700.77
760	0.00172104	1736.81
770	0.00172104	676.026
780	0.00172104	1090.32
790	0.00172104	1340.48
800	0.00172104	745.838
810	0.00172104	862.877
820	0.00172104	1639.44
830	0.00172104	1755.17
840	0.00172104	1881.37
850	0.00172104	1018.82
860	0.00172104	1244.96
870	0.00172104	-554.766
880	0.00172104	867.285
890	0.00172104	1260.11
900	0.00172104	190.234
910	0.00172104	1677.64
920	0.00172104	1829.32
930	0.00172104	1782.75
940	0.00172104	1466.9
950	0.00172104	-378.687
960	0.00172104	869.38
970	0.00172104	677.035
980	0.00172104	1639.77
990	0.00172104	1122.11
1000	0.00172104	1971.86
260	0.00118814	1804.03
270	0.00118814	733.327
280	0.00118814	1225.5
290	0.00118814	1268.93
300	0.00118814	531.649
310	0.00118814	1332.33
320	0.00118814	384.874
330	0.00118814	223.684
340	0.00118814	1514.96
350	0.00118814	1467.27
360	0.00118814	1192.28
370	0.00118814	1669.36
380	0.00118814	564.757
390	0.00118814	242.272
400	0.00118814	882.328
410	0.00118814	677.982
420	0.00118814	1703.97
430	0.00118814	1435.94
440	0.00118814	1271.79
450	0.00118814	1338.08
460	0.00118814	-125.35
470	0.00118814	1560.09
480	0.00118814	1756.74
490	0.00118814	961.525
500	0.00118814	249.65
510	0.00118814	-39.0881
520	0.00118814	861.846
530	0.00118814	1334.77
540	0.00118814	1595.01
550	0.00118814	1673.44
560	0.00118814	799.247
570	0.00118814	987.052
580	0.00118814	1515.41
590	0.00118814	834.258
600	0.00118814	-437.221
610	0.00118814	1804.63
620	0.00118814	1512.95
630	0.00118814	1765.9
640	0.00118814	1792.57
650	0.00118814	1604.33
660	0.00118814	1207.31
670	0.00118814	254.788
680	0.00118814	445.911
690	0.00118814	1069.45
700	0.00118814	656.64
710	0.00118814	1278.22
720	0.00118814	1631.57
730	0.00118814	1556.25
740	0.00118814	1610.74
750	0.00118814	829.714
760	0.00118814	1280.44
770	0.00118814	883.821
780	0.00118814	354.183
790	0.00118814	1457.83
800	0.00118814	1017.31
810	0.00118814	1418.59
820	0.00118814	336.126
830	0.00118814	1483.37
840	0.00118814	1906.6
850	0.00118814	1282.71
860	0.00118814	1684.8
870	0.00118814	1037.5
880	0.00118814	1925.29
890	0.00118814	1808.52
900	0.00118814	1309.67
910	0.00118814	610.134
920	0.00118814	-127.393
930	0.00118814	-381.167
940	0.00118814	928.982
950	0.00118814	847.657
960	0.00118814	1488.68
970	0.00118814	-330.648
980	0.00118814	1363.08
990	0.00118814	1176.4
1000	0.00118814	1668.13
260	0.000796262	366.714
270	0.000796262	1258.95
280	0.000796262	314.304
290	0.000796262	1865.95
300	0.000796262	875.782
310	0.000796262	1242.2
320	0.000796262	1815.96
330	0.000796262	-700.833
340	0.000796262	1733.39
350	0.000796262	1105.03
360	0.000796262	1190.98
370	0.000796262	-772.553
380	0.000796262	-2274.2
390	0.000796262	-230.536
400	0.000796262	570.866
410	0.000796262	169.493
420	0.000796262	443.738
430	0.000796262	-1719.25
440	0.000796262	-2362.77
450	0.000796262	492.69
460	0.000796262	431.74
470	0.000796262	267.673
480	0.000796262	613.2
490	0.000796262	412.896
500	0.000796262	1857.62
510	0.000796262	-500.851
520	0.000796262	622.057
530	0.000796262	1610.69
540	0.000796262	1958.78
550	0.000796262	1047.22
560	0.000796262	-2.74165
570	0.000796262	577.651
580	0.000796262	1392.04
590	0.000796262	-1094.73
600	0.000796262	797.03
610	0.000796262	1171.49
620	0.000796262	-370.795
630	0.000796262	-4208.34
640	0.000796262	-3992.98
650	0.000796262	1756.92
660	0.000796262	1601.65
670	0.000796262	1608.14
680	0.000796262	-3172.8
690	0.000796262	927.241
700	0.000796262	50.2714
710	0.000796262	471.057
720	0.000796262	1426.71
730	0.000796262	1100.3
740	0.000796262	1380.6
750	0.000796262	378.756
760	0.000796262	-71.4494
770	0.000796262	437.559
780	0.000796262	1587.09
790	0.000796262	-207.435
800	0.000796262	608.222
810	0.000796262	1676.23
820	0.000796262	-44.6997
830	0.000796262	456.138
840	0.000796262	-1057.75
850	0.000796262	235.573
860	0.000796262	456.061
870	0.000796262	930.093
880	0.000796262	1260.58
890	0.000796262	796.968
900	0.000796262	1557.51
910	0.000796262	672.025
920	0.000796262	-237.231
930	0.000796262	818.652
940	0.000796262	1209.35
950	0.000796262	19.4574
960	0.000796262	-2443.06
970	0.000796262	80.8376
980	0.000796262	-3570.23
990	0.000796262	932.523
1000	0.000796262	371.49
260	0.000515363	1461.96
270	0.000515363	-915.852
280	0.000515363	950.922
290	0.000515363	1670.57
300	0.000515363	-4128.08
310	0.000515363	-1113.7
320	0.000515363	-827.129
330	0.000515363	-967.227
340	0.000515363	-1196.19
350	0.000515363	-7001.36
360	0.000515363	-1876.79
370	0.000515363	-4949.75
380	0.000515363	-321.947
390	0.000515363	-1179.14
400	0.000515363	1452.53
410	0.000515363	1100.74
420	0.000515363	546.9
430	0.000515363	-1755.06
440	0.000515363	1525.42
450	0.000515363	1898.2
460	0.000515363	471.105
470	0.000515363	329.842
480	0.000515363	1261.1
490	0.000515363	803.857
500	0.000515363	737.748
510	0.000515363	-1201.22
520	0.000515363	613.525
530	0.000515363	-1394.96
540	0.000515363	900.053
550	0.000515363	105.56
560	0.000515363	-2122.89
570	0.000515363	-107.228
580	0.000515363	1276.21
590	0.000515363	7.44686
600	0.000515363	1196.69
610	0.000515363	-1669.69
620	0.000515363	-1050.64
630	0.000515363	482.651
640	0.000515363	1630.66
650	0.000515363	1875.55
660	0.000515363	-806.258
670	0.000515363	-137.74
680	0.000515363	768.006
690	0.000515363	-3142.58
700	0.000515363	13.9028
710	0.000515363	1465.94
720	0.000515363	107.51
730	0.000515363	-2831.86
740	0.000515363	-2234.35
750	0.000515363	1431.29
760	0.000515363	705.108
770	0.000515363	-670.074
780	0.000515363	-110.963
790	0.000515363	1057.78
800	0.000515363	1528.71
810	0.000515363	-718.484
820	0.000515363	1146.84
830	0.000515363	1644.16
840	0.000515363	1195.43
850	0.000515363	1165.44
860	0.000515363	489.049
870	0.000515363	1360.99
880	0.000515363	1343.73
890	0.000515363	1232.66
900	0.000515363	-139.127
910	0.000515363	1139.46
920	0.000515363	424.415
930	0.000515363	-385.966
940	0.000515363	581.911
950	0.000515363	1464.37
960	0.000515363	1835.36
970	0.000515363	1512.45
980	0.000515363	1381.88
990	0.000515363	1877.51
1000	0.000515363	-2824.95
260	0.00032	167.584
270	0.00032	-966.851
280	0.00032	814.588
290	0.00032	-3298.22
300	0.00032	-5996.45
310	0.00032	-2540.49
320	0.00032	-3453.47
330	0.00032	-1831.56
340	0.00032	-9.60002
350	0.00032	1218.45
360	0.00032	1799.79
370	0.00032	1454.09
380	0.00032	-3790.79
390	0.00032	705.99
400	0.00032	-2598.12
410	0.00032	820.213
420	0.00032	1072.09
430	0.00032	-4878.78
440	0.00032	1132.46
450	0.00032	21.0188
460	0.00032	-2718.19
470	0.00032	-747.193
480	0.00032	-174.584
490	0.00032	992.802
500	0.00032	1683.66
510	0.00032	1739.31
520	0.00032	592.162
530	0.00032	967.436
540	0.00032	1011.16
550	0.00032	746.635
560	0.00032	239.661
570	0.00032	52.2264
580	0.00032	199.352
590	0.00032	1548.71
600	0.00032	-1353.32
610	0.00032	1309.62
620	0.00032	-578.718
630	0.00032	-7.68232
640	0.00032	1573.47
650	0.00032	1204.81
660	0.00032	886.969
670	0.00032	-6630.22
680	0.00032	-374.615
690	0.00032	-4998.34
700	0.00032	-4748.95
710	0.00032	-667.877
720	0.00032	1768.78
730	0.00032	952.086
740	0.00032	1480.55
750	0.00032	-178.017
760	0.00032	-1637.02
770	0.00032	1623.78
780	0.00032	479.248
790	0.00032	-2235.77
800	0.00032	-1352.99
810	0.00032	933.096
820	0.00032	790.252
830	0.00032	-446.713
840	0.00032	-377.332
850	0.00032	841.747
860	0.00032	253.347
870	0.00032	-4266.41
880	0.00032	872.68
890	0.00032	-1056.08
900	0.00032	-12.2303
910	0.00032	-2672.62
920	0.00032	1304.9
930	0.00032	1319.04
940	0.00032	-1452.44
950	0.00032	-5819.77
960	0.00032	699.021
970	0.00032	-15.1242
980	0.00032	1756.2
990	0.00032	-2375.92
1000	0.00032	-1041.1
260	0.000188957	-682.764
270	0.000188957	1384.07
280	0.000188957	-3445.33
290	0.000188957	1239.43
300	0.000188957	1217.21
310	0.000188957	590.878
320	0.000188957	-4499.58
330	0.000188957	-224.813
340	0.000188957	-1684.19
350	0.000188957	-822.739
360	0.000188957	-570.487
370	0.000188957	-5039.77
380	0.000188957	-898.207
390	0.000188957	-2137.72
400	0.000188957	482.186
410	0.000188957	-3633.71
420	0.000188957	936.736
430	0.000188957	-1831.11
440	0.000188957	983.198
450	0.000188957	-9192.31
460	0.000188957	-860.354
470	0.000188957	-4401.42
480	0.000188957	1235.39
490	0.000188957	721.523
500	0.000188957	-6882.55
510	0.000188957	-3767.67
520	0.000188957	-58.1718
530	0.000188957	1340.87
540	0.000188957	1823.24
550	0.000188957	494.725
560	0.000188957	-241.305
570	0.000188957	62.8674
580	0.000188957	-1422.37
590	0.000188957	-2079.18
600	0.000188957	-4821.2
610	0.000188957	-160.873
620	0.000188957	1383.98
630	0.000188957	-4051.2
640	0.000188957	1418.69
650	0.000188957	271.901
660	0.000188957	834.999
670	0.000188957	51.9405
680	0.000188957	1202.39
690	0.000188957	-3232.44
700	0.000188957	1222.72
710	0.000188957	1607.98
720	0.000188957	-7834.32
730	0.000188957	-3348.01
740	0.000188957	-6855.89
750	0.000188957	1063.87
760	0.000188957	-1008.91
770	0.000188957	676.852
780	0.000188957	1603.76
790	0.000188957	-4122.69
800	0.000188957	-3280.38
810	0.000188957	510.327
820	0.000188957	-1915.51
830	0.000188957	-1162.97
840	0.000188957	-226.474
850	0.000188957	1054.23
860	0.000188957	1648.13
870	0.000188957	-281.406
880	0.000188957	1424.58
890	0.000188957	579.598
900	0.000188957	654.536
910	0.000188957	674.837
920	0.000188957	-7922.56
930	0.000188957	-2623.7
940	0.000188957	-521.786
950	0.000188957	-5774.99
960	0.000188957	973.394
970	0.000188957	1216.9
980	0.000188957	-1233.86
990	0.000188957	519.183
1000	0.000188957	-1144.1
260	0.000104858	-3479.52
270	0.000104858	-913.257
280	0.000104858	547.565
290	0.000104858	125.741
300	0.000104858	937.199
310	0.000104858	1356.48
320	0.000104858	250.682
330	0.000104858	258.761
340	0.000104858	-3149.96
350	0.000104858	-520.707
360	0.000104858	455.051
370	0.000104858	-6031.52
380	0.000104858	-4908.52
390	0.000104858	1119.01
400	0.000104858	1018.61
410	0.000104858	-2491.62
420	0.000104858	1677.74
430	0.000104858	223.445
440	0.000104858	-4196.75
450	0.000104858	1438.76
460	0.000104858	-808.491
470	0.000104858	-3561.15
480	0.000104858	-3037.46
490	0.000104858	-2796.98
500	0.000104858	-5925.03
510	0.000104858	1199.45
520	0.000104858	293.824
530	0.000104858	238.517
540	0.000104858	-4662.66
550	0.000104858	-2164.27
560	0.000104858	-732.129
570	0.000104858	-1541.13
580	0.000104858	-2764.73
590	0.000104858	-2073.07
600	0.000104858	631.269
610	0.000104858	-41.0315
620	0.000104858	1092.54
630	0.000104858	1626.16
640	0.000104858	-231.039
650	0.000104858	-2088.36
660	0.000104858	-4481.2
670	0.000104858	-790.009
680	0.000104858	-8330.42
690	0.000104858	-6401.76
700	0.000104858	748.731
710	0.000104858	-4590.74
720	0.000104858	-249.82
730	0.000104858	1729.39
740	0.000104858	-3516.21
750	0.000104858	-4885.29
760	0.000104858	1055.65
770	0.000104858	955.212
780	0.000104858	-3639.64
790	0.000104858	1459.02
800	0.000104858	1454.79
810	0.000104858	-3648.66
820	0.000104858	-1296.11
830	0.000104858	898.427
840	0.000104858	-172.876
850	0.000104858	-6067.87
860	0.000104858	-1557.94
870	0.000104858	-3384.95
880	0.000104858	446.843
890	0.000104858	-1062.33
900	0.000104858	-502.681
910	0.000104858	-1036.92
920	0.000104858	-4457.28
930	0.000104858	-1692.09
940	0.000104858	-108.595
950	0.000104858	460.401
960	0.000104858	-835.335
970	0.000104858	-8579.21
980	0.000104858	-3118.57
990	0.000104858	-525.44
1000	0.000104858	624.318
260	5.37824e-05	-4092.24
270	5.37824e-05	-4026.13
280	5.37824e-05	-6081.54
290	5.37824e-05	1275.88
300	5.37824e-05	1176.79
310	5.37824e-05	1060.64
320	5.37824e-05	-1439.87
330	5.37824e-05	1231.24
340	5.37824e-05	926.872
350	5.37824e-05	-5883.9
360	5.37824e-05	-193.948
370	5.37824e-05	-625.935
380	5.37824e-05	1991.6
390	5.37824e-05	-123.797
400	5.37824e-05	-2359.62
410	5.37824e-05	-4554.81
420	5.37824e-05	-5299.78
430	5.37824e-05	-3003.63
440	5.37824e-05	-6080.51
450	5.37824e-05	-5950.52
460	5.37824e-05	-5468.49
470	5.37824e-05	-281.235
480	5.37824e-05	1756
490	5.37824e-05	-1179.73
500	5.37824e-05	-3120.37
510	5.37824e-05	1395.05
520	5.37824e-05	-5810.48
530	5.37824e-05	-3023.46
540	5.37824e-05	-1522.61
550	5.37824e-05	-3126.28
560	5.37824e-05	-4085.16
570	5.37824e-05	-8790.83
580	5.37824e-05	-10237.9
590	5.37824e-05	1547.91
600	5.37824e-05	869.446
610	5.37824e-05	-1503
620	5.37824e-05	-365.68
630	5.37824e-05	741.196
640	5.37824e-05	339.351
650	5.37824e-05	-3224.78
660	5.37824e-05	-5473.56
670	5.37824e-05	-4641.09
680	5.37824e-05	1669.12
690	5.37824e-05	-161.004
700	5.37824e-05	-6612.25
710	5.37824e-05	-2.52059
720	5.37824e-05	593.616
730	5.37824e-05	660.057
740	5.37824e-05	-3801.22
750	5.37824e-05	-5673.18
760	5.37824e-05	-4171.4
770	5.37824e-05	-795.917
780	5.37824e-05	-8138.1
790	5.37824e-05	815.708
800	5.37824e-05	281.538
810	5.37824e-05	-14549.1
820	5.37824e-05	1569.18
830	5.37824e-05	1371.14
840	5.37824e-05	-572.205
850	5.37824e-05	-395.33
860	5.37824e-05	-2947.67
870	5.37824e-05	-12601.8
880	5.37824e-05	-4988.52
890	5.37824e-05	847.11
900	5.37824e-05	1171.87
910	5.37824e-05	560.231
920	5.37824e-05	-5510.85
930	5.37824e-05	-320.773
940	5.37824e-05	841.478
950	5.37824e-05	-869.446
960	5.37824e-05	-7692.69
970	5.37824e-05	1473.27
980	5.37824e-05	401.662
990	5.37824e-05	-5065.6
1000	5.37824e-05	1447.33
260	2.48832e-05	1186.05
270	2.48832e-05	-2954.74
280	2.48832e-05	-2643.74
290	2.48832e-05	1558.02
300	2.48832e-05	460.902
310	2.48832e-05	-9999.97
320	2.48832e-05	-1698.8
330	2.48832e-05	-81.3461
340	2.48832e-05	-464.359
350	2.48832e-05	-311.159
360	2.48832e-05	-3119.03
370	2.48832e-05	-235.046
380	2.48832e-05	-2982.63
390	2.48832e-05	-1720.4
400	2.48832e-05	-8951.98
410	2.48832e-05	-8316.09
420	2.48832e-05	-1600.09
430	2.48832e-05	595.77
440	2.48832e-05	-1398.62
450	2.48832e-05	951.051
460	2.48832e-05	-66403.2
470	2.48832e-05	-9536.26
480	2.48832e-05	-905.936
490	2.48832e-05	424.111
500	2.48832e-05	1538.64
510	2.48832e-05	-11094.1
520	2.48832e-05	1292.54
530	2.48832e-05	-3834.1
540	2.48832e-05	-5136.33
550	2.48832e-05	741.786
560	2.48832e-05	1681.64
570	2.48832e-05	-8494.69
580	2.48832e-05	784.87
590	2.48832e-05	-5558.89
600	2.48832e-05	-177.387
610	2.48832e-05	-12834.8
620	2.48832e-05	-282.083
630	2.48832e-05	-1835.74
640	2.48832e-05	-5667.19
650	2.48832e-05	-2635.24
660	2.48832e-05	-2940.81
670	2.48832e-05	-220.02
680	2.48832e-05	-626.199
690	2.48832e-05	458.73
700	2.48832e-05	-222.594
710	2.48832e-05	-5113.37
720	2.48832e-05	-7044.37
730	2.48832e-05	863.36
740	2.48832e-05	-1746.02
750	2.48832e-05	-1313.79
760	2.48832e-05	-3462.16
770	2.48832e-05	-5328.38
780	2.48832e-05	-7887.31
790	2.48832e-05	-7515.42
800	2.48832e-05	-2415.34
810	2.48832e-05	-2026.99
820	2.48832e-05	-530.425
830	2.48832e-05	-4062.38
840	2.48832e-05	-6535.32
850	2.48832e-05	99.8168
860	2.48832e-05	-9461.71
870	2.48832e-05	-3369.51
880	2.48832e-05	-4181.87
890	2.48832e-05	-2758.17
900	2.48832e-05	-11739.8
910	2.48832e-05	-1763.51
920	2.48832e-05	-8684.19
930	2.48832e-05	-1677.73
940	2.48832e-05	-817.326
950	2.48832e-05	-873.918
960	2.48832e-05	-11454.7
970	2.48832e-05	-1075.23
980	2.48832e-05	-430.998
990	2.48832e-05	759.678
1000	2.48832e-05	-1609.56
260	1e-05	-6857.49
270	1e-05	1639.2
280	1e-05	-4113.42
290	1e-05	-2554.88
300	1e-05	-6849.46
310	1e-05	-3964.54
320	1e-05	-1385.52
330	1e-05	-920.023
340	1e-05	715.472
350	1e-05	-2561.77
360	1e-05	-8446.97
370	1e-05	-5780.43
380	1e-05	-5856.96
390	1e-05	-2685.38
400	1e-05	-89518.4
410	1e-05	1017.07
420	1e-05	868.083
430	1e-05	-688.147
440	1e-05	-2412.1
450	1e-05	-6421.81
460	1e-05	-398.151
470	1e-05	722.758
480	1e-05	-1383.67
490	1e-05	897.782
500	1e-05	-5039.35
510	1e-05	-6676.27
520	1e-05	152.092
530	1e-05	217.111
540	1e-05	-1880.13
550	1e-05	-388.246
560	1e-05	-2007.15
570	1e-05	-717.779
580	1e-05	-6364.24
590	1e-05	-7247.36
600	1e-05	-7134.67
610	1e-05	-10407
620	1e-05	-2815.01
630	1e-05	-863.304
640	1e-05	-2428.36
650	1e-05	-5291.17
660	1e-05	-1782.87
670	1e-05	-4711.98
680	1e-05	-3612.51
690	1e-05	-1139.88
700	1e-05	1027.27
710	1e-05	1835.21
720	1e-05	1387.52
730	1e-05	-2134.94
740	1e-05	1083.76
750	1e-05	1267.93
760	1e-05	1099.68
770	1e-05	-859.622
780	1e-05	-3883.06
790	1e-05	-513.266
800	1e-05	-2071.75
810	1e-05	1100.36
820	1e-05	1875.01
830	1e-05	-1426.6
840	1e-05	-432.377
850	1e-05	-5312.76
860	1e-05	-2563.58
870	1e-05	-3000.41
880	1e-05	-5321.86
890	1e-05	-10611.1
900	1e-05	-8062.75
910	1e-05	-3758.13
920	1e-05	-611.339
930	1e-05	-24614.9
940	1e-05	-71974.7
950	1e-05	-3483.86
960	1e-05	1304.94
970	1e-05	-940.209
980	1e-05	-4069.32
990	1e-05	-2578.61
1000	1e-05	154.164
260	3.2768e-06	-139261
270	3.2768e-06	-614.207
280	3.2768e-06	-689.497
290	3.2768e-06	-1193.23
300	3.2768e-06	-5818.85
310	3.2768e-06	-12671.8
320	3.2768e-06	-1921.47
330	3.2768e-06	1650.06
340	3.2768e-06	-1644.82
350	3.2768e-06	-13089.6
360	3.2768e-06	-16337.9
370	3.2768e-06	-1752.89
380	3.2768e-06	-396.176
390	3.2768e-06	1483.83
400	3.2768e-06	-8064.25
410	3.2768e-06	-872.964
420	3.2768e-06	-12949
430	3.2768e-06	-1928.41
440	3.2768e-06	-3876.1
450	3.2768e-06	-1218.16
460	3.2768e-06	-4016.43
470	3.2768e-06	-1691.81
480	3.2768e-06	-3654.72
490	3.2768e-06	1236.12
500	3.2768e-06	526.077
510	3.2768e-06	211.926
520	3.2768e-06	-53088.2
530	3.2768e-06	-6806.8
540	3.2768e-06	1503.86
550	3.2768e-06	-3258.85
560	3.2768e-06	-7184.64
570	3.2768e-06	-609.88
580	3.2768e-06	-4221.71
590	3.2768e-06	-4026.39
600	3.2768e-06	-1220.84
610	3.2768e-06	-50004
620	3.2768e-06	-2290.43
630	3.2768e-06	-4678.77
640	3.2768e-06	-640.906
650	3.2768e-06	-3878.93
660	3.2768e-06	-107716
670	3.2768e-06	223.831
680	3.2768e-06	-3293.12
690	3.2768e-06	266.589
700	3.2768e-06	-2539.42
710	3.2768e-06	-1637.9
720	3.2768e-06	27.8494
730	3.2768e-06	-7176.54
740	3.2768e-06	1057.1
750	3.2768e-06	-514.482
760	3.2768e-06	-104.714
770	3.2768e-06	388.49
780	3.2768e-06	-1512.32
790	3.2768e-06	-7121.39
800	3.2768e-06	-3378.99
810	3.2768e-06	-1732.33
820	3.2768e-06	804.715
830	3.2768e-06	-157.547
840	3.2768e-06	-6162.38
850	3.2768e-06	1621.18
860	3.2768e-06	-6856.96
870	3.2768e-06	-8564.97
880	3.2768e-06	1005.35
890	3.2768e-06	-8793.69
900	3.2768e-06	-2021.71
910	3.2768e-06	-2467.14
920	3.2768e-06	872.469
930	3.2768e-06	-7087.37
940	3.2768e-06	-1228.04
950	3.2768e-06	-2736.65
960	3.2768e-06	-93803.1
970	3.2768e-06	470.004
980	3.2768e-06	-2896.61
990	3.2768e-06	-3806.91
1000	3.2768e-06	-4210.78
260	7.776e-07	198.208
270	7.776e-07	-36017.2
280	7.776e-07	-4350.36
290	7.776e-07	-9081.88
300	7.776e-07	-1975.82
310	7.776e-07	701.012
320	7.776e-07	-7589.62
330	7.776e-07	426.666
340	7.776e-07	-2270.98
350	7.776e-07	5.37399
360	7.776e-07	-3523.73
370	7.776e-07	722.477
380	7.776e-07	-7465.81
390	7.776e-07	-6103.81
400	7.776e-07	-6438.28
410	7.776e-07	-1272.88
420	7.776e-07	-5040.23
430	7.776e-07	-10742.7
440	7.776e-07	-3510
450	7.776e-07	-38272.1
460	7.776e-07	-2582.75
470	7.776e-07	-1341.88
480	7.776e-07	-9130.94
490	7.776e-07	-9666.95
500	7.776e-07	-2632.11
510	7.776e-07	-3157.97
520	7.776e-07	-2390.25
530	7.776e-07	614.795
540	7.776e-07	-5754.03
550	7.776e-07	-730.638
560	7.776e-07	-2346.86
570	7.776e-07	455.554
580	7.776e-07	-3257.11
590	7.776e-07	1538.41
600	7.776e-07	-1670.12
610	7.776e-07	-1381.71
620	7.776e-07	976.468
630	7.776e-07	-713.695
640	7.776e-07	-12303
650	7.776e-07	732.323
660	7.776e-07	-6926.49
670	7.776e-07	-2290
680	7.776e-07	-4139.22
690	7.776e-07	-121.133
700	7.776e-07	-4561.56
710	7.776e-07	-332.977
720	7.776e-07	252.651
730	7.776e-07	-1021.04
740	7.776e-07	-1406.42
750	7.776e-07	-5409.94
760	7.776e-07	909.05
770	7.776e-07	714.026
780	7.776e-07	-2133.09
790	7.776e-07	-4313.52
800	7.776e-07	-5739.17
810	7.776e-07	-3569.86
820	7.776e-07	-3001.62
830	7.776e-07	1258.81
840	7.776e-07	-503.876
850	7.776e-07	-2816.81
860	7.776e-07	-603.249
870	7.776e-07	-3519.51
880	7.776e-07	-8932.52
890	7.776e-07	405.59
900	7.776e-07	-3379.9
910	7.776e-07	-3715.39
920	7.776e-07	1345.44
930	7.776e-07	-7170.51
940	7.776e-07	-3989.27
950	7.776e-07	-226099
960	7.776e-07	-612.346
970	7.776e-07	-1334.08
980	7.776e-07	1300.85
990	7.776e-07	917.409
1000	7.776e-07	-9297.99
260	1.024e-07	-4033.4
270	1.024e-07	-2372.3
280	1.024e-07	-1937.27
290	1.024e-07	-1944.28
300	1.024e-07	1370.68
310	1.024e-07	1288.93
320	1.024e-07	-45.1107
330	1.024e-07	1225.93
340	1.024e-07	1517.17
350	1.024e-07	414.932
360	1.024e-07	1075
370	1.024e-07	1824.94
380	1.024e-07	-1737.41
390	1.024e-07	-8460.11
400	1.024e-07	128.228
410	1.024e-07	1776.02
420	1.024e-07	-1.77769e+06
430	1.024e-07	-3195.39
440	1.024e-07	-4312.04
450	1.024e-07	695.341
460	1.024e-07	-4994.79
470	1.024e-07	-3513.89
480	1.024e-07	-5217.71
490	1.024e-07	-450.296
500	1.024e-07	-1583.71
510	1.024e-07	-1107.27
520	1.024e-07	-3696.84
530	1.024e-07	-6884.41
540	1.024e-07	-6535.46
550	1.024e-07	-31372.7
560	1.024e-07	-6579.73
570	1.024e-07	-6153.66
580	1.024e-07	189.835
590	1.024e-07	964.301
600	1.024e-07	-2674.1
610	1.024e-07	332.656
620	1.024e-07	1063.6
630	1.024e-07	-2738.09
640	1.024e-07	-4545.35
650	1.024e-07	-7003.36
660	1.024e-07	-4982.23
670	1.024e-07	-2422.91
680	1.024e-07	-8945.39
690	1.024e-07	-1005.24
700	1.024e-07	-59.4483
710	1.024e-07	810.471
720	1.024e-07	-6603.75
730	1.024e-07	-25147.8
740	1.024e-07	-3217.92
750	1.024e-07	-4542.98
760	1.024e-07	-1608.62
770	1.024e-07	-946.211
780	1.024e-07	216.313
790	1.024e-07	1079.45
800	1.024e-07	-9159.08
810	1.024e-07	-12471.5
820	1.024e-07	520.351
830	1.024e-07	-79381
840	1.024e-07	-6765.05
850	1.024e-07	-6401.38
860	1.024e-07	1154.63
870	1.024e-07	1636.88
880	1.024e-07	-2744.86
890	1.024e-07	-4227.08
900	1.024e-07	-9488.17
910	1.024e-07	-4935.06
920	1.024e-07	339.227
930	1.024e-07	-1019.84
940	1.024e-07	-5508.5
950	1.024e-07	889.302
960	1.024e-07	99.7151
970	1.024e-07	-1029.4
980	1.024e-07	1028.5
990	1.024e-07	-1819.29
1000	1.024e-07	-5822.32
260	3.2e-09	1131.54
270	3.2e-09	-9027.94
280	3.2e-09	-5644.75
290	3.2e-09	1198.28
300	3.2e-09	-298.028
310	3.2e-09	-3367.48
320	3.2e-09	941.761
330	3.2e-09	-179722
340	3.2e-09	-2743.24
350	3.2e-09	350.326
360	3.2e-09	-1394.55
370	3.2e-09	1024.29
380	3.2e-09	-5975.14
390	3.2e-09	-653.624
400	3.2e-09	-7263.15
410	3.2e-09	-1440.43
420	3.2e-09	-1669.91
430	3.2e-09	977.951
440	3.2e-09	-22487.7
450	3.2e-09	-826.472
460	3.2e-09	-2.02349e+06
470	3.2e-09	1275.49
480	3.2e-09	-6950.62
490	3.2e-09	1102.88
500	3.2e-09	-3196.95
510	3.2e-09	-3999.64
520	3.2e-09	-5485.59
530	3.2e-09	-747.008
540	3.2e-09	-7005.35
550	3.2e-09	1298.55
560	3.2e-09	-8379.79
570	3.2e-09	-3635.57
580	3.2e-09	-680.32
590	3.2e-09	-4528.3
600	3.2e-09	1584.7
610	3.2e-09	-565.691
620	3.2e-09	-2756.77
630	3.2e-09	-4869.25
640	3.2e-09	-4558.46
650	3.2e-09	-9722.6
660	3.2e-09	1269.21
670	3.2e-09	1341.19
680	3.2e-09	-7285.12
690	3.2e-09	-361.513
700	3.2e-09	-5345.08
710	3.2e-09	1490.93
720	3.2e-09	-4678.87
730	3.2e-09	-8977.5
740	3.2e-09	-128609
750	3.2e-09	-5159.21
760	3.2e-09	-1349.56
770	3.2e-09	-2033.09
780	3.2e-09	-3871.42
790	3.2e-09	-8325.69
800	3.2e-09	-1053.24
810	3.2e-09	-3941.56
820	3.2e-09	714.99
830	3.2e-09	1001.84
840	3.2e-09	-1581.2
850	3.2e-09	-9978.29
860	3.2e-09	1189.08
870	3.2e-09	777.421
880	3.2e-09	-807.526
890	3.2e-09	-7137.33
900	3.2e-09	-1221.45
910	3.2e-09	-4741.4
920	3.2e-09	-1673.77
930	3.2e-09	1705.48
940	3.2e-09	918.273
950	3.2e-09	442.297
960	3.2e-09	-2693.53
970	3.2e-09	1104.88
980	3.2e-09	-5.35781e+06
990	3.2e-09	-2384
1000	3.2e-09	-1773.14
260	1.16658e-302	-4652.26
270	1.16658e-302	-2562.09
280	1.16658e-302	-749.655
290	1.16658e-302	-1819.1
300	1.16658e-302	-116771
310	1.16658e-302	-7760.66
320	1.16658e-302	-3182.75
330	1.16658e-302	-389.862
340	1.16658e-302	-849.599
350	1.16658e-302	-3048.22
360	1.16658e-302	-3701.2
370	1.16658e-302	-984.87
380	1.16658e-302	-3486.24
390	1.16658e-302	-5210.45
400	1.16658e-302	-3235.65
410	1.16658e-302	-1421.26
420	1.16658e-302	-1658.21
430	1.16658e-302	-7339.82
440	1.16658e-302	-6016.12
450	1.16658e-302	110.683
460	1.16658e-302	762.866
470	1.16658e-302	-2632.43
480	1.16658e-302	-11208.8
490	1.16658e-302	-73697.2
500	1.16658e-302	-4720.62
510	1.16658e-302	-1980.13
520	1.16658e-302	-2625.49
530	1.16658e-302	-5369
540	1.16658e-302	-2825.34
550	1.16658e-302	150.934
560	1.16658e-302	566.179
570	1.16658e-302	-349.536
580	1.16658e-302	1583.32
590	1.16658e-302	-7715.78
600	1.16658e-302	-709922
610	1.16658e-302	964.547
620	1.16658e-302	-769.872
630	1.16658e-302	-7151.86
640	1.16658e-302	-4384.66
650	1.16658e-302	-672.927
660	1.16658e-302	-30701.1
670	1.16658e-302	-888.318
680	1.16658e-302	-2605.82
690	1.16658e-302	-7584.23
700	1.16658e-302	-4.27202e+06
710	1.16658e-302	-932.267
720	1.16658e-302	-7206.21
730	1.16658e-302	-3795.27
740	1.16658e-302	1752.06
750	1.16658e-302	-5562.3
760	1.16658e-302	-3589.35
770	1.16658e-302	1654.25
780	1.16658e-302	-1481.64
790	1.16658e-302	-229729
800	1.16658e-302	1555.45
810	1.16658e-302	-2537.37
820	1.16658e-302	-6413.46
830	1.16658e-302	-10206
840	1.16658e-302	-10763.4
850	1.16658e-302	-2653.37
860	1.16658e-302	1763.73
870	1.16658e-302	-872.767
880	1.16658e-302	-1507.56
890	1.16658e-302	-4654.24
900	1.16658e-302	-7490.72
910	1.16658e-302	-9266.33
920	1.16658e-302	-896.249
930	1.16658e-302	-9454.31
940	1.16658e-302	-6591.01
950	1.16658e-302	1253.47
960	1.16658e-302	-68937.6
970	1.16658e-302	-4139.61
980	1.16658e-302	-1367.44
990	1.16658e-302	-4732.4
1000	1.16658e-302	-396712
