state	power	likelihood
260	1	4726.19
270	1	4729.73
280	1	4739.62
290	1	4733.61
300	1	4729.45
310	1	4736.74
320	1	4726.91
330	1	4733.58
340	1	4723.31
350	1	4722.1
360	1	4723.04
370	1	4723.05
380	1	4721.62
390	1	4721.74
400	1	4715.03
410	1	4720.37
420	1	4724.43
430	1	4731.31
440	1	4724.25
450	1	4720.58
460	1	4731.99
470	1	4723.85
480	1	4720.32
490	1	4736.17
500	1	4738.21
510	1	4742.36
520	1	4744.04
530	1	4744.13
540	1	4738.25
550	1	4745.45
560	1	4743.42
570	1	4748.84
580	1	4733.31
590	1	4730.33
600	1	4724.02
610	1	4740.51
620	1	4737.53
630	1	4733.95
640	1	4738.42
650	1	4742.25
660	1	4738.79
670	1	4727.78
680	1	4729.55
690	1	4742.86
700	1	4729.35
710	1	4734.29
720	1	4730.52
730	1	4720.03
740	1	4723.02
750	1	4726.95
760	1	4729.2
770	1	4724.67
780	1	4731.94
790	1	4718.56
800	1	4725.74
810	1	4715.16
820	1	4714.66
830	1	4716.86
840	1	4719.74
850	1	4729.35
860	1	4719.86
870	1	4732.9
880	1	4721.44
890	1	4716.14
900	1	4704.14
910	1	4709.27
920	1	4713.88
930	1	4720.1
940	1	4722.59
950	1	4722.12
960	1	4720.83
970	1	4723.1
980	1	4717.31
990	1	4706.9
1000	1	4704.58
260	0.903921	4675.89
270	0.903921	4673.55
280	0.903921	4676.17
290	0.903921	4674.21
300	0.903921	4693.19
310	0.903921	4689.59
320	0.903921	4693.24
330	0.903921	4692.93
340	0.903921	4688.1
350	0.903921	4687.49
360	0.903921	4679.59
370	0.903921	4686.27
380	0.903921	4684.74
390	0.903921	4687.93
400	0.903921	4679.19
410	0.903921	4678.91
420	0.903921	4685.24
430	0.903921	4680.92
440	0.903921	4690.5
450	0.903921	4699.4
460	0.903921	4695.39
470	0.903921	4702.09
480	0.903921	4696.72
490	0.903921	4698.87
500	0.903921	4703.54
510	0.903921	4700.01
520	0.903921	4691.45
530	0.903921	4694.93
540	0.903921	4695.52
550	0.903921	4707.75
560	0.903921	4703.33
570	0.903921	4682.12
580	0.903921	4676.37
590	0.903921	4691.35
600	0.903921	4692.7
610	0.903921	4682.16
620	0.903921	4680.06
630	0.903921	4683.8
640	0.903921	4687.32
650	0.903921	4684.56
660	0.903921	4675.16
670	0.903921	4682.12
680	0.903921	4697.4
690	0.903921	4690.1
700	0.903921	4692.5
710	0.903921	4705.43
720	0.903921	4706.69
730	0.903921	4694.91
740	0.903921	4698.25
750	0.903921	4690.23
760	0.903921	4692.78
770	0.903921	4700.5
780	0.903921	4703.73
790	0.903921	4703.62
800	0.903921	4702.21
810	0.903921	4706.86
820	0.903921	4699.24
830	0.903921	4704.11
840	0.903921	4706.38
850	0.903921	4703.33
860	0.903921	4693.17
870	0.903921	4689.97
880	0.903921	4683.48
890	0.903921	4689.18
900	0.903921	4687.6
910	0.903921	4689.66
920	0.903921	4690.85
930	0.903921	4675.23
940	0.903921	4670.21
950	0.903921	4667.35
960	0.903921	4679.05
970	0.903921	4673.62
980	0.903921	4668.5
990	0.903921	4669.39
1000	0.903921	4690.59
260	0.815373	4665.49
270	0.815373	4669.6
280	0.815373	4666.61
290	0.815373	4659.2
300	0.815373	4656.79
310	0.815373	4674.14
320	0.815373	4678.78
330	0.815373	4677.84
340	0.815373	4674.41
350	0.815373	4676.77
360	0.815373	4670.52
370	0.815373	4672.39
380	0.815373	4669.09
390	0.815373	4661.95
400	0.815373	4668.2
410	0.815373	4671.63
420	0.815373	4679.73
430	0.815373	4681.24
440	0.815373	4686.26
450	0.815373	4675.48
460	0.815373	4664.27
470	0.815373	4670.03
480	0.815373	4684.06
490	0.815373	4684.91
500	0.815373	4686.18
510	0.815373	4687.77
520	0.815373	4674.19
530	0.815373	4675.33
540	0.815373	4678.75
550	0.815373	4670.73
560	0.815373	4670.68
570	0.815373	4672.65
580	0.815373	4662.54
590	0.815373	4666.43
600	0.815373	4660.49
610	0.815373	4666.22
620	0.815373	4670.98
630	0.815373	4674.27
640	0.815373	4673.34
650	0.815373	4678.03
660	0.815373	4687.77
670	0.815373	4689.32
680	0.815373	4677.3
690	0.815373	4668.63
700	0.815373	4666.17
710	0.815373	4669.17
720	0.815373	4679.1
730	0.815373	4662.92
740	0.815373	4670.02
750	0.815373	4662.77
760	0.815373	4662.21
770	0.815373	4673.6
780	0.815373	4674.39
790	0.815373	4686.15
800	0.815373	4683.83
810	0.815373	4687.03
820	0.815373	4674.77
830	0.815373	4692.61
840	0.815373	4685.13
850	0.815373	4681.02
860	0.815373	4666.92
870	0.815373	4682.15
880	0.815373	4672.48
890	0.815373	4672.12
900	0.815373	4666.78
910	0.815373	4652.28
920	0.815373	4657.79
930	0.815373	4658.09
940	0.815373	4680.23
950	0.815373	4690.87
960	0.815373	4680.94
970	0.815373	4684.12
980	0.815373	4676.08
990	0.815373	4686.8
1000	0.815373	4678.56
260	0.733904	4650.99
270	0.733904	4644.22
280	0.733904	4641.29
290	0.733904	4647.94
300	0.733904	4640.93
310	0.733904	4662.2
320	0.733904	4645.66
330	0.733904	4660.68
340	0.733904	4650.83
350	0.733904	4652.92
360	0.733904	4632.24
370	0.733904	4625.82
380	0.733904	4635.05
390	0.733904	4629.42
400	0.733904	4636.88
410	0.733904	4647.14
420	0.733904	4654.71
430	0.733904	4656.13
440	0.733904	4655.78
450	0.733904	4657.9
460	0.733904	4651.53
470	0.733904	4660.04
480	0.733904	4658.38
490	0.733904	4654.58
500	0.733904	4658.78
510	0.733904	4663.86
520	0.733904	4671.23
530	0.733904	4657.97
540	0.733904	4667.24
550	0.733904	4665.34
560	0.733904	4652.15
570	0.733904	4664.71
580	0.733904	4652.5
590	0.733904	4650.79
600	0.733904	4642.85
610	0.733904	4625.92
620	0.733904	4623.74
630	0.733904	4627.66
640	0.733904	4643.32
650	0.733904	4663.93
660	0.733904	4671.4
670	0.733904	4684.51
680	0.733904	4681.3
690	0.733904	4674.83
700	0.733904	4658.1
710	0.733904	4669.86
720	0.733904	4668.34
730	0.733904	4645.68
740	0.733904	4633.37
750	0.733904	4631.14
760	0.733904	4654.27
770	0.733904	4634.07
780	0.733904	4638.86
790	0.733904	4620.52
800	0.733904	4632.41
810	0.733904	4640.7
820	0.733904	4646.33
830	0.733904	4649.59
840	0.733904	4656.23
850	0.733904	4655.66
860	0.733904	4649.02
870	0.733904	4645.81
880	0.733904	4647.13
890	0.733904	4672.63
900	0.733904	4656.56
910	0.733904	4663.33
920	0.733904	4645.82
930	0.733904	4640.93
940	0.733904	4649.72
950	0.733904	4660.59
960	0.733904	4648.91
970	0.733904	4646.61
980	0.733904	4650.33
990	0.733904	4644.1
1000	0.733904	4639.88
260	0.659082	4637.64
270	0.659082	4627.51
280	0.659082	4621.63
290	0.659082	4615.99
300	0.659082	4606.6
310	0.659082	4619.23
320	0.659082	4624.11
330	0.659082	4632.44
340	0.659082	4635.97
350	0.659082	4647.85
360	0.659082	4653.15
370	0.659082	4649.25
380	0.659082	4659.31
390	0.659082	4621.27
400	0.659082	4597.08
410	0.659082	4595.66
420	0.659082	4586.43
430	0.659082	4584.77
440	0.659082	4578.09
450	0.659082	4584.84
460	0.659082	4585.63
470	0.659082	4580.89
480	0.659082	4589.99
490	0.659082	4589.48
500	0.659082	4582.62
510	0.659082	4594.46
520	0.659082	4589.11
530	0.659082	4601.18
540	0.659082	4610.4
550	0.659082	4619.25
560	0.659082	4624.98
570	0.659082	4616.59
580	0.659082	4610.54
590	0.659082	4608.35
600	0.659082	4610.08
610	0.659082	4608.42
620	0.659082	4583.55
630	0.659082	4595.33
640	0.659082	4579.32
650	0.659082	4602.42
660	0.659082	4586.59
670	0.659082	4598.84
680	0.659082	4601.3
690	0.659082	4582.67
700	0.659082	4561.38
710	0.659082	4580.65
720	0.659082	4560.76
730	0.659082	4568.83
740	0.659082	4589.91
750	0.659082	4584.09
760	0.659082	4602.02
770	0.659082	4588.01
780	0.659082	4588.91
790	0.659082	4578.09
800	0.659082	4585.48
810	0.659082	4578.52
820	0.659082	4570.49
830	0.659082	4571.43
840	0.659082	4588.38
850	0.659082	4593.15
860	0.659082	4592.94
870	0.659082	4603.64
880	0.659082	4600.46
890	0.659082	4579.19
900	0.659082	4607.94
910	0.659082	4614.87
920	0.659082	4601.46
930	0.659082	4584.66
940	0.659082	4598.4
950	0.659082	4597.5
960	0.659082	4602.5
970	0.659082	4597.18
980	0.659082	4600.11
990	0.659082	4595.44
1000	0.659082	4584.31
260	0.59049	4524.38
270	0.59049	4522.15
280	0.59049	4503.46
290	0.59049	4488.19
300	0.59049	4496.19
310	0.59049	4523.09
320	0.59049	4520.27
330	0.59049	4520.79
340	0.59049	4518.51
350	0.59049	4517.68
360	0.59049	4516.69
370	0.59049	4519.91
380	0.59049	4523.4
390	0.59049	4516.24
400	0.59049	4504.61
410	0.59049	4490.5
420	0.59049	4497.22
430	0.59049	4506.23
440	0.59049	4501.54
450	0.59049	4501.63
460	0.59049	4489.24
470	0.59049	4512.27
480	0.59049	4534.02
490	0.59049	4533.36
500	0.59049	4528.33
510	0.59049	4516.34
520	0.59049	4527.22
530	0.59049	4536.86
540	0.59049	4541.27
550	0.59049	4540.28
560	0.59049	4553.66
570	0.59049	4543.18
580	0.59049	4540.62
590	0.59049	4524.59
600	0.59049	4504.11
610	0.59049	4526.09
620	0.59049	4544.77
630	0.59049	4557.2
640	0.59049	4552.78
650	0.59049	4554.34
660	0.59049	4546.6
670	0.59049	4542.98
680	0.59049	4519.38
690	0.59049	4538.55
700	0.59049	4540.98
710	0.59049	4534.5
720	0.59049	4559.19
730	0.59049	4553.65
740	0.59049	4553.14
750	0.59049	4542.03
760	0.59049	4542.88
770	0.59049	4528.92
780	0.59049	4527.89
790	0.59049	4523.01
800	0.59049	4517.84
810	0.59049	4525.96
820	0.59049	4518.56
830	0.59049	4509.96
840	0.59049	4536.75
850	0.59049	4545.66
860	0.59049	4554.23
870	0.59049	4554.4
880	0.59049	4546.65
890	0.59049	4539.25
900	0.59049	4558.3
910	0.59049	4546.67
920	0.59049	4530.45
930	0.59049	4528.11
940	0.59049	4544.1
950	0.59049	4547.62
960	0.59049	4561.41
970	0.59049	4555.62
980	0.59049	4570.76
990	0.59049	4579.23
1000	0.59049	4575.54
260	0.527732	4426.16
270	0.527732	4414.09
280	0.527732	4407.5
290	0.527732	4373.48
300	0.527732	4383.34
310	0.527732	4378.88
320	0.527732	4400.39
330	0.527732	4392.05
340	0.527732	4395.1
350	0.527732	4421.11
360	0.527732	4416.65
370	0.527732	4421.45
380	0.527732	4426.77
390	0.527732	4447.48
400	0.527732	4445.36
410	0.527732	4438.26
420	0.527732	4441.06
430	0.527732	4453.61
440	0.527732	4463.22
450	0.527732	4467.27
460	0.527732	4453.43
470	0.527732	4457.44
480	0.527732	4462.94
490	0.527732	4474.04
500	0.527732	4486.86
510	0.527732	4481.11
520	0.527732	4481.69
530	0.527732	4494.45
540	0.527732	4491
550	0.527732	4482.79
560	0.527732	4482.84
570	0.527732	4487.76
580	0.527732	4485.61
590	0.527732	4490.62
600	0.527732	4469.66
610	0.527732	4484.21
620	0.527732	4471.97
630	0.527732	4470.95
640	0.527732	4479.68
650	0.527732	4465.99
660	0.527732	4464.31
670	0.527732	4466.75
680	0.527732	4459.93
690	0.527732	4469.64
700	0.527732	4473.74
710	0.527732	4467.53
720	0.527732	4503.13
730	0.527732	4486.87
740	0.527732	4467.79
750	0.527732	4511.77
760	0.527732	4507.31
770	0.527732	4517.45
780	0.527732	4502
790	0.527732	4509.65
800	0.527732	4509.14
810	0.527732	4486.83
820	0.527732	4489.02
830	0.527732	4457.17
840	0.527732	4468.38
850	0.527732	4485.64
860	0.527732	4482.61
870	0.527732	4485.09
880	0.527732	4480.86
890	0.527732	4465.48
900	0.527732	4458.47
910	0.527732	4464.75
920	0.527732	4450.08
930	0.527732	4428.16
940	0.527732	4416.21
950	0.527732	4440.23
960	0.527732	4465.81
970	0.527732	4439.75
980	0.527732	4444.38
990	0.527732	4456.79
1000	0.527732	4458.43
260	0.470427	4409.76
270	0.470427	4381.77
280	0.470427	4369.47
290	0.470427	4353.62
300	0.470427	4361.24
310	0.470427	4383.22
320	0.470427	4366.66
330	0.470427	4366.99
340	0.470427	4347.08
350	0.470427	4338.06
360	0.470427	4343.67
370	0.470427	4331.26
380	0.470427	4346.34
390	0.470427	4345.63
400	0.470427	4352.01
410	0.470427	4330.59
420	0.470427	4342.95
430	0.470427	4328.26
440	0.470427	4344.5
450	0.470427	4343.04
460	0.470427	4352.2
470	0.470427	4357.59
480	0.470427	4368.35
490	0.470427	4363.9
500	0.470427	4375.26
510	0.470427	4386.04
520	0.470427	4390.6
530	0.470427	4367.08
540	0.470427	4385.11
550	0.470427	4408.41
560	0.470427	4402.9
570	0.470427	4382.2
580	0.470427	4386.87
590	0.470427	4364.5
600	0.470427	4369.8
610	0.470427	4403.92
620	0.470427	4389.77
630	0.470427	4393.88
640	0.470427	4377.74
650	0.470427	4407.29
660	0.470427	4399.76
670	0.470427	4384.31
680	0.470427	4412.77
690	0.470427	4415.04
700	0.470427	4403.76
710	0.470427	4390.53
720	0.470427	4389.81
730	0.470427	4400.39
740	0.470427	4406.41
750	0.470427	4382.65
760	0.470427	4353.34
770	0.470427	4369.85
780	0.470427	4365.54
790	0.470427	4352.57
800	0.470427	4361.23
810	0.470427	4391.03
820	0.470427	4371.81
830	0.470427	4364.7
840	0.470427	4376.35
850	0.470427	4379.78
860	0.470427	4383.33
870	0.470427	4386.95
880	0.470427	4406.26
890	0.470427	4414.35
900	0.470427	4417.33
910	0.470427	4416.93
920	0.470427	4404.91
930	0.470427	4406.92
940	0.470427	4400.93
950	0.470427	4401.28
960	0.470427	4388.23
970	0.470427	4400.2
980	0.470427	4384.36
990	0.470427	4369.9
1000	0.470427	4376.27
260	0.418212	4378.25
270	0.418212	4408.27
280	0.418212	4375.54
290	0.418212	4395.26
300	0.418212	4412.57
310	0.418212	4406.29
320	0.418212	4405
330	0.418212	4408.8
340	0.418212	4411.18
350	0.418212	4435.3
360	0.418212	4409.97
370	0.418212	4407.9
380	0.418212	4408.57
390	0.418212	4391.56
400	0.418212	4372.28
410	0.418212	4356.07
420	0.418212	4355.44
430	0.418212	4348.55
440	0.418212	4357.87
450	0.418212	4370.28
460	0.418212	4349.64
470	0.418212	4333.79
480	0.418212	4318.39
490	0.418212	4329.46
500	0.418212	4331.84
510	0.418212	4341.34
520	0.418212	4323.49
530	0.418212	4334.68
540	0.418212	4306.38
550	0.418212	4309.69
560	0.418212	4289.39
570	0.418212	4278.7
580	0.418212	4289.88
590	0.418212	4262.24
600	0.418212	4287.31
610	0.418212	4320.92
620	0.418212	4323.9
630	0.418212	4320.36
640	0.418212	4335.08
650	0.418212	4309.48
660	0.418212	4311.43
670	0.418212	4328.69
680	0.418212	4301.21
690	0.418212	4345.19
700	0.418212	4332.4
710	0.418212	4337.95
720	0.418212	4334.32
730	0.418212	4355.67
740	0.418212	4344.61
750	0.418212	4364.35
760	0.418212	4370.01
770	0.418212	4372.57
780	0.418212	4361.81
790	0.418212	4368.2
800	0.418212	4366.8
810	0.418212	4345.17
820	0.418212	4350.04
830	0.418212	4331.57
840	0.418212	4341.74
850	0.418212	4347.01
860	0.418212	4357.17
870	0.418212	4357.73
880	0.418212	4335.84
890	0.418212	4308.39
900	0.418212	4302.57
910	0.418212	4305.06
920	0.418212	4316.56
930	0.418212	4327.74
940	0.418212	4315.09
950	0.418212	4325.14
960	0.418212	4319.61
970	0.418212	4307.96
980	0.418212	4330.07
990	0.418212	4302.05
1000	0.418212	4294.45
260	0.37074	4271.35
270	0.37074	4243.71
280	0.37074	4248.03
290	0.37074	4212.38
300	0.37074	4226.74
310	0.37074	4231.94
320	0.37074	4263.22
330	0.37074	4283.48
340	0.37074	4253.88
350	0.37074	4256.98
360	0.37074	4278.8
370	0.37074	4261.34
380	0.37074	4244.26
390	0.37074	4234.37
400	0.37074	4255.9
410	0.37074	4206.47
420	0.37074	4224.29
430	0.37074	4225.32
440	0.37074	4230.66
450	0.37074	4239.53
460	0.37074	4231.27
470	0.37074	4248.74
480	0.37074	4273.34
490	0.37074	4303.13
500	0.37074	4275.7
510	0.37074	4287.64
520	0.37074	4296.37
530	0.37074	4305.48
540	0.37074	4300.5
550	0.37074	4301.21
560	0.37074	4319.64
570	0.37074	4284.58
580	0.37074	4285.19
590	0.37074	4279
600	0.37074	4289.88
610	0.37074	4271.62
620	0.37074	4258.81
630	0.37074	4239.1
640	0.37074	4268.98
650	0.37074	4267.09
660	0.37074	4282.18
670	0.37074	4257.88
680	0.37074	4246.7
690	0.37074	4239.52
700	0.37074	4243.4
710	0.37074	4243.52
720	0.37074	4265.63
730	0.37074	4263.09
740	0.37074	4278.95
750	0.37074	4288.84
760	0.37074	4255.75
770	0.37074	4213.24
780	0.37074	4212.68
790	0.37074	4225.42
800	0.37074	4236.99
810	0.37074	4268.4
820	0.37074	4249.66
830	0.37074	4235.01
840	0.37074	4232.42
850	0.37074	4204.42
860	0.37074	4219.25
870	0.37074	4212.93
880	0.37074	4229.89
890	0.37074	4203.78
900	0.37074	4187.33
910	0.37074	4183.58
920	0.37074	4213.66
930	0.37074	4235.91
940	0.37074	4225.09
950	0.37074	4216.46
960	0.37074	4208.96
970	0.37074	4248.45
980	0.37074	4212.1
990	0.37074	4229.96
1000	0.37074	4230.71
260	0.32768	4141.13
270	0.32768	4148.22
280	0.32768	4175.26
290	0.32768	4172.22
300	0.32768	4163.84
310	0.32768	4186.43
320	0.32768	4180.24
330	0.32768	4155.62
340	0.32768	4164.95
350	0.32768	4203.71
360	0.32768	4167.41
370	0.32768	4160.9
380	0.32768	4152.75
390	0.32768	4177.15
400	0.32768	4164.71
410	0.32768	4160.92
420	0.32768	4125.55
430	0.32768	4161.39
440	0.32768	4176.19
450	0.32768	4174.46
460	0.32768	4142.7
470	0.32768	4190.24
480	0.32768	4193.26
490	0.32768	4180.3
500	0.32768	4196.56
510	0.32768	4189.32
520	0.32768	4202.35
530	0.32768	4192.11
540	0.32768	4217.91
550	0.32768	4213.05
560	0.32768	4213.84
570	0.32768	4199.43
580	0.32768	4176.77
590	0.32768	4196.14
600	0.32768	4181.84
610	0.32768	4177.29
620	0.32768	4168.79
630	0.32768	4179.28
640	0.32768	4172.55
650	0.32768	4204.64
660	0.32768	4165.73
670	0.32768	4156.26
680	0.32768	4175.72
690	0.32768	4141.68
700	0.32768	4163
710	0.32768	4173.06
720	0.32768	4165.43
730	0.32768	4147.69
740	0.32768	4137.06
750	0.32768	4143.21
760	0.32768	4116.7
770	0.32768	4118.18
780	0.32768	4103.32
790	0.32768	4109.23
800	0.32768	4159
810	0.32768	4162.26
820	0.32768	4171.16
830	0.32768	4136.93
840	0.32768	4132.69
850	0.32768	4172.86
860	0.32768	4124.59
870	0.32768	4150.37
880	0.32768	4175.81
890	0.32768	4160.58
900	0.32768	4126.2
910	0.32768	4100.88
920	0.32768	4124.04
930	0.32768	4130.27
940	0.32768	4093.91
950	0.32768	4088.43
960	0.32768	4094.94
970	0.32768	4131.57
980	0.32768	4121.22
990	0.32768	4071.24
1000	0.32768	4095.64
260	0.288717	4015.3
270	0.288717	4062.43
280	0.288717	4069.12
290	0.288717	4087.56
300	0.288717	4054.88
310	0.288717	4040.53
320	0.288717	4044.64
330	0.288717	4055.69
340	0.288717	4066.44
350	0.288717	4072.08
360	0.288717	4086.25
370	0.288717	4064
380	0.288717	4089.11
390	0.288717	4049.06
400	0.288717	4050.92
410	0.288717	4044.4
420	0.288717	4051.79
430	0.288717	4049.34
440	0.288717	4049.12
450	0.288717	4037.34
460	0.288717	4045.97
470	0.288717	4051.51
480	0.288717	4028.24
490	0.288717	4063.29
500	0.288717	4092.21
510	0.288717	4074.99
520	0.288717	4074.91
530	0.288717	4056.25
540	0.288717	4086.85
550	0.288717	4091.43
560	0.288717	4119.7
570	0.288717	4144.7
580	0.288717	4129.77
590	0.288717	4138.2
600	0.288717	4152.66
610	0.288717	4119.35
620	0.288717	4102.51
630	0.288717	4096.13
640	0.288717	4061.18
650	0.288717	4063.26
660	0.288717	4091.31
670	0.288717	4037.32
680	0.288717	4014.42
690	0.288717	4024.25
700	0.288717	3984.28
710	0.288717	3981.77
720	0.288717	3972.25
730	0.288717	3969.14
740	0.288717	3967.41
750	0.288717	3986.84
760	0.288717	3963.51
770	0.288717	4001.56
780	0.288717	3975.54
790	0.288717	3988.94
800	0.288717	3973.57
810	0.288717	3980.93
820	0.288717	4007.04
830	0.288717	3987.01
840	0.288717	3998.48
850	0.288717	3971.83
860	0.288717	3994.41
870	0.288717	3960.63
880	0.288717	3988.07
890	0.288717	3948.51
900	0.288717	3974.98
910	0.288717	3976.08
920	0.288717	3991.96
930	0.288717	3978.97
940	0.288717	3973.6
950	0.288717	4012.66
960	0.288717	4014.85
970	0.288717	4042.76
980	0.288717	4086.48
990	0.288717	4092.38
1000	0.288717	4030.78
260	0.253553	3934.74
270	0.253553	3983.03
280	0.253553	3968.06
290	0.253553	3976.26
300	0.253553	3982.38
310	0.253553	3987.37
320	0.253553	3972.25
330	0.253553	3968.74
340	0.253553	3922.92
350	0.253553	3905.03
360	0.253553	3902.87
370	0.253553	3872.1
380	0.253553	3869.67
390	0.253553	3889.24
400	0.253553	3883.61
410	0.253553	3887.85
420	0.253553	3897.48
430	0.253553	3875.84
440	0.253553	3868.23
450	0.253553	3854.51
460	0.253553	3869.07
470	0.253553	3858.59
480	0.253553	3848.89
490	0.253553	3812.93
500	0.253553	3810.17
510	0.253553	3816.68
520	0.253553	3807.94
530	0.253553	3819.86
540	0.253553	3827.68
550	0.253553	3856.22
560	0.253553	3869.76
570	0.253553	3879.12
580	0.253553	3857.38
590	0.253553	3840.32
600	0.253553	3881.22
610	0.253553	3880.56
620	0.253553	3895.51
630	0.253553	3860.64
640	0.253553	3873.28
650	0.253553	3888.58
660	0.253553	3878.11
670	0.253553	3931.99
680	0.253553	3903.74
690	0.253553	3941.2
700	0.253553	3913.92
710	0.253553	3936.49
720	0.253553	3950.28
730	0.253553	3920.74
740	0.253553	3940.89
750	0.253553	3872.28
760	0.253553	3877.72
770	0.253553	3883.24
780	0.253553	3925.44
790	0.253553	3921.91
800	0.253553	3936.93
810	0.253553	3955.33
820	0.253553	3956.5
830	0.253553	3929.79
840	0.253553	3918.48
850	0.253553	3948.34
860	0.253553	3977.81
870	0.253553	3972.39
880	0.253553	3974.27
890	0.253553	3942.05
900	0.253553	3969.83
910	0.253553	3979.36
920	0.253553	3968.41
930	0.253553	3986.4
940	0.253553	3947.73
950	0.253553	3984.73
960	0.253553	3987.52
970	0.253553	3991.48
980	0.253553	3982.12
990	0.253553	3976.85
1000	0.253553	3930.93
260	0.221901	3823.82
270	0.221901	3865.17
280	0.221901	3844.45
290	0.221901	3816.4
300	0.221901	3850.4
310	0.221901	3877.5
320	0.221901	3883.57
330	0.221901	3841.4
340	0.221901	3861.27
350	0.221901	3797.84
360	0.221901	3802.59
370	0.221901	3889.98
380	0.221901	3842.53
390	0.221901	3837.63
400	0.221901	3781.76
410	0.221901	3831.63
420	0.221901	3821.15
430	0.221901	3782.96
440	0.221901	3809.58
450	0.221901	3794.14
460	0.221901	3762.97
470	0.221901	3765.33
480	0.221901	3752.28
490	0.221901	3797.25
500	0.221901	3831.25
510	0.221901	3820.29
520	0.221901	3784.96
530	0.221901	3796.18
540	0.221901	3833.77
550	0.221901	3857.35
560	0.221901	3851.56
570	0.221901	3865.03
580	0.221901	3849.75
590	0.221901	3828.28
600	0.221901	3843.52
610	0.221901	3893.24
620	0.221901	3890.8
630	0.221901	3877.81
640	0.221901	3867.38
650	0.221901	3850.48
660	0.221901	3840.05
670	0.221901	3826.61
680	0.221901	3886.12
690	0.221901	3868.54
700	0.221901	3878.52
710	0.221901	3843.91
720	0.221901	3891.06
730	0.221901	3807.32
740	0.221901	3827.78
750	0.221901	3857.36
760	0.221901	3853.66
770	0.221901	3846.4
780	0.221901	3841.96
790	0.221901	3859.45
800	0.221901	3831.2
810	0.221901	3838.79
820	0.221901	3805.69
830	0.221901	3780.9
840	0.221901	3795.15
850	0.221901	3795.21
860	0.221901	3791.02
870	0.221901	3810.4
880	0.221901	3857.94
890	0.221901	3828.71
900	0.221901	3814.11
910	0.221901	3853.04
920	0.221901	3833.3
930	0.221901	3859.07
940	0.221901	3825.7
950	0.221901	3778.87
960	0.221901	3794.8
970	0.221901	3799
980	0.221901	3805.73
990	0.221901	3806.3
1000	0.221901	3824.74
260	0.193492	3822.34
270	0.193492	3829.55
280	0.193492	3847.46
290	0.193492	3831.53
300	0.193492	3831.11
310	0.193492	3841.17
320	0.193492	3851.06
330	0.193492	3830.47
340	0.193492	3805.04
350	0.193492	3798.97
360	0.193492	3801.2
370	0.193492	3812.95
380	0.193492	3792.3
390	0.193492	3771.79
400	0.193492	3792.93
410	0.193492	3824.52
420	0.193492	3790.09
430	0.193492	3806.63
440	0.193492	3742.87
450	0.193492	3712.17
460	0.193492	3749.15
470	0.193492	3707.35
480	0.193492	3692.67
490	0.193492	3697.47
500	0.193492	3748.37
510	0.193492	3735.18
520	0.193492	3739.18
530	0.193492	3732.34
540	0.193492	3799.35
550	0.193492	3782.95
560	0.193492	3688.69
570	0.193492	3694.43
580	0.193492	3703.56
590	0.193492	3726.74
600	0.193492	3710.86
610	0.193492	3725.62
620	0.193492	3738.55
630	0.193492	3724.67
640	0.193492	3686.71
650	0.193492	3695.41
660	0.193492	3659.01
670	0.193492	3666.6
680	0.193492	3653.39
690	0.193492	3679.34
700	0.193492	3731.74
710	0.193492	3760.35
720	0.193492	3747.87
730	0.193492	3782.98
740	0.193492	3763.26
750	0.193492	3776.86
760	0.193492	3759.26
770	0.193492	3732.56
780	0.193492	3698.33
790	0.193492	3714.84
800	0.193492	3770.11
810	0.193492	3764.82
820	0.193492	3739.89
830	0.193492	3713.89
840	0.193492	3757.51
850	0.193492	3704.1
860	0.193492	3758.81
870	0.193492	3793.44
880	0.193492	3804.63
890	0.193492	3717.84
900	0.193492	3833.82
910	0.193492	3810.52
920	0.193492	3759.75
930	0.193492	3772.64
940	0.193492	3807.99
950	0.193492	3745.5
960	0.193492	3764.78
970	0.193492	3714.43
980	0.193492	3704.74
990	0.193492	3696.12
1000	0.193492	3690.71
260	0.16807	3505.59
270	0.16807	3594.51
280	0.16807	3620.96
290	0.16807	3625.78
300	0.16807	3627.41
310	0.16807	3641.28
320	0.16807	3597.64
330	0.16807	3575.76
340	0.16807	3650.77
350	0.16807	3604.45
360	0.16807	3637.69
370	0.16807	3639.29
380	0.16807	3614.7
390	0.16807	3613.86
400	0.16807	3680.45
410	0.16807	3665.82
420	0.16807	3654.87
430	0.16807	3689.22
440	0.16807	3668.11
450	0.16807	3689.11
460	0.16807	3684.92
470	0.16807	3633.21
480	0.16807	3626.5
490	0.16807	3533.93
500	0.16807	3547.09
510	0.16807	3563.88
520	0.16807	3505
530	0.16807	3494.18
540	0.16807	3511.28
550	0.16807	3452.33
560	0.16807	3494.9
570	0.16807	3483.14
580	0.16807	3558.22
590	0.16807	3566.25
600	0.16807	3508.7
610	0.16807	3527.49
620	0.16807	3506.41
630	0.16807	3471.21
640	0.16807	3499.52
650	0.16807	3503.24
660	0.16807	3486.2
670	0.16807	3478.66
680	0.16807	3529.68
690	0.16807	3487.31
700	0.16807	3509.09
710	0.16807	3459.29
720	0.16807	3435.16
730	0.16807	3406.22
740	0.16807	3480.49
750	0.16807	3459.13
760	0.16807	3446.43
770	0.16807	3491.28
780	0.16807	3519.13
790	0.16807	3520.96
800	0.16807	3522.89
810	0.16807	3499.8
820	0.16807	3514.48
830	0.16807	3513.32
840	0.16807	3499.28
850	0.16807	3476.2
860	0.16807	3480.48
870	0.16807	3494.28
880	0.16807	3478.96
890	0.16807	3452.57
900	0.16807	3449.75
910	0.16807	3404.43
920	0.16807	3424.48
930	0.16807	3460.51
940	0.16807	3408.92
950	0.16807	3451.36
960	0.16807	3407.35
970	0.16807	3461.58
980	0.16807	3514.28
990	0.16807	3545.18
1000	0.16807	3523.47
260	0.145393	3486.45
270	0.145393	3432.55
280	0.145393	3456.98
290	0.145393	3445.15
300	0.145393	3489.52
310	0.145393	3496.89
320	0.145393	3515.56
330	0.145393	3517.93
340	0.145393	3467.8
350	0.145393	3394.06
360	0.145393	3520.14
370	0.145393	3518.55
380	0.145393	3494.47
390	0.145393	3474.05
400	0.145393	3506.49
410	0.145393	3524.83
420	0.145393	3471.74
430	0.145393	3515.19
440	0.145393	3462.61
450	0.145393	3412.14
460	0.145393	3435.75
470	0.145393	3436.68
480	0.145393	3461.3
490	0.145393	3440.94
500	0.145393	3386.8
510	0.145393	3352.74
520	0.145393	3376.5
530	0.145393	3376.82
540	0.145393	3363.4
550	0.145393	3360.48
560	0.145393	3377.01
570	0.145393	3443.2
580	0.145393	3467.6
590	0.145393	3467.41
600	0.145393	3417.24
610	0.145393	3416.17
620	0.145393	3366.47
630	0.145393	3413.9
640	0.145393	3366.34
650	0.145393	3359.67
660	0.145393	3288.72
670	0.145393	3245.24
680	0.145393	3313.33
690	0.145393	3322.63
700	0.145393	3297.42
710	0.145393	3331.03
720	0.145393	3411.18
730	0.145393	3438.32
740	0.145393	3452.48
750	0.145393	3438.26
760	0.145393	3397.67
770	0.145393	3378.03
780	0.145393	3492.51
790	0.145393	3469.54
800	0.145393	3442.74
810	0.145393	3461.71
820	0.145393	3356.85
830	0.145393	3329.4
840	0.145393	3350.83
850	0.145393	3411.23
860	0.145393	3477.37
870	0.145393	3464.2
880	0.145393	3435.84
890	0.145393	3446.12
900	0.145393	3415.2
910	0.145393	3411.58
920	0.145393	3427.28
930	0.145393	3484.29
940	0.145393	3486.55
950	0.145393	3485.59
960	0.145393	3441.21
970	0.145393	3458.21
980	0.145393	3433.07
990	0.145393	3434.82
1000	0.145393	3441.05
260	0.125233	3128.35
270	0.125233	3231
280	0.125233	3260.35
290	0.125233	3266.25
300	0.125233	3316.01
310	0.125233	3252.18
320	0.125233	3251.91
330	0.125233	3295.13
340	0.125233	3267.8
350	0.125233	3275.88
360	0.125233	3238.77
370	0.125233	3234.09
380	0.125233	3137.41
390	0.125233	3182.67
400	0.125233	3187.37
410	0.125233	3156.32
420	0.125233	3142.04
430	0.125233	3158.93
440	0.125233	3145.5
450	0.125233	3189.61
460	0.125233	3197.52
470	0.125233	3203.07
480	0.125233	3300.09
490	0.125233	3263.39
500	0.125233	3312.72
510	0.125233	3290.99
520	0.125233	3308.9
530	0.125233	3271.6
540	0.125233	3286.22
550	0.125233	3274.81
560	0.125233	3279.06
570	0.125233	3298.99
580	0.125233	3255.52
590	0.125233	3241.09
600	0.125233	3222.46
610	0.125233	3232.01
620	0.125233	3270.21
630	0.125233	3230.8
640	0.125233	3197.1
650	0.125233	3256.34
660	0.125233	3268.1
670	0.125233	3241.1
680	0.125233	3175.9
690	0.125233	3205.87
700	0.125233	3215.22
710	0.125233	3227.46
720	0.125233	3189.38
730	0.125233	3166.63
740	0.125233	3157.1
750	0.125233	3120.95
760	0.125233	3155.25
770	0.125233	3160.47
780	0.125233	3247.55
790	0.125233	3199.36
800	0.125233	3250.04
810	0.125233	3266.06
820	0.125233	3175.64
830	0.125233	3193
840	0.125233	3210.59
850	0.125233	3242.01
860	0.125233	3219.82
870	0.125233	3221.37
880	0.125233	3211.58
890	0.125233	3279.62
900	0.125233	3259.57
910	0.125233	3258.85
920	0.125233	3203.94
930	0.125233	3197.97
940	0.125233	3199.12
950	0.125233	3198.82
960	0.125233	3241.48
970	0.125233	3255.97
980	0.125233	3207.11
990	0.125233	3249.28
1000	0.125233	3253.27
260	0.107374	3041.18
270	0.107374	2934.62
280	0.107374	3009.68
290	0.107374	2971
300	0.107374	2957.18
310	0.107374	2943.69
320	0.107374	3038.98
330	0.107374	3026.47
340	0.107374	3039.23
350	0.107374	3022.99
360	0.107374	3005.91
370	0.107374	2989.05
380	0.107374	2946.98
390	0.107374	2963.53
400	0.107374	2984.77
410	0.107374	3066.68
420	0.107374	3078.91
430	0.107374	3076.4
440	0.107374	2995.33
450	0.107374	3028.93
460	0.107374	3005.21
470	0.107374	3033.1
480	0.107374	2989.2
490	0.107374	3010.61
500	0.107374	2998.98
510	0.107374	2996.51
520	0.107374	3015.7
530	0.107374	3017.36
540	0.107374	3022.2
550	0.107374	3054.98
560	0.107374	3012.96
570	0.107374	3040.88
580	0.107374	2966.07
590	0.107374	3052.93
600	0.107374	3068.92
610	0.107374	3098.28
620	0.107374	3030.71
630	0.107374	3011.5
640	0.107374	3051.93
650	0.107374	3117.57
660	0.107374	3048.57
670	0.107374	3017.23
680	0.107374	3029.04
690	0.107374	3056.78
700	0.107374	3097.47
710	0.107374	3143.2
720	0.107374	3021.97
730	0.107374	3036.11
740	0.107374	2976.82
750	0.107374	2966.64
760	0.107374	3078.52
770	0.107374	3051.31
780	0.107374	3066.13
790	0.107374	3082.84
800	0.107374	3091.63
810	0.107374	3132.72
820	0.107374	3084.97
830	0.107374	3196.5
840	0.107374	3165.34
850	0.107374	3204.53
860	0.107374	3160.48
870	0.107374	3049.63
880	0.107374	3167.63
890	0.107374	3216.97
900	0.107374	3204.59
910	0.107374	3192.19
920	0.107374	3218.5
930	0.107374	3192.61
940	0.107374	3169.65
950	0.107374	3164.51
960	0.107374	3150.71
970	0.107374	3134.38
980	0.107374	3041.3
990	0.107374	3082.67
1000	0.107374	3052.12
260	0.0916133	2801.81
270	0.0916133	2816.28
280	0.0916133	2759.7
290	0.0916133	2744.63
300	0.0916133	2670.83
310	0.0916133	2667.83
320	0.0916133	2764.89
330	0.0916133	2676.79
340	0.0916133	2773.74
350	0.0916133	2772.02
360	0.0916133	2831.33
370	0.0916133	2813.96
380	0.0916133	2854.62
390	0.0916133	2897.03
400	0.0916133	2916.9
410	0.0916133	2839.4
420	0.0916133	2841.68
430	0.0916133	2842.39
440	0.0916133	2815.92
450	0.0916133	2789.42
460	0.0916133	2834.22
470	0.0916133	2764.9
480	0.0916133	2793.65
490	0.0916133	2813.75
500	0.0916133	2763.77
510	0.0916133	2817.46
520	0.0916133	2796.68
530	0.0916133	2864.75
540	0.0916133	2907.63
550	0.0916133	2834.82
560	0.0916133	2806.32
570	0.0916133	2856.69
580	0.0916133	2885.62
590	0.0916133	2871.35
600	0.0916133	2788.78
610	0.0916133	2801.65
620	0.0916133	2733.62
630	0.0916133	2670.55
640	0.0916133	2776.24
650	0.0916133	2822.62
660	0.0916133	2769.54
670	0.0916133	2690.59
680	0.0916133	2649.42
690	0.0916133	2622.75
700	0.0916133	2679.24
710	0.0916133	2758.1
720	0.0916133	2771.19
730	0.0916133	2734.81
740	0.0916133	2796.7
750	0.0916133	2715.54
760	0.0916133	2836.38
770	0.0916133	2855.65
780	0.0916133	2797.88
790	0.0916133	2830.45
800	0.0916133	2861.33
810	0.0916133	2832.21
820	0.0916133	2864.56
830	0.0916133	2839.67
840	0.0916133	2877.94
850	0.0916133	2906.6
860	0.0916133	2861.5
870	0.0916133	2917.14
880	0.0916133	2843.4
890	0.0916133	2927.65
900	0.0916133	2962.08
910	0.0916133	2990.13
920	0.0916133	2958.13
930	0.0916133	2888.09
940	0.0916133	2896.5
950	0.0916133	3010.93
960	0.0916133	3027.8
970	0.0916133	2961.63
980	0.0916133	2953.65
990	0.0916133	3024.14
1000	0.0916133	2950.66
260	0.07776	2763.57
270	0.07776	2773.62
280	0.07776	2811.41
290	0.07776	2692.42
300	0.07776	2669.2
310	0.07776	2790.13
320	0.07776	2671.75
330	0.07776	2771.83
340	0.07776	2782.1
350	0.07776	2727.95
360	0.07776	2777.06
370	0.07776	2719.12
380	0.07776	2685.58
390	0.07776	2670.67
400	0.07776	2707.11
410	0.07776	2769.13
420	0.07776	2898.46
430	0.07776	2820.27
440	0.07776	2687.08
450	0.07776	2841.47
460	0.07776	2864.33
470	0.07776	2822.88
480	0.07776	2870.49
490	0.07776	2899.65
500	0.07776	2955.98
510	0.07776	2946.98
520	0.07776	2888.24
530	0.07776	2797.8
540	0.07776	2755.66
550	0.07776	2763.33
560	0.07776	2741.4
570	0.07776	2610.78
580	0.07776	2610.74
590	0.07776	2631.9
600	0.07776	2567.04
610	0.07776	2657.05
620	0.07776	2636.9
630	0.07776	2641.59
640	0.07776	2603.37
650	0.07776	2625.59
660	0.07776	2541.52
670	0.07776	2621.31
680	0.07776	2714.18
690	0.07776	2745.68
700	0.07776	2785.04
710	0.07776	2822.84
720	0.07776	2733.34
730	0.07776	2888.07
740	0.07776	2828.64
750	0.07776	2816.05
760	0.07776	2727.64
770	0.07776	2653.22
780	0.07776	2753.54
790	0.07776	2823.69
800	0.07776	2793.52
810	0.07776	2773.81
820	0.07776	2619.12
830	0.07776	2651.98
840	0.07776	2757.71
850	0.07776	2794.02
860	0.07776	2777.64
870	0.07776	2815.99
880	0.07776	2763.6
890	0.07776	2716.14
900	0.07776	2735.07
910	0.07776	2870.43
920	0.07776	2837.53
930	0.07776	2857.84
940	0.07776	2851.83
950	0.07776	2885.25
960	0.07776	2791.25
970	0.07776	2769.29
980	0.07776	2862.61
990	0.07776	2925.39
1000	0.07776	2927.18
260	0.0656357	2611.06
270	0.0656357	2650.89
280	0.0656357	2670.43
290	0.0656357	2749.06
300	0.0656357	2677.23
310	0.0656357	2693.59
320	0.0656357	2775.91
330	0.0656357	2650.31
340	0.0656357	2665.59
350	0.0656357	2586.91
360	0.0656357	2591.71
370	0.0656357	2633.15
380	0.0656357	2650.55
390	0.0656357	2601.94
400	0.0656357	2596.86
410	0.0656357	2711.8
420	0.0656357	2646.13
430	0.0656357	2516.39
440	0.0656357	2528.58
450	0.0656357	2660.4
460	0.0656357	2609.15
470	0.0656357	2612.9
480	0.0656357	2598.98
490	0.0656357	2563.71
500	0.0656357	2521.74
510	0.0656357	2510.2
520	0.0656357	2635.54
530	0.0656357	2604.32
540	0.0656357	2587.83
550	0.0656357	2578.94
560	0.0656357	2677.34
570	0.0656357	2574.23
580	0.0656357	2645.25
590	0.0656357	2684.96
600	0.0656357	2713.5
610	0.0656357	2694.68
620	0.0656357	2580.98
630	0.0656357	2632.25
640	0.0656357	2696.66
650	0.0656357	2684.46
660	0.0656357	2604.54
670	0.0656357	2622.55
680	0.0656357	2647.19
690	0.0656357	2668.81
700	0.0656357	2644.69
710	0.0656357	2635.32
720	0.0656357	2587.45
730	0.0656357	2619.42
740	0.0656357	2605.9
750	0.0656357	2587.75
760	0.0656357	2698.19
770	0.0656357	2664.47
780	0.0656357	2672.12
790	0.0656357	2741.07
800	0.0656357	2683.5
810	0.0656357	2649.34
820	0.0656357	2705.49
830	0.0656357	2700.78
840	0.0656357	2606.27
850	0.0656357	2665.52
860	0.0656357	2725.65
870	0.0656357	2703.68
880	0.0656357	2736.27
890	0.0656357	2755.49
900	0.0656357	2753.79
910	0.0656357	2682.63
920	0.0656357	2686.29
930	0.0656357	2603.06
940	0.0656357	2668.36
950	0.0656357	2695.32
960	0.0656357	2722.44
970	0.0656357	2665.38
980	0.0656357	2737.27
990	0.0656357	2811.21
1000	0.0656357	2759.49
260	0.0550732	2591.92
270	0.0550732	2621.12
280	0.0550732	2599.25
290	0.0550732	2486.17
300	0.0550732	2451.26
310	0.0550732	2537
320	0.0550732	2509.78
330	0.0550732	2524.61
340	0.0550732	2599.26
350	0.0550732	2602.21
360	0.0550732	2615.16
370	0.0550732	2707.9
380	0.0550732	2610.75
390	0.0550732	2566.16
400	0.0550732	2463.45
410	0.0550732	2530.18
420	0.0550732	2518.53
430	0.0550732	2517.75
440	0.0550732	2615.18
450	0.0550732	2508.73
460	0.0550732	2620.69
470	0.0550732	2571.76
480	0.0550732	2504.12
490	0.0550732	2564.98
500	0.0550732	2531.52
510	0.0550732	2528.61
520	0.0550732	2581.01
530	0.0550732	2587.86
540	0.0550732	2624.12
550	0.0550732	2598.78
560	0.0550732	2590.99
570	0.0550732	2431.15
580	0.0550732	2532.14
590	0.0550732	2596.53
600	0.0550732	2536.32
610	0.0550732	2583.56
620	0.0550732	2607.65
630	0.0550732	2644.2
640	0.0550732	2607.27
650	0.0550732	2506.71
660	0.0550732	2629.87
670	0.0550732	2528.85
680	0.0550732	2647.71
690	0.0550732	2493.98
700	0.0550732	2489.51
710	0.0550732	2542.45
720	0.0550732	2570.36
730	0.0550732	2623.62
740	0.0550732	2710.26
750	0.0550732	2662.77
760	0.0550732	2702.12
770	0.0550732	2695.97
780	0.0550732	2714.65
790	0.0550732	2666.17
800	0.0550732	2570.08
810	0.0550732	2566.52
820	0.0550732	2537.29
830	0.0550732	2559.26
840	0.0550732	2488.48
850	0.0550732	2486.93
860	0.0550732	2525.67
870	0.0550732	2566.39
880	0.0550732	2538.96
890	0.0550732	2507.1
900	0.0550732	2439.21
910	0.0550732	2515.12
920	0.0550732	2511.71
930	0.0550732	2440.26
940	0.0550732	2552.19
950	0.0550732	2537.13
960	0.0550732	2526.25
970	0.0550732	2545.87
980	0.0550732	2564.62
990	0.0550732	2614.86
1000	0.0550732	2657.14
260	0.0459165	2443.27
270	0.0459165	2510.5
280	0.0459165	2528.26
290	0.0459165	2597.71
300	0.0459165	2481.9
310	0.0459165	2497.02
320	0.0459165	2471.64
330	0.0459165	2516.17
340	0.0459165	2435.81
350	0.0459165	2460.89
360	0.0459165	2453.65
370	0.0459165	2512.75
380	0.0459165	2582.07
390	0.0459165	2602.25
400	0.0459165	2507.62
410	0.0459165	2521.11
420	0.0459165	2522.27
430	0.0459165	2436.74
440	0.0459165	2456
450	0.0459165	2421.79
460	0.0459165	2435.08
470	0.0459165	2492.9
480	0.0459165	2485.1
490	0.0459165	2457.21
500	0.0459165	2404.59
510	0.0459165	2509.74
520	0.0459165	2562.41
530	0.0459165	2565.05
540	0.0459165	2601.08
550	0.0459165	2668.21
560	0.0459165	2598.44
570	0.0459165	2583.03
580	0.0459165	2542.99
590	0.0459165	2567.34
600	0.0459165	2502.79
610	0.0459165	2549.64
620	0.0459165	2615.03
630	0.0459165	2612.68
640	0.0459165	2515.69
650	0.0459165	2566.65
660	0.0459165	2455.81
670	0.0459165	2485.01
680	0.0459165	2508.37
690	0.0459165	2612.69
700	0.0459165	2606.25
710	0.0459165	2579.73
720	0.0459165	2561.48
730	0.0459165	2656.57
740	0.0459165	2616.47
750	0.0459165	2537.87
760	0.0459165	2592.23
770	0.0459165	2618.95
780	0.0459165	2500.6
790	0.0459165	2597.81
800	0.0459165	2545.84
810	0.0459165	2424.94
820	0.0459165	2472.37
830	0.0459165	2534.8
840	0.0459165	2546.16
850	0.0459165	2443.06
860	0.0459165	2599.31
870	0.0459165	2533.93
880	0.0459165	2276.3
890	0.0459165	2362.45
900	0.0459165	2373.99
910	0.0459165	2403.07
920	0.0459165	2571.49
930	0.0459165	2462.62
940	0.0459165	2591.52
950	0.0459165	2484.14
960	0.0459165	2543.02
970	0.0459165	2448.34
980	0.0459165	2531.99
990	0.0459165	2575.06
1000	0.0459165	2609.52
260	0.0380204	2383.41
270	0.0380204	2475.7
280	0.0380204	2498.71
290	0.0380204	2509.74
300	0.0380204	2535.1
310	0.0380204	2467.14
320	0.0380204	2582.49
330	0.0380204	2540.96
340	0.0380204	2401.01
350	0.0380204	2382.73
360	0.0380204	2554.81
370	0.0380204	2495.56
380	0.0380204	2377.27
390	0.0380204	2412.58
400	0.0380204	2265.12
410	0.0380204	2421.15
420	0.0380204	2452.58
430	0.0380204	2345.69
440	0.0380204	2435.26
450	0.0380204	2403.45
460	0.0380204	2436.65
470	0.0380204	2491.82
480	0.0380204	2523.98
490	0.0380204	2384.95
500	0.0380204	2388.59
510	0.0380204	2395.03
520	0.0380204	2383.71
530	0.0380204	2525.3
540	0.0380204	2513.79
550	0.0380204	2597.95
560	0.0380204	2524.29
570	0.0380204	2608.58
580	0.0380204	2579.77
590	0.0380204	2536.63
600	0.0380204	2519.97
610	0.0380204	2503.63
620	0.0380204	2466.57
630	0.0380204	2507.32
640	0.0380204	2512.02
650	0.0380204	2343.05
660	0.0380204	2542.88
670	0.0380204	2506.45
680	0.0380204	2569.18
690	0.0380204	2510.04
700	0.0380204	2417.75
710	0.0380204	2446.65
720	0.0380204	2440.4
730	0.0380204	2446.95
740	0.0380204	2343.89
750	0.0380204	2381.68
760	0.0380204	2413.35
770	0.0380204	2447.3
780	0.0380204	2483.67
790	0.0380204	2455.15
800	0.0380204	2366.08
810	0.0380204	2498.14
820	0.0380204	2563.02
830	0.0380204	2518.65
840	0.0380204	2530.11
850	0.0380204	2603.57
860	0.0380204	2583.74
870	0.0380204	2520.93
880	0.0380204	2588.65
890	0.0380204	2638.6
900	0.0380204	2563.39
910	0.0380204	2535.7
920	0.0380204	2462.29
930	0.0380204	2475.56
940	0.0380204	2400.68
950	0.0380204	2396.15
960	0.0380204	2389.75
970	0.0380204	2397.97
980	0.0380204	2551.68
990	0.0380204	2525.47
1000	0.0380204	2500.27
260	0.03125	2415.9
270	0.03125	2308.43
280	0.03125	2356.29
290	0.03125	2301.49
300	0.03125	2203.27
310	0.03125	2255.97
320	0.03125	2332.91
330	0.03125	2318.72
340	0.03125	2403.64
350	0.03125	2297.3
360	0.03125	2341.84
370	0.03125	2426.71
380	0.03125	2384.02
390	0.03125	2277.33
400	0.03125	2304.37
410	0.03125	2484.81
420	0.03125	2419.05
430	0.03125	2319.71
440	0.03125	2414.48
450	0.03125	2347.76
460	0.03125	2402.58
470	0.03125	2302.8
480	0.03125	2346.21
490	0.03125	2387.06
500	0.03125	2412.49
510	0.03125	2398.07
520	0.03125	2371.8
530	0.03125	2305.92
540	0.03125	2354.71
550	0.03125	2571.02
560	0.03125	2538.74
570	0.03125	2222.61
580	0.03125	2390.43
590	0.03125	2408.06
600	0.03125	2456.56
610	0.03125	2526.58
620	0.03125	2514.82
630	0.03125	2447.27
640	0.03125	2492.16
650	0.03125	2324.74
660	0.03125	2493.56
670	0.03125	2371.59
680	0.03125	2362.07
690	0.03125	2377.01
700	0.03125	2228.8
710	0.03125	2326.37
720	0.03125	2196.81
730	0.03125	2285.41
740	0.03125	2295.46
750	0.03125	2221.06
760	0.03125	2266.34
770	0.03125	2335.39
780	0.03125	2410.55
790	0.03125	2396.76
800	0.03125	2392.88
810	0.03125	2551.81
820	0.03125	2411.1
830	0.03125	2348.99
840	0.03125	2387.95
850	0.03125	2379.27
860	0.03125	2328.68
870	0.03125	2328.1
880	0.03125	2482.21
890	0.03125	2295.15
900	0.03125	2405.61
910	0.03125	2204.9
920	0.03125	2386.55
930	0.03125	2447.68
940	0.03125	2344.86
950	0.03125	2214.18
960	0.03125	2484.85
970	0.03125	2378.47
980	0.03125	2416.49
990	0.03125	2248.11
1000	0.03125	2398.63
260	0.0254804	2395.23
270	0.0254804	2486.13
280	0.0254804	2468.83
290	0.0254804	2348.38
300	0.0254804	2346.6
310	0.0254804	2285.09
320	0.0254804	2130.2
330	0.0254804	2236.29
340	0.0254804	2284.8
350	0.0254804	2414.7
360	0.0254804	2366.14
370	0.0254804	2310.86
380	0.0254804	2281.62
390	0.0254804	2216.14
400	0.0254804	2163.62
410	0.0254804	2263.47
420	0.0254804	2327.32
430	0.0254804	2202.28
440	0.0254804	2302.43
450	0.0254804	2168.5
460	0.0254804	2205.1
470	0.0254804	2201.43
480	0.0254804	2399.48
490	0.0254804	2367.68
500	0.0254804	2371.73
510	0.0254804	2235.16
520	0.0254804	2148.47
530	0.0254804	2340.44
540	0.0254804	2235.34
550	0.0254804	2225.32
560	0.0254804	2223.37
570	0.0254804	2205.96
580	0.0254804	2133.73
590	0.0254804	2303.98
600	0.0254804	2358.06
610	0.0254804	2385.81
620	0.0254804	2403.74
630	0.0254804	2360.13
640	0.0254804	2518.21
650	0.0254804	2339.43
660	0.0254804	2358.68
670	0.0254804	2341.22
680	0.0254804	2421.13
690	0.0254804	2417.55
700	0.0254804	2512.67
710	0.0254804	2445.72
720	0.0254804	2377.67
730	0.0254804	2417.92
740	0.0254804	2427.95
750	0.0254804	2359.52
760	0.0254804	2139.5
770	0.0254804	2071.03
780	0.0254804	2278.55
790	0.0254804	2254.32
800	0.0254804	2283.18
810	0.0254804	2365.76
820	0.0254804	2506.68
830	0.0254804	2575.19
840	0.0254804	2459.99
850	0.0254804	2147.51
860	0.0254804	2334.14
870	0.0254804	2236.27
880	0.0254804	2404.96
890	0.0254804	2428.07
900	0.0254804	2390.09
910	0.0254804	2525.77
920	0.0254804	2541.91
930	0.0254804	2498.13
940	0.0254804	2489.81
950	0.0254804	2580.68
960	0.0254804	2203.3
970	0.0254804	2302.71
980	0.0254804	2295.81
990	0.0254804	2325.14
1000	0.0254804	2429.92
260	0.0205963	2327.12
270	0.0205963	2423.67
280	0.0205963	2232.33
290	0.0205963	2448.55
300	0.0205963	2410.81
310	0.0205963	2310.04
320	0.0205963	2260.88
330	0.0205963	2310.17
340	0.0205963	2383.38
350	0.0205963	2328.28
360	0.0205963	2233.58
370	0.0205963	2212.37
380	0.0205963	2253.23
390	0.0205963	2178.2
400	0.0205963	2327.2
410	0.0205963	2378.42
420	0.0205963	2111.12
430	0.0205963	2173.69
440	0.0205963	2297.09
450	0.0205963	2189.78
460	0.0205963	2289.27
470	0.0205963	2425.69
480	0.0205963	2229.67
490	0.0205963	2349.72
500	0.0205963	2320.14
510	0.0205963	2329.4
520	0.0205963	2209.15
530	0.0205963	2226.17
540	0.0205963	2196.83
550	0.0205963	2243.5
560	0.0205963	2288.05
570	0.0205963	2309.91
580	0.0205963	2267.25
590	0.0205963	2291.94
600	0.0205963	2340.85
610	0.0205963	2283.69
620	0.0205963	2323.06
630	0.0205963	2370.95
640	0.0205963	2195.68
650	0.0205963	2137.76
660	0.0205963	2215.38
670	0.0205963	2319.43
680	0.0205963	2391.01
690	0.0205963	2195.23
700	0.0205963	2085.14
710	0.0205963	2163.83
720	0.0205963	2349.87
730	0.0205963	2317.06
740	0.0205963	2306.42
750	0.0205963	2363.21
760	0.0205963	2458.11
770	0.0205963	2351.76
780	0.0205963	2305.34
790	0.0205963	2307.59
800	0.0205963	2215.73
810	0.0205963	2407.69
820	0.0205963	2508.78
830	0.0205963	2191.31
840	0.0205963	2141.21
850	0.0205963	2181.69
860	0.0205963	2296.84
870	0.0205963	2397.06
880	0.0205963	2433.17
890	0.0205963	2297.04
900	0.0205963	2286.04
910	0.0205963	2223.41
920	0.0205963	2092.87
930	0.0205963	2320.24
940	0.0205963	2234.05
950	0.0205963	2284.81
960	0.0205963	2310.89
970	0.0205963	2206.58
980	0.0205963	2245.07
990	0.0205963	2291.72
1000	0.0205963	2255.37
260	0.0164916	2233.97
270	0.0164916	2321.21
280	0.0164916	2462.78
290	0.0164916	2446.8
300	0.0164916	2372.23
310	0.0164916	2237.46
320	0.0164916	2395.4
330	0.0164916	2326.24
340	0.0164916	2104.76
350	0.0164916	2136.87
360	0.0164916	2277.51
370	0.0164916	2181.28
380	0.0164916	2016.8
390	0.0164916	2242.8
400	0.0164916	2091.27
410	0.0164916	1775.11
420	0.0164916	2142.39
430	0.0164916	1941.26
440	0.0164916	1843.94
450	0.0164916	2022.99
460	0.0164916	2122.73
470	0.0164916	2464.99
480	0.0164916	2425.35
490	0.0164916	2268.74
500	0.0164916	2203.38
510	0.0164916	2288.52
520	0.0164916	2362.52
530	0.0164916	2285.16
540	0.0164916	2341.1
550	0.0164916	2273.65
560	0.0164916	2260.28
570	0.0164916	2242.55
580	0.0164916	2282.65
590	0.0164916	2160.08
600	0.0164916	2140.33
610	0.0164916	2153.31
620	0.0164916	2101.09
630	0.0164916	2234.04
640	0.0164916	2285.73
650	0.0164916	2156.49
660	0.0164916	2220.55
670	0.0164916	2101.48
680	0.0164916	1930.65
690	0.0164916	2243.12
700	0.0164916	2135.46
710	0.0164916	2163.72
720	0.0164916	2196.75
730	0.0164916	2235.78
740	0.0164916	2138.18
750	0.0164916	2107.1
760	0.0164916	2270.85
770	0.0164916	2099.54
780	0.0164916	2285.84
790	0.0164916	2160.77
800	0.0164916	2286.85
810	0.0164916	2392.2
820	0.0164916	2313.47
830	0.0164916	2176.04
840	0.0164916	2261.31
850	0.0164916	1937.47
860	0.0164916	2280.94
870	0.0164916	1979.77
880	0.0164916	2009.14
890	0.0164916	1847.93
900	0.0164916	2128.14
910	0.0164916	2168.85
920	0.0164916	2068.37
930	0.0164916	2110.74
940	0.0164916	2124.08
950	0.0164916	2128.57
960	0.0164916	2036.69
970	0.0164916	1892.83
980	0.0164916	2003.8
990	0.0164916	2177.99
1000	0.0164916	2155.32
260	0.0130691	2267.57
270	0.0130691	2078.29
280	0.0130691	2225.33
290	0.0130691	2096.36
300	0.0130691	1875.9
310	0.0130691	2150.48
320	0.0130691	1904.35
330	0.0130691	2089.3
340	0.0130691	2016.54
350	0.0130691	2130.75
360	0.0130691	2145.9
370	0.0130691	2153.25
380	0.0130691	2242.53
390	0.0130691	2078.89
400	0.0130691	1987.73
410	0.0130691	2273.49
420	0.0130691	2075.62
430	0.0130691	2090.57
440	0.0130691	2186.47
450	0.0130691	2288.05
460	0.0130691	2184.95
470	0.0130691	2192.89
480	0.0130691	2172.41
490	0.0130691	2248.38
500	0.0130691	2213.46
510	0.0130691	2229.83
520	0.0130691	2065.33
530	0.0130691	2038.93
540	0.0130691	2099.29
550	0.0130691	2172.59
560	0.0130691	2322.44
570	0.0130691	2412.8
580	0.0130691	2145.63
590	0.0130691	1867.84
600	0.0130691	1974.02
610	0.0130691	1855.41
620	0.0130691	1714.5
630	0.0130691	2013.98
640	0.0130691	2075.17
650	0.0130691	2145.59
660	0.0130691	2101.41
670	0.0130691	2112.11
680	0.0130691	1975.96
690	0.0130691	2062.82
700	0.0130691	2155.16
710	0.0130691	2197.3
720	0.0130691	2181.69
730	0.0130691	2168.72
740	0.0130691	2254.45
750	0.0130691	2279.66
760	0.0130691	2252.32
770	0.0130691	2070.8
780	0.0130691	2133.04
790	0.0130691	2240.9
800	0.0130691	2197.53
810	0.0130691	2036.5
820	0.0130691	1909.51
830	0.0130691	1715.4
840	0.0130691	2019.55
850	0.0130691	2062.19
860	0.0130691	2104.14
870	0.0130691	1992.5
880	0.0130691	2049.09
890	0.0130691	1963.15
900	0.0130691	1954.91
910	0.0130691	2183.54
920	0.0130691	2114.18
930	0.0130691	2051.34
940	0.0130691	2241.42
950	0.0130691	1909.79
960	0.0130691	2024.63
970	0.0130691	2231.48
980	0.0130691	2377.98
990	0.0130691	2167.27
1000	0.0130691	2308.16
260	0.01024	1865.74
270	0.01024	1862.09
280	0.01024	2091.03
290	0.01024	1922.39
300	0.01024	2259.99
310	0.01024	2372.54
320	0.01024	2048.47
330	0.01024	2104.59
340	0.01024	2212.15
350	0.01024	2002.28
360	0.01024	2151.84
370	0.01024	1764.64
380	0.01024	2111.67
390	0.01024	1903.62
400	0.01024	1992.57
410	0.01024	2174.2
420	0.01024	2053.41
430	0.01024	2155.75
440	0.01024	1647.63
450	0.01024	1986.11
460	0.01024	1954.29
470	0.01024	2036.2
480	0.01024	1977.7
490	0.01024	1907.35
500	0.01024	1999.58
510	0.01024	1965.15
520	0.01024	1948.26
530	0.01024	2143.52
540	0.01024	1857.3
550	0.01024	1945.64
560	0.01024	2136.97
570	0.01024	1910.77
580	0.01024	2087.38
590	0.01024	2153.56
600	0.01024	2259.91
610	0.01024	1996.83
620	0.01024	2013.76
630	0.01024	1737.82
640	0.01024	1983.48
650	0.01024	1721.17
660	0.01024	1901.65
670	0.01024	2073.48
680	0.01024	1925.01
690	0.01024	1829.59
700	0.01024	1919.94
710	0.01024	1937.25
720	0.01024	1997.16
730	0.01024	1921.04
740	0.01024	1850.16
750	0.01024	1891.59
760	0.01024	1567.47
770	0.01024	2066.13
780	0.01024	2247.46
790	0.01024	2288.89
800	0.01024	1866.47
810	0.01024	2113.25
820	0.01024	1994.88
830	0.01024	2107.73
840	0.01024	1965.81
850	0.01024	2107.7
860	0.01024	1771.9
870	0.01024	2017.34
880	0.01024	2224.39
890	0.01024	2334.67
900	0.01024	2247.4
910	0.01024	2169.48
920	0.01024	2173.11
930	0.01024	2203.1
940	0.01024	1963.18
950	0.01024	1848.22
960	0.01024	1986.65
970	0.01024	1950.23
980	0.01024	1921.49
990	0.01024	1843.5
1000	0.01024	1922.93
260	0.00792352	2004.82
270	0.00792352	2072.17
280	0.00792352	2204.67
290	0.00792352	2091.67
300	0.00792352	1757.78
310	0.00792352	2075.59
320	0.00792352	1933.75
330	0.00792352	2134.78
340	0.00792352	2206
350	0.00792352	2232.52
360	0.00792352	2201
370	0.00792352	2011.38
380	0.00792352	2069.85
390	0.00792352	2019.06
400	0.00792352	1857.14
410	0.00792352	1689.73
420	0.00792352	1946.97
430	0.00792352	1469.7
440	0.00792352	2092.22
450	0.00792352	2139.87
460	0.00792352	2213.52
470	0.00792352	2124.25
480	0.00792352	1688.39
490	0.00792352	2114.66
500	0.00792352	1956.61
510	0.00792352	2014.35
520	0.00792352	1287.03
530	0.00792352	1955.37
540	0.00792352	1954.62
550	0.00792352	2043.66
560	0.00792352	2102.35
570	0.00792352	2077.52
580	0.00792352	2118.38
590	0.00792352	2030.96
600	0.00792352	2214.44
610	0.00792352	2113.65
620	0.00792352	1938
630	0.00792352	1806.55
640	0.00792352	1671.18
650	0.00792352	1979.92
660	0.00792352	2168.84
670	0.00792352	1806.3
680	0.00792352	2015
690	0.00792352	1709.44
700	0.00792352	1499.78
710	0.00792352	2145.84
720	0.00792352	2086.88
730	0.00792352	2047.95
740	0.00792352	2255.63
750	0.00792352	2025.56
760	0.00792352	1790.63
770	0.00792352	1711.47
780	0.00792352	1812.48
790	0.00792352	1916.64
800	0.00792352	2027.67
810	0.00792352	1803.96
820	0.00792352	1810.42
830	0.00792352	1549.97
840	0.00792352	2120.44
850	0.00792352	1802.17
860	0.00792352	1593
870	0.00792352	2007.23
880	0.00792352	1497.25
890	0.00792352	2054.29
900	0.00792352	2028.92
910	0.00792352	2012.74
920	0.00792352	1726.02
930	0.00792352	1808.82
940	0.00792352	2050.73
950	0.00792352	1897.82
960	0.00792352	1953.03
970	0.00792352	1910.81
980	0.00792352	1978.41
990	0.00792352	2149.49
1000	0.00792352	1905.1
260	0.00604662	1551.38
270	0.00604662	1960.94
280	0.00604662	2056.84
290	0.00604662	1658.94
300	0.00604662	1983.95
310	0.00604662	1862.65
320	0.00604662	2044.34
330	0.00604662	1723.25
340	0.00604662	2198.53
350	0.00604662	2156.79
360	0.00604662	1796.77
370	0.00604662	1598.33
380	0.00604662	2029.4
390	0.00604662	2021.98
400	0.00604662	1467.54
410	0.00604662	1933.81
420	0.00604662	1598.78
430	0.00604662	1569.79
440	0.00604662	1565.28
450	0.00604662	1706.71
460	0.00604662	1993.07
470	0.00604662	2164.6
480	0.00604662	2129.86
490	0.00604662	2023.49
500	0.00604662	2105.89
510	0.00604662	1826.09
520	0.00604662	1895.52
530	0.00604662	1867.26
540	0.00604662	1260.87
550	0.00604662	1445.19
560	0.00604662	1564.16
570	0.00604662	1911.53
580	0.00604662	1703.27
590	0.00604662	1631.79
600	0.00604662	1711.82
610	0.00604662	1726.97
620	0.00604662	1570.04
630	0.00604662	1391.64
640	0.00604662	1688.28
650	0.00604662	1844.67
660	0.00604662	1821.49
670	0.00604662	1696.22
680	0.00604662	2034.44
690	0.00604662	1899.45
700	0.00604662	2043.62
710	0.00604662	2055.87
720	0.00604662	2076.17
730	0.00604662	1770.62
740	0.00604662	1821.94
750	0.00604662	1624.57
760	0.00604662	1758.88
770	0.00604662	1437.5
780	0.00604662	917.698
790	0.00604662	1456.07
800	0.00604662	1584.57
810	0.00604662	1802.56
820	0.00604662	1890.1
830	0.00604662	1347.73
840	0.00604662	1621.25
850	0.00604662	843.158
860	0.00604662	1664.95
870	0.00604662	2024.27
880	0.00604662	1396.22
890	0.00604662	2067.58
900	0.00604662	1720.89
910	0.00604662	2058.88
920	0.00604662	1743.9
930	0.00604662	1335.27
940	0.00604662	1532.61
950	0.00604662	1726.37
960	0.00604662	2210.74
970	0.00604662	1846.34
980	0.00604662	1962.88
990	0.00604662	1415.87
1000	0.00604662	1619.62
260	0.00454354	1918.35
270	0.00454354	1950.51
280	0.00454354	1558.63
290	0.00454354	1985.36
300	0.00454354	1867.82
310	0.00454354	1976.4
320	0.00454354	1869.16
330	0.00454354	1674.85
340	0.00454354	2019.6
350	0.00454354	2041.7
360	0.00454354	1862.9
370	0.00454354	1445.9
380	0.00454354	1658.99
390	0.00454354	2123.81
400	0.00454354	1507.68
410	0.00454354	1920.77
420	0.00454354	1566.33
430	0.00454354	1833.54
440	0.00454354	1505.16
450	0.00454354	1271.93
460	0.00454354	1685.05
470	0.00454354	1855.79
480	0.00454354	1058.69
490	0.00454354	2059.81
500	0.00454354	1792.68
510	0.00454354	1773.99
520	0.00454354	2088.64
530	0.00454354	1765.77
540	0.00454354	2083.07
550	0.00454354	1891.93
560	0.00454354	1603.02
570	0.00454354	1723.95
580	0.00454354	1991.64
590	0.00454354	2073.05
600	0.00454354	1648.77
610	0.00454354	1549.93
620	0.00454354	1845.57
630	0.00454354	1518.43
640	0.00454354	1449.5
650	0.00454354	1506.09
660	0.00454354	1703.46
670	0.00454354	1962.06
680	0.00454354	1830.75
690	0.00454354	2201.91
700	0.00454354	2003.89
710	0.00454354	1377.73
720	0.00454354	1752.76
730	0.00454354	1278.11
740	0.00454354	1358.02
750	0.00454354	1732.78
760	0.00454354	1549.71
770	0.00454354	2092.89
780	0.00454354	2153.18
790	0.00454354	1856.2
800	0.00454354	1633.91
810	0.00454354	1942.93
820	0.00454354	1698.67
830	0.00454354	1867.25
840	0.00454354	1813.24
850	0.00454354	1775.92
860	0.00454354	1606.84
870	0.00454354	1527.7
880	0.00454354	1290.84
890	0.00454354	1917.46
900	0.00454354	1735.95
910	0.00454354	1342.01
920	0.00454354	1867.93
930	0.00454354	1863.64
940	0.00454354	2038.15
950	0.00454354	1757.86
960	0.00454354	1499.51
970	0.00454354	1560.41
980	0.00454354	1871.57
990	0.00454354	1638.38
1000	0.00454354	1411.42
260	0.00335544	996.709
270	0.00335544	1377.33
280	0.00335544	1487.19
290	0.00335544	1653.41
300	0.00335544	2061.36
310	0.00335544	1945.13
320	0.00335544	1881.25
330	0.00335544	1788.33
340	0.00335544	2148.41
350	0.00335544	2015.22
360	0.00335544	1409.78
370	0.00335544	1845.65
380	0.00335544	1956.42
390	0.00335544	1866.25
400	0.00335544	1943.18
410	0.00335544	2144.11
420	0.00335544	2011.62
430	0.00335544	1716.1
440	0.00335544	1390.53
450	0.00335544	1843.41
460	0.00335544	1473.74
470	0.00335544	1604.07
480	0.00335544	1755.59
490	0.00335544	1996.77
500	0.00335544	2082.31
510	0.00335544	2007.62
520	0.00335544	1423.18
530	0.00335544	779.76
540	0.00335544	955.137
550	0.00335544	848.776
560	0.00335544	1735.11
570	0.00335544	555.199
580	0.00335544	1569.05
590	0.00335544	1797
600	0.00335544	2042.74
610	0.00335544	2050.78
620	0.00335544	1863.71
630	0.00335544	1768.87
640	0.00335544	1328.86
650	0.00335544	1664.92
660	0.00335544	1986.55
670	0.00335544	2012.36
680	0.00335544	2227.63
690	0.00335544	1784.61
700	0.00335544	1799.59
710	0.00335544	2125.14
720	0.00335544	1544.46
730	0.00335544	1070.24
740	0.00335544	1176.47
750	0.00335544	1535.58
760	0.00335544	1796.2
770	0.00335544	1395.42
780	0.00335544	1212.76
790	0.00335544	1674.8
800	0.00335544	1645.88
810	0.00335544	1679.03
820	0.00335544	1795.82
830	0.00335544	1781.92
840	0.00335544	1340.76
850	0.00335544	1954.15
860	0.00335544	1823.65
870	0.00335544	1718.31
880	0.00335544	2056.77
890	0.00335544	1164.23
900	0.00335544	1504.37
910	0.00335544	983.334
920	0.00335544	1800.68
930	0.00335544	1525.64
940	0.00335544	2046.25
950	0.00335544	1942.12
960	0.00335544	1833.11
970	0.00335544	1719.7
980	0.00335544	1855.1
990	0.00335544	1821.73
1000	0.00335544	1510.77
260	0.00243	1883.96
270	0.00243	749.564
280	0.00243	734.034
290	0.00243	1447.31
300	0.00243	740.075
310	0.00243	195.501
320	0.00243	861.35
330	0.00243	1274.24
340	0.00243	1822.08
350	0.00243	1193.23
360	0.00243	972.965
370	0.00243	1656.71
380	0.00243	1358.19
390	0.00243	1774.31
400	0.00243	970.206
410	0.00243	1740.8
420	0.00243	1405.01
430	0.00243	1591.9
440	0.00243	1608.05
450	0.00243	916.497
460	0.00243	979.147
470	0.00243	1332.31
480	0.00243	1663.39
490	0.00243	1451.64
500	0.00243	1451.09
510	0.00243	1550.37
520	0.00243	1676.7
530	0.00243	1278.45
540	0.00243	1634.56
550	0.00243	1936.37
560	0.00243	1446.54
570	0.00243	1718.01
580	0.00243	1567.17
590	0.00243	1924.72
600	0.00243	1764.72
610	0.00243	1495.52
620	0.00243	1728.99
630	0.00243	1929.4
640	0.00243	2091.45
650	0.00243	1504.5
660	0.00243	1811.41
670	0.00243	1893.05
680	0.00243	824.713
690	0.00243	-124.201
700	0.00243	1701.36
710	0.00243	1887.44
720	0.00243	2076.13
730	0.00243	1534.09
740	0.00243	1871.78
750	0.00243	2042.79
760	0.00243	1712.06
770	0.00243	1873.12
780	0.00243	-937.603
790	0.00243	45.9944
800	0.00243	1973.44
810	0.00243	1597.97
820	0.00243	1703.45
830	0.00243	1217.73
840	0.00243	1583.28
850	0.00243	1545.21
860	0.00243	1676.65
870	0.00243	1883.89
880	0.00243	1145.23
890	0.00243	758.104
900	0.00243	1506.34
910	0.00243	1840.38
920	0.00243	1690.95
930	0.00243	1555.92
940	0.00243	1434.29
950	0.00243	1442.89
960	0.00243	1498.12
970	0.00243	1551.68
980	0.00243	1596.31
990	0.00243	1559.85
1000	0.00243	1812.88
260	0.00172104	1560.67
270	0.00172104	1304.49
280	0.00172104	1212.49
290	0.00172104	1338.19
300	0.00172104	1821.15
310	0.00172104	1176.43
320	0.00172104	2353.24
330	0.00172104	1347.59
340	0.00172104	894.71
350	0.00172104	1851.5
360	0.00172104	1357.29
370	0.00172104	1419.38
380	0.00172104	471.519
390	0.00172104	1795.03
400	0.00172104	1542.66
410	0.00172104	933.268
420	0.00172104	306.642
430	0.00172104	1246.81
440	0.00172104	1073.45
450	0.00172104	1378.55
460	0.00172104	1388.05
470	0.00172104	772.434
480	0.00172104	1744.56
490	0.00172104	786.415
500	0.00172104	351.954
510	0.00172104	2090.71
520	0.00172104	1256.63
530	0.00172104	1691
540	0.00172104	723.248
550	0.00172104	1800.14
560	0.00172104	1388.02
570	0.00172104	1144.54
580	0.00172104	61.4671
590	0.00172104	1243.31
600	0.00172104	1248.65
610	0.00172104	1865.97
620	0.00172104	808.416
630	0.00172104	-290.437
640	0.00172104	643.056
650	0.00172104	1594.89
660	0.00172104	1566.21
670	0.00172104	1231.06
680	0.00172104	1982.1
690	0.00172104	1723.95
700	0.00172104	488.1
710	0.00172104	1295.83
720	0.00172104	1344.16
730	0.00172104	914.144
740	0.00172104	426.97
750	0.00172104	719.128
760	0.00172104	1591.31
770	0.00172104	1471.44
780	0.00172104	1604.41
790	0.00172104	1948.49
800	0.00172104	1184.67
810	0.00172104	1374.31
820	0.00172104	1383.62
830	0.00172104	1412.59
840	0.00172104	643.864
850	0.00172104	1055.19
860	0.00172104	1929.62
870	0.00172104	1685.27
880	0.00172104	187.771
890	0.00172104	1615.86
900	0.00172104	1599.62
910	0.00172104	864.402
920	0.00172104	933.656
930	0.00172104	1015.43
940	0.00172104	1998.12
950	0.00172104	1877.68
960	0.00172104	795.973
970	0.00172104	517.889
980	0.00172104	1769.32
990	0.00172104	1346.67
1000	0.00172104	1451.33
260	0.00118814	1210.83
270	0.00118814	1865.15
280	0.00118814	1603.72
290	0.00118814	-1891.5
300	0.00118814	933.246
310	0.00118814	1327.21
320	0.00118814	1460.96
330	0.00118814	1215.48
340	0.00118814	589.712
350	0.00118814	1091.56
360	0.00118814	189.229
370	0.00118814	-302.454
380	0.00118814	707.53
390	0.00118814	1451.51
400	0.00118814	471.877
410	0.00118814	1746.95
420	0.00118814	1717.15
430	0.00118814	1926.08
440	0.00118814	1512.61
450	0.00118814	1540.35
460	0.00118814	1173.05
470	0.00118814	1178.14
480	0.00118814	1048.97
490	0.00118814	1109.02
500	0.00118814	320.533
510	0.00118814	2028.6
520	0.00118814	1700.65
530	0.00118814	1595.96
540	0.00118814	1232.44
550	0.00118814	898.713
560	0.00118814	1991.07
570	0.00118814	1848.13
580	0.00118814	1337.41
590	0.00118814	513.781
600	0.00118814	1629.25
610	0.00118814	1718.76
620	0.00118814	1464.04
630	0.00118814	608.035
640	0.00118814	1610.06
650	0.00118814	1480.01
660	0.00118814	-2501.41
670	0.00118814	1241.94
680	0.00118814	1847.57
690	0.00118814	893.767
700	0.00118814	1300.87
710	0.00118814	-2699.76
720	0.00118814	1922.67
730	0.00118814	1969.12
740	0.00118814	620.455
750	0.00118814	1482.71
760	0.00118814	1626.4
770	0.00118814	413.024
780	0.00118814	1502.62
790	0.00118814	1086.08
800	0.00118814	1286.59
810	0.00118814	413.716
820	0.00118814	1040.71
830	0.00118814	1665.93
840	0.00118814	1335.85
850	0.00118814	286.377
860	0.00118814	1937.06
870	0.00118814	1907.56
880	0.00118814	1391.63
890	0.00118814	874.408
900	0.00118814	246.425
910	0.00118814	1818.85
920	0.00118814	509.194
930	0.00118814	1624.37
940	0.00118814	303.874
950	0.00118814	960.792
960	0.00118814	-123.158
970	0.00118814	977.136
980	0.00118814	478.222
990	0.00118814	760.33
1000	0.00118814	-369.581
260	0.000796262	247.916
270	0.000796262	1846.4
280	0.000796262	-71.3348
290	0.000796262	84.4384
300	0.000796262	-526.41
310	0.000796262	790.123
320	0.000796262	1423.17
330	0.000796262	1426.19
340	0.000796262	1302.48
350	0.000796262	1737.04
360	0.000796262	1252.87
370	0.000796262	-21.342
380	0.000796262	1112.08
390	0.000796262	-461.445
400	0.000796262	1755.75
410	0.000796262	-875.373
420	0.000796262	1492.39
430	0.000796262	-276.948
440	0.000796262	1499.65
450	0.000796262	-1194.02
460	0.000796262	1048.86
470	0.000796262	67.5405
480	0.000796262	656.411
490	0.000796262	554.969
500	0.000796262	-654.663
510	0.000796262	1683.66
520	0.000796262	-846.367
530	0.000796262	1737.11
540	0.000796262	1896.02
550	0.000796262	1999.57
560	0.000796262	1268.53
570	0.000796262	1611.25
580	0.000796262	559.201
590	0.000796262	1617.16
600	0.000796262	538.883
610	0.000796262	-3648.28
620	0.000796262	1096.13
630	0.000796262	698.692
640	0.000796262	111.371
650	0.000796262	102.614
660	0.000796262	340.843
670	0.000796262	955.719
680	0.000796262	-685.209
690	0.000796262	1722.16
700	0.000796262	1917.35
710	0.000796262	1747.27
720	0.000796262	429.704
730	0.000796262	1174.78
740	0.000796262	1521.98
750	0.000796262	1495.08
760	0.000796262	1068.33
770	0.000796262	1102.71
780	0.000796262	-502.094
790	0.000796262	977.21
800	0.000796262	1644.4
810	0.000796262	-989.965
820	0.000796262	1462.12
830	0.000796262	396.697
840	0.000796262	-538.952
850	0.000796262	181.926
860	0.000796262	-454.665
870	0.000796262	-220.37
880	0.000796262	1763.22
890	0.000796262	1829.29
900	0.000796262	-335.931
910	0.000796262	-303.932
920	0.000796262	1795.72
930	0.000796262	1820.32
940	0.000796262	1351.05
950	0.000796262	-178.967
960	0.000796262	1320.06
970	0.000796262	497.187
980	0.000796262	-233.16
990	0.000796262	780.856
1000	0.000796262	770.13
260	0.000515363	1319.39
270	0.000515363	1473.92
280	0.000515363	1915.62
290	0.000515363	-1828.17
300	0.000515363	-1151.42
310	0.000515363	1442.97
320	0.000515363	-149.776
330	0.000515363	517.952
340	0.000515363	849.073
350	0.000515363	1869.42
360	0.000515363	762.603
370	0.000515363	609.361
380	0.000515363	-466.965
390	0.000515363	-979.523
400	0.000515363	-2815.25
410	0.000515363	1240.4
420	0.000515363	1012.49
430	0.000515363	715.713
440	0.000515363	-285.138
450	0.000515363	1413.07
460	0.000515363	-666.424
470	0.000515363	767.925
480	0.000515363	1399.2
490	0.000515363	760.814
500	0.000515363	-881.918
510	0.000515363	1420.1
520	0.000515363	279.696
530	0.000515363	1341.29
540	0.000515363	2173.19
550	0.000515363	1906.09
560	0.000515363	525.952
570	0.000515363	1611.36
580	0.000515363	-297.221
590	0.000515363	1377.02
600	0.000515363	563.114
610	0.000515363	1559.33
620	0.000515363	1049.66
630	0.000515363	-1879.93
640	0.000515363	-935.501
650	0.000515363	1006.79
660	0.000515363	-3082.84
670	0.000515363	1096.95
680	0.000515363	-908.717
690	0.000515363	1922.14
700	0.000515363	1792.36
710	0.000515363	-798.359
720	0.000515363	-858.559
730	0.000515363	1411.78
740	0.000515363	582.888
750	0.000515363	384.351
760	0.000515363	745.486
770	0.000515363	-853.302
780	0.000515363	1883.48
790	0.000515363	148.657
800	0.000515363	1274.03
810	0.000515363	-83.4233
820	0.000515363	935.552
830	0.000515363	-1485.3
840	0.000515363	1812.8
850	0.000515363	-892.492
860	0.000515363	-370.893
870	0.000515363	-3843.45
880	0.000515363	1264.83
890	0.000515363	549.894
900	0.000515363	183.682
910	0.000515363	-20.0226
920	0.000515363	769.807
930	0.000515363	627.573
940	0.000515363	-321.986
950	0.000515363	-907.409
960	0.000515363	-1345.79
970	0.000515363	1144.39
980	0.000515363	-134.37
990	0.000515363	1227.03
1000	0.000515363	-607.225
260	0.00032	439.509
270	0.00032	-1999.11
280	0.00032	-201.033
290	0.00032	-282.57
300	0.00032	897.631
310	0.00032	1607.5
320	0.00032	1514.5
330	0.00032	-1424.78
340	0.00032	-468.028
350	0.00032	1608.66
360	0.00032	498.899
370	0.00032	1742.3
380	0.00032	1379.86
390	0.00032	-3974.77
400	0.00032	-4104.07
410	0.00032	-218.287
420	0.00032	-2635.94
430	0.00032	-2944.14
440	0.00032	-2710.32
450	0.00032	1175.23
460	0.00032	499.595
470	0.00032	-1519.64
480	0.00032	-373.432
490	0.00032	569.392
500	0.00032	-44.0439
510	0.00032	1333.64
520	0.00032	1395.31
530	0.00032	-507.282
540	0.00032	-765.968
550	0.00032	-749.312
560	0.00032	-2422.6
570	0.00032	289.041
580	0.00032	706.576
590	0.00032	101.635
600	0.00032	698.233
610	0.00032	-1027.22
620	0.00032	-5891.8
630	0.00032	1586.77
640	0.00032	381.587
650	0.00032	-4110.14
660	0.00032	-2248.67
670	0.00032	-872.72
680	0.00032	807.01
690	0.00032	1271.59
700	0.00032	-706.092
710	0.00032	-25.3262
720	0.00032	1365.58
730	0.00032	113.407
740	0.00032	-258.887
750	0.00032	475.583
760	0.00032	991.655
770	0.00032	-648.512
780	0.00032	494.209
790	0.00032	302.463
800	0.00032	-615.018
810	0.00032	-134.775
820	0.00032	198.267
830	0.00032	-3957.72
840	0.00032	-157.441
850	0.00032	425.784
860	0.00032	-207.928
870	0.00032	1444.81
880	0.00032	651.209
890	0.00032	-900.653
900	0.00032	1298.14
910	0.00032	1559.49
920	0.00032	1367.54
930	0.00032	1255.62
940	0.00032	1411.32
950	0.00032	-490.127
960	0.00032	54.0032
970	0.00032	-1818.32
980	0.00032	-2216.96
990	0.00032	1374.92
1000	0.00032	918.433
260	0.000188957	1407.02
270	0.000188957	845.649
280	0.000188957	186.092
290	0.000188957	-859.764
300	0.000188957	-3771.07
310	0.000188957	1222.1
320	0.000188957	-9503.43
330	0.000188957	249.833
340	0.000188957	-3258.17
350	0.000188957	1661.05
360	0.000188957	-2935.28
370	0.000188957	-911.885
380	0.000188957	1848.78
390	0.000188957	-7564.24
400	0.000188957	51.8324
410	0.000188957	-5580.36
420	0.000188957	-1022.76
430	0.000188957	-1196.1
440	0.000188957	-2272.28
450	0.000188957	1606.29
460	0.000188957	-316.594
470	0.000188957	-690.243
480	0.000188957	-5150.41
490	0.000188957	-2401.94
500	0.000188957	-1593.36
510	0.000188957	-2197.01
520	0.000188957	-2757.69
530	0.000188957	1640.53
540	0.000188957	-2642.65
550	0.000188957	-3615.18
560	0.000188957	-7742.94
570	0.000188957	-1231.43
580	0.000188957	-659.802
590	0.000188957	-654.201
600	0.000188957	2078.62
610	0.000188957	899.944
620	0.000188957	-1513.92
630	0.000188957	-1143.28
640	0.000188957	-1554.83
650	0.000188957	1161.95
660	0.000188957	-273.28
670	0.000188957	-757.365
680	0.000188957	-5776.8
690	0.000188957	743.103
700	0.000188957	783.338
710	0.000188957	-459.543
720	0.000188957	40.0791
730	0.000188957	1846.05
740	0.000188957	1422.11
750	0.000188957	1314.46
760	0.000188957	131.375
770	0.000188957	-2107.18
780	0.000188957	1469.59
790	0.000188957	1302.88
800	0.000188957	-3061.98
810	0.000188957	-6989.84
820	0.000188957	-3125.78
830	0.000188957	-10048.3
840	0.000188957	1319.14
850	0.000188957	-56.1944
860	0.000188957	-3247.8
870	0.000188957	-848.684
880	0.000188957	-4389.69
890	0.000188957	-6539.89
900	0.000188957	-4753.34
910	0.000188957	1072.93
920	0.000188957	59.5285
930	0.000188957	1300.46
940	0.000188957	1309.03
950	0.000188957	1400.46
960	0.000188957	-5349.33
970	0.000188957	-2210.86
980	0.000188957	-4421.17
990	0.000188957	1033.15
1000	0.000188957	-2500.99
260	0.000104858	-1870.53
270	0.000104858	-413.501
280	0.000104858	1014.78
290	0.000104858	1168.54
300	0.000104858	1330.82
310	0.000104858	-6134.62
320	0.000104858	-6471.97
330	0.000104858	-1265.08
340	0.000104858	818.075
350	0.000104858	1373.06
360	0.000104858	486.825
370	0.000104858	-1597.17
380	0.000104858	-5433.13
390	0.000104858	-1236.63
400	0.000104858	1445.73
410	0.000104858	-1931.47
420	0.000104858	-13337.3
430	0.000104858	-2413.23
440	0.000104858	-4895.89
450	0.000104858	-6742.74
460	0.000104858	-697.707
470	0.000104858	-3082.18
480	0.000104858	-9906.15
490	0.000104858	-10196.2
500	0.000104858	-3016.23
510	0.000104858	1523.83
520	0.000104858	-1755.79
530	0.000104858	-2901.96
540	0.000104858	1417.84
550	0.000104858	-1603.35
560	0.000104858	-595.824
570	0.000104858	-1583.32
580	0.000104858	-6857
590	0.000104858	-3941.12
600	0.000104858	-4681.32
610	0.000104858	-3116
620	0.000104858	283.079
630	0.000104858	1694.69
640	0.000104858	-373.473
650	0.000104858	422.981
660	0.000104858	-2860.58
670	0.000104858	-5490.49
680	0.000104858	-1065.02
690	0.000104858	-3157.51
700	0.000104858	-7573.41
710	0.000104858	47.789
720	0.000104858	990.168
730	0.000104858	679.716
740	0.000104858	-11332.9
750	0.000104858	-156.131
760	0.000104858	500.279
770	0.000104858	-9230.77
780	0.000104858	-1246.38
790	0.000104858	603.339
800	0.000104858	-1286.65
810	0.000104858	-5846.83
820	0.000104858	100.325
830	0.000104858	-196.887
840	0.000104858	564.939
850	0.000104858	-3589.2
860	0.000104858	1098.03
870	0.000104858	-1121.98
880	0.000104858	-3838.95
890	0.000104858	-3647.74
900	0.000104858	-1741.93
910	0.000104858	-2445.59
920	0.000104858	-1029.57
930	0.000104858	-633.071
940	0.000104858	-1116.96
950	0.000104858	1073.36
960	0.000104858	-1092.6
970	0.000104858	-174.146
980	0.000104858	-1032.02
990	0.000104858	-2073.95
1000	0.000104858	-95.0619
260	5.37824e-05	44.7691
270	5.37824e-05	-122.775
280	5.37824e-05	120.595
290	5.37824e-05	-4954.75
300	5.37824e-05	-1933.51
310	5.37824e-05	1039.56
320	5.37824e-05	-2365.67
330	5.37824e-05	1617.63
340	5.37824e-05	-2002.95
350	5.37824e-05	-3258.68
360	5.37824e-05	543.678
370	5.37824e-05	990.196
380	5.37824e-05	-4061.21
390	5.37824e-05	-1590.52
400	5.37824e-05	-4456.35
410	5.37824e-05	-631.347
420	5.37824e-05	75.2887
430	5.37824e-05	-2608.82
440	5.37824e-05	-3604.33
450	5.37824e-05	-838.098
460	5.37824e-05	-2901.13
470	5.37824e-05	538.989
480	5.37824e-05	-3102.08
490	5.37824e-05	-6597.56
500	5.37824e-05	-5580.96
510	5.37824e-05	-2365.79
520	5.37824e-05	-8949.07
530	5.37824e-05	-7416.84
540	5.37824e-05	-6623.83
550	5.37824e-05	-975.49
560	5.37824e-05	1168.31
570	5.37824e-05	1334.7
580	5.37824e-05	-5289.22
590	5.37824e-05	-3521.56
600	5.37824e-05	-6002.29
610	5.37824e-05	890.165
620	5.37824e-05	-4256.89
630	5.37824e-05	170.88
640	5.37824e-05	529.712
650	5.37824e-05	-4719.23
660	5.37824e-05	875.394
670	5.37824e-05	47.1185
680	5.37824e-05	-2230.5
690	5.37824e-05	-4706.26
700	5.37824e-05	46.1437
710	5.37824e-05	-1620.29
720	5.37824e-05	-5530.08
730	5.37824e-05	-2868.67
740	5.37824e-05	1658.75
750	5.37824e-05	-3350.47
760	5.37824e-05	874.559
770	5.37824e-05	-3052.63
780	5.37824e-05	-10264.9
790	5.37824e-05	-2775.54
800	5.37824e-05	669.316
810	5.37824e-05	-3168.2
820	5.37824e-05	-2259.15
830	5.37824e-05	-2661.94
840	5.37824e-05	-4704.53
850	5.37824e-05	213.848
860	5.37824e-05	-4098.71
870	5.37824e-05	-1884.79
880	5.37824e-05	-4996.16
890	5.37824e-05	-9197.64
900	5.37824e-05	-4933.04
910	5.37824e-05	-5201.3
920	5.37824e-05	-8192.36
930	5.37824e-05	-5322.25
940	5.37824e-05	-4535.44
950	5.37824e-05	-38.4793
960	5.37824e-05	-879.803
970	5.37824e-05	459.135
980	5.37824e-05	-2230.05
990	5.37824e-05	-5922.86
1000	5.37824e-05	11.3944
260	2.48832e-05	-7438.73
270	2.48832e-05	-19413.2
280	2.48832e-05	44.8319
290	2.48832e-05	1667.78
300	2.48832e-05	-2236.32
310	2.48832e-05	-2911.67
320	2.48832e-05	436.89
330	2.48832e-05	-2136.9
340	2.48832e-05	-704.275
350	2.48832e-05	-4045.33
360	2.48832e-05	-6424.78
370	2.48832e-05	-366.739
380	2.48832e-05	1311.02
390	2.48832e-05	-1640.65
400	2.48832e-05	1781.46
410	2.48832e-05	759.793
420	2.48832e-05	701.633
430	2.48832e-05	-2051.31
440	2.48832e-05	-3291.33
450	2.48832e-05	-3823.88
460	2.48832e-05	392.219
470	2.48832e-05	1571.14
480	2.48832e-05	-8543.07
490	2.48832e-05	972.701
500	2.48832e-05	-1429.61
510	2.48832e-05	-9858.07
520	2.48832e-05	-6221.11
530	2.48832e-05	-2041.28
540	2.48832e-05	-9186
550	2.48832e-05	-2395.28
560	2.48832e-05	-3968.56
570	2.48832e-05	-7918.92
580	2.48832e-05	-2480.3
590	2.48832e-05	-2124.03
600	2.48832e-05	-455.563
610	2.48832e-05	1601.27
620	2.48832e-05	-922.897
630	2.48832e-05	-7637.05
640	2.48832e-05	-4890.81
650	2.48832e-05	-1762.83
660	2.48832e-05	-2521.34
670	2.48832e-05	-14.8571
680	2.48832e-05	-3438.3
690	2.48832e-05	-3019.92
700	2.48832e-05	-10886
710	2.48832e-05	-10141.6
720	2.48832e-05	-6138.98
730	2.48832e-05	-1854.88
740	2.48832e-05	1446.12
750	2.48832e-05	73.9194
760	2.48832e-05	-2347
770	2.48832e-05	-2116.82
780	2.48832e-05	-13269.2
790	2.48832e-05	-662.055
800	2.48832e-05	-4289.07
810	2.48832e-05	1039.22
820	2.48832e-05	-5888.49
830	2.48832e-05	942.992
840	2.48832e-05	846.456
850	2.48832e-05	-2036.94
860	2.48832e-05	-748.636
870	2.48832e-05	-2996.39
880	2.48832e-05	980.043
890	2.48832e-05	1233.33
900	2.48832e-05	-639.337
910	2.48832e-05	-11006.5
920	2.48832e-05	1685.25
930	2.48832e-05	635.463
940	2.48832e-05	-4324.04
950	2.48832e-05	-3052.37
960	2.48832e-05	-7282.63
970	2.48832e-05	-1430.96
980	2.48832e-05	-366.996
990	2.48832e-05	962.013
1000	2.48832e-05	81.2914
260	1e-05	445.171
270	1e-05	-5259.45
280	1e-05	865.446
290	1e-05	-9586.9
300	1e-05	1326.96
310	1e-05	634.413
320	1e-05	-4023.93
330	1e-05	-997.628
340	1e-05	1797.14
350	1e-05	-1279.47
360	1e-05	-16153.6
370	1e-05	-1774.97
380	1e-05	1889.21
390	1e-05	-7951.42
400	1e-05	108.614
410	1e-05	511.099
420	1e-05	-338.789
430	1e-05	-5746.7
440	1e-05	-1789.25
450	1e-05	-2958.67
460	1e-05	-1039.68
470	1e-05	-579.139
480	1e-05	819.647
490	1e-05	1697.07
500	1e-05	-3842.95
510	1e-05	-121.02
520	1e-05	-1655.05
530	1e-05	-14113.9
540	1e-05	375.601
550	1e-05	-3178.09
560	1e-05	-2236.11
570	1e-05	-8888.64
580	1e-05	-4425.23
590	1e-05	-4610.17
600	1e-05	-1734.31
610	1e-05	-8480.21
620	1e-05	-4639.93
630	1e-05	-50219.6
640	1e-05	-6785.47
650	1e-05	-4595.5
660	1e-05	-11791.6
670	1e-05	-21904.7
680	1e-05	-6366.03
690	1e-05	-5864.12
700	1e-05	-5254.37
710	1e-05	-6848.78
720	1e-05	1172.18
730	1e-05	-5720.13
740	1e-05	-4354.02
750	1e-05	731.598
760	1e-05	-760.316
770	1e-05	-674.919
780	1e-05	-5561.67
790	1e-05	1667.81
800	1e-05	-300.331
810	1e-05	-7334.98
820	1e-05	1981.06
830	1e-05	-9823.13
840	1e-05	-8744.68
850	1e-05	-4146.02
860	1e-05	700.271
870	1e-05	-5901.96
880	1e-05	757.425
890	1e-05	-385.657
900	1e-05	-4093.28
910	1e-05	494.715
920	1e-05	-6977.87
930	1e-05	-3806.56
940	1e-05	-114.848
950	1e-05	-870.873
960	1e-05	-452.845
970	1e-05	-421.846
980	1e-05	-11643.4
990	1e-05	-2355.92
1000	1e-05	708.872
260	3.2768e-06	-200.384
270	3.2768e-06	-5778.77
280	3.2768e-06	657.509
290	3.2768e-06	1762.66
300	3.2768e-06	-8128.04
310	3.2768e-06	875.584
320	3.2768e-06	-11445
330	3.2768e-06	-9292.86
340	3.2768e-06	-1980.46
350	3.2768e-06	1299.55
360	3.2768e-06	-2750.51
370	3.2768e-06	-255.935
380	3.2768e-06	1192.94
390	3.2768e-06	104.252
400	3.2768e-06	-2045.61
410	3.2768e-06	-8227.39
420	3.2768e-06	-25.8045
430	3.2768e-06	-166304
440	3.2768e-06	-67.8249
450	3.2768e-06	539.834
460	3.2768e-06	1307.73
470	3.2768e-06	-62199
480	3.2768e-06	292.368
490	3.2768e-06	-11197.3
500	3.2768e-06	-2504.33
510	3.2768e-06	-1468.66
520	3.2768e-06	73.7405
530	3.2768e-06	-1327.73
540	3.2768e-06	138.152
550	3.2768e-06	-5844.45
560	3.2768e-06	-5866.01
570	3.2768e-06	-6587.24
580	3.2768e-06	-3669.2
590	3.2768e-06	-4835.88
600	3.2768e-06	-1604.5
610	3.2768e-06	355.623
620	3.2768e-06	-6542.87
630	3.2768e-06	-7417.11
640	3.2768e-06	-5906.93
650	3.2768e-06	-2823.08
660	3.2768e-06	-56.7814
670	3.2768e-06	-914.985
680	3.2768e-06	-1829.49
690	3.2768e-06	-1407.42
700	3.2768e-06	-7220.06
710	3.2768e-06	-1246.86
720	3.2768e-06	-3656.24
730	3.2768e-06	-5714.37
740	3.2768e-06	-15274.4
750	3.2768e-06	-3369.29
760	3.2768e-06	-7840.85
770	3.2768e-06	1667.23
780	3.2768e-06	-3630.23
790	3.2768e-06	-7578.53
800	3.2768e-06	-10655.6
810	3.2768e-06	-4068.21
820	3.2768e-06	-844.338
830	3.2768e-06	808.018
840	3.2768e-06	665.509
850	3.2768e-06	-1710.16
860	3.2768e-06	-59231.7
870	3.2768e-06	-1033.88
880	3.2768e-06	-4145.21
890	3.2768e-06	-4365.92
900	3.2768e-06	990.128
910	3.2768e-06	-2107.84
920	3.2768e-06	-3450.14
930	3.2768e-06	-189697
940	3.2768e-06	92.9169
950	3.2768e-06	-2431.37
960	3.2768e-06	641.168
970	3.2768e-06	-4851.72
980	3.2768e-06	1422.64
990	3.2768e-06	-1358.09
1000	3.2768e-06	-823.158
260	7.776e-07	-2389.55
270	7.776e-07	-1717.38
280	7.776e-07	-2313.21
290	7.776e-07	-2712.5
300	7.776e-07	-3787.58
310	7.776e-07	-1496.79
320	7.776e-07	-8704.77
330	7.776e-07	-1317.61
340	7.776e-07	-452359
350	7.776e-07	-169.487
360	7.776e-07	-1573.55
370	7.776e-07	-3802.61
380	7.776e-07	-633.469
390	7.776e-07	-498.208
400	7.776e-07	-1323.28
410	7.776e-07	-163048
420	7.776e-07	-6951.41
430	7.776e-07	100.556
440	7.776e-07	-7537.53
450	7.776e-07	704.325
460	7.776e-07	-1443.1
470	7.776e-07	-2910.55
480	7.776e-07	168.291
490	7.776e-07	-8480.25
500	7.776e-07	-1633.04
510	7.776e-07	-2284.7
520	7.776e-07	-1020.47
530	7.776e-07	-3849.64
540	7.776e-07	-7810.72
550	7.776e-07	-5104.18
560	7.776e-07	-29484
570	7.776e-07	-4954.1
580	7.776e-07	-1761
590	7.776e-07	976.508
600	7.776e-07	-5280.99
610	7.776e-07	-1638.41
620	7.776e-07	-641.498
630	7.776e-07	-330.025
640	7.776e-07	-2952.44
650	7.776e-07	-2514.02
660	7.776e-07	-5428.93
670	7.776e-07	-5493.87
680	7.776e-07	-7360.21
690	7.776e-07	-1419.74
700	7.776e-07	-3313.14
710	7.776e-07	-1142.3
720	7.776e-07	-2265.47
730	7.776e-07	-10447.8
740	7.776e-07	751.698
750	7.776e-07	-7394.71
760	7.776e-07	-6056.27
770	7.776e-07	-1579.8
780	7.776e-07	1006.7
790	7.776e-07	-1088.48
800	7.776e-07	-2389.61
810	7.776e-07	-1689.77
820	7.776e-07	-74422.1
830	7.776e-07	-26711.8
840	7.776e-07	-343.575
850	7.776e-07	-881951
860	7.776e-07	-2441.63
870	7.776e-07	695.611
880	7.776e-07	-8808.03
890	7.776e-07	-2942.12
900	7.776e-07	-21944.6
910	7.776e-07	-5563.46
920	7.776e-07	-7935.58
930	7.776e-07	-7008.38
940	7.776e-07	-81920.5
950	7.776e-07	-8516.57
960	7.776e-07	1363.9
970	7.776e-07	54.6533
980	7.776e-07	-3213.1
990	7.776e-07	-2922.08
1000	7.776e-07	-5155.66
260	1.024e-07	-387.337
270	1.024e-07	-8214.3
280	1.024e-07	-3.52931e+06
290	1.024e-07	72.1142
300	1.024e-07	-294.52
310	1.024e-07	-5352.4
320	1.024e-07	-13461.2
330	1.024e-07	-470.81
340	1.024e-07	-7222.27
350	1.024e-07	2138.76
360	1.024e-07	1105.92
370	1.024e-07	-1295.74
380	1.024e-07	901.542
390	1.024e-07	-4412.84
400	1.024e-07	609.769
410	1.024e-07	-6814.67
420	1.024e-07	-5062.25
430	1.024e-07	-4659.87
440	1.024e-07	1507.64
450	1.024e-07	1377.92
460	1.024e-07	-106664
470	1.024e-07	-508657
480	1.024e-07	-2087.62
490	1.024e-07	-4598.96
500	1.024e-07	-7028.64
510	1.024e-07	-64271.9
520	1.024e-07	-187.82
530	1.024e-07	-7561.99
540	1.024e-07	-6603.36
550	1.024e-07	-3227.83
560	1.024e-07	-1020.19
570	1.024e-07	-1548.58
580	1.024e-07	-13039.3
590	1.024e-07	-496.084
600	1.024e-07	-3355.99
610	1.024e-07	-1171.42
620	1.024e-07	-2856.36
630	1.024e-07	-6565.01
640	1.024e-07	-4284.44
650	1.024e-07	-8102.32
660	1.024e-07	-5595.45
670	1.024e-07	-2859.35
680	1.024e-07	-120390
690	1.024e-07	-5037.13
700	1.024e-07	-606.7
710	1.024e-07	-7156.76
720	1.024e-07	508.558
730	1.024e-07	222.616
740	1.024e-07	-1764.97
750	1.024e-07	740.034
760	1.024e-07	-223438
770	1.024e-07	-405.866
780	1.024e-07	-383.059
790	1.024e-07	895.394
800	1.024e-07	-6502.23
810	1.024e-07	-4450.61
820	1.024e-07	-6232.6
830	1.024e-07	-737017
840	1.024e-07	-205834
850	1.024e-07	-3420.95
860	1.024e-07	1121.14
870	1.024e-07	-68397.5
880	1.024e-07	-8796.79
890	1.024e-07	-111974
900	1.024e-07	-6578.42
910	1.024e-07	-5648
920	1.024e-07	-4440.79
930	1.024e-07	-857648
940	1.024e-07	895.234
950	1.024e-07	-416.144
960	1.024e-07	-3235.85
970	1.024e-07	-3290.19
980	1.024e-07	1348.01
990	1.024e-07	-96291.1
1000	1.024e-07	1159.37
260	3.2e-09	807.279
270	3.2e-09	-53.1731
280	3.2e-09	1.44578
290	3.2e-09	827.109
300	3.2e-09	-3230.37
310	3.2e-09	1350.08
320	3.2e-09	-652.72
330	3.2e-09	-4450.62
340	3.2e-09	26.3661
350	3.2e-09	-3000.7
360	3.2e-09	-7185.54
370	3.2e-09	243.036
380	3.2e-09	-395.038
390	3.2e-09	-71357.9
400	3.2e-09	-562.739
410	3.2e-09	-8777.7
420	3.2e-09	329.195
430	3.2e-09	-8408.87
440	3.2e-09	434.024
450	3.2e-09	785.268
460	3.2e-09	-11716.7
470	3.2e-09	731.613
480	3.2e-09	-9587.74
490	3.2e-09	-2213.27
500	3.2e-09	-4988.26
510	3.2e-09	-682.462
520	3.2e-09	-5464.44
530	3.2e-09	-1.13663e+06
540	3.2e-09	-775.144
550	3.2e-09	-2.48947
560	3.2e-09	593.615
570	3.2e-09	-1368.24
580	3.2e-09	372.357
590	3.2e-09	-8589.28
600	3.2e-09	-7112.78
610	3.2e-09	-406.046
620	3.2e-09	1008.96
630	3.2e-09	-1896.02
640	3.2e-09	-1875.69
650	3.2e-09	-7302.42
660	3.2e-09	262.747
670	3.2e-09	-1497.94
680	3.2e-09	-7844.49
690	3.2e-09	-23.4862
700	3.2e-09	-4916.52
710	3.2e-09	931.394
720	3.2e-09	-9008.6
730	3.2e-09	-4923.91
740	3.2e-09	-9150.09
750	3.2e-09	-1500.07
760	3.2e-09	-8902.5
770	3.2e-09	-451.873
780	3.2e-09	-196.535
790	3.2e-09	-1509.72
800	3.2e-09	-1346.32
810	3.2e-09	-765.915
820	3.2e-09	698.294
830	3.2e-09	369.199
840	3.2e-09	-2704.95
850	3.2e-09	-267740
860	3.2e-09	-429514
870	3.2e-09	-3910.17
880	3.2e-09	1615.52
890	3.2e-09	388.882
900	3.2e-09	-4691.62
910	3.2e-09	-307.13
920	3.2e-09	-5861.78
930	3.2e-09	-39879.7
940	3.2e-09	-1.72501e+06
950	3.2e-09	-796.211
960	3.2e-09	-11434.7
970	3.2e-09	-7965.09
980	3.2e-09	-2874.6
990	3.2e-09	-5062.95
1000	3.2e-09	-7373.14
260	1.16658e-302	789.584
270	1.16658e-302	454.348
280	1.16658e-302	992.708
290	1.16658e-302	451.987
300	1.16658e-302	-6832.59
310	1.16658e-302	-2243.39
320	1.16658e-302	-234.326
330	1.16658e-302	-2563.44
340	1.16658e-302	-7112.19
350	1.16658e-302	-3539.63
360	1.16658e-302	-1.08386e+06
370	1.16658e-302	-8924.59
380	1.16658e-302	-6032.44
390	1.16658e-302	1308.57
400	1.16658e-302	490.345
410	1.16658e-302	-15163.5
420	1.16658e-302	-2077.77
430	1.16658e-302	-2189.83
440	1.16658e-302	-3049.96
450	1.16658e-302	659.176
460	1.16658e-302	-9989.46
470	1.16658e-302	156.421
480	1.16658e-302	769.754
490	1.16658e-302	-197.121
500	1.16658e-302	-1110.29
510	1.16658e-302	-873.189
520	1.16658e-302	-108.307
530	1.16658e-302	-2771.2
540	1.16658e-302	-560.994
550	1.16658e-302	-358.831
560	1.16658e-302	120.821
570	1.16658e-302	-6691.67
580	1.16658e-302	-1929.11
590	1.16658e-302	-3961.91
600	1.16658e-302	-6029.22
610	1.16658e-302	-1857.32
620	1.16658e-302	-2524.14
630	1.16658e-302	-12581.5
640	1.16658e-302	2055.93
650	1.16658e-302	-5520.93
660	1.16658e-302	1543.38
670	1.16658e-302	-1922.37
680	1.16658e-302	910.493
690	1.16658e-302	1018.89
700	1.16658e-302	-5408.98
710	1.16658e-302	-5390.63
720	1.16658e-302	-1277.45
730	1.16658e-302	-33273.4
740	1.16658e-302	-597.805
750	1.16658e-302	-97608.8
760	1.16658e-302	-1883.83
770	1.16658e-302	23.0338
780	1.16658e-302	-735.47
790	1.16658e-302	-2637.33
800	1.16658e-302	-1051.23
810	1.16658e-302	-510.048
820	1.16658e-302	-2390.49
830	1.16658e-302	-595.363
840	1.16658e-302	-10582
850	1.16658e-302	-2529.2
860	1.16658e-302	-4168.9
870	1.16658e-302	-8764.07
880	1.16658e-302	1647
890	1.16658e-302	-271.638
900	1.16658e-302	1067.95
910	1.16658e-302	-350302
920	1.16658e-302	-8075.27
930	1.16658e-302	-1333.74
940	1.16658e-302	-5423.2
950	1.16658e-302	-9869.2
960	1.16658e-302	-10132.2
970	1.16658e-302	-5501.92
980	1.16658e-302	542.182
990	1.16658e-302	1202.34
1000	1.16658e-302	-12293.2
