state	power	likelihood
260	1	4725.11
270	1	4723.3
280	1	4717.65
290	1	4727.55
300	1	4726.95
310	1	4722.99
320	1	4725.51
330	1	4725.69
340	1	4726.56
350	1	4728.9
360	1	4730.41
370	1	4731.91
380	1	4742.7
390	1	4735.7
400	1	4729.91
410	1	4722.59
420	1	4733.17
430	1	4727.85
440	1	4732.76
450	1	4735.76
460	1	4733.54
470	1	4736.5
480	1	4733.05
490	1	4729.83
500	1	4733.35
510	1	4722.47
520	1	4710.81
530	1	4707.67
540	1	4712.07
550	1	4715.06
560	1	4724.53
570	1	4725.77
580	1	4733.33
590	1	4728.17
600	1	4726.51
610	1	4734.45
620	1	4725.57
630	1	4727.91
640	1	4730.33
650	1	4734.74
660	1	4725.66
670	1	4715.26
680	1	4714.72
690	1	4725.41
700	1	4725.22
710	1	4713.75
720	1	4717.31
730	1	4707.03
740	1	4717.73
750	1	4716.05
760	1	4711.38
770	1	4703.1
780	1	4710.67
790	1	4704.14
800	1	4711.83
810	1	4698.17
820	1	4707.2
830	1	4709.83
840	1	4708.66
850	1	4699.6
860	1	4707.69
870	1	4707.22
880	1	4719.89
890	1	4722.52
900	1	4726.89
910	1	4724.91
920	1	4729.42
930	1	4732.99
940	1	4710.05
950	1	4727.62
960	1	4734.92
970	1	4722.9
980	1	4719.18
990	1	4729.47
1000	1	4730.89
260	0.903921	4694.29
270	0.903921	4694.7
280	0.903921	4711.73
290	0.903921	4701.57
300	0.903921	4705.59
310	0.903921	4706.97
320	0.903921	4715.42
330	0.903921	4712.53
340	0.903921	4708.41
350	0.903921	4711.68
360	0.903921	4697.63
370	0.903921	4699.83
380	0.903921	4692.91
390	0.903921	4696.51
400	0.903921	4703.1
410	0.903921	4705.67
420	0.903921	4703.06
430	0.903921	4703.78
440	0.903921	4696.41
450	0.903921	4694.81
460	0.903921	4687.98
470	0.903921	4690.56
480	0.903921	4699.22
490	0.903921	4689.92
500	0.903921	4686.3
510	0.903921	4672.98
520	0.903921	4677.68
530	0.903921	4678.6
540	0.903921	4676.59
550	0.903921	4676.7
560	0.903921	4660.42
570	0.903921	4666.46
580	0.903921	4677.62
590	0.903921	4681.29
600	0.903921	4687.18
610	0.903921	4681.78
620	0.903921	4677.87
630	0.903921	4686.06
640	0.903921	4693.96
650	0.903921	4697.25
660	0.903921	4703.72
670	0.903921	4695.33
680	0.903921	4693.68
690	0.903921	4700.3
700	0.903921	4707.51
710	0.903921	4692.26
720	0.903921	4697.77
730	0.903921	4708.84
740	0.903921	4688.43
750	0.903921	4704.59
760	0.903921	4709.81
770	0.903921	4702.13
780	0.903921	4696.31
790	0.903921	4704.37
800	0.903921	4714.07
810	0.903921	4710.93
820	0.903921	4706.33
830	0.903921	4714.33
840	0.903921	4704.87
850	0.903921	4706.01
860	0.903921	4709.02
870	0.903921	4712.11
880	0.903921	4714.55
890	0.903921	4717.53
900	0.903921	4718.62
910	0.903921	4712.03
920	0.903921	4713.58
930	0.903921	4726.7
940	0.903921	4737.36
950	0.903921	4736.61
960	0.903921	4727.76
970	0.903921	4719.67
980	0.903921	4720.29
990	0.903921	4716.45
1000	0.903921	4715.07
260	0.815373	4684.62
270	0.815373	4713.09
280	0.815373	4703.17
290	0.815373	4698.32
300	0.815373	4709.95
310	0.815373	4695.02
320	0.815373	4689.17
330	0.815373	4695.96
340	0.815373	4706.73
350	0.815373	4695.26
360	0.815373	4672.71
370	0.815373	4675.13
380	0.815373	4689.34
390	0.815373	4684.57
400	0.815373	4683.43
410	0.815373	4682.79
420	0.815373	4689.71
430	0.815373	4683.63
440	0.815373	4686.31
450	0.815373	4700.03
460	0.815373	4696.44
470	0.815373	4682.01
480	0.815373	4688.2
490	0.815373	4686.87
500	0.815373	4686.22
510	0.815373	4673.32
520	0.815373	4672.22
530	0.815373	4668.74
540	0.815373	4679.8
550	0.815373	4686.49
560	0.815373	4686.01
570	0.815373	4682.88
580	0.815373	4679.93
590	0.815373	4680.77
600	0.815373	4668.98
610	0.815373	4666.65
620	0.815373	4679.6
630	0.815373	4681.45
640	0.815373	4696.67
650	0.815373	4692.14
660	0.815373	4684.65
670	0.815373	4699.45
680	0.815373	4694.93
690	0.815373	4686.61
700	0.815373	4684.81
710	0.815373	4682.5
720	0.815373	4683
730	0.815373	4671.46
740	0.815373	4669.66
750	0.815373	4665.34
760	0.815373	4651.69
770	0.815373	4652.67
780	0.815373	4648.5
790	0.815373	4667.43
800	0.815373	4662.47
810	0.815373	4672.12
820	0.815373	4664.85
830	0.815373	4663.84
840	0.815373	4662.6
850	0.815373	4662.37
860	0.815373	4675.51
870	0.815373	4658.73
880	0.815373	4655.25
890	0.815373	4659.75
900	0.815373	4672.69
910	0.815373	4669.89
920	0.815373	4674.15
930	0.815373	4662.84
940	0.815373	4664.17
950	0.815373	4645.89
960	0.815373	4639.39
970	0.815373	4638.65
980	0.815373	4646.12
990	0.815373	4648.69
1000	0.815373	4655.34
260	0.733904	4636.12
270	0.733904	4630.87
280	0.733904	4625.8
290	0.733904	4628.9
300	0.733904	4625.31
310	0.733904	4644.84
320	0.733904	4637.11
330	0.733904	4637.63
340	0.733904	4632.02
350	0.733904	4631.23
360	0.733904	4635.64
370	0.733904	4640.55
380	0.733904	4648.39
390	0.733904	4653.18
400	0.733904	4663.27
410	0.733904	4665.14
420	0.733904	4668.12
430	0.733904	4664.86
440	0.733904	4670.03
450	0.733904	4685.73
460	0.733904	4697.38
470	0.733904	4689.8
480	0.733904	4688.19
490	0.733904	4691.17
500	0.733904	4665.91
510	0.733904	4664.24
520	0.733904	4667.9
530	0.733904	4663.07
540	0.733904	4672.94
550	0.733904	4639.59
560	0.733904	4667.27
570	0.733904	4673.49
580	0.733904	4659.08
590	0.733904	4661.49
600	0.733904	4666.14
610	0.733904	4664.78
620	0.733904	4655.83
630	0.733904	4659.38
640	0.733904	4661.49
650	0.733904	4652.26
660	0.733904	4642.67
670	0.733904	4652.66
680	0.733904	4632.72
690	0.733904	4632.2
700	0.733904	4643.83
710	0.733904	4650.83
720	0.733904	4636.41
730	0.733904	4627.61
740	0.733904	4633.64
750	0.733904	4642.54
760	0.733904	4660.53
770	0.733904	4652.22
780	0.733904	4644.92
790	0.733904	4644.67
800	0.733904	4646.81
810	0.733904	4651.94
820	0.733904	4642.02
830	0.733904	4655.5
840	0.733904	4655.59
850	0.733904	4640.77
860	0.733904	4652.85
870	0.733904	4660.53
880	0.733904	4657.32
890	0.733904	4653.45
900	0.733904	4631.15
910	0.733904	4621.28
920	0.733904	4626.52
930	0.733904	4623.19
940	0.733904	4627.11
950	0.733904	4632.45
960	0.733904	4638.81
970	0.733904	4634.78
980	0.733904	4631.04
990	0.733904	4639.59
1000	0.733904	4635.91
260	0.659082	4576.74
270	0.659082	4563.24
280	0.659082	4569.75
290	0.659082	4553.28
300	0.659082	4563.08
310	0.659082	4569.18
320	0.659082	4556.89
330	0.659082	4563.41
340	0.659082	4586.68
350	0.659082	4571.47
360	0.659082	4565.6
370	0.659082	4568.98
380	0.659082	4580.7
390	0.659082	4578.13
400	0.659082	4564.92
410	0.659082	4564.49
420	0.659082	4558.2
430	0.659082	4567.33
440	0.659082	4566.2
450	0.659082	4576.97
460	0.659082	4557.57
470	0.659082	4566.67
480	0.659082	4533.83
490	0.659082	4551.5
500	0.659082	4551.79
510	0.659082	4533.43
520	0.659082	4536.87
530	0.659082	4542.37
540	0.659082	4550.25
550	0.659082	4547.1
560	0.659082	4548.63
570	0.659082	4545.12
580	0.659082	4586.28
590	0.659082	4577.64
600	0.659082	4549.67
610	0.659082	4563.52
620	0.659082	4557.48
630	0.659082	4579.03
640	0.659082	4572.82
650	0.659082	4569.46
660	0.659082	4578.38
670	0.659082	4574.04
680	0.659082	4568.89
690	0.659082	4577.13
700	0.659082	4563.23
710	0.659082	4563.27
720	0.659082	4570.16
730	0.659082	4584.33
740	0.659082	4586.54
750	0.659082	4573.56
760	0.659082	4564.11
770	0.659082	4552.47
780	0.659082	4591.57
790	0.659082	4582.56
800	0.659082	4586.07
810	0.659082	4596.13
820	0.659082	4610.64
830	0.659082	4607.42
840	0.659082	4588
850	0.659082	4589.13
860	0.659082	4577.87
870	0.659082	4571.81
880	0.659082	4570.73
890	0.659082	4576.53
900	0.659082	4583.61
910	0.659082	4583.93
920	0.659082	4594.32
930	0.659082	4575.14
940	0.659082	4585.59
950	0.659082	4568.11
960	0.659082	4584.16
970	0.659082	4579.54
980	0.659082	4582.14
990	0.659082	4587.67
1000	0.659082	4594.32
260	0.59049	4569.22
270	0.59049	4548.23
280	0.59049	4559.48
290	0.59049	4524.06
300	0.59049	4545.52
310	0.59049	4550.28
320	0.59049	4552.72
330	0.59049	4559.42
340	0.59049	4559.47
350	0.59049	4547.77
360	0.59049	4550.79
370	0.59049	4549.63
380	0.59049	4549.95
390	0.59049	4555.81
400	0.59049	4561.47
410	0.59049	4569.13
420	0.59049	4568.2
430	0.59049	4570.54
440	0.59049	4569.71
450	0.59049	4567.3
460	0.59049	4566.12
470	0.59049	4578.32
480	0.59049	4591.04
490	0.59049	4576.58
500	0.59049	4583.13
510	0.59049	4581.24
520	0.59049	4573.3
530	0.59049	4580.38
540	0.59049	4561.18
550	0.59049	4549.26
560	0.59049	4549.11
570	0.59049	4571.72
580	0.59049	4566.99
590	0.59049	4553.53
600	0.59049	4543.03
610	0.59049	4544.33
620	0.59049	4547.51
630	0.59049	4548.57
640	0.59049	4562.04
650	0.59049	4547.62
660	0.59049	4561.49
670	0.59049	4555.59
680	0.59049	4558.18
690	0.59049	4570.58
700	0.59049	4576.9
710	0.59049	4597.31
720	0.59049	4582.48
730	0.59049	4575.27
740	0.59049	4572.52
750	0.59049	4567.28
760	0.59049	4577.55
770	0.59049	4555.56
780	0.59049	4547.86
790	0.59049	4544.94
800	0.59049	4525.57
810	0.59049	4516.98
820	0.59049	4530.31
830	0.59049	4533.36
840	0.59049	4536.84
850	0.59049	4539.33
860	0.59049	4541.01
870	0.59049	4547.49
880	0.59049	4551.81
890	0.59049	4550.75
900	0.59049	4542.95
910	0.59049	4535.6
920	0.59049	4535.74
930	0.59049	4537.72
940	0.59049	4545.29
950	0.59049	4560.36
960	0.59049	4562.13
970	0.59049	4577.39
980	0.59049	4546.69
990	0.59049	4566.33
1000	0.59049	4562.53
260	0.527732	4484.43
270	0.527732	4519.44
280	0.527732	4513.99
290	0.527732	4513.48
300	0.527732	4502.14
310	0.527732	4491.62
320	0.527732	4503.05
330	0.527732	4500.4
340	0.527732	4498.29
350	0.527732	4508.61
360	0.527732	4525.25
370	0.527732	4536.81
380	0.527732	4532.94
390	0.527732	4535.12
400	0.527732	4531.64
410	0.527732	4515.91
420	0.527732	4497.78
430	0.527732	4526.55
440	0.527732	4517.08
450	0.527732	4526.72
460	0.527732	4520.91
470	0.527732	4539.25
480	0.527732	4517.65
490	0.527732	4550.16
500	0.527732	4546.22
510	0.527732	4535.91
520	0.527732	4516.68
530	0.527732	4509.86
540	0.527732	4486.94
550	0.527732	4488.87
560	0.527732	4472.93
570	0.527732	4436
580	0.527732	4457.6
590	0.527732	4423.83
600	0.527732	4434.13
610	0.527732	4447.06
620	0.527732	4461.35
630	0.527732	4447.27
640	0.527732	4460.61
650	0.527732	4466.74
660	0.527732	4470.8
670	0.527732	4462.82
680	0.527732	4444.43
690	0.527732	4447.82
700	0.527732	4449.72
710	0.527732	4446.39
720	0.527732	4443.78
730	0.527732	4424.67
740	0.527732	4413.72
750	0.527732	4427.96
760	0.527732	4432.41
770	0.527732	4418.34
780	0.527732	4431.86
790	0.527732	4440.62
800	0.527732	4444.94
810	0.527732	4435.87
820	0.527732	4457.06
830	0.527732	4445.1
840	0.527732	4456.66
850	0.527732	4458.24
860	0.527732	4452.65
870	0.527732	4475.21
880	0.527732	4477.4
890	0.527732	4474.18
900	0.527732	4472.25
910	0.527732	4455.96
920	0.527732	4455.82
930	0.527732	4448.34
940	0.527732	4457.82
950	0.527732	4485.73
960	0.527732	4472.84
970	0.527732	4469.16
980	0.527732	4486.1
990	0.527732	4483.61
1000	0.527732	4471.33
260	0.470427	4416.39
270	0.470427	4439.45
280	0.470427	4450.02
290	0.470427	4466.94
300	0.470427	4448.41
310	0.470427	4439.75
320	0.470427	4465.05
330	0.470427	4456.65
340	0.470427	4443.98
350	0.470427	4436.52
360	0.470427	4443.92
370	0.470427	4435.56
380	0.470427	4432.79
390	0.470427	4428.89
400	0.470427	4431.98
410	0.470427	4425.07
420	0.470427	4417.8
430	0.470427	4425.9
440	0.470427	4402.72
450	0.470427	4411.19
460	0.470427	4426.12
470	0.470427	4427.95
480	0.470427	4414.84
490	0.470427	4412.74
500	0.470427	4394.62
510	0.470427	4386.78
520	0.470427	4407.91
530	0.470427	4411.76
540	0.470427	4410.72
550	0.470427	4406.06
560	0.470427	4406.45
570	0.470427	4425.82
580	0.470427	4403.72
590	0.470427	4419.21
600	0.470427	4417.47
610	0.470427	4446.14
620	0.470427	4431.79
630	0.470427	4426.03
640	0.470427	4446.42
650	0.470427	4440.24
660	0.470427	4431.84
670	0.470427	4431.48
680	0.470427	4425.02
690	0.470427	4392.15
700	0.470427	4393.3
710	0.470427	4387.73
720	0.470427	4396.66
730	0.470427	4398.81
740	0.470427	4378.92
750	0.470427	4378.58
760	0.470427	4354.19
770	0.470427	4349.34
780	0.470427	4356.22
790	0.470427	4350.23
800	0.470427	4362.67
810	0.470427	4365.18
820	0.470427	4357.38
830	0.470427	4335.63
840	0.470427	4366.96
850	0.470427	4348.33
860	0.470427	4348.27
870	0.470427	4345.35
880	0.470427	4359.85
890	0.470427	4346.32
900	0.470427	4361.08
910	0.470427	4353.74
920	0.470427	4340.43
930	0.470427	4352.62
940	0.470427	4387.27
950	0.470427	4398.08
960	0.470427	4420.77
970	0.470427	4409.57
980	0.470427	4407.23
990	0.470427	4420.91
1000	0.470427	4407.23
260	0.418212	4303.04
270	0.418212	4296.06
280	0.418212	4313.9
290	0.418212	4323.52
300	0.418212	4308.26
310	0.418212	4307.44
320	0.418212	4275.38
330	0.418212	4271.37
340	0.418212	4246.85
350	0.418212	4277.95
360	0.418212	4304.37
370	0.418212	4316.31
380	0.418212	4334.01
390	0.418212	4349.97
400	0.418212	4356.55
410	0.418212	4333.39
420	0.418212	4304.76
430	0.418212	4337.97
440	0.418212	4336.84
450	0.418212	4347.55
460	0.418212	4349.49
470	0.418212	4348.68
480	0.418212	4357.21
490	0.418212	4365.92
500	0.418212	4357.9
510	0.418212	4367.74
520	0.418212	4358.84
530	0.418212	4350.38
540	0.418212	4360.67
550	0.418212	4331.2
560	0.418212	4337.69
570	0.418212	4324.84
580	0.418212	4332.51
590	0.418212	4327.49
600	0.418212	4342.64
610	0.418212	4348.68
620	0.418212	4356.31
630	0.418212	4354.42
640	0.418212	4355.83
650	0.418212	4376.05
660	0.418212	4360.57
670	0.418212	4372.02
680	0.418212	4350.99
690	0.418212	4363.34
700	0.418212	4375.46
710	0.418212	4368.08
720	0.418212	4372.86
730	0.418212	4342.58
740	0.418212	4358.73
750	0.418212	4380.98
760	0.418212	4362.18
770	0.418212	4403.69
780	0.418212	4384.2
790	0.418212	4361.7
800	0.418212	4363.2
810	0.418212	4358.7
820	0.418212	4359.16
830	0.418212	4359.09
840	0.418212	4330.71
850	0.418212	4326.18
860	0.418212	4344.7
870	0.418212	4323.87
880	0.418212	4306.76
890	0.418212	4311.77
900	0.418212	4310.63
910	0.418212	4315.43
920	0.418212	4343.07
930	0.418212	4306.06
940	0.418212	4325.32
950	0.418212	4325.87
960	0.418212	4284.62
970	0.418212	4300.79
980	0.418212	4303.98
990	0.418212	4322.58
1000	0.418212	4281.99
260	0.37074	4196.09
270	0.37074	4193.85
280	0.37074	4193.13
290	0.37074	4210.03
300	0.37074	4200.78
310	0.37074	4204.48
320	0.37074	4192.22
330	0.37074	4196.22
340	0.37074	4172.69
350	0.37074	4157.71
360	0.37074	4186.4
370	0.37074	4228.33
380	0.37074	4228.79
390	0.37074	4212.35
400	0.37074	4202.9
410	0.37074	4215.06
420	0.37074	4212.04
430	0.37074	4227.42
440	0.37074	4216.33
450	0.37074	4242.51
460	0.37074	4246.03
470	0.37074	4254.95
480	0.37074	4259.15
490	0.37074	4243.82
500	0.37074	4260.33
510	0.37074	4255.49
520	0.37074	4256.87
530	0.37074	4262.29
540	0.37074	4260.92
550	0.37074	4249.18
560	0.37074	4260.11
570	0.37074	4262.42
580	0.37074	4242.89
590	0.37074	4252.77
600	0.37074	4234.38
610	0.37074	4219.75
620	0.37074	4235.13
630	0.37074	4234.04
640	0.37074	4224.38
650	0.37074	4228.31
660	0.37074	4212.45
670	0.37074	4215.94
680	0.37074	4227.19
690	0.37074	4245.43
700	0.37074	4246.08
710	0.37074	4277.06
720	0.37074	4253.83
730	0.37074	4261.14
740	0.37074	4255.63
750	0.37074	4270.12
760	0.37074	4261.72
770	0.37074	4247.63
780	0.37074	4266.46
790	0.37074	4283.51
800	0.37074	4300.72
810	0.37074	4279.95
820	0.37074	4303.69
830	0.37074	4296.97
840	0.37074	4297.79
850	0.37074	4313.09
860	0.37074	4309.64
870	0.37074	4300.69
880	0.37074	4296.75
890	0.37074	4317.83
900	0.37074	4334.47
910	0.37074	4330.55
920	0.37074	4317.23
930	0.37074	4301.82
940	0.37074	4293.97
950	0.37074	4286
960	0.37074	4294.32
970	0.37074	4323.36
980	0.37074	4313.58
990	0.37074	4308.62
1000	0.37074	4287.43
260	0.32768	4173.95
270	0.32768	4189.01
280	0.32768	4189.37
290	0.32768	4225.87
300	0.32768	4192.68
310	0.32768	4170.18
320	0.32768	4156.32
330	0.32768	4178.35
340	0.32768	4186.34
350	0.32768	4198.14
360	0.32768	4198.62
370	0.32768	4183.02
380	0.32768	4171.98
390	0.32768	4149.32
400	0.32768	4153.09
410	0.32768	4123.29
420	0.32768	4139.51
430	0.32768	4154.04
440	0.32768	4141.78
450	0.32768	4133.85
460	0.32768	4122.84
470	0.32768	4116.24
480	0.32768	4090.61
490	0.32768	4096.58
500	0.32768	4112.19
510	0.32768	4125.16
520	0.32768	4151.74
530	0.32768	4217.8
540	0.32768	4200.03
550	0.32768	4191.94
560	0.32768	4188.8
570	0.32768	4185.05
580	0.32768	4207.2
590	0.32768	4177.76
600	0.32768	4194.33
610	0.32768	4163.12
620	0.32768	4155.88
630	0.32768	4142.7
640	0.32768	4188.14
650	0.32768	4202.38
660	0.32768	4168.69
670	0.32768	4181.04
680	0.32768	4204.71
690	0.32768	4212.69
700	0.32768	4184.57
710	0.32768	4174.92
720	0.32768	4167.93
730	0.32768	4234.43
740	0.32768	4221.05
750	0.32768	4201.96
760	0.32768	4175.09
770	0.32768	4199.78
780	0.32768	4212.33
790	0.32768	4238.62
800	0.32768	4223.06
810	0.32768	4225.56
820	0.32768	4216.77
830	0.32768	4248.39
840	0.32768	4207.44
850	0.32768	4221.26
860	0.32768	4212.46
870	0.32768	4182.2
880	0.32768	4178.18
890	0.32768	4171.88
900	0.32768	4189.21
910	0.32768	4204.43
920	0.32768	4181.26
930	0.32768	4198.77
940	0.32768	4188.35
950	0.32768	4198.58
960	0.32768	4195.76
970	0.32768	4226.2
980	0.32768	4229.82
990	0.32768	4210.91
1000	0.32768	4227.97
260	0.288717	4142.48
270	0.288717	4102.34
280	0.288717	4088.45
290	0.288717	4075.69
300	0.288717	4093.28
310	0.288717	4060.98
320	0.288717	4061.08
330	0.288717	4016.97
340	0.288717	4046.13
350	0.288717	4041.9
360	0.288717	4040.55
370	0.288717	4041.57
380	0.288717	4026.04
390	0.288717	4006.64
400	0.288717	3995.58
410	0.288717	3984.75
420	0.288717	4028.53
430	0.288717	4064.47
440	0.288717	4057.32
450	0.288717	4065.63
460	0.288717	4046.97
470	0.288717	4026.61
480	0.288717	4019.55
490	0.288717	4016.33
500	0.288717	4019.75
510	0.288717	4014.78
520	0.288717	3998.04
530	0.288717	3942.58
540	0.288717	3942.79
550	0.288717	3912.96
560	0.288717	3970.19
570	0.288717	3982.37
580	0.288717	3955.96
590	0.288717	4001.3
600	0.288717	3982.41
610	0.288717	4016.82
620	0.288717	4004.72
630	0.288717	4030.98
640	0.288717	4015.29
650	0.288717	3975.73
660	0.288717	3974.04
670	0.288717	3978.78
680	0.288717	3962.84
690	0.288717	3937.77
700	0.288717	3929.04
710	0.288717	3940.83
720	0.288717	3949.38
730	0.288717	3949.91
740	0.288717	3919.71
750	0.288717	3934.67
760	0.288717	3970.21
770	0.288717	3950.41
780	0.288717	3946.85
790	0.288717	3960.36
800	0.288717	3959.12
810	0.288717	3998.02
820	0.288717	3977.25
830	0.288717	3988.23
840	0.288717	3998.57
850	0.288717	3992.26
860	0.288717	4018.01
870	0.288717	4043.52
880	0.288717	4025.66
890	0.288717	4049.29
900	0.288717	4079.05
910	0.288717	4079.5
920	0.288717	4065.67
930	0.288717	4071.11
940	0.288717	4039.24
950	0.288717	4053.61
960	0.288717	4052.08
970	0.288717	4085.57
980	0.288717	4100.53
990	0.288717	4088.44
1000	0.288717	4101.93
260	0.253553	4055.14
270	0.253553	4069.99
280	0.253553	4059.28
290	0.253553	4070.41
300	0.253553	4074.82
310	0.253553	4082.52
320	0.253553	4048.26
330	0.253553	4000.4
340	0.253553	4001.1
350	0.253553	4003.45
360	0.253553	4028.64
370	0.253553	4044.37
380	0.253553	4060.72
390	0.253553	4079.71
400	0.253553	4067.91
410	0.253553	4075.82
420	0.253553	4067.65
430	0.253553	4080.74
440	0.253553	4056.19
450	0.253553	4010.54
460	0.253553	4018.68
470	0.253553	4034.33
480	0.253553	4003.54
490	0.253553	3981.76
500	0.253553	4009.86
510	0.253553	3994.65
520	0.253553	3994.37
530	0.253553	3937.48
540	0.253553	3965.99
550	0.253553	3954.74
560	0.253553	3969.74
570	0.253553	3990.11
580	0.253553	3942.36
590	0.253553	3942.79
600	0.253553	3946.58
610	0.253553	3964.52
620	0.253553	3963.93
630	0.253553	3937.82
640	0.253553	3972.01
650	0.253553	4041.69
660	0.253553	4003.06
670	0.253553	3945.34
680	0.253553	3963.45
690	0.253553	3987.58
700	0.253553	3960.88
710	0.253553	3970.55
720	0.253553	3983.06
730	0.253553	3946.01
740	0.253553	3960.24
750	0.253553	3920.46
760	0.253553	3941.33
770	0.253553	3960.79
780	0.253553	3990.73
790	0.253553	3988.42
800	0.253553	3953.41
810	0.253553	3979.84
820	0.253553	3990.36
830	0.253553	4015.23
840	0.253553	3983.24
850	0.253553	3996.58
860	0.253553	3993.83
870	0.253553	4025.95
880	0.253553	4020.02
890	0.253553	4036.93
900	0.253553	4017.02
910	0.253553	3997.49
920	0.253553	3983.82
930	0.253553	3947.45
940	0.253553	3982.87
950	0.253553	3969.48
960	0.253553	3953.25
970	0.253553	3941.1
980	0.253553	3976.86
990	0.253553	3985.42
1000	0.253553	3984.56
260	0.221901	3809.92
270	0.221901	3808.39
280	0.221901	3839.29
290	0.221901	3807.34
300	0.221901	3785.79
310	0.221901	3789.05
320	0.221901	3776.72
330	0.221901	3764.78
340	0.221901	3803.99
350	0.221901	3821.3
360	0.221901	3762.16
370	0.221901	3772.81
380	0.221901	3789.08
390	0.221901	3770.53
400	0.221901	3803.95
410	0.221901	3838.23
420	0.221901	3878.04
430	0.221901	3850.58
440	0.221901	3850.53
450	0.221901	3868.32
460	0.221901	3899.3
470	0.221901	3884.1
480	0.221901	3905.19
490	0.221901	3901.9
500	0.221901	3888.8
510	0.221901	3897.18
520	0.221901	3890.86
530	0.221901	3862.08
540	0.221901	3890.68
550	0.221901	3858.12
560	0.221901	3843.74
570	0.221901	3813.83
580	0.221901	3795.48
590	0.221901	3815.3
600	0.221901	3839.71
610	0.221901	3830.34
620	0.221901	3815.35
630	0.221901	3843.64
640	0.221901	3874.08
650	0.221901	3859.43
660	0.221901	3859.72
670	0.221901	3858.87
680	0.221901	3853.8
690	0.221901	3842.71
700	0.221901	3851.95
710	0.221901	3872.94
720	0.221901	3853.95
730	0.221901	3861.98
740	0.221901	3847.68
750	0.221901	3875
760	0.221901	3877.26
770	0.221901	3897.93
780	0.221901	3885.41
790	0.221901	3848.05
800	0.221901	3867.67
810	0.221901	3868.32
820	0.221901	3873.18
830	0.221901	3874.24
840	0.221901	3906.89
850	0.221901	3909.7
860	0.221901	3856.03
870	0.221901	3892.79
880	0.221901	3879.64
890	0.221901	3855.01
900	0.221901	3890.77
910	0.221901	3858.41
920	0.221901	3869.38
930	0.221901	3874.46
940	0.221901	3915.3
950	0.221901	3875.43
960	0.221901	3849.34
970	0.221901	3834.46
980	0.221901	3912.36
990	0.221901	3920.26
1000	0.221901	3835.96
260	0.193492	3667.51
270	0.193492	3694.44
280	0.193492	3671.85
290	0.193492	3651.89
300	0.193492	3666.39
310	0.193492	3717.65
320	0.193492	3727.39
330	0.193492	3731.68
340	0.193492	3692.33
350	0.193492	3682.42
360	0.193492	3704.43
370	0.193492	3697.74
380	0.193492	3750.93
390	0.193492	3794.63
400	0.193492	3726.82
410	0.193492	3726.74
420	0.193492	3734.43
430	0.193492	3725.83
440	0.193492	3714.58
450	0.193492	3684.5
460	0.193492	3642.55
470	0.193492	3697.37
480	0.193492	3666.92
490	0.193492	3655.02
500	0.193492	3619.22
510	0.193492	3661.27
520	0.193492	3688.88
530	0.193492	3722.9
540	0.193492	3713.3
550	0.193492	3666.09
560	0.193492	3667.63
570	0.193492	3651.99
580	0.193492	3698.03
590	0.193492	3686.52
600	0.193492	3686.52
610	0.193492	3686.29
620	0.193492	3728.16
630	0.193492	3719.57
640	0.193492	3677.08
650	0.193492	3689.09
660	0.193492	3699.11
670	0.193492	3664
680	0.193492	3658.23
690	0.193492	3655.06
700	0.193492	3634.3
710	0.193492	3737.58
720	0.193492	3697.6
730	0.193492	3667.09
740	0.193492	3676.34
750	0.193492	3737.37
760	0.193492	3703.91
770	0.193492	3719.27
780	0.193492	3682.2
790	0.193492	3711.33
800	0.193492	3708.93
810	0.193492	3740.64
820	0.193492	3711.77
830	0.193492	3796.15
840	0.193492	3764.93
850	0.193492	3786.27
860	0.193492	3837.04
870	0.193492	3773.78
880	0.193492	3851.71
890	0.193492	3793.93
900	0.193492	3767.74
910	0.193492	3781.14
920	0.193492	3761.69
930	0.193492	3781.12
940	0.193492	3743.6
950	0.193492	3808.9
960	0.193492	3798.52
970	0.193492	3752.23
980	0.193492	3767.12
990	0.193492	3761.29
1000	0.193492	3761.63
260	0.16807	3614.51
270	0.16807	3647.66
280	0.16807	3620.87
290	0.16807	3622.55
300	0.16807	3622.31
310	0.16807	3594.19
320	0.16807	3547.11
330	0.16807	3548.95
340	0.16807	3549.26
350	0.16807	3554.19
360	0.16807	3534.31
370	0.16807	3581.61
380	0.16807	3616.18
390	0.16807	3609.87
400	0.16807	3614.31
410	0.16807	3597.82
420	0.16807	3616.42
430	0.16807	3569.05
440	0.16807	3563.31
450	0.16807	3610.18
460	0.16807	3579.69
470	0.16807	3644.2
480	0.16807	3650.16
490	0.16807	3659.71
500	0.16807	3587.57
510	0.16807	3601.92
520	0.16807	3563.13
530	0.16807	3547.87
540	0.16807	3572.59
550	0.16807	3603.98
560	0.16807	3624.09
570	0.16807	3619.37
580	0.16807	3592.24
590	0.16807	3583.54
600	0.16807	3586
610	0.16807	3569.7
620	0.16807	3556.59
630	0.16807	3573.87
640	0.16807	3579.21
650	0.16807	3584.35
660	0.16807	3583.16
670	0.16807	3604.16
680	0.16807	3550.43
690	0.16807	3559.47
700	0.16807	3537.63
710	0.16807	3550.29
720	0.16807	3618.82
730	0.16807	3649.39
740	0.16807	3628.89
750	0.16807	3618.47
760	0.16807	3655.2
770	0.16807	3603.12
780	0.16807	3600.51
790	0.16807	3612.25
800	0.16807	3617.26
810	0.16807	3600.35
820	0.16807	3574.39
830	0.16807	3590.83
840	0.16807	3597.18
850	0.16807	3564.77
860	0.16807	3574.47
870	0.16807	3585.78
880	0.16807	3615.39
890	0.16807	3613
900	0.16807	3621.09
910	0.16807	3674.61
920	0.16807	3637.7
930	0.16807	3616.77
940	0.16807	3657.21
950	0.16807	3695.87
960	0.16807	3650.95
970	0.16807	3638.23
980	0.16807	3613.93
990	0.16807	3660.13
1000	0.16807	3638.18
260	0.145393	3528.47
270	0.145393	3485.95
280	0.145393	3500.93
290	0.145393	3512.74
300	0.145393	3424.15
310	0.145393	3459.56
320	0.145393	3383.1
330	0.145393	3389.02
340	0.145393	3494.83
350	0.145393	3438.69
360	0.145393	3373.28
370	0.145393	3340.18
380	0.145393	3420.48
390	0.145393	3416.95
400	0.145393	3418.09
410	0.145393	3461.83
420	0.145393	3473.44
430	0.145393	3437.25
440	0.145393	3442.66
450	0.145393	3437.35
460	0.145393	3440.03
470	0.145393	3440.35
480	0.145393	3489.85
490	0.145393	3534.01
500	0.145393	3506.18
510	0.145393	3471.76
520	0.145393	3474.64
530	0.145393	3511.54
540	0.145393	3533.79
550	0.145393	3550.61
560	0.145393	3438.02
570	0.145393	3411.3
580	0.145393	3387.72
590	0.145393	3417.23
600	0.145393	3385.17
610	0.145393	3439.41
620	0.145393	3459.94
630	0.145393	3480.06
640	0.145393	3493.26
650	0.145393	3497.31
660	0.145393	3491.56
670	0.145393	3470.63
680	0.145393	3513.7
690	0.145393	3558.82
700	0.145393	3512.5
710	0.145393	3600
720	0.145393	3610.16
730	0.145393	3564.3
740	0.145393	3563.24
750	0.145393	3532.57
760	0.145393	3525.01
770	0.145393	3540.06
780	0.145393	3529.9
790	0.145393	3556.82
800	0.145393	3553.67
810	0.145393	3555.25
820	0.145393	3494.69
830	0.145393	3430.15
840	0.145393	3436.2
850	0.145393	3478.26
860	0.145393	3430.09
870	0.145393	3466.74
880	0.145393	3491.68
890	0.145393	3548.29
900	0.145393	3547.31
910	0.145393	3650.56
920	0.145393	3636.3
930	0.145393	3643.8
940	0.145393	3639.33
950	0.145393	3577.1
960	0.145393	3563.67
970	0.145393	3588.57
980	0.145393	3577.66
990	0.145393	3554.91
1000	0.145393	3596.87
260	0.125233	3260.85
270	0.125233	3273.31
280	0.125233	3288.42
290	0.125233	3265.16
300	0.125233	3271.49
310	0.125233	3243.5
320	0.125233	3217.73
330	0.125233	3220.23
340	0.125233	3247.08
350	0.125233	3240.56
360	0.125233	3238.5
370	0.125233	3300.2
380	0.125233	3314.98
390	0.125233	3300.17
400	0.125233	3285.24
410	0.125233	3261.52
420	0.125233	3221.74
430	0.125233	3202.39
440	0.125233	3192.85
450	0.125233	3236.9
460	0.125233	3239.93
470	0.125233	3275.7
480	0.125233	3297.43
490	0.125233	3283.83
500	0.125233	3264.56
510	0.125233	3257.46
520	0.125233	3247.14
530	0.125233	3173.85
540	0.125233	3127.1
550	0.125233	3219.13
560	0.125233	3212.6
570	0.125233	3216.75
580	0.125233	3256.61
590	0.125233	3231.85
600	0.125233	3285.1
610	0.125233	3225.83
620	0.125233	3192.02
630	0.125233	3160.27
640	0.125233	3230.65
650	0.125233	3228.84
660	0.125233	3181.21
670	0.125233	3202.85
680	0.125233	3223.36
690	0.125233	3245.73
700	0.125233	3246.87
710	0.125233	3152.56
720	0.125233	3110.85
730	0.125233	3167.11
740	0.125233	3107.24
750	0.125233	3151.31
760	0.125233	3178.71
770	0.125233	3174.6
780	0.125233	3164.53
790	0.125233	3129.41
800	0.125233	3121.36
810	0.125233	3124.1
820	0.125233	3175.04
830	0.125233	3193.14
840	0.125233	3143.87
850	0.125233	3075.91
860	0.125233	3106.22
870	0.125233	3093.19
880	0.125233	3128.18
890	0.125233	3137.63
900	0.125233	3168.39
910	0.125233	3088.22
920	0.125233	3059.72
930	0.125233	3057.47
940	0.125233	2979.48
950	0.125233	2962.07
960	0.125233	2983.39
970	0.125233	3059.05
980	0.125233	3033.38
990	0.125233	3132.22
1000	0.125233	3137.23
260	0.107374	2853.89
270	0.107374	2818.32
280	0.107374	2864.86
290	0.107374	2876.98
300	0.107374	2900.33
310	0.107374	2956.69
320	0.107374	2927.28
330	0.107374	2878.79
340	0.107374	2815.37
350	0.107374	2885.51
360	0.107374	2926.34
370	0.107374	2840.68
380	0.107374	2864.81
390	0.107374	2883.66
400	0.107374	2943.76
410	0.107374	2885.64
420	0.107374	2888.33
430	0.107374	2872.86
440	0.107374	2930.7
450	0.107374	2801.16
460	0.107374	2840.07
470	0.107374	2865.36
480	0.107374	2893.2
490	0.107374	2885.13
500	0.107374	2907.75
510	0.107374	2958.75
520	0.107374	2794.09
530	0.107374	2754.32
540	0.107374	2911.66
550	0.107374	2932.18
560	0.107374	2904.94
570	0.107374	2899.11
580	0.107374	2959.57
590	0.107374	2931.5
600	0.107374	2959.26
610	0.107374	3008.99
620	0.107374	2934.96
630	0.107374	2905.53
640	0.107374	2956.48
650	0.107374	2938.97
660	0.107374	2963.79
670	0.107374	2950.4
680	0.107374	2933.74
690	0.107374	2923.96
700	0.107374	2910.63
710	0.107374	2909.75
720	0.107374	2776.28
730	0.107374	2859.6
740	0.107374	2878.88
750	0.107374	2908.68
760	0.107374	2923.66
770	0.107374	2883.9
780	0.107374	2875.88
790	0.107374	2912.14
800	0.107374	2917.51
810	0.107374	2912.09
820	0.107374	2947.41
830	0.107374	2933.17
840	0.107374	2979.37
850	0.107374	2936.3
860	0.107374	2901.65
870	0.107374	2908.38
880	0.107374	2871.25
890	0.107374	2882.37
900	0.107374	2898.41
910	0.107374	2895.7
920	0.107374	2963.94
930	0.107374	2927.09
940	0.107374	2990.78
950	0.107374	2959.55
960	0.107374	2981.71
970	0.107374	2970.7
980	0.107374	2966.73
990	0.107374	2919.3
1000	0.107374	3042.66
260	0.0916133	2794.78
270	0.0916133	2826.96
280	0.0916133	2826.93
290	0.0916133	2856.08
300	0.0916133	2834.93
310	0.0916133	2803.66
320	0.0916133	2859.51
330	0.0916133	2900.37
340	0.0916133	2928.53
350	0.0916133	3010.54
360	0.0916133	2984.12
370	0.0916133	2952.26
380	0.0916133	2962.43
390	0.0916133	2924.02
400	0.0916133	2966.15
410	0.0916133	2987.52
420	0.0916133	2906
430	0.0916133	2933.38
440	0.0916133	2852.43
450	0.0916133	2930.5
460	0.0916133	2964.54
470	0.0916133	2943.23
480	0.0916133	2935.78
490	0.0916133	2899.97
500	0.0916133	2905.57
510	0.0916133	2932.45
520	0.0916133	2982.18
530	0.0916133	2939.33
540	0.0916133	3057.99
550	0.0916133	2970.47
560	0.0916133	3021.92
570	0.0916133	2896.64
580	0.0916133	2868.15
590	0.0916133	2976.18
600	0.0916133	2846.1
610	0.0916133	2867.07
620	0.0916133	2879.31
630	0.0916133	2859.88
640	0.0916133	2850.39
650	0.0916133	2879.8
660	0.0916133	2786.77
670	0.0916133	2868.58
680	0.0916133	2923.03
690	0.0916133	2946.15
700	0.0916133	3019.88
710	0.0916133	2897.96
720	0.0916133	2853.83
730	0.0916133	2955.94
740	0.0916133	2911.81
750	0.0916133	2972.83
760	0.0916133	3003.6
770	0.0916133	2976.5
780	0.0916133	2968.39
790	0.0916133	3034.49
800	0.0916133	3039.5
810	0.0916133	3028.89
820	0.0916133	3056.12
830	0.0916133	2998.9
840	0.0916133	2987.15
850	0.0916133	3109.34
860	0.0916133	3116.55
870	0.0916133	3076.81
880	0.0916133	3037.51
890	0.0916133	3035.79
900	0.0916133	3007.24
910	0.0916133	3078.57
920	0.0916133	2945.16
930	0.0916133	2899.76
940	0.0916133	2918.45
950	0.0916133	2984.88
960	0.0916133	3006.58
970	0.0916133	2997.88
980	0.0916133	2997.95
990	0.0916133	2974.6
1000	0.0916133	3025.77
260	0.07776	2778.12
270	0.07776	2838.68
280	0.07776	2791.34
290	0.07776	2867.93
300	0.07776	2817.54
310	0.07776	2738.8
320	0.07776	2752.95
330	0.07776	2741.07
340	0.07776	2702.02
350	0.07776	2701.53
360	0.07776	2677.79
370	0.07776	2785.58
380	0.07776	2784.72
390	0.07776	2784.4
400	0.07776	2750.31
410	0.07776	2719.72
420	0.07776	2738
430	0.07776	2737.66
440	0.07776	2707.9
450	0.07776	2705.87
460	0.07776	2764.88
470	0.07776	2774.78
480	0.07776	2810.88
490	0.07776	2836.25
500	0.07776	2849.59
510	0.07776	2826.52
520	0.07776	2890.54
530	0.07776	2857.66
540	0.07776	2809.02
550	0.07776	2852.65
560	0.07776	2841.74
570	0.07776	2725.35
580	0.07776	2670.97
590	0.07776	2741.19
600	0.07776	2846.42
610	0.07776	2775.27
620	0.07776	2785.71
630	0.07776	2785.01
640	0.07776	2733.85
650	0.07776	2715.98
660	0.07776	2712.43
670	0.07776	2643.13
680	0.07776	2648.14
690	0.07776	2677.54
700	0.07776	2742.2
710	0.07776	2735.65
720	0.07776	2675.69
730	0.07776	2627.43
740	0.07776	2587.74
750	0.07776	2663.37
760	0.07776	2733.66
770	0.07776	2651.6
780	0.07776	2701.11
790	0.07776	2608.77
800	0.07776	2638.08
810	0.07776	2755
820	0.07776	2711.7
830	0.07776	2725.76
840	0.07776	2691.94
850	0.07776	2601.8
860	0.07776	2676.77
870	0.07776	2685.21
880	0.07776	2618.44
890	0.07776	2583.89
900	0.07776	2638.47
910	0.07776	2605.47
920	0.07776	2713.08
930	0.07776	2613.18
940	0.07776	2695.75
950	0.07776	2807.48
960	0.07776	2906.53
970	0.07776	2875.63
980	0.07776	2779.2
990	0.07776	2750.03
1000	0.07776	2786.01
260	0.0656357	2613.37
270	0.0656357	2676.33
280	0.0656357	2614.57
290	0.0656357	2695.02
300	0.0656357	2687.83
310	0.0656357	2869.07
320	0.0656357	2811.72
330	0.0656357	2660.95
340	0.0656357	2592.61
350	0.0656357	2706.62
360	0.0656357	2640.35
370	0.0656357	2631.43
380	0.0656357	2689.52
390	0.0656357	2564.29
400	0.0656357	2576.88
410	0.0656357	2728.04
420	0.0656357	2724.12
430	0.0656357	2772.56
440	0.0656357	2685.14
450	0.0656357	2664.24
460	0.0656357	2657.1
470	0.0656357	2653.85
480	0.0656357	2710.97
490	0.0656357	2696.95
500	0.0656357	2640.49
510	0.0656357	2634.37
520	0.0656357	2610.14
530	0.0656357	2587.02
540	0.0656357	2552.05
550	0.0656357	2490.79
560	0.0656357	2522.38
570	0.0656357	2457.33
580	0.0656357	2564.5
590	0.0656357	2613.83
600	0.0656357	2620.02
610	0.0656357	2627.18
620	0.0656357	2760.93
630	0.0656357	2715.19
640	0.0656357	2733.39
650	0.0656357	2675.78
660	0.0656357	2618.26
670	0.0656357	2597.49
680	0.0656357	2638.95
690	0.0656357	2679.02
700	0.0656357	2687.25
710	0.0656357	2697.96
720	0.0656357	2633.9
730	0.0656357	2707.02
740	0.0656357	2631.5
750	0.0656357	2634.41
760	0.0656357	2640.21
770	0.0656357	2562.41
780	0.0656357	2744.75
790	0.0656357	2687.63
800	0.0656357	2691.14
810	0.0656357	2573.33
820	0.0656357	2661.18
830	0.0656357	2596.07
840	0.0656357	2569.01
850	0.0656357	2522.96
860	0.0656357	2533.01
870	0.0656357	2467.16
880	0.0656357	2608.32
890	0.0656357	2562.15
900	0.0656357	2625.67
910	0.0656357	2667.1
920	0.0656357	2647.34
930	0.0656357	2689.24
940	0.0656357	2655.52
950	0.0656357	2688.57
960	0.0656357	2650.3
970	0.0656357	2540.3
980	0.0656357	2464.53
990	0.0656357	2541.51
1000	0.0656357	2603.67
260	0.0550732	2688.91
270	0.0550732	2572.79
280	0.0550732	2590.38
290	0.0550732	2582.9
300	0.0550732	2486.42
310	0.0550732	2616.54
320	0.0550732	2424.17
330	0.0550732	2330.92
340	0.0550732	2462.7
350	0.0550732	2412.16
360	0.0550732	2466.55
370	0.0550732	2518.2
380	0.0550732	2656.53
390	0.0550732	2616.63
400	0.0550732	2541.23
410	0.0550732	2633.05
420	0.0550732	2562.48
430	0.0550732	2593.62
440	0.0550732	2598.73
450	0.0550732	2553.19
460	0.0550732	2458.66
470	0.0550732	2465.94
480	0.0550732	2515.92
490	0.0550732	2582.37
500	0.0550732	2429.32
510	0.0550732	2360.44
520	0.0550732	2480.9
530	0.0550732	2522.58
540	0.0550732	2492.08
550	0.0550732	2573.31
560	0.0550732	2518.96
570	0.0550732	2573.32
580	0.0550732	2615.06
590	0.0550732	2574.83
600	0.0550732	2530.88
610	0.0550732	2529.35
620	0.0550732	2538.82
630	0.0550732	2493.04
640	0.0550732	2470.27
650	0.0550732	2611.01
660	0.0550732	2545.07
670	0.0550732	2581.62
680	0.0550732	2573.93
690	0.0550732	2503.96
700	0.0550732	2477.45
710	0.0550732	2467.99
720	0.0550732	2504.51
730	0.0550732	2529.8
740	0.0550732	2542.09
750	0.0550732	2593.79
760	0.0550732	2571.46
770	0.0550732	2493.79
780	0.0550732	2578.09
790	0.0550732	2654.11
800	0.0550732	2562.43
810	0.0550732	2510.7
820	0.0550732	2555.66
830	0.0550732	2515.22
840	0.0550732	2582.24
850	0.0550732	2602.99
860	0.0550732	2724.78
870	0.0550732	2539.63
880	0.0550732	2679.42
890	0.0550732	2709.06
900	0.0550732	2755.3
910	0.0550732	2715.66
920	0.0550732	2743.43
930	0.0550732	2727.94
940	0.0550732	2745.46
950	0.0550732	2723.54
960	0.0550732	2698.84
970	0.0550732	2629.02
980	0.0550732	2532.78
990	0.0550732	2581.9
1000	0.0550732	2591.07
260	0.0459165	2436.5
270	0.0459165	2574.19
280	0.0459165	2524.35
290	0.0459165	2663.27
300	0.0459165	2595.98
310	0.0459165	2544.71
320	0.0459165	2591.9
330	0.0459165	2611.57
340	0.0459165	2520.54
350	0.0459165	2417.95
360	0.0459165	2477.81
370	0.0459165	2502.77
380	0.0459165	2537.89
390	0.0459165	2551.71
400	0.0459165	2561.88
410	0.0459165	2478.6
420	0.0459165	2444.77
430	0.0459165	2569.03
440	0.0459165	2578.57
450	0.0459165	2581.5
460	0.0459165	2557.1
470	0.0459165	2589.24
480	0.0459165	2663.16
490	0.0459165	2599.65
500	0.0459165	2530.52
510	0.0459165	2527.47
520	0.0459165	2564.67
530	0.0459165	2530.98
540	0.0459165	2527.06
550	0.0459165	2562.2
560	0.0459165	2631.83
570	0.0459165	2552.22
580	0.0459165	2529.88
590	0.0459165	2457.93
600	0.0459165	2430.37
610	0.0459165	2471.01
620	0.0459165	2485.45
630	0.0459165	2533.82
640	0.0459165	2438.15
650	0.0459165	2486.04
660	0.0459165	2495.25
670	0.0459165	2391.65
680	0.0459165	2281.02
690	0.0459165	2264.12
700	0.0459165	2317.52
710	0.0459165	2296.81
720	0.0459165	2242.46
730	0.0459165	2196.12
740	0.0459165	2047.27
750	0.0459165	2211.54
760	0.0459165	2295.17
770	0.0459165	2292.48
780	0.0459165	2393.39
790	0.0459165	2489.47
800	0.0459165	2344.46
810	0.0459165	2404.56
820	0.0459165	2420.9
830	0.0459165	2412.54
840	0.0459165	2450.14
850	0.0459165	2457.14
860	0.0459165	2376.79
870	0.0459165	2347.41
880	0.0459165	2333.2
890	0.0459165	2401.84
900	0.0459165	2409.23
910	0.0459165	2303.74
920	0.0459165	2364.12
930	0.0459165	2335.33
940	0.0459165	2314.93
950	0.0459165	2218.56
960	0.0459165	2379.65
970	0.0459165	2336.58
980	0.0459165	2414.83
990	0.0459165	2438.46
1000	0.0459165	2448.4
260	0.0380204	2717.64
270	0.0380204	2735.07
280	0.0380204	2587.24
290	0.0380204	2559.27
300	0.0380204	2627.48
310	0.0380204	2650.71
320	0.0380204	2612.52
330	0.0380204	2597.09
340	0.0380204	2529.66
350	0.0380204	2479.2
360	0.0380204	2386.5
370	0.0380204	2474.35
380	0.0380204	2532.26
390	0.0380204	2481.5
400	0.0380204	2435.74
410	0.0380204	2505.3
420	0.0380204	2562.15
430	0.0380204	2506.02
440	0.0380204	2459.88
450	0.0380204	2474.15
460	0.0380204	2471.16
470	0.0380204	2364.04
480	0.0380204	2401.79
490	0.0380204	2442.99
500	0.0380204	2490.52
510	0.0380204	2513.07
520	0.0380204	2527.72
530	0.0380204	2437.38
540	0.0380204	2480.78
550	0.0380204	2454.07
560	0.0380204	2455.91
570	0.0380204	2506.4
580	0.0380204	2503.64
590	0.0380204	2283.15
600	0.0380204	2389.56
610	0.0380204	2410.07
620	0.0380204	2478.63
630	0.0380204	2443.87
640	0.0380204	2571.5
650	0.0380204	2453.67
660	0.0380204	2429.48
670	0.0380204	2506.64
680	0.0380204	2461.06
690	0.0380204	2478.72
700	0.0380204	2273.78
710	0.0380204	2385.04
720	0.0380204	2301.01
730	0.0380204	2376.97
740	0.0380204	2362.6
750	0.0380204	2403.08
760	0.0380204	2472.44
770	0.0380204	2545.04
780	0.0380204	2404.54
790	0.0380204	2459.42
800	0.0380204	2393.09
810	0.0380204	2443.73
820	0.0380204	2346.06
830	0.0380204	2274.88
840	0.0380204	2338.25
850	0.0380204	2396.99
860	0.0380204	2480.08
870	0.0380204	2418.81
880	0.0380204	2336.21
890	0.0380204	2413.71
900	0.0380204	2232.63
910	0.0380204	2312.18
920	0.0380204	2430.38
930	0.0380204	2329.5
940	0.0380204	2387.19
950	0.0380204	2383.98
960	0.0380204	2439.01
970	0.0380204	2459.88
980	0.0380204	2437.44
990	0.0380204	2232.89
1000	0.0380204	2243.85
260	0.03125	2204.5
270	0.03125	2357.72
280	0.03125	2399.86
290	0.03125	2400.76
300	0.03125	2444.65
310	0.03125	2477.52
320	0.03125	2426.64
330	0.03125	2525.95
340	0.03125	2479.51
350	0.03125	2328.53
360	0.03125	2334.65
370	0.03125	2288.96
380	0.03125	2367.42
390	0.03125	2315.52
400	0.03125	2404.74
410	0.03125	2296
420	0.03125	2308.09
430	0.03125	2360.51
440	0.03125	2416.25
450	0.03125	2274.55
460	0.03125	2272.7
470	0.03125	2360.49
480	0.03125	2191.22
490	0.03125	2319.89
500	0.03125	2376.52
510	0.03125	2497.23
520	0.03125	2463.98
530	0.03125	2338.66
540	0.03125	2477.55
550	0.03125	2442.65
560	0.03125	2499.04
570	0.03125	2435.13
580	0.03125	2520.4
590	0.03125	2407.39
600	0.03125	2501.08
610	0.03125	2441.57
620	0.03125	2141.15
630	0.03125	2362.91
640	0.03125	2473.27
650	0.03125	2335.32
660	0.03125	2341.56
670	0.03125	2376.43
680	0.03125	2275.33
690	0.03125	2246.7
700	0.03125	2284.23
710	0.03125	2155.7
720	0.03125	2059.03
730	0.03125	2164.16
740	0.03125	2148.97
750	0.03125	2186.25
760	0.03125	2390.49
770	0.03125	2418.88
780	0.03125	2314.28
790	0.03125	2317.92
800	0.03125	2414.06
810	0.03125	2220.45
820	0.03125	2417.47
830	0.03125	2391.01
840	0.03125	2537.06
850	0.03125	2485.61
860	0.03125	2467.22
870	0.03125	2256.02
880	0.03125	2306.47
890	0.03125	2149.69
900	0.03125	2404.54
910	0.03125	2397.23
920	0.03125	2341.65
930	0.03125	2471.34
940	0.03125	2470.94
950	0.03125	2403.52
960	0.03125	2301.31
970	0.03125	2424.49
980	0.03125	2375.43
990	0.03125	2501.52
1000	0.03125	2461.79
260	0.0254804	2214.43
270	0.0254804	2149.5
280	0.0254804	1906.11
290	0.0254804	1992.95
300	0.0254804	1994.95
310	0.0254804	2281.25
320	0.0254804	2089.75
330	0.0254804	2183.11
340	0.0254804	2339.22
350	0.0254804	2136.56
360	0.0254804	2066.37
370	0.0254804	2136.62
380	0.0254804	2036.89
390	0.0254804	2067.32
400	0.0254804	2202.05
410	0.0254804	2213.36
420	0.0254804	2229.59
430	0.0254804	2228.31
440	0.0254804	2340.09
450	0.0254804	2333.96
460	0.0254804	2274.41
470	0.0254804	2355.82
480	0.0254804	2323.76
490	0.0254804	2260.76
500	0.0254804	2157.95
510	0.0254804	2114.87
520	0.0254804	2259.73
530	0.0254804	2233.34
540	0.0254804	2406.57
550	0.0254804	2465.66
560	0.0254804	2306.33
570	0.0254804	2196.73
580	0.0254804	2408.37
590	0.0254804	2306.95
600	0.0254804	2420.32
610	0.0254804	2468.56
620	0.0254804	2330.29
630	0.0254804	2164.27
640	0.0254804	2155.48
650	0.0254804	2356.25
660	0.0254804	2217.82
670	0.0254804	2395.6
680	0.0254804	2559.35
690	0.0254804	2467.59
700	0.0254804	2344.08
710	0.0254804	2134.73
720	0.0254804	2315.27
730	0.0254804	2285.69
740	0.0254804	2431.19
750	0.0254804	2493.27
760	0.0254804	2427.99
770	0.0254804	2412.16
780	0.0254804	2356.23
790	0.0254804	2182.24
800	0.0254804	2279.89
810	0.0254804	2331.39
820	0.0254804	2295.99
830	0.0254804	2194.51
840	0.0254804	2337.25
850	0.0254804	2265.22
860	0.0254804	2257.7
870	0.0254804	2238.34
880	0.0254804	2158.5
890	0.0254804	2165.23
900	0.0254804	2097.17
910	0.0254804	2049.08
920	0.0254804	2113.11
930	0.0254804	2062.36
940	0.0254804	2304.29
950	0.0254804	2258.24
960	0.0254804	2200
970	0.0254804	2281.06
980	0.0254804	2323.52
990	0.0254804	2136.33
1000	0.0254804	2092.22
260	0.0205963	2366.86
270	0.0205963	2396.6
280	0.0205963	2389.09
290	0.0205963	2402.94
300	0.0205963	2196.53
310	0.0205963	2208.39
320	0.0205963	2196.28
330	0.0205963	2242.79
340	0.0205963	2272.52
350	0.0205963	1878.65
360	0.0205963	1942.48
370	0.0205963	2043.15
380	0.0205963	2455.38
390	0.0205963	2346.32
400	0.0205963	2415.29
410	0.0205963	2394.41
420	0.0205963	2064.59
430	0.0205963	2098.56
440	0.0205963	2167.52
450	0.0205963	2315.21
460	0.0205963	2379.1
470	0.0205963	2308.36
480	0.0205963	2143.12
490	0.0205963	2185.45
500	0.0205963	2209.72
510	0.0205963	2231.71
520	0.0205963	2237.3
530	0.0205963	2377.93
540	0.0205963	2191.46
550	0.0205963	2275.65
560	0.0205963	2277.16
570	0.0205963	2098.91
580	0.0205963	2193.38
590	0.0205963	2391.94
600	0.0205963	2201.8
610	0.0205963	2204.46
620	0.0205963	2242.32
630	0.0205963	2161.94
640	0.0205963	2387.98
650	0.0205963	2345.28
660	0.0205963	2314.84
670	0.0205963	2305.57
680	0.0205963	2338.37
690	0.0205963	2167.02
700	0.0205963	2213.57
710	0.0205963	2291.9
720	0.0205963	2252.01
730	0.0205963	2175.3
740	0.0205963	2140.76
750	0.0205963	2433.93
760	0.0205963	2218.08
770	0.0205963	2136.4
780	0.0205963	2453.65
790	0.0205963	2405.7
800	0.0205963	2162.46
810	0.0205963	2371.57
820	0.0205963	2227.35
830	0.0205963	2312.86
840	0.0205963	2251.55
850	0.0205963	2081.56
860	0.0205963	2205.36
870	0.0205963	2401.33
880	0.0205963	2369.49
890	0.0205963	2206.36
900	0.0205963	2012.92
910	0.0205963	2192.97
920	0.0205963	2212.33
930	0.0205963	2378.92
940	0.0205963	2301.36
950	0.0205963	2332.89
960	0.0205963	2319.72
970	0.0205963	2347.1
980	0.0205963	2202.67
990	0.0205963	2318.47
1000	0.0205963	2251.85
260	0.0164916	2327.76
270	0.0164916	2146.44
280	0.0164916	2067.85
290	0.0164916	2035.04
300	0.0164916	2163.49
310	0.0164916	2249.92
320	0.0164916	2003.88
330	0.0164916	1850.76
340	0.0164916	2195.02
350	0.0164916	2195.96
360	0.0164916	2149.7
370	0.0164916	2299.07
380	0.0164916	2194.78
390	0.0164916	2035.24
400	0.0164916	2130.31
410	0.0164916	2201.9
420	0.0164916	1906.95
430	0.0164916	1896.2
440	0.0164916	2132.21
450	0.0164916	2194.33
460	0.0164916	2202.1
470	0.0164916	2224.06
480	0.0164916	2205.54
490	0.0164916	2071.2
500	0.0164916	2223.29
510	0.0164916	2092.18
520	0.0164916	2027.83
530	0.0164916	1988.14
540	0.0164916	1963.66
550	0.0164916	2074.13
560	0.0164916	2234.43
570	0.0164916	2262.74
580	0.0164916	2076.6
590	0.0164916	1845.09
600	0.0164916	2004.27
610	0.0164916	2129.12
620	0.0164916	2145.18
630	0.0164916	1955.63
640	0.0164916	2096.37
650	0.0164916	1973.14
660	0.0164916	2044.79
670	0.0164916	2233.9
680	0.0164916	2243.17
690	0.0164916	2176.03
700	0.0164916	2233.31
710	0.0164916	2200.12
720	0.0164916	2232.68
730	0.0164916	2303.41
740	0.0164916	2238.54
750	0.0164916	2205.17
760	0.0164916	2099.06
770	0.0164916	1909.22
780	0.0164916	2063.65
790	0.0164916	1906.97
800	0.0164916	1924.1
810	0.0164916	2012.11
820	0.0164916	2002.3
830	0.0164916	2136.62
840	0.0164916	2210.03
850	0.0164916	1994.52
860	0.0164916	2212.54
870	0.0164916	2131.64
880	0.0164916	2163.15
890	0.0164916	2213.54
900	0.0164916	2178.48
910	0.0164916	2332.9
920	0.0164916	1968.54
930	0.0164916	2181.01
940	0.0164916	2159.8
950	0.0164916	1860.21
960	0.0164916	1888.49
970	0.0164916	2007.08
980	0.0164916	2030.23
990	0.0164916	1937.67
1000	0.0164916	2066.41
260	0.0130691	2002.61
270	0.0130691	1713.74
280	0.0130691	1675.98
290	0.0130691	1969.45
300	0.0130691	2209.9
310	0.0130691	2155.91
320	0.0130691	2086.65
330	0.0130691	1875.57
340	0.0130691	2191.17
350	0.0130691	2216.45
360	0.0130691	2204.14
370	0.0130691	2048.28
380	0.0130691	2336.06
390	0.0130691	2308.78
400	0.0130691	2125.71
410	0.0130691	2195.64
420	0.0130691	1873.06
430	0.0130691	2034.83
440	0.0130691	2060.54
450	0.0130691	2235.07
460	0.0130691	2160.54
470	0.0130691	2011.73
480	0.0130691	2113.15
490	0.0130691	1956.77
500	0.0130691	2114.84
510	0.0130691	2205.1
520	0.0130691	2199.91
530	0.0130691	1945.1
540	0.0130691	1901.08
550	0.0130691	2107.17
560	0.0130691	2354.88
570	0.0130691	2102.29
580	0.0130691	2133.76
590	0.0130691	2396.39
600	0.0130691	2446.85
610	0.0130691	2360.74
620	0.0130691	2314.2
630	0.0130691	2079.8
640	0.0130691	2020.1
650	0.0130691	2057.45
660	0.0130691	2074.82
670	0.0130691	2247.08
680	0.0130691	2278.05
690	0.0130691	1965.33
700	0.0130691	2336.56
710	0.0130691	2148.18
720	0.0130691	2108.12
730	0.0130691	2361.18
740	0.0130691	2234.27
750	0.0130691	2389.7
760	0.0130691	2178.28
770	0.0130691	2396.03
780	0.0130691	1908.96
790	0.0130691	1850.31
800	0.0130691	1699.27
810	0.0130691	1903.63
820	0.0130691	1754.28
830	0.0130691	2088.79
840	0.0130691	2362.69
850	0.0130691	2124.57
860	0.0130691	2162.09
870	0.0130691	2063.57
880	0.0130691	2051.95
890	0.0130691	1719.75
900	0.0130691	1867.22
910	0.0130691	1877.41
920	0.0130691	2096.17
930	0.0130691	2059.9
940	0.0130691	1993.91
950	0.0130691	2085.33
960	0.0130691	2043.54
970	0.0130691	2077.75
980	0.0130691	1915.6
990	0.0130691	2261.26
1000	0.0130691	2252.57
260	0.01024	1963.71
270	0.01024	1963.51
280	0.01024	1874.32
290	0.01024	1714.68
300	0.01024	2100.68
310	0.01024	1897.01
320	0.01024	2174.26
330	0.01024	2122.86
340	0.01024	2064.63
350	0.01024	2245.92
360	0.01024	2043.65
370	0.01024	1921.15
380	0.01024	2311.26
390	0.01024	2181.59
400	0.01024	2195.35
410	0.01024	1787.15
420	0.01024	1654.29
430	0.01024	1774.13
440	0.01024	2019.09
450	0.01024	2160.75
460	0.01024	1650.4
470	0.01024	1672.64
480	0.01024	1813.25
490	0.01024	2193.22
500	0.01024	2040.99
510	0.01024	1773.16
520	0.01024	1548.29
530	0.01024	1974.23
540	0.01024	2032.77
550	0.01024	2186.53
560	0.01024	2284.52
570	0.01024	2214.75
580	0.01024	2284.01
590	0.01024	2135.82
600	0.01024	2068.38
610	0.01024	2065.62
620	0.01024	2290.51
630	0.01024	2162.31
640	0.01024	2030.94
650	0.01024	1946.17
660	0.01024	1905.5
670	0.01024	1855.8
680	0.01024	1644.18
690	0.01024	1960.56
700	0.01024	1998.85
710	0.01024	2079.92
720	0.01024	2025.66
730	0.01024	2104.73
740	0.01024	1834.61
750	0.01024	2095.67
760	0.01024	2078.77
770	0.01024	2033.61
780	0.01024	2126.96
790	0.01024	2161.61
800	0.01024	1963.91
810	0.01024	1974.7
820	0.01024	2082.26
830	0.01024	1964.97
840	0.01024	1588.29
850	0.01024	1531.91
860	0.01024	1948.24
870	0.01024	1886.13
880	0.01024	2022.07
890	0.01024	2074.6
900	0.01024	2182.64
910	0.01024	2375.95
920	0.01024	2089.81
930	0.01024	1895.68
940	0.01024	2122.21
950	0.01024	2004.47
960	0.01024	2124.03
970	0.01024	1886.5
980	0.01024	1842.7
990	0.01024	2226.72
1000	0.01024	2097.33
260	0.00792352	1101.61
270	0.00792352	1657.8
280	0.00792352	1608.33
290	0.00792352	1823.08
300	0.00792352	1933.16
310	0.00792352	2186.83
320	0.00792352	2188.42
330	0.00792352	2266.3
340	0.00792352	2062.88
350	0.00792352	1816.02
360	0.00792352	1992.77
370	0.00792352	2123.46
380	0.00792352	2019.62
390	0.00792352	1838.51
400	0.00792352	1804.33
410	0.00792352	1872.69
420	0.00792352	1535.06
430	0.00792352	1683.21
440	0.00792352	1338.53
450	0.00792352	1517.1
460	0.00792352	1989.62
470	0.00792352	2038.75
480	0.00792352	1635.2
490	0.00792352	1738.94
500	0.00792352	1740.83
510	0.00792352	1914.8
520	0.00792352	2086
530	0.00792352	1627.54
540	0.00792352	1036.71
550	0.00792352	1211.79
560	0.00792352	1450.54
570	0.00792352	1464.49
580	0.00792352	1839.37
590	0.00792352	1816.54
600	0.00792352	2050.7
610	0.00792352	1873.22
620	0.00792352	1698.7
630	0.00792352	1720.39
640	0.00792352	2127.87
650	0.00792352	2070.88
660	0.00792352	2107.62
670	0.00792352	1730.34
680	0.00792352	1530.89
690	0.00792352	1625.83
700	0.00792352	1425.13
710	0.00792352	1963.82
720	0.00792352	1802.87
730	0.00792352	2139.83
740	0.00792352	2169.25
750	0.00792352	2022.39
760	0.00792352	1515.19
770	0.00792352	1738.76
780	0.00792352	2216.84
790	0.00792352	2144.86
800	0.00792352	1814.82
810	0.00792352	2059.2
820	0.00792352	1860.04
830	0.00792352	1827.62
840	0.00792352	1915.4
850	0.00792352	1992.37
860	0.00792352	2056.28
870	0.00792352	1927.08
880	0.00792352	1735.4
890	0.00792352	1938.84
900	0.00792352	2013.36
910	0.00792352	1671.13
920	0.00792352	2033.61
930	0.00792352	2341.67
940	0.00792352	2245.97
950	0.00792352	1999.37
960	0.00792352	1721.53
970	0.00792352	2033.56
980	0.00792352	1986.15
990	0.00792352	1823.95
1000	0.00792352	1799.71
260	0.00604662	1971.85
270	0.00604662	1944.32
280	0.00604662	1809.36
290	0.00604662	1997.73
300	0.00604662	1694.82
310	0.00604662	1753.08
320	0.00604662	1963.72
330	0.00604662	1908.21
340	0.00604662	1724.17
350	0.00604662	1915.44
360	0.00604662	1912.66
370	0.00604662	2035.62
380	0.00604662	1689.6
390	0.00604662	1703.42
400	0.00604662	1886.67
410	0.00604662	1911.76
420	0.00604662	2172.53
430	0.00604662	1774.91
440	0.00604662	1952.11
450	0.00604662	1542.36
460	0.00604662	1769.79
470	0.00604662	2050.63
480	0.00604662	1811.72
490	0.00604662	2038.03
500	0.00604662	2029.24
510	0.00604662	2071.41
520	0.00604662	1673.84
530	0.00604662	1660.24
540	0.00604662	2021.83
550	0.00604662	1778.02
560	0.00604662	2059.35
570	0.00604662	2305.27
580	0.00604662	2266.87
590	0.00604662	1929.71
600	0.00604662	1710.04
610	0.00604662	1833.87
620	0.00604662	1837.14
630	0.00604662	1012.46
640	0.00604662	1420.29
650	0.00604662	1230.46
660	0.00604662	1549.06
670	0.00604662	1884.57
680	0.00604662	2043.17
690	0.00604662	2219.99
700	0.00604662	2118.02
710	0.00604662	1978.71
720	0.00604662	2073.14
730	0.00604662	1877.95
740	0.00604662	2005.19
750	0.00604662	1888.6
760	0.00604662	1866.56
770	0.00604662	2008.34
780	0.00604662	2118.12
790	0.00604662	2095.86
800	0.00604662	1761.88
810	0.00604662	1819.82
820	0.00604662	1616.08
830	0.00604662	1964.84
840	0.00604662	1310.9
850	0.00604662	1724.42
860	0.00604662	1739.84
870	0.00604662	1558.12
880	0.00604662	1910.88
890	0.00604662	1841.5
900	0.00604662	2038.53
910	0.00604662	1540.37
920	0.00604662	1918.05
930	0.00604662	1090.02
940	0.00604662	1705.32
950	0.00604662	1674.39
960	0.00604662	1706.27
970	0.00604662	1736.5
980	0.00604662	1948
990	0.00604662	1790.59
1000	0.00604662	1884.92
260	0.00454354	1774.89
270	0.00454354	1697.08
280	0.00454354	1697.36
290	0.00454354	1579.42
300	0.00454354	1583.06
310	0.00454354	1975.44
320	0.00454354	1937.77
330	0.00454354	1951.73
340	0.00454354	1455.25
350	0.00454354	1624.08
360	0.00454354	858.702
370	0.00454354	1437.25
380	0.00454354	1560.96
390	0.00454354	1695.6
400	0.00454354	1712.79
410	0.00454354	1781.27
420	0.00454354	1452.53
430	0.00454354	2213.62
440	0.00454354	2078.32
450	0.00454354	2073.67
460	0.00454354	2151.18
470	0.00454354	1735.29
480	0.00454354	2113.49
490	0.00454354	1596.58
500	0.00454354	1776.87
510	0.00454354	1124.38
520	0.00454354	959.288
530	0.00454354	1243.15
540	0.00454354	1288.97
550	0.00454354	1936.55
560	0.00454354	2042.76
570	0.00454354	1342.97
580	0.00454354	2084.64
590	0.00454354	1637.9
600	0.00454354	1763.58
610	0.00454354	1614.07
620	0.00454354	1744.36
630	0.00454354	1818.22
640	0.00454354	1809.75
650	0.00454354	1931.41
660	0.00454354	1569.77
670	0.00454354	2059.44
680	0.00454354	2065.77
690	0.00454354	2154.47
700	0.00454354	1997.97
710	0.00454354	1459.55
720	0.00454354	1863.52
730	0.00454354	1208.19
740	0.00454354	1031.37
750	0.00454354	1433.62
760	0.00454354	1514.11
770	0.00454354	2064.09
780	0.00454354	1554.14
790	0.00454354	2020.23
800	0.00454354	1808.49
810	0.00454354	1747.07
820	0.00454354	1498.5
830	0.00454354	1454.83
840	0.00454354	1540.22
850	0.00454354	1904.01
860	0.00454354	1924.45
870	0.00454354	1034.81
880	0.00454354	1680.66
890	0.00454354	1636.8
900	0.00454354	1674.09
910	0.00454354	1611.2
920	0.00454354	1649.48
930	0.00454354	1654.19
940	0.00454354	1751.7
950	0.00454354	1699.56
960	0.00454354	1815.53
970	0.00454354	1995.02
980	0.00454354	2055.1
990	0.00454354	1550.24
1000	0.00454354	1949.4
260	0.00335544	1797.98
270	0.00335544	1908.57
280	0.00335544	1454.57
290	0.00335544	899.343
300	0.00335544	1263.97
310	0.00335544	1773.24
320	0.00335544	1324.5
330	0.00335544	1684.05
340	0.00335544	1722.37
350	0.00335544	2189.66
360	0.00335544	2215.5
370	0.00335544	2115.32
380	0.00335544	1508.86
390	0.00335544	1682.24
400	0.00335544	1088.88
410	0.00335544	1756.7
420	0.00335544	1639.7
430	0.00335544	2003.9
440	0.00335544	2227.29
450	0.00335544	1691.93
460	0.00335544	1968.97
470	0.00335544	2089.17
480	0.00335544	2045.43
490	0.00335544	1515
500	0.00335544	2158.78
510	0.00335544	1827.42
520	0.00335544	1909.32
530	0.00335544	1810.53
540	0.00335544	1697
550	0.00335544	1532.39
560	0.00335544	1629.55
570	0.00335544	1850.67
580	0.00335544	2007.26
590	0.00335544	1597.85
600	0.00335544	1098.05
610	0.00335544	1683.51
620	0.00335544	1089
630	0.00335544	1808.77
640	0.00335544	1110.24
650	0.00335544	1142.91
660	0.00335544	1633.16
670	0.00335544	1004.17
680	0.00335544	1769.11
690	0.00335544	1072.41
700	0.00335544	1072.17
710	0.00335544	1486.52
720	0.00335544	1913.49
730	0.00335544	1735.97
740	0.00335544	1659.63
750	0.00335544	1576.21
760	0.00335544	1536.65
770	0.00335544	1404.73
780	0.00335544	1165.33
790	0.00335544	1927.49
800	0.00335544	1329.8
810	0.00335544	2079.25
820	0.00335544	1899.65
830	0.00335544	1151.12
840	0.00335544	1760.92
850	0.00335544	1257.96
860	0.00335544	1787.11
870	0.00335544	1411.25
880	0.00335544	1571.35
890	0.00335544	1812.86
900	0.00335544	1643.86
910	0.00335544	1802.78
920	0.00335544	1659.57
930	0.00335544	1752.53
940	0.00335544	1387.92
950	0.00335544	1680.59
960	0.00335544	1413.05
970	0.00335544	1644.1
980	0.00335544	1358.95
990	0.00335544	1030.72
1000	0.00335544	2018.86
260	0.00243	1531.32
270	0.00243	821.473
280	0.00243	849.168
290	0.00243	1108.31
300	0.00243	1307.18
310	0.00243	1645.76
320	0.00243	1670.31
330	0.00243	2030.52
340	0.00243	1573.2
350	0.00243	1722.07
360	0.00243	1602.95
370	0.00243	1629.92
380	0.00243	1610.11
390	0.00243	1800.04
400	0.00243	1902.26
410	0.00243	1277.84
420	0.00243	2066.33
430	0.00243	1652.22
440	0.00243	953.961
450	0.00243	984.179
460	0.00243	1627.61
470	0.00243	1725.11
480	0.00243	1455.88
490	0.00243	1057.26
500	0.00243	1895.76
510	0.00243	1746.04
520	0.00243	1661.48
530	0.00243	1629.72
540	0.00243	1522.85
550	0.00243	1846.18
560	0.00243	1797.39
570	0.00243	1653.5
580	0.00243	1903.46
590	0.00243	1496.79
600	0.00243	1195.1
610	0.00243	1051.97
620	0.00243	1767.97
630	0.00243	1491.9
640	0.00243	1317.1
650	0.00243	759.368
660	0.00243	1945.62
670	0.00243	2319.61
680	0.00243	847.575
690	0.00243	1234.43
700	0.00243	1358.97
710	0.00243	1378.42
720	0.00243	1781.2
730	0.00243	1715.26
740	0.00243	1824.44
750	0.00243	1408.03
760	0.00243	1669.52
770	0.00243	1984.78
780	0.00243	1849.59
790	0.00243	1261.62
800	0.00243	710.967
810	0.00243	867.251
820	0.00243	844.551
830	0.00243	1043.15
840	0.00243	1745.11
850	0.00243	1847.55
860	0.00243	2113.21
870	0.00243	1866.42
880	0.00243	1446.03
890	0.00243	1619.76
900	0.00243	661.669
910	0.00243	1353.33
920	0.00243	1995.01
930	0.00243	2129.01
940	0.00243	1924.32
950	0.00243	1739.67
960	0.00243	1334.42
970	0.00243	1788.56
980	0.00243	975.086
990	0.00243	1807.54
1000	0.00243	1248.94
260	0.00172104	1464.01
270	0.00172104	451.373
280	0.00172104	1481.65
290	0.00172104	1766.81
300	0.00172104	1680.78
310	0.00172104	1363.92
320	0.00172104	1732.55
330	0.00172104	11.9288
340	0.00172104	1634.18
350	0.00172104	763.078
360	0.00172104	1204.67
370	0.00172104	1336.15
380	0.00172104	1228.18
390	0.00172104	1286.14
400	0.00172104	644.089
410	0.00172104	1642.89
420	0.00172104	1763.4
430	0.00172104	1977.54
440	0.00172104	901.636
450	0.00172104	2074.24
460	0.00172104	1843.37
470	0.00172104	782.273
480	0.00172104	1514.74
490	0.00172104	1840.83
500	0.00172104	-171.098
510	0.00172104	1461.19
520	0.00172104	1754.5
530	0.00172104	183.314
540	0.00172104	1712.5
550	0.00172104	237.993
560	0.00172104	1191.46
570	0.00172104	947.538
580	0.00172104	1488.35
590	0.00172104	1918.12
600	0.00172104	1824.96
610	0.00172104	779.63
620	0.00172104	1158.02
630	0.00172104	1013.72
640	0.00172104	1257.65
650	0.00172104	1262.11
660	0.00172104	1212.31
670	0.00172104	459.101
680	0.00172104	1561.56
690	0.00172104	1419.9
700	0.00172104	1413.35
710	0.00172104	508.04
720	0.00172104	938.55
730	0.00172104	1274.29
740	0.00172104	700.225
750	0.00172104	1470.86
760	0.00172104	935.38
770	0.00172104	1084.4
780	0.00172104	1391.8
790	0.00172104	1849.99
800	0.00172104	2080.91
810	0.00172104	1188.5
820	0.00172104	1368.49
830	0.00172104	1723.21
840	0.00172104	1466.4
850	0.00172104	1696.18
860	0.00172104	619.299
870	0.00172104	1922.66
880	0.00172104	1777.54
890	0.00172104	1838.4
900	0.00172104	1444.57
910	0.00172104	1324.24
920	0.00172104	1501.06
930	0.00172104	1517.41
940	0.00172104	1477.17
950	0.00172104	1421.75
960	0.00172104	1422.27
970	0.00172104	289.695
980	0.00172104	1404.27
990	0.00172104	1661.93
1000	0.00172104	1798.42
260	0.00118814	939.882
270	0.00118814	191.738
280	0.00118814	1455.16
290	0.00118814	980.567
300	0.00118814	1179.78
310	0.00118814	1057.14
320	0.00118814	1254.99
330	0.00118814	905.983
340	0.00118814	1533.45
350	0.00118814	1728.57
360	0.00118814	996.739
370	0.00118814	-304.541
380	0.00118814	1576.08
390	0.00118814	1272.23
400	0.00118814	1256.23
410	0.00118814	1386.24
420	0.00118814	1441.61
430	0.00118814	1508.49
440	0.00118814	1745.57
450	0.00118814	1690.74
460	0.00118814	956.858
470	0.00118814	1418.18
480	0.00118814	1175.56
490	0.00118814	-2340.26
500	0.00118814	1460.07
510	0.00118814	1292.11
520	0.00118814	753.36
530	0.00118814	1071.39
540	0.00118814	889.735
550	0.00118814	955.606
560	0.00118814	1279.03
570	0.00118814	-751.677
580	0.00118814	1294.18
590	0.00118814	-179.942
600	0.00118814	1398.54
610	0.00118814	1995.2
620	0.00118814	932.073
630	0.00118814	328.168
640	0.00118814	1094.87
650	0.00118814	1231.56
660	0.00118814	1299.23
670	0.00118814	-849.015
680	0.00118814	1173.86
690	0.00118814	-824.666
700	0.00118814	-26.5576
710	0.00118814	1613.72
720	0.00118814	1534.36
730	0.00118814	125.397
740	0.00118814	465.297
750	0.00118814	1594.85
760	0.00118814	261.78
770	0.00118814	-684.298
780	0.00118814	1170.65
790	0.00118814	841.412
800	0.00118814	-1794.44
810	0.00118814	792.608
820	0.00118814	-95.7079
830	0.00118814	2025.45
840	0.00118814	-45.102
850	0.00118814	1770.85
860	0.00118814	1131.28
870	0.00118814	1642.61
880	0.00118814	1444.1
890	0.00118814	1766.49
900	0.00118814	1689.23
910	0.00118814	1817.5
920	0.00118814	1447.19
930	0.00118814	836.029
940	0.00118814	1172.19
950	0.00118814	409.848
960	0.00118814	1444.71
970	0.00118814	1275.34
980	0.00118814	1062.34
990	0.00118814	1614.63
1000	0.00118814	1230.79
260	0.000796262	-112.379
270	0.000796262	73.6121
280	0.000796262	1505.32
290	0.000796262	1040.29
300	0.000796262	1609.08
310	0.000796262	103.509
320	0.000796262	529.347
330	0.000796262	958.98
340	0.000796262	1898.4
350	0.000796262	-2868.78
360	0.000796262	1083.23
370	0.000796262	510.93
380	0.000796262	746.67
390	0.000796262	1592.24
400	0.000796262	958.069
410	0.000796262	-1633.28
420	0.000796262	1343.81
430	0.000796262	1573.18
440	0.000796262	1330.17
450	0.000796262	963.691
460	0.000796262	-2828.64
470	0.000796262	392.862
480	0.000796262	-1919.84
490	0.000796262	573.263
500	0.000796262	844.187
510	0.000796262	1118.1
520	0.000796262	304.893
530	0.000796262	738.842
540	0.000796262	-60.7249
550	0.000796262	1710.84
560	0.000796262	-295.708
570	0.000796262	784.2
580	0.000796262	2041.38
590	0.000796262	845.204
600	0.000796262	1705.66
610	0.000796262	1209.5
620	0.000796262	-815.469
630	0.000796262	405.956
640	0.000796262	-795.75
650	0.000796262	-433.46
660	0.000796262	-825.55
670	0.000796262	2096.85
680	0.000796262	1260.62
690	0.000796262	-263.3
700	0.000796262	1622.34
710	0.000796262	1609.17
720	0.000796262	975.482
730	0.000796262	-3385.76
740	0.000796262	1565.87
750	0.000796262	1443.54
760	0.000796262	1448.15
770	0.000796262	1692.99
780	0.000796262	1546.61
790	0.000796262	1724.38
800	0.000796262	539.445
810	0.000796262	1394.73
820	0.000796262	1112.76
830	0.000796262	1431.64
840	0.000796262	1580.79
850	0.000796262	901.791
860	0.000796262	427.846
870	0.000796262	-1913.14
880	0.000796262	-244.154
890	0.000796262	1547.83
900	0.000796262	1508.77
910	0.000796262	1214.83
920	0.000796262	1067.52
930	0.000796262	956.466
940	0.000796262	1855.28
950	0.000796262	395.148
960	0.000796262	827.085
970	0.000796262	741.737
980	0.000796262	1010.56
990	0.000796262	413.575
1000	0.000796262	809.277
260	0.000515363	1367.88
270	0.000515363	955.172
280	0.000515363	-328.259
290	0.000515363	-1481.87
300	0.000515363	1826
310	0.000515363	549.071
320	0.000515363	189.999
330	0.000515363	57.0402
340	0.000515363	725.399
350	0.000515363	1443.5
360	0.000515363	849.47
370	0.000515363	-67.3128
380	0.000515363	-3258.01
390	0.000515363	-454.415
400	0.000515363	795.824
410	0.000515363	1085.15
420	0.000515363	35.5099
430	0.000515363	-3535.96
440	0.000515363	1313.91
450	0.000515363	1030.24
460	0.000515363	-53.5192
470	0.000515363	844.182
480	0.000515363	-3017.07
490	0.000515363	1970.99
500	0.000515363	-1533.73
510	0.000515363	1038.95
520	0.000515363	-312.786
530	0.000515363	-268.572
540	0.000515363	301.635
550	0.000515363	337.107
560	0.000515363	1369.5
570	0.000515363	1303.53
580	0.000515363	1338.18
590	0.000515363	459.022
600	0.000515363	688.789
610	0.000515363	499.588
620	0.000515363	166.558
630	0.000515363	235.348
640	0.000515363	-3076.04
650	0.000515363	1347.11
660	0.000515363	118.3
670	0.000515363	-9855.33
680	0.000515363	-576.828
690	0.000515363	-451.033
700	0.000515363	1721.92
710	0.000515363	1310.91
720	0.000515363	1669.4
730	0.000515363	236.623
740	0.000515363	-2686.25
750	0.000515363	452.052
760	0.000515363	-2305.59
770	0.000515363	-4894.67
780	0.000515363	1373.23
790	0.000515363	1479.3
800	0.000515363	1128.87
810	0.000515363	-465.586
820	0.000515363	-1203.3
830	0.000515363	1116.05
840	0.000515363	1477.73
850	0.000515363	771.099
860	0.000515363	468.862
870	0.000515363	-333.939
880	0.000515363	985.248
890	0.000515363	523.543
900	0.000515363	-1663.78
910	0.000515363	1188.48
920	0.000515363	-3199.71
930	0.000515363	-3434.75
940	0.000515363	1637.41
950	0.000515363	836.898
960	0.000515363	-1722.81
970	0.000515363	244.95
980	0.000515363	81.4838
990	0.000515363	1682.34
1000	0.000515363	916.055
260	0.00032	884.569
270	0.00032	1918.93
280	0.00032	7.58486
290	0.00032	284.704
300	0.00032	2115.03
310	0.00032	641.071
320	0.00032	1338.11
330	0.00032	-2857.19
340	0.00032	1446.22
350	0.00032	-1295.65
360	0.00032	-1913.75
370	0.00032	1080.84
380	0.00032	636.13
390	0.00032	1007.33
400	0.00032	1276.07
410	0.00032	-410.569
420	0.00032	-6069.45
430	0.00032	1533.34
440	0.00032	1407.99
450	0.00032	594.661
460	0.00032	-929.847
470	0.00032	-1997.92
480	0.00032	1268.6
490	0.00032	-4570.67
500	0.00032	811.969
510	0.00032	-6869.8
520	0.00032	-346.421
530	0.00032	-917.468
540	0.00032	465.117
550	0.00032	-3087.44
560	0.00032	1505.97
570	0.00032	1556.51
580	0.00032	-5091.55
590	0.00032	411.999
600	0.00032	-1923.57
610	0.00032	637.563
620	0.00032	1909.23
630	0.00032	2028.85
640	0.00032	427.682
650	0.00032	-1495.87
660	0.00032	-2904.85
670	0.00032	1090.43
680	0.00032	1238.81
690	0.00032	1247.97
700	0.00032	-4695.87
710	0.00032	-975.595
720	0.00032	-922.058
730	0.00032	1613.21
740	0.00032	576.078
750	0.00032	-112.38
760	0.00032	-1087.05
770	0.00032	-691.869
780	0.00032	1565.2
790	0.00032	187.245
800	0.00032	1883.65
810	0.00032	-6862
820	0.00032	711.979
830	0.00032	1607.39
840	0.00032	830.044
850	0.00032	1957.24
860	0.00032	1723.33
870	0.00032	-2314.27
880	0.00032	-377.812
890	0.00032	-2790.82
900	0.00032	-5087.69
910	0.00032	-673.884
920	0.00032	1122.89
930	0.00032	-1164.66
940	0.00032	-499.323
950	0.00032	75.7439
960	0.00032	-2280.35
970	0.00032	-890.185
980	0.00032	-2625.3
990	0.00032	-2496
1000	0.00032	-530.62
260	0.000188957	-2026.91
270	0.000188957	-4416.79
280	0.000188957	58.7058
290	0.000188957	896.669
300	0.000188957	1579.54
310	0.000188957	1219.89
320	0.000188957	-6178.16
330	0.000188957	588.248
340	0.000188957	-970.562
350	0.000188957	-923.104
360	0.000188957	1472.27
370	0.000188957	385.771
380	0.000188957	772.613
390	0.000188957	137.471
400	0.000188957	1182.09
410	0.000188957	1482.62
420	0.000188957	-5503.27
430	0.000188957	-9859.22
440	0.000188957	-1744.89
450	0.000188957	742.597
460	0.000188957	-10615.2
470	0.000188957	-707.63
480	0.000188957	1276.34
490	0.000188957	-2351.48
500	0.000188957	714.408
510	0.000188957	-3515.84
520	0.000188957	-590.373
530	0.000188957	-3309.36
540	0.000188957	1188.83
550	0.000188957	-7636.88
560	0.000188957	448.004
570	0.000188957	-6524.93
580	0.000188957	-1261.02
590	0.000188957	751.047
600	0.000188957	1672.5
610	0.000188957	-669.045
620	0.000188957	1257.87
630	0.000188957	416.87
640	0.000188957	-1059.62
650	0.000188957	-929.132
660	0.000188957	1443.1
670	0.000188957	-1443.34
680	0.000188957	-4115.39
690	0.000188957	-2271.69
700	0.000188957	590.224
710	0.000188957	-1008.38
720	0.000188957	1216.04
730	0.000188957	-5047.33
740	0.000188957	-2803.97
750	0.000188957	322.619
760	0.000188957	-2499.22
770	0.000188957	281.383
780	0.000188957	982.006
790	0.000188957	-16.1541
800	0.000188957	1451.33
810	0.000188957	-2251.01
820	0.000188957	-8058.49
830	0.000188957	1658.21
840	0.000188957	1160.07
850	0.000188957	1703.55
860	0.000188957	937.473
870	0.000188957	-520.788
880	0.000188957	590.854
890	0.000188957	-3451.9
900	0.000188957	-4549.78
910	0.000188957	-2082.33
920	0.000188957	994.47
930	0.000188957	1733.53
940	0.000188957	-354.215
950	0.000188957	-662.598
960	0.000188957	-4022.15
970	0.000188957	-5299.22
980	0.000188957	-4862.56
990	0.000188957	1263.33
1000	0.000188957	274.502
260	0.000104858	-1446.84
270	0.000104858	217.75
280	0.000104858	-3024.54
290	0.000104858	-7505.53
300	0.000104858	-2076.64
310	0.000104858	-2840.89
320	0.000104858	-28976.2
330	0.000104858	-2588.23
340	0.000104858	1354.11
350	0.000104858	1917.36
360	0.000104858	-1571.52
370	0.000104858	-1928.58
380	0.000104858	-4581.18
390	0.000104858	611.292
400	0.000104858	-2515.99
410	0.000104858	1435.28
420	0.000104858	715.116
430	0.000104858	-1754.03
440	0.000104858	-5725.39
450	0.000104858	1303.57
460	0.000104858	-2467.68
470	0.000104858	-2300.4
480	0.000104858	-3348.02
490	0.000104858	-7555.51
500	0.000104858	-5071.74
510	0.000104858	-1462.44
520	0.000104858	-642.049
530	0.000104858	865.639
540	0.000104858	1503.44
550	0.000104858	1194.51
560	0.000104858	-1837.43
570	0.000104858	-2960.48
580	0.000104858	-1745.56
590	0.000104858	-1515.86
600	0.000104858	-1646.8
610	0.000104858	249.427
620	0.000104858	-4158.21
630	0.000104858	-14404.5
640	0.000104858	-9198.21
650	0.000104858	1489.03
660	0.000104858	829.278
670	0.000104858	-227.964
680	0.000104858	-553.712
690	0.000104858	-4361.01
700	0.000104858	-3151.23
710	0.000104858	-1109.72
720	0.000104858	-2358.61
730	0.000104858	-5693.22
740	0.000104858	-3474.53
750	0.000104858	-96.2044
760	0.000104858	611.05
770	0.000104858	-25.8735
780	0.000104858	1503.69
790	0.000104858	-3390.9
800	0.000104858	-35.2607
810	0.000104858	-4147.44
820	0.000104858	-5038.96
830	0.000104858	-634.785
840	0.000104858	1132.69
850	0.000104858	56.3222
860	0.000104858	-3743.36
870	0.000104858	303.246
880	0.000104858	-3948.54
890	0.000104858	-3042.21
900	0.000104858	-2787.04
910	0.000104858	-4119.69
920	0.000104858	-3395.2
930	0.000104858	-262.488
940	0.000104858	725.098
950	0.000104858	-139.159
960	0.000104858	-2271.06
970	0.000104858	-6769.99
980	0.000104858	-1007.32
990	0.000104858	-2830.32
1000	0.000104858	-2688.18
260	5.37824e-05	-6096.26
270	5.37824e-05	-4065.73
280	5.37824e-05	-948.393
290	5.37824e-05	1779.74
300	5.37824e-05	438.722
310	5.37824e-05	-2945.4
320	5.37824e-05	-5070.14
330	5.37824e-05	73.5139
340	5.37824e-05	-1452.34
350	5.37824e-05	-450.035
360	5.37824e-05	-1650.17
370	5.37824e-05	-8620.07
380	5.37824e-05	1394.92
390	5.37824e-05	631.849
400	5.37824e-05	-4199.1
410	5.37824e-05	1012.9
420	5.37824e-05	-4656.58
430	5.37824e-05	-5012.84
440	5.37824e-05	-1930.94
450	5.37824e-05	-22765.4
460	5.37824e-05	-724.446
470	5.37824e-05	421.358
480	5.37824e-05	1268.22
490	5.37824e-05	-5394.99
500	5.37824e-05	-2370.47
510	5.37824e-05	575.051
520	5.37824e-05	-5237.54
530	5.37824e-05	-8036.45
540	5.37824e-05	-869.713
550	5.37824e-05	-3776.97
560	5.37824e-05	1711.14
570	5.37824e-05	1419.06
580	5.37824e-05	677.361
590	5.37824e-05	-3219.75
600	5.37824e-05	-2867.08
610	5.37824e-05	-4308.05
620	5.37824e-05	-1662.37
630	5.37824e-05	1079.5
640	5.37824e-05	-6190.12
650	5.37824e-05	-1856.78
660	5.37824e-05	-3259.81
670	5.37824e-05	-2818.58
680	5.37824e-05	197.636
690	5.37824e-05	-2212.71
700	5.37824e-05	-2473.63
710	5.37824e-05	115.68
720	5.37824e-05	1260.76
730	5.37824e-05	-2886.99
740	5.37824e-05	-1856.99
750	5.37824e-05	-2480.82
760	5.37824e-05	1626.73
770	5.37824e-05	-6414.52
780	5.37824e-05	-1024.71
790	5.37824e-05	1742.53
800	5.37824e-05	643.361
810	5.37824e-05	-5715.59
820	5.37824e-05	-9793.62
830	5.37824e-05	-5196.38
840	5.37824e-05	-144.32
850	5.37824e-05	-9112.04
860	5.37824e-05	1490.42
870	5.37824e-05	940.4
880	5.37824e-05	-9519.04
890	5.37824e-05	-3361.9
900	5.37824e-05	-2082.93
910	5.37824e-05	-1042.71
920	5.37824e-05	-3796.79
930	5.37824e-05	-3249.74
940	5.37824e-05	-7109.68
950	5.37824e-05	-2389.31
960	5.37824e-05	-8638.44
970	5.37824e-05	635.491
980	5.37824e-05	-1341.33
990	5.37824e-05	527.965
1000	5.37824e-05	443.421
260	2.48832e-05	-4669.63
270	2.48832e-05	-4955.11
280	2.48832e-05	-6431.93
290	2.48832e-05	-7235.47
300	2.48832e-05	-3999.6
310	2.48832e-05	-18637.2
320	2.48832e-05	1219.03
330	2.48832e-05	639.768
340	2.48832e-05	-2417.86
350	2.48832e-05	-4550.52
360	2.48832e-05	-1049.91
370	2.48832e-05	-3329.62
380	2.48832e-05	-3918.45
390	2.48832e-05	-245.642
400	2.48832e-05	-31512.9
410	2.48832e-05	-874.958
420	2.48832e-05	-2980.07
430	2.48832e-05	-4708.34
440	2.48832e-05	-5223.35
450	2.48832e-05	-1242.54
460	2.48832e-05	1386.09
470	2.48832e-05	869.737
480	2.48832e-05	-8856.57
490	2.48832e-05	-3847.5
500	2.48832e-05	-2121.56
510	2.48832e-05	-2034.49
520	2.48832e-05	-1172.7
530	2.48832e-05	-6982.87
540	2.48832e-05	500.219
550	2.48832e-05	-5916.25
560	2.48832e-05	76.9294
570	2.48832e-05	-945.835
580	2.48832e-05	323.749
590	2.48832e-05	-4602.09
600	2.48832e-05	860.294
610	2.48832e-05	-1796.83
620	2.48832e-05	-7602.9
630	2.48832e-05	-1324.99
640	2.48832e-05	-275.534
650	2.48832e-05	-2409.13
660	2.48832e-05	898.714
670	2.48832e-05	-727.736
680	2.48832e-05	-11.6563
690	2.48832e-05	607.97
700	2.48832e-05	-1831.03
710	2.48832e-05	-1146.25
720	2.48832e-05	-2178.42
730	2.48832e-05	651.535
740	2.48832e-05	-4125.45
750	2.48832e-05	-4197.02
760	2.48832e-05	-805.541
770	2.48832e-05	-7292.09
780	2.48832e-05	-6942.37
790	2.48832e-05	-2532.96
800	2.48832e-05	-8869.81
810	2.48832e-05	-12151.6
820	2.48832e-05	1447.75
830	2.48832e-05	-1493.21
840	2.48832e-05	1166.43
850	2.48832e-05	-7663.29
860	2.48832e-05	102.662
870	2.48832e-05	-4229.21
880	2.48832e-05	-4083.62
890	2.48832e-05	-16822.2
900	2.48832e-05	-6683.06
910	2.48832e-05	-3215.01
920	2.48832e-05	-4508.96
930	2.48832e-05	-4984.08
940	2.48832e-05	420.954
950	2.48832e-05	-3286.26
960	2.48832e-05	-1669.69
970	2.48832e-05	593.894
980	2.48832e-05	-3331.39
990	2.48832e-05	1951.26
1000	2.48832e-05	-3922.58
260	1e-05	-6406.35
270	1e-05	1242.7
280	1e-05	693.95
290	1e-05	-6657.06
300	1e-05	-22672.1
310	1e-05	-2392.44
320	1e-05	-874.93
330	1e-05	-140.589
340	1e-05	-1648.57
350	1e-05	-6252.56
360	1e-05	815.719
370	1e-05	-8707.63
380	1e-05	1162.57
390	1e-05	-3938.73
400	1e-05	-9136.06
410	1e-05	-13067.2
420	1e-05	429.097
430	1e-05	1218.67
440	1e-05	-643.747
450	1e-05	-1180.36
460	1e-05	-1165.27
470	1e-05	-3079.15
480	1e-05	-5175.92
490	1e-05	-5778.38
500	1e-05	-591.499
510	1e-05	-861.511
520	1e-05	-1429.87
530	1e-05	819.128
540	1e-05	-2320.29
550	1e-05	-3353.09
560	1e-05	-134.907
570	1e-05	-953.114
580	1e-05	-3320.03
590	1e-05	-7392.09
600	1e-05	322.056
610	1e-05	1648.85
620	1e-05	-3396.37
630	1e-05	-3254.99
640	1e-05	-584.307
650	1e-05	388.25
660	1e-05	-2505.73
670	1e-05	1217.54
680	1e-05	-4035.19
690	1e-05	-2551.41
700	1e-05	-9332.9
710	1e-05	-2549.74
720	1e-05	402.561
730	1e-05	1323.78
740	1e-05	1400.2
750	1e-05	-7683.69
760	1e-05	-10368.8
770	1e-05	-3603.03
780	1e-05	-851.926
790	1e-05	-2716.72
800	1e-05	67.7766
810	1e-05	-3033.49
820	1e-05	-5771.35
830	1e-05	-18973.6
840	1e-05	-3101.31
850	1e-05	249.95
860	1e-05	818.104
870	1e-05	58.1019
880	1e-05	993.853
890	1e-05	-5711.75
900	1e-05	-33446.1
910	1e-05	1427.77
920	1e-05	1404.12
930	1e-05	-1179.66
940	1e-05	-674.289
950	1e-05	-5114.49
960	1e-05	-5224.87
970	1e-05	-4375.63
980	1e-05	-1971.72
990	1e-05	-506.3
1000	1e-05	-2208.76
260	3.2768e-06	-3288.31
270	3.2768e-06	-6635.5
280	3.2768e-06	-418.707
290	3.2768e-06	652.966
300	3.2768e-06	-3139.75
310	3.2768e-06	-11532.2
320	3.2768e-06	-3333.24
330	3.2768e-06	-1190.39
340	3.2768e-06	-1182.19
350	3.2768e-06	-4936.95
360	3.2768e-06	-5597.76
370	3.2768e-06	-1436.35
380	3.2768e-06	918.638
390	3.2768e-06	541.568
400	3.2768e-06	125.711
410	3.2768e-06	-19133.8
420	3.2768e-06	-2159.54
430	3.2768e-06	-351.351
440	3.2768e-06	-2227.44
450	3.2768e-06	-3150.41
460	3.2768e-06	-6217.74
470	3.2768e-06	118.733
480	3.2768e-06	-2098.92
490	3.2768e-06	-331.094
500	3.2768e-06	-3807.89
510	3.2768e-06	-1902.8
520	3.2768e-06	-2594.99
530	3.2768e-06	-4007.75
540	3.2768e-06	1052.05
550	3.2768e-06	1226.5
560	3.2768e-06	-7954.73
570	3.2768e-06	-2618.4
580	3.2768e-06	-934.121
590	3.2768e-06	-3889.2
600	3.2768e-06	544.866
610	3.2768e-06	-4022.78
620	3.2768e-06	-3834.39
630	3.2768e-06	-11415.9
640	3.2768e-06	226.251
650	3.2768e-06	-5608.35
660	3.2768e-06	308.006
670	3.2768e-06	1073.18
680	3.2768e-06	-346.37
690	3.2768e-06	-1447.21
700	3.2768e-06	-543.339
710	3.2768e-06	108.867
720	3.2768e-06	-4622.48
730	3.2768e-06	-4453.24
740	3.2768e-06	395.572
750	3.2768e-06	-44126
760	3.2768e-06	-1474.02
770	3.2768e-06	-2234.44
780	3.2768e-06	-1487.1
790	3.2768e-06	-727.304
800	3.2768e-06	296.147
810	3.2768e-06	-2503.42
820	3.2768e-06	-1433.66
830	3.2768e-06	-1144.58
840	3.2768e-06	598.026
850	3.2768e-06	-395.029
860	3.2768e-06	-2766.85
870	3.2768e-06	-4280.77
880	3.2768e-06	-6237.15
890	3.2768e-06	-1939.13
900	3.2768e-06	-3040.99
910	3.2768e-06	-3749.17
920	3.2768e-06	-5566.02
930	3.2768e-06	-1841.61
940	3.2768e-06	500.222
950	3.2768e-06	-145166
960	3.2768e-06	-4437.54
970	3.2768e-06	958.428
980	3.2768e-06	-653.884
990	3.2768e-06	-4010.31
1000	3.2768e-06	-912.163
260	7.776e-07	-1433.13
270	7.776e-07	-3799.37
280	7.776e-07	2178.37
290	7.776e-07	1214.84
300	7.776e-07	-6891.15
310	7.776e-07	941.379
320	7.776e-07	-12868.5
330	7.776e-07	-348.043
340	7.776e-07	-1041.58
350	7.776e-07	-10104.4
360	7.776e-07	-8934.88
370	7.776e-07	-874.962
380	7.776e-07	1318.11
390	7.776e-07	-4655.93
400	7.776e-07	-2537.52
410	7.776e-07	-3692.92
420	7.776e-07	-1283.27
430	7.776e-07	958.686
440	7.776e-07	1747.42
450	7.776e-07	-3504.79
460	7.776e-07	-2396.36
470	7.776e-07	-3551.16
480	7.776e-07	-3640.88
490	7.776e-07	-3118.58
500	7.776e-07	-5631
510	7.776e-07	527.291
520	7.776e-07	1426.36
530	7.776e-07	-4251.87
540	7.776e-07	1215.13
550	7.776e-07	-3682.53
560	7.776e-07	1386.04
570	7.776e-07	-548.936
580	7.776e-07	-8643.21
590	7.776e-07	-4861.36
600	7.776e-07	76.8285
610	7.776e-07	-1706.7
620	7.776e-07	-9082.16
630	7.776e-07	1724.62
640	7.776e-07	-1769.16
650	7.776e-07	-6504.28
660	7.776e-07	-7055.5
670	7.776e-07	-11254.4
680	7.776e-07	301.515
690	7.776e-07	-5686.32
700	7.776e-07	567.759
710	7.776e-07	-3721.21
720	7.776e-07	-641.956
730	7.776e-07	-2752.99
740	7.776e-07	-7317.3
750	7.776e-07	-8929.33
760	7.776e-07	1024.54
770	7.776e-07	-4630.98
780	7.776e-07	-616.826
790	7.776e-07	-1611.62
800	7.776e-07	-4256.21
810	7.776e-07	-5313.57
820	7.776e-07	1189.46
830	7.776e-07	-3875.28
840	7.776e-07	-135.393
850	7.776e-07	-4614.88
860	7.776e-07	570.155
870	7.776e-07	427.36
880	7.776e-07	1547.61
890	7.776e-07	-25983.7
900	7.776e-07	-6332.76
910	7.776e-07	737.994
920	7.776e-07	392.491
930	7.776e-07	389.238
940	7.776e-07	-6681.33
950	7.776e-07	-344323
960	7.776e-07	408.685
970	7.776e-07	-8213.8
980	7.776e-07	-1636.42
990	7.776e-07	1841.1
1000	7.776e-07	-22189
260	1.024e-07	-3993.65
270	1.024e-07	-9549.64
280	1.024e-07	1100.97
290	1.024e-07	-1773.81
300	1.024e-07	1035.61
310	1.024e-07	-5382.3
320	1.024e-07	469.038
330	1.024e-07	-7942.96
340	1.024e-07	-4148.18
350	1.024e-07	1258.14
360	1.024e-07	-106.949
370	1.024e-07	317.253
380	1.024e-07	-1448.12
390	1.024e-07	-8307.87
400	1.024e-07	-1557.76
410	1.024e-07	-1164.4
420	1.024e-07	-882.625
430	1.024e-07	-3168.98
440	1.024e-07	-5895.83
450	1.024e-07	-4741.11
460	1.024e-07	-10292.8
470	1.024e-07	-1811.47
480	1.024e-07	1222.35
490	1.024e-07	-1677.72
500	1.024e-07	-3833
510	1.024e-07	-888.638
520	1.024e-07	-13536.1
530	1.024e-07	-12244.6
540	1.024e-07	-2061.71
550	1.024e-07	1523.3
560	1.024e-07	-4116.18
570	1.024e-07	507.376
580	1.024e-07	-1757.33
590	1.024e-07	1036.2
600	1.024e-07	-1658.77
610	1.024e-07	2033.95
620	1.024e-07	-7608.74
630	1.024e-07	-3808.42
640	1.024e-07	-8715.48
650	1.024e-07	-9830.73
660	1.024e-07	-5152.42
670	1.024e-07	-2469.89
680	1.024e-07	-2030.26
690	1.024e-07	-5391.58
700	1.024e-07	1870.17
710	1.024e-07	-444047
720	1.024e-07	120.749
730	1.024e-07	-3167.32
740	1.024e-07	-2668.8
750	1.024e-07	-6697.79
760	1.024e-07	-3204.98
770	1.024e-07	-1269.27
780	1.024e-07	1507.66
790	1.024e-07	-1708.89
800	1.024e-07	-6504.05
810	1.024e-07	-1518.26
820	1.024e-07	937.548
830	1.024e-07	-329.237
840	1.024e-07	-643.418
850	1.024e-07	-4454.54
860	1.024e-07	1.12091
870	1.024e-07	-7132.35
880	1.024e-07	-11044.7
890	1.024e-07	-79852.9
900	1.024e-07	-3856.64
910	1.024e-07	-3839.19
920	1.024e-07	-4250.84
930	1.024e-07	-3227.7
940	1.024e-07	-8808.63
950	1.024e-07	-2588.18
960	1.024e-07	-3422.81
970	1.024e-07	473.035
980	1.024e-07	-4131.71
990	1.024e-07	321.167
1000	1.024e-07	1052.67
260	3.2e-09	-1975.27
270	3.2e-09	-3363.71
280	3.2e-09	-1228
290	3.2e-09	-795008
300	3.2e-09	1189.67
310	3.2e-09	-2542.88
320	3.2e-09	-29351.9
330	3.2e-09	-18743.5
340	3.2e-09	1071.9
350	3.2e-09	-8268.3
360	3.2e-09	1209.8
370	3.2e-09	-3112.55
380	3.2e-09	-21144.5
390	3.2e-09	-8529.98
400	3.2e-09	-1856.72
410	3.2e-09	-10828.9
420	3.2e-09	-1912.25
430	3.2e-09	-1286.83
440	3.2e-09	1088.24
450	3.2e-09	-3873.7
460	3.2e-09	-669.945
470	3.2e-09	1135.79
480	3.2e-09	-1375.99
490	3.2e-09	1170.13
500	3.2e-09	1335.33
510	3.2e-09	-21879.3
520	3.2e-09	-2004.73
530	3.2e-09	-1916.21
540	3.2e-09	-236.655
550	3.2e-09	849.925
560	3.2e-09	1023.92
570	3.2e-09	-3910.06
580	3.2e-09	-11696.1
590	3.2e-09	-3418.99
600	3.2e-09	-8533.97
610	3.2e-09	-3030.52
620	3.2e-09	849.698
630	3.2e-09	-6592.83
640	3.2e-09	-82.9926
650	3.2e-09	-15121.5
660	3.2e-09	827.889
670	3.2e-09	-10587.7
680	3.2e-09	-153541
690	3.2e-09	-759.902
700	3.2e-09	-4421.95
710	3.2e-09	1791.23
720	3.2e-09	-65809.1
730	3.2e-09	-241279
740	3.2e-09	1517.36
750	3.2e-09	-783.023
760	3.2e-09	-4994.72
770	3.2e-09	-972.13
780	3.2e-09	-63459.7
790	3.2e-09	-1672.75
800	3.2e-09	937.118
810	3.2e-09	-8518.87
820	3.2e-09	-10176.3
830	3.2e-09	-3072.72
840	3.2e-09	-1714.29
850	3.2e-09	-4737.61
860	3.2e-09	-3829.88
870	3.2e-09	-6786.32
880	3.2e-09	87.2004
890	3.2e-09	-1762.8
900	3.2e-09	777.157
910	3.2e-09	1484.66
920	3.2e-09	-470607
930	3.2e-09	959.428
940	3.2e-09	-890.419
950	3.2e-09	-2448.57
960	3.2e-09	1480.97
970	3.2e-09	1606.55
980	3.2e-09	-8255.48
990	3.2e-09	-4320.28
1000	3.2e-09	863.199
260	1.16658e-302	-3094.03
270	1.16658e-302	-87153.7
280	1.16658e-302	-7097.66
290	1.16658e-302	933.823
300	1.16658e-302	-3384.28
310	1.16658e-302	1237.99
320	1.16658e-302	-2250.79
330	1.16658e-302	-9395.21
340	1.16658e-302	-13013.8
350	1.16658e-302	710.973
360	1.16658e-302	-4894.2
370	1.16658e-302	-622.797
380	1.16658e-302	-1245.59
390	1.16658e-302	730.227
400	1.16658e-302	-9796.58
410	1.16658e-302	-129.96
420	1.16658e-302	-815.688
430	1.16658e-302	-7036.5
440	1.16658e-302	-4677.88
450	1.16658e-302	746.38
460	1.16658e-302	626.394
470	1.16658e-302	-6145.44
480	1.16658e-302	-5019.51
490	1.16658e-302	-4774.02
500	1.16658e-302	-3816.26
510	1.16658e-302	-1.1944e+06
520	1.16658e-302	-4177.59
530	1.16658e-302	-2361.77
540	1.16658e-302	373.021
550	1.16658e-302	-6019.7
560	1.16658e-302	-2715.19
570	1.16658e-302	1432.48
580	1.16658e-302	-3171.66
590	1.16658e-302	-2083.32
600	1.16658e-302	-3375.46
610	1.16658e-302	-394.64
620	1.16658e-302	-2099.62
630	1.16658e-302	-1969.84
640	1.16658e-302	-2037.26
650	1.16658e-302	-298.038
660	1.16658e-302	-2807.41
670	1.16658e-302	-9973.39
680	1.16658e-302	1376.85
690	1.16658e-302	-2965.08
700	1.16658e-302	541.292
710	1.16658e-302	-5031.42
720	1.16658e-302	-7739.1
730	1.16658e-302	-9623.33
740	1.16658e-302	335.857
750	1.16658e-302	-3158.26
760	1.16658e-302	368.804
770	1.16658e-302	-5934.81
780	1.16658e-302	-4209.77
790	1.16658e-302	-4478.9
800	1.16658e-302	-4352.85
810	1.16658e-302	-453.489
820	1.16658e-302	-4512.98
830	1.16658e-302	-7067.18
840	1.16658e-302	-1839.92
850	1.16658e-302	-4727.38
860	1.16658e-302	-10182.2
870	1.16658e-302	-1183.53
880	1.16658e-302	-10532.9
890	1.16658e-302	1047.31
900	1.16658e-302	1473.46
910	1.16658e-302	-20.5357
920	1.16658e-302	-612.931
930	1.16658e-302	-5826.4
940	1.16658e-302	669.693
950	1.16658e-302	-288.232
960	1.16658e-302	-3259.89
970	1.16658e-302	-544.147
980	1.16658e-302	-2656.14
990	1.16658e-302	-1467.41
1000	1.16658e-302	1099.35
